/home/lzh/VMC_Quadruped/src/estimation/src/leg_dynamics.cpp: In member function ‘Eigen::Matrix3d estimation::LegDynamics::computeInertiaMatrix(const Vector3d&) const’:
/home/lzh/VMC_Quadruped/src/estimation/src/leg_dynamics.cpp:8:12: warning: unused variable ‘l1’ [-Wunused-variable]
    8 |     double l1 = LegConstants::L_THIGH;
      |            ^~
/home/lzh/VMC_Quadruped/src/estimation/src/leg_dynamics.cpp:9:12: warning: unused variable ‘l2’ [-Wunused-variable]
    9 |     double l2 = LegConstants::L_CALF;
      |            ^~
/home/lzh/VMC_Quadruped/src/estimation/src/leg_dynamics.cpp:16:12: warning: unused variable ‘s12’ [-Wunused-variable]
   16 |     double s12 = std::sin(q(1) + q(2));  // sin(thigh + calf)
      |            ^~~
/home/lzh/VMC_Quadruped/src/estimation/src/leg_dynamics.cpp: In member function ‘Eigen::Vector3d estimation::LegDynamics::computeCoriolisTerm(const Vector3d&, const Vector3d&) const’:
/home/lzh/VMC_Quadruped/src/estimation/src/leg_dynamics.cpp:51:12: warning: unused variable ‘c2’ [-Wunused-variable]
   51 |     double c2 = std::cos(q(1));
      |            ^~
/home/lzh/VMC_Quadruped/src/estimation/src/gm_observer.cpp: In member function ‘void estimation::GMObserver::update(const Vector3d&, const Vector3d&, const Vector3d&, double)’:
/home/lzh/VMC_Quadruped/src/estimation/src/gm_observer.cpp:53:21: warning: variable ‘p_current’ set but not used [-Wunused-but-set-variable]
   53 |     Eigen::Vector3d p_current = M * q_dot;
      |                     ^~~~~~~~~
/home/lzh/VMC_Quadruped/src/estimation/src/gm_observer.cpp:15:33: warning: unused parameter ‘dt’ [-Wunused-parameter]
   15 |                          double dt) {
      |                          ~~~~~~~^~
/home/lzh/VMC_Quadruped/src/estimation/src/contact_detection_node.cpp: In member function ‘void estimation::ContactDetectionNode::on_motor_feedback(interfaces::msg::MotorFeedback12_<std::allocator<void> >::SharedPtr)’:
/home/lzh/VMC_Quadruped/src/estimation/src/contact_detection_node.cpp:63:13: warning: unused variable ‘offset’ [-Wunused-variable]
   63 |         int offset = static_cast<int>(leg_idx) * LegConstants::JOINTS_PER_LEG;
      |             ^~~~~~
