[0.010s] Invoking command in '/home/lzh/VMC_Quadruped/build/estimation': AMENT_PREFIX_PATH=/home/lzh/VMC_Quadruped/install/interfaces:${AMENT_PREFIX_PATH} CMAKE_PREFIX_PATH=/home/lzh/VMC_Quadruped/install/interfaces:/opt/ros/humble LD_LIBRARY_PATH=/home/lzh/VMC_Quadruped/install/interfaces/lib:${LD_LIBRARY_PATH} PYTHONPATH=/home/lzh/VMC_Quadruped/install/interfaces/local/lib/python3.10/dist-packages:${PYTHONPATH} /usr/bin/cmake --build /home/lzh/VMC_Quadruped/build/estimation -- -j16 -l16
[0.040s] -- Found ament_cmake: 1.3.14 (/opt/ros/humble/share/ament_cmake/cmake)
[0.149s] -- Found rclcpp: 16.0.19 (/opt/ros/humble/share/rclcpp/cmake)
[0.168s] -- Found rosidl_generator_c: 3.1.8 (/opt/ros/humble/share/rosidl_generator_c/cmake)
[0.170s] -- Found rosidl_adapter: 3.1.8 (/opt/ros/humble/share/rosidl_adapter/cmake)
[0.174s] -- Found rosidl_generator_cpp: 3.1.8 (/opt/ros/humble/share/rosidl_generator_cpp/cmake)
[0.180s] -- Using all available rosidl_typesupport_c: rosidl_typesupport_fastrtps_c;rosidl_typesupport_introspection_c
[0.188s] -- Using all available rosidl_typesupport_cpp: rosidl_typesupport_fastrtps_cpp;rosidl_typesupport_introspection_cpp
[0.208s] -- Found rmw_implementation_cmake: 6.1.2 (/opt/ros/humble/share/rmw_implementation_cmake/cmake)
[0.209s] -- Found rmw_fastrtps_cpp: 6.2.10 (/opt/ros/humble/share/rmw_fastrtps_cpp/cmake)
[0.278s] -- Using RMW implementation 'rmw_fastrtps_cpp' as default
[0.311s] -- Found geometry_msgs: 4.9.1 (/opt/ros/humble/share/geometry_msgs/cmake)
[0.319s] -- Found interfaces: 0.0.0 (/home/lzh/VMC_Quadruped/install/interfaces/share/interfaces/cmake)
[0.329s] -- Found ament_lint_auto: 0.12.15 (/opt/ros/humble/share/ament_lint_auto/cmake)
[0.379s] -- Added test 'cppcheck' to perform static code analysis on C / C++ code
[0.379s] -- Configured cppcheck include dirs: /home/lzh/VMC_Quadruped/src/estimation/include
[0.379s] -- Configured cppcheck exclude dirs and/or files: 
[0.379s] -- Added test 'lint_cmake' to check CMake code style
[0.380s] -- Added test 'uncrustify' to check C / C++ code style
[0.380s] -- Configured uncrustify additional arguments: 
[0.380s] -- Added test 'xmllint' to check XML markup files
[0.381s] -- Configuring done
[0.387s] -- Generating done
[0.390s] -- Build files have been written to: /home/lzh/VMC_Quadruped/build/estimation
[0.436s] [ 16%] Building CXX object CMakeFiles/estimation_kinematics.dir/src/leg_dynamics.cpp.o
[1.040s] /home/lzh/VMC_Quadruped/src/estimation/src/leg_dynamics.cpp: In member function ‘Eigen::Matrix3d estimation::LegDynamics::computeInertiaMatrix(const Vector3d&) const’:
[1.040s] /home/lzh/VMC_Quadruped/src/estimation/src/leg_dynamics.cpp:8:12: warning: unused variable ‘l1’ [-Wunused-variable]
[1.040s]     8 |     double l1 = LegConstants::L_THIGH;
[1.040s]       |            ^~
[1.040s] /home/lzh/VMC_Quadruped/src/estimation/src/leg_dynamics.cpp:9:12: warning: unused variable ‘l2’ [-Wunused-variable]
[1.041s]     9 |     double l2 = LegConstants::L_CALF;
[1.041s]       |            ^~
[1.041s] /home/lzh/VMC_Quadruped/src/estimation/src/leg_dynamics.cpp:16:12: warning: unused variable ‘s12’ [-Wunused-variable]
[1.041s]    16 |     double s12 = std::sin(q(1) + q(2));  // sin(thigh + calf)
[1.041s]       |            ^~~
[1.041s] /home/lzh/VMC_Quadruped/src/estimation/src/leg_dynamics.cpp: In member function ‘Eigen::Vector3d estimation::LegDynamics::computeCoriolisTerm(const Vector3d&, const Vector3d&) const’:
[1.041s] /home/lzh/VMC_Quadruped/src/estimation/src/leg_dynamics.cpp:51:12: warning: unused variable ‘c2’ [-Wunused-variable]
[1.041s]    51 |     double c2 = std::cos(q(1));
[1.041s]       |            ^~
[1.169s] [ 33%] Linking CXX static library libestimation_kinematics.a
[1.213s] [ 33%] Built target estimation_kinematics
[1.237s] Consolidate compiler generated dependencies of target contact_detection_node
[1.257s] [ 50%] Building CXX object CMakeFiles/contact_detection_node.dir/src/main.cpp.o
[1.258s] [ 66%] Building CXX object CMakeFiles/contact_detection_node.dir/src/gm_observer.cpp.o
[1.259s] [ 83%] Building CXX object CMakeFiles/contact_detection_node.dir/src/contact_detection_node.cpp.o
[1.880s] /home/lzh/VMC_Quadruped/src/estimation/src/gm_observer.cpp: In member function ‘void estimation::GMObserver::update(const Vector3d&, const Vector3d&, const Vector3d&, double)’:
[1.881s] /home/lzh/VMC_Quadruped/src/estimation/src/gm_observer.cpp:53:21: warning: variable ‘p_current’ set but not used [-Wunused-but-set-variable]
[1.881s]    53 |     Eigen::Vector3d p_current = M * q_dot;
[1.881s]       |                     ^~~~~~~~~
[1.881s] /home/lzh/VMC_Quadruped/src/estimation/src/gm_observer.cpp:15:33: warning: unused parameter ‘dt’ [-Wunused-parameter]
[1.881s]    15 |                          double dt) {
[1.881s]       |                          ~~~~~~~^~
[3.117s] /home/lzh/VMC_Quadruped/src/estimation/src/contact_detection_node.cpp: In member function ‘void estimation::ContactDetectionNode::on_motor_feedback(interfaces::msg::MotorFeedback12_<std::allocator<void> >::SharedPtr)’:
[3.117s] /home/lzh/VMC_Quadruped/src/estimation/src/contact_detection_node.cpp:63:13: warning: unused variable ‘offset’ [-Wunused-variable]
[3.117s]    63 |         int offset = static_cast<int>(leg_idx) * LegConstants::JOINTS_PER_LEG;
[3.117s]       |             ^~~~~~
[8.420s] [100%] Linking CXX executable contact_detection_node
[8.789s] [100%] Built target contact_detection_node
[8.798s] Invoked command in '/home/lzh/VMC_Quadruped/build/estimation' returned '0': AMENT_PREFIX_PATH=/home/lzh/VMC_Quadruped/install/interfaces:${AMENT_PREFIX_PATH} CMAKE_PREFIX_PATH=/home/lzh/VMC_Quadruped/install/interfaces:/opt/ros/humble LD_LIBRARY_PATH=/home/lzh/VMC_Quadruped/install/interfaces/lib:${LD_LIBRARY_PATH} PYTHONPATH=/home/lzh/VMC_Quadruped/install/interfaces/local/lib/python3.10/dist-packages:${PYTHONPATH} /usr/bin/cmake --build /home/lzh/VMC_Quadruped/build/estimation -- -j16 -l16
[8.807s] Invoking command in '/home/lzh/VMC_Quadruped/build/estimation': AMENT_PREFIX_PATH=/home/lzh/VMC_Quadruped/install/interfaces:${AMENT_PREFIX_PATH} CMAKE_PREFIX_PATH=/home/lzh/VMC_Quadruped/install/interfaces:/opt/ros/humble LD_LIBRARY_PATH=/home/lzh/VMC_Quadruped/install/interfaces/lib:${LD_LIBRARY_PATH} PYTHONPATH=/home/lzh/VMC_Quadruped/install/interfaces/local/lib/python3.10/dist-packages:${PYTHONPATH} /usr/bin/cmake --install /home/lzh/VMC_Quadruped/build/estimation
[8.815s] -- Install configuration: ""
[8.815s] -- Installing: /home/lzh/VMC_Quadruped/install/estimation/lib/estimation/contact_detection_node
[8.820s] -- Set runtime path of "/home/lzh/VMC_Quadruped/install/estimation/lib/estimation/contact_detection_node" to ""
[8.820s] -- Installing: /home/lzh/VMC_Quadruped/install/estimation/lib/libestimation_kinematics.a
[8.820s] -- Up-to-date: /home/lzh/VMC_Quadruped/install/estimation/include/estimation
[8.820s] -- Installing: /home/lzh/VMC_Quadruped/install/estimation/include/estimation/gm_observer.hpp
[8.821s] -- Up-to-date: /home/lzh/VMC_Quadruped/install/estimation/include/estimation/contact_detection_node.hpp
[8.821s] -- Up-to-date: /home/lzh/VMC_Quadruped/install/estimation/include/estimation/types.hpp
[8.821s] -- Installing: /home/lzh/VMC_Quadruped/install/estimation/include/estimation/leg_dynamics.hpp
[8.821s] -- Up-to-date: /home/lzh/VMC_Quadruped/install/estimation/share/ament_index/resource_index/package_run_dependencies/estimation
[8.821s] -- Up-to-date: /home/lzh/VMC_Quadruped/install/estimation/share/ament_index/resource_index/parent_prefix_path/estimation
[8.821s] -- Up-to-date: /home/lzh/VMC_Quadruped/install/estimation/share/estimation/environment/ament_prefix_path.sh
[8.821s] -- Installing: /home/lzh/VMC_Quadruped/install/estimation/share/estimation/environment/ament_prefix_path.dsv
[8.821s] -- Up-to-date: /home/lzh/VMC_Quadruped/install/estimation/share/estimation/environment/path.sh
[8.821s] -- Installing: /home/lzh/VMC_Quadruped/install/estimation/share/estimation/environment/path.dsv
[8.821s] -- Up-to-date: /home/lzh/VMC_Quadruped/install/estimation/share/estimation/local_setup.bash
[8.821s] -- Up-to-date: /home/lzh/VMC_Quadruped/install/estimation/share/estimation/local_setup.sh
[8.821s] -- Up-to-date: /home/lzh/VMC_Quadruped/install/estimation/share/estimation/local_setup.zsh
[8.821s] -- Installing: /home/lzh/VMC_Quadruped/install/estimation/share/estimation/local_setup.dsv
[8.821s] -- Installing: /home/lzh/VMC_Quadruped/install/estimation/share/estimation/package.dsv
[8.821s] -- Up-to-date: /home/lzh/VMC_Quadruped/install/estimation/share/ament_index/resource_index/packages/estimation
[8.822s] -- Up-to-date: /home/lzh/VMC_Quadruped/install/estimation/share/estimation/cmake/estimationConfig.cmake
[8.822s] -- Up-to-date: /home/lzh/VMC_Quadruped/install/estimation/share/estimation/cmake/estimationConfig-version.cmake
[8.822s] -- Up-to-date: /home/lzh/VMC_Quadruped/install/estimation/share/estimation/package.xml
[8.824s] Invoked command in '/home/lzh/VMC_Quadruped/build/estimation' returned '0': AMENT_PREFIX_PATH=/home/lzh/VMC_Quadruped/install/interfaces:${AMENT_PREFIX_PATH} CMAKE_PREFIX_PATH=/home/lzh/VMC_Quadruped/install/interfaces:/opt/ros/humble LD_LIBRARY_PATH=/home/lzh/VMC_Quadruped/install/interfaces/lib:${LD_LIBRARY_PATH} PYTHONPATH=/home/lzh/VMC_Quadruped/install/interfaces/local/lib/python3.10/dist-packages:${PYTHONPATH} /usr/bin/cmake --install /home/lzh/VMC_Quadruped/build/estimation
