[01m[K/home/lzh/VMC_Quadruped/src/robstride_ros_sample/src/main.cpp:[m[K In member function ‘[01m[Kvoid MotorControlSample::excute_loop()[m[K’:
[01m[K/home/lzh/VMC_Quadruped/src/robstride_ros_sample/src/main.cpp:69:14:[m[K [01;35m[Kwarning: [m[Kstructured binding declaration set but not used [[01;35m[K]8;;https://gcc.gnu.org/onlinedocs/gcc/Warning-Options.html#index-Wunused-but-set-variable-Wunused-but-set-variable]8;;[m[K]
   69 |         auto [01;35m[K[pos_fb, vel_fb, torque, temp][m[K =
      |              [01;35m[K^~~~~~~~~~~~~~~~~~~~~~~~~~~~~~[m[K
In file included from [01m[K/usr/include/c++/11/vector:66[m[K,
                 from [01m[K/home/lzh/VMC_Quadruped/src/robstride_ros_sample/include/motor_ros2/motor_cfg.h:18[m[K,
                 from [01m[K/home/lzh/VMC_Quadruped/src/robstride_ros_sample/src/main.cpp:1[m[K:
/usr/include/c++/11/bits/stl_uninitialized.h: In instantiation of ‘[01m[K_ForwardIterator std::uninitialized_copy(_InputIterator, _InputIterator, _ForwardIterator) [with _InputIterator = std::move_iterator<RobStrideMotor*>; _ForwardIterator = RobStrideMotor*][m[K’:
[01m[K/usr/include/c++/11/bits/stl_uninitialized.h:333:37:[m[K   required from ‘[01m[K_ForwardIterator std::__uninitialized_copy_a(_InputIterator, _InputIterator, _ForwardIterator, std::allocator<_Tp>&) [with _InputIterator = std::move_iterator<RobStrideMotor*>; _ForwardIterator = RobStrideMotor*; _Tp = RobStrideMotor][m[K’
[01m[K/usr/include/c++/11/bits/stl_uninitialized.h:355:2:[m[K   required from ‘[01m[K_ForwardIterator std::__uninitialized_move_if_noexcept_a(_InputIterator, _InputIterator, _ForwardIterator, _Allocator&) [with _InputIterator = RobStrideMotor*; _ForwardIterator = RobStrideMotor*; _Allocator = std::allocator<RobStrideMotor>][m[K’
[01m[K/usr/include/c++/11/bits/vector.tcc:474:3:[m[K   required from ‘[01m[Kvoid std::vector<_Tp, _Alloc>::_M_realloc_insert(std::vector<_Tp, _Alloc>::iterator, _Args&& ...) [with _Args = {const char (&)[5], int, int, int}; _Tp = RobStrideMotor; _Alloc = std::allocator<RobStrideMotor>; std::vector<_Tp, _Alloc>::iterator = std::vector<RobStrideMotor>::iterator][m[K’
[01m[K/usr/include/c++/11/bits/vector.tcc:121:21:[m[K   required from ‘[01m[Kstd::vector<_Tp, _Alloc>::reference std::vector<_Tp, _Alloc>::emplace_back(_Args&& ...) [with _Args = {const char (&)[5], int, int, int}; _Tp = RobStrideMotor; _Alloc = std::allocator<RobStrideMotor>; std::vector<_Tp, _Alloc>::reference = RobStrideMotor&][m[K’
[01m[K/home/lzh/VMC_Quadruped/src/robstride_ros_sample/src/main.cpp:19:25:[m[K   required from here
[01m[K/usr/include/c++/11/bits/stl_uninitialized.h:138:72:[m[K [01;31m[Kerror: [m[Kstatic assertion failed: result type must be constructible from value type of input range
  138 |       static_assert(is_constructible<_ValueType2, decltype(*__first)>::[01;31m[Kvalue[m[K,
      |                                                                        [01;31m[K^~~~~[m[K
[01m[K/usr/include/c++/11/bits/stl_uninitialized.h:138:72:[m[K [01;36m[Knote: [m[K‘[01m[Kstd::integral_constant<bool, false>::value[m[K’ evaluates to false
gmake[2]: *** [CMakeFiles/rs_motor_ros2.dir/build.make:76：CMakeFiles/rs_motor_ros2.dir/src/main.cpp.o] 错误 1
gmake[1]: *** [CMakeFiles/Makefile2:165：CMakeFiles/rs_motor_ros2.dir/all] 错误 2
gmake: *** [Makefile:146：all] 错误 2
