-- The C compiler identification is GNU 11.4.0
-- The CXX compiler identification is GNU 11.4.0
-- Detecting C compiler ABI info
-- Detecting C compiler ABI info - done
-- Check for working C compiler: /usr/bin/cc - skipped
-- Detecting C compile features
-- Detecting C compile features - done
-- Detecting CXX compiler ABI info
-- Detecting CXX compiler ABI info - done
-- Check for working CXX compiler: /usr/bin/c++ - skipped
-- Detecting CXX compile features
-- Detecting CXX compile features - done
-- Found ament_cmake: 1.3.12 (/opt/ros/humble/share/ament_cmake/cmake)
-- Found Python3: /usr/bin/python3 (found version "3.10.12") found components: Interpreter 
-- Found rclcpp: 16.0.14 (/opt/ros/humble/share/rclcpp/cmake)
-- Found rosidl_generator_c: 3.1.7 (/opt/ros/humble/share/rosidl_generator_c/cmake)
-- Found rosidl_adapter: 3.1.7 (/opt/ros/humble/share/rosidl_adapter/cmake)
-- Found rosidl_generator_cpp: 3.1.7 (/opt/ros/humble/share/rosidl_generator_cpp/cmake)
-- Using all available rosidl_typesupport_c: rosidl_typesupport_fastrtps_c;rosidl_typesupport_introspection_c
-- Using all available rosidl_typesupport_cpp: rosidl_typesupport_fastrtps_cpp;rosidl_typesupport_introspection_cpp
-- Found rmw_implementation_cmake: 6.1.2 (/opt/ros/humble/share/rmw_implementation_cmake/cmake)
-- Found rmw_fastrtps_cpp: 6.2.8 (/opt/ros/humble/share/rmw_fastrtps_cpp/cmake)
-- Found OpenSSL: /usr/lib/x86_64-linux-gnu/libcrypto.so (found version "3.0.2")  
-- Found FastRTPS: /opt/ros/humble/include  
-- Using RMW implementation 'rmw_fastrtps_cpp' as default
-- Looking for pthread.h
-- Looking for pthread.h - found
-- Performing Test CMAKE_HAVE_LIBC_PTHREAD
-- Performing Test CMAKE_HAVE_LIBC_PTHREAD - Success
-- Found Threads: TRUE  
-- Found sensor_msgs: 4.9.0 (/opt/ros/humble/share/sensor_msgs/cmake)
-- Found rosidl_default_generators: 1.2.0 (/opt/ros/humble/share/rosidl_default_generators/cmake)
-- Found interfaces: 0.0.0 (/home/lzh/VMC_Quadruped/install/interfaces/share/interfaces/cmake)
-- Configuring done
-- Generating done
-- Build files have been written to: /home/lzh/VMC_Quadruped/build/rs_motor_ros2
[ 25%] [32mBuilding CXX object CMakeFiles/rs_motor_ros2_lib.dir/src/motor_cfg.cpp.o[0m
[ 50%] [32m[1mLinking CXX static library librs_motor_ros2.a[0m
[ 50%] Built target rs_motor_ros2_lib
[ 75%] [32mBuilding CXX object CMakeFiles/rs_motor_ros2.dir/src/main.cpp.o[0m
[01m[K/home/lzh/VMC_Quadruped/src/robstride_ros_sample/src/main.cpp:[m[K In member function ‘[01m[Kvoid MotorControlSample::excute_loop()[m[K’:
[01m[K/home/lzh/VMC_Quadruped/src/robstride_ros_sample/src/main.cpp:69:14:[m[K [01;35m[Kwarning: [m[Kstructured binding declaration set but not used [[01;35m[K]8;;https://gcc.gnu.org/onlinedocs/gcc/Warning-Options.html#index-Wunused-but-set-variable-Wunused-but-set-variable]8;;[m[K]
   69 |         auto [01;35m[K[pos_fb, vel_fb, torque, temp][m[K =
      |              [01;35m[K^~~~~~~~~~~~~~~~~~~~~~~~~~~~~~[m[K
In file included from [01m[K/usr/include/c++/11/vector:66[m[K,
                 from [01m[K/home/lzh/VMC_Quadruped/src/robstride_ros_sample/include/motor_ros2/motor_cfg.h:18[m[K,
                 from [01m[K/home/lzh/VMC_Quadruped/src/robstride_ros_sample/src/main.cpp:1[m[K:
/usr/include/c++/11/bits/stl_uninitialized.h: In instantiation of ‘[01m[K_ForwardIterator std::uninitialized_copy(_InputIterator, _InputIterator, _ForwardIterator) [with _InputIterator = std::move_iterator<RobStrideMotor*>; _ForwardIterator = RobStrideMotor*][m[K’:
[01m[K/usr/include/c++/11/bits/stl_uninitialized.h:333:37:[m[K   required from ‘[01m[K_ForwardIterator std::__uninitialized_copy_a(_InputIterator, _InputIterator, _ForwardIterator, std::allocator<_Tp>&) [with _InputIterator = std::move_iterator<RobStrideMotor*>; _ForwardIterator = RobStrideMotor*; _Tp = RobStrideMotor][m[K’
[01m[K/usr/include/c++/11/bits/stl_uninitialized.h:355:2:[m[K   required from ‘[01m[K_ForwardIterator std::__uninitialized_move_if_noexcept_a(_InputIterator, _InputIterator, _ForwardIterator, _Allocator&) [with _InputIterator = RobStrideMotor*; _ForwardIterator = RobStrideMotor*; _Allocator = std::allocator<RobStrideMotor>][m[K’
[01m[K/usr/include/c++/11/bits/vector.tcc:474:3:[m[K   required from ‘[01m[Kvoid std::vector<_Tp, _Alloc>::_M_realloc_insert(std::vector<_Tp, _Alloc>::iterator, _Args&& ...) [with _Args = {const char (&)[5], int, int, int}; _Tp = RobStrideMotor; _Alloc = std::allocator<RobStrideMotor>; std::vector<_Tp, _Alloc>::iterator = std::vector<RobStrideMotor>::iterator][m[K’
[01m[K/usr/include/c++/11/bits/vector.tcc:121:21:[m[K   required from ‘[01m[Kstd::vector<_Tp, _Alloc>::reference std::vector<_Tp, _Alloc>::emplace_back(_Args&& ...) [with _Args = {const char (&)[5], int, int, int}; _Tp = RobStrideMotor; _Alloc = std::allocator<RobStrideMotor>; std::vector<_Tp, _Alloc>::reference = RobStrideMotor&][m[K’
[01m[K/home/lzh/VMC_Quadruped/src/robstride_ros_sample/src/main.cpp:19:25:[m[K   required from here
[01m[K/usr/include/c++/11/bits/stl_uninitialized.h:138:72:[m[K [01;31m[Kerror: [m[Kstatic assertion failed: result type must be constructible from value type of input range
  138 |       static_assert(is_constructible<_ValueType2, decltype(*__first)>::[01;31m[Kvalue[m[K,
      |                                                                        [01;31m[K^~~~~[m[K
[01m[K/usr/include/c++/11/bits/stl_uninitialized.h:138:72:[m[K [01;36m[Knote: [m[K‘[01m[Kstd::integral_constant<bool, false>::value[m[K’ evaluates to false
gmake[2]: *** [CMakeFiles/rs_motor_ros2.dir/build.make:76：CMakeFiles/rs_motor_ros2.dir/src/main.cpp.o] 错误 1
gmake[1]: *** [CMakeFiles/Makefile2:165：CMakeFiles/rs_motor_ros2.dir/all] 错误 2
gmake: *** [Makefile:146：all] 错误 2
