[0.010s] Invoking command in '/home/lzh/VMC_Quadruped/build/estimation': CMAKE_PREFIX_PATH=/home/lzh/VMC_Quadruped/install/interfaces:/home/lzh/VMC_Quadruped/install/rs_motor_ros2:/home/lzh/VMC_Quadruped/install/main_control:/home/lzh/VMC_Quadruped/install/estimation:/home/lzh/VMC_Quadruped/install/description:/opt/ros/humble /usr/bin/cmake --build /home/lzh/VMC_Quadruped/build/estimation -- -j16 -l16
[0.077s] [ 33%] Built target estimation_kinematics
[0.098s] [35m[1mConsolidate compiler generated dependencies of target contact_detection_node[0m
[0.117s] [ 50%] [32mBuilding CXX object CMakeFiles/contact_detection_node.dir/src/contact_detection_node.cpp.o[0m
[2.016s] [01m[K/home/lzh/VMC_Quadruped/src/estimation/src/contact_detection_node.cpp:[m[K In member function ‘[01m[Kvoid estimation::ContactDetectionNode::on_motor_feedback(interfaces::msg::MotorFeedback12_<std::allocator<void> >::SharedPtr)[m[K’:
[2.016s] [01m[K/home/lzh/VMC_Quadruped/src/estimation/src/contact_detection_node.cpp:63:13:[m[K [01;35m[Kwarning: [m[Kunused variable ‘[01m[Koffset[m[K’ [[01;35m[K]8;;https://gcc.gnu.org/onlinedocs/gcc/Warning-Options.html#index-Wunused-variable-Wunused-variable]8;;[m[K]
[2.016s]    63 |         int [01;35m[Koffset[m[K = static_cast<int>(leg_idx) * LegConstants::JOINTS_PER_LEG;
[2.016s]       |             [01;35m[K^~~~~~[m[K
[7.360s] [ 66%] [32m[1mLinking CXX executable contact_detection_node[0m
[7.733s] [100%] Built target contact_detection_node
[7.744s] Invoked command in '/home/lzh/VMC_Quadruped/build/estimation' returned '0': CMAKE_PREFIX_PATH=/home/lzh/VMC_Quadruped/install/interfaces:/home/lzh/VMC_Quadruped/install/rs_motor_ros2:/home/lzh/VMC_Quadruped/install/main_control:/home/lzh/VMC_Quadruped/install/estimation:/home/lzh/VMC_Quadruped/install/description:/opt/ros/humble /usr/bin/cmake --build /home/lzh/VMC_Quadruped/build/estimation -- -j16 -l16
[7.755s] Invoking command in '/home/lzh/VMC_Quadruped/build/estimation': CMAKE_PREFIX_PATH=/home/lzh/VMC_Quadruped/install/interfaces:/home/lzh/VMC_Quadruped/install/rs_motor_ros2:/home/lzh/VMC_Quadruped/install/main_control:/home/lzh/VMC_Quadruped/install/estimation:/home/lzh/VMC_Quadruped/install/description:/opt/ros/humble /usr/bin/cmake --install /home/lzh/VMC_Quadruped/build/estimation
[7.761s] -- Install configuration: ""
[7.762s] -- Installing: /home/lzh/VMC_Quadruped/install/estimation/lib/estimation/contact_detection_node
[7.765s] -- Set runtime path of "/home/lzh/VMC_Quadruped/install/estimation/lib/estimation/contact_detection_node" to ""
[7.765s] -- Up-to-date: /home/lzh/VMC_Quadruped/install/estimation/lib/libestimation_kinematics.a
[7.765s] -- Up-to-date: /home/lzh/VMC_Quadruped/install/estimation/include/estimation
[7.766s] -- Up-to-date: /home/lzh/VMC_Quadruped/install/estimation/include/estimation/gm_observer.hpp
[7.766s] -- Up-to-date: /home/lzh/VMC_Quadruped/install/estimation/include/estimation/contact_detection_node.hpp
[7.766s] -- Up-to-date: /home/lzh/VMC_Quadruped/install/estimation/include/estimation/types.hpp
[7.766s] -- Up-to-date: /home/lzh/VMC_Quadruped/install/estimation/include/estimation/leg_dynamics.hpp
[7.766s] -- Up-to-date: /home/lzh/VMC_Quadruped/install/estimation/share/ament_index/resource_index/package_run_dependencies/estimation
[7.766s] -- Up-to-date: /home/lzh/VMC_Quadruped/install/estimation/share/ament_index/resource_index/parent_prefix_path/estimation
[7.766s] -- Up-to-date: /home/lzh/VMC_Quadruped/install/estimation/share/estimation/environment/ament_prefix_path.sh
[7.766s] -- Up-to-date: /home/lzh/VMC_Quadruped/install/estimation/share/estimation/environment/ament_prefix_path.dsv
[7.766s] -- Up-to-date: /home/lzh/VMC_Quadruped/install/estimation/share/estimation/environment/path.sh
[7.766s] -- Up-to-date: /home/lzh/VMC_Quadruped/install/estimation/share/estimation/environment/path.dsv
[7.767s] -- Up-to-date: /home/lzh/VMC_Quadruped/install/estimation/share/estimation/local_setup.bash
[7.767s] -- Up-to-date: /home/lzh/VMC_Quadruped/install/estimation/share/estimation/local_setup.sh
[7.767s] -- Up-to-date: /home/lzh/VMC_Quadruped/install/estimation/share/estimation/local_setup.zsh
[7.768s] -- Up-to-date: /home/lzh/VMC_Quadruped/install/estimation/share/estimation/local_setup.dsv
[7.768s] -- Installing: /home/lzh/VMC_Quadruped/install/estimation/share/estimation/package.dsv
[7.768s] -- Up-to-date: /home/lzh/VMC_Quadruped/install/estimation/share/ament_index/resource_index/packages/estimation
[7.768s] -- Up-to-date: /home/lzh/VMC_Quadruped/install/estimation/share/estimation/cmake/estimationConfig.cmake
[7.769s] -- Up-to-date: /home/lzh/VMC_Quadruped/install/estimation/share/estimation/cmake/estimationConfig-version.cmake
[7.769s] -- Up-to-date: /home/lzh/VMC_Quadruped/install/estimation/share/estimation/package.xml
[7.769s] Invoked command in '/home/lzh/VMC_Quadruped/build/estimation' returned '0': CMAKE_PREFIX_PATH=/home/lzh/VMC_Quadruped/install/interfaces:/home/lzh/VMC_Quadruped/install/rs_motor_ros2:/home/lzh/VMC_Quadruped/install/main_control:/home/lzh/VMC_Quadruped/install/estimation:/home/lzh/VMC_Quadruped/install/description:/opt/ros/humble /usr/bin/cmake --install /home/lzh/VMC_Quadruped/build/estimation
