[0.064s] DEBUG:colcon:Command line arguments: ['/usr/bin/colcon', 'build']
[0.064s] DEBUG:colcon:Parsed command line arguments: Namespace(log_base=None, log_level=None, verb_name='build', build_base='build', install_base='install', merge_install=False, symlink_install=False, test_result_base=None, continue_on_error=False, executor='parallel', parallel_workers=16, event_handlers=None, ignore_user_meta=False, metas=['./colcon.meta'], base_paths=['.'], packages_ignore=None, packages_ignore_regex=None, paths=None, packages_up_to=None, packages_up_to_regex=None, packages_above=None, packages_above_and_dependencies=None, packages_above_depth=None, packages_select_by_dep=None, packages_skip_by_dep=None, packages_skip_up_to=None, packages_select_build_failed=False, packages_skip_build_finished=False, packages_select_test_failures=False, packages_skip_test_passed=False, packages_select=None, packages_skip=None, packages_select_regex=None, packages_skip_regex=None, packages_start=None, packages_end=None, allow_overriding=[], cmake_args=None, cmake_target=None, cmake_target_skip_unavailable=False, cmake_clean_cache=False, cmake_clean_first=False, cmake_force_configure=False, ament_cmake_args=None, catkin_cmake_args=None, catkin_skip_building_tests=False, verb_parser=<colcon_defaults.argument_parser.defaults.DefaultArgumentsDecorator object at 0x7b2697e64940>, verb_extension=<colcon_core.verb.build.BuildVerb object at 0x7b2697e64430>, main=<bound method BuildVerb.main of <colcon_core.verb.build.BuildVerb object at 0x7b2697e64430>>)
[0.160s] Level 1:colcon.colcon_core.package_discovery:discover_packages(colcon_meta) check parameters
[0.160s] Level 1:colcon.colcon_core.package_discovery:discover_packages(recursive) check parameters
[0.160s] Level 1:colcon.colcon_core.package_discovery:discover_packages(ignore) check parameters
[0.160s] Level 1:colcon.colcon_core.package_discovery:discover_packages(path) check parameters
[0.160s] Level 1:colcon.colcon_core.package_discovery:discover_packages(colcon_meta) discover
[0.160s] Level 1:colcon.colcon_core.package_discovery:discover_packages(recursive) discover
[0.160s] INFO:colcon.colcon_core.package_discovery:Crawling recursively for packages in '/home/lzh/VMC_Quadruped'
[0.160s] Level 1:colcon.colcon_core.package_identification:_identify(.) by extensions ['ignore', 'ignore_ament_install']
[0.160s] Level 1:colcon.colcon_core.package_identification:_identify(.) by extension 'ignore'
[0.160s] Level 1:colcon.colcon_core.package_identification:_identify(.) by extension 'ignore_ament_install'
[0.160s] Level 1:colcon.colcon_core.package_identification:_identify(.) by extensions ['colcon_pkg']
[0.160s] Level 1:colcon.colcon_core.package_identification:_identify(.) by extension 'colcon_pkg'
[0.160s] Level 1:colcon.colcon_core.package_identification:_identify(.) by extensions ['colcon_meta']
[0.160s] Level 1:colcon.colcon_core.package_identification:_identify(.) by extension 'colcon_meta'
[0.160s] Level 1:colcon.colcon_core.package_identification:_identify(.) by extensions ['ros']
[0.160s] Level 1:colcon.colcon_core.package_identification:_identify(.) by extension 'ros'
[0.167s] Level 1:colcon.colcon_core.package_identification:_identify(.) by extensions ['cmake', 'python']
[0.168s] Level 1:colcon.colcon_core.package_identification:_identify(.) by extension 'cmake'
[0.168s] Level 1:colcon.colcon_core.package_identification:_identify(.) by extension 'python'
[0.168s] Level 1:colcon.colcon_core.package_identification:_identify(.) by extensions ['python_setup_py']
[0.168s] Level 1:colcon.colcon_core.package_identification:_identify(.) by extension 'python_setup_py'
[0.168s] Level 1:colcon.colcon_core.package_identification:_identify(build) by extensions ['ignore', 'ignore_ament_install']
[0.168s] Level 1:colcon.colcon_core.package_identification:_identify(build) by extension 'ignore'
[0.168s] Level 1:colcon.colcon_core.package_identification:_identify(build) ignored
[0.168s] Level 1:colcon.colcon_core.package_identification:_identify(install) by extensions ['ignore', 'ignore_ament_install']
[0.168s] Level 1:colcon.colcon_core.package_identification:_identify(install) by extension 'ignore'
[0.168s] Level 1:colcon.colcon_core.package_identification:_identify(install) ignored
[0.168s] Level 1:colcon.colcon_core.package_identification:_identify(log) by extensions ['ignore', 'ignore_ament_install']
[0.168s] Level 1:colcon.colcon_core.package_identification:_identify(log) by extension 'ignore'
[0.168s] Level 1:colcon.colcon_core.package_identification:_identify(log) ignored
[0.168s] Level 1:colcon.colcon_core.package_identification:_identify(src) by extensions ['ignore', 'ignore_ament_install']
[0.168s] Level 1:colcon.colcon_core.package_identification:_identify(src) by extension 'ignore'
[0.168s] Level 1:colcon.colcon_core.package_identification:_identify(src) by extension 'ignore_ament_install'
[0.168s] Level 1:colcon.colcon_core.package_identification:_identify(src) by extensions ['colcon_pkg']
[0.168s] Level 1:colcon.colcon_core.package_identification:_identify(src) by extension 'colcon_pkg'
[0.168s] Level 1:colcon.colcon_core.package_identification:_identify(src) by extensions ['colcon_meta']
[0.168s] Level 1:colcon.colcon_core.package_identification:_identify(src) by extension 'colcon_meta'
[0.168s] Level 1:colcon.colcon_core.package_identification:_identify(src) by extensions ['ros']
[0.168s] Level 1:colcon.colcon_core.package_identification:_identify(src) by extension 'ros'
[0.168s] Level 1:colcon.colcon_core.package_identification:_identify(src) by extensions ['cmake', 'python']
[0.168s] Level 1:colcon.colcon_core.package_identification:_identify(src) by extension 'cmake'
[0.168s] Level 1:colcon.colcon_core.package_identification:_identify(src) by extension 'python'
[0.168s] Level 1:colcon.colcon_core.package_identification:_identify(src) by extensions ['python_setup_py']
[0.168s] Level 1:colcon.colcon_core.package_identification:_identify(src) by extension 'python_setup_py'
[0.168s] Level 1:colcon.colcon_core.package_identification:_identify(src/build) by extensions ['ignore', 'ignore_ament_install']
[0.168s] Level 1:colcon.colcon_core.package_identification:_identify(src/build) by extension 'ignore'
[0.169s] Level 1:colcon.colcon_core.package_identification:_identify(src/build) ignored
[0.169s] Level 1:colcon.colcon_core.package_identification:_identify(src/description) by extensions ['ignore', 'ignore_ament_install']
[0.169s] Level 1:colcon.colcon_core.package_identification:_identify(src/description) by extension 'ignore'
[0.169s] Level 1:colcon.colcon_core.package_identification:_identify(src/description) by extension 'ignore_ament_install'
[0.169s] Level 1:colcon.colcon_core.package_identification:_identify(src/description) by extensions ['colcon_pkg']
[0.169s] Level 1:colcon.colcon_core.package_identification:_identify(src/description) by extension 'colcon_pkg'
[0.169s] Level 1:colcon.colcon_core.package_identification:_identify(src/description) by extensions ['colcon_meta']
[0.169s] Level 1:colcon.colcon_core.package_identification:_identify(src/description) by extension 'colcon_meta'
[0.169s] Level 1:colcon.colcon_core.package_identification:_identify(src/description) by extensions ['ros']
[0.169s] Level 1:colcon.colcon_core.package_identification:_identify(src/description) by extension 'ros'
[0.170s] DEBUG:colcon.colcon_core.package_identification:Package 'src/description' with type 'ros.ament_cmake' and name 'description'
[0.170s] Level 1:colcon.colcon_core.package_identification:_identify(src/estimation) by extensions ['ignore', 'ignore_ament_install']
[0.170s] Level 1:colcon.colcon_core.package_identification:_identify(src/estimation) by extension 'ignore'
[0.170s] Level 1:colcon.colcon_core.package_identification:_identify(src/estimation) by extension 'ignore_ament_install'
[0.170s] Level 1:colcon.colcon_core.package_identification:_identify(src/estimation) by extensions ['colcon_pkg']
[0.170s] Level 1:colcon.colcon_core.package_identification:_identify(src/estimation) by extension 'colcon_pkg'
[0.170s] Level 1:colcon.colcon_core.package_identification:_identify(src/estimation) by extensions ['colcon_meta']
[0.170s] Level 1:colcon.colcon_core.package_identification:_identify(src/estimation) by extension 'colcon_meta'
[0.171s] Level 1:colcon.colcon_core.package_identification:_identify(src/estimation) by extensions ['ros']
[0.171s] Level 1:colcon.colcon_core.package_identification:_identify(src/estimation) by extension 'ros'
[0.171s] DEBUG:colcon.colcon_core.package_identification:Package 'src/estimation' with type 'ros.ament_cmake' and name 'estimation'
[0.171s] Level 1:colcon.colcon_core.package_identification:_identify(src/install) by extensions ['ignore', 'ignore_ament_install']
[0.171s] Level 1:colcon.colcon_core.package_identification:_identify(src/install) by extension 'ignore'
[0.171s] Level 1:colcon.colcon_core.package_identification:_identify(src/install) ignored
[0.171s] Level 1:colcon.colcon_core.package_identification:_identify(src/interfaces) by extensions ['ignore', 'ignore_ament_install']
[0.171s] Level 1:colcon.colcon_core.package_identification:_identify(src/interfaces) by extension 'ignore'
[0.171s] Level 1:colcon.colcon_core.package_identification:_identify(src/interfaces) by extension 'ignore_ament_install'
[0.171s] Level 1:colcon.colcon_core.package_identification:_identify(src/interfaces) by extensions ['colcon_pkg']
[0.171s] Level 1:colcon.colcon_core.package_identification:_identify(src/interfaces) by extension 'colcon_pkg'
[0.171s] Level 1:colcon.colcon_core.package_identification:_identify(src/interfaces) by extensions ['colcon_meta']
[0.171s] Level 1:colcon.colcon_core.package_identification:_identify(src/interfaces) by extension 'colcon_meta'
[0.171s] Level 1:colcon.colcon_core.package_identification:_identify(src/interfaces) by extensions ['ros']
[0.171s] Level 1:colcon.colcon_core.package_identification:_identify(src/interfaces) by extension 'ros'
[0.172s] DEBUG:colcon.colcon_core.package_identification:Package 'src/interfaces' with type 'ros.ament_cmake' and name 'interfaces'
[0.172s] Level 1:colcon.colcon_core.package_identification:_identify(src/log) by extensions ['ignore', 'ignore_ament_install']
[0.172s] Level 1:colcon.colcon_core.package_identification:_identify(src/log) by extension 'ignore'
[0.172s] Level 1:colcon.colcon_core.package_identification:_identify(src/log) ignored
[0.172s] Level 1:colcon.colcon_core.package_identification:_identify(src/main_control) by extensions ['ignore', 'ignore_ament_install']
[0.172s] Level 1:colcon.colcon_core.package_identification:_identify(src/main_control) by extension 'ignore'
[0.172s] Level 1:colcon.colcon_core.package_identification:_identify(src/main_control) by extension 'ignore_ament_install'
[0.172s] Level 1:colcon.colcon_core.package_identification:_identify(src/main_control) by extensions ['colcon_pkg']
[0.172s] Level 1:colcon.colcon_core.package_identification:_identify(src/main_control) by extension 'colcon_pkg'
[0.172s] Level 1:colcon.colcon_core.package_identification:_identify(src/main_control) by extensions ['colcon_meta']
[0.172s] Level 1:colcon.colcon_core.package_identification:_identify(src/main_control) by extension 'colcon_meta'
[0.172s] Level 1:colcon.colcon_core.package_identification:_identify(src/main_control) by extensions ['ros']
[0.172s] Level 1:colcon.colcon_core.package_identification:_identify(src/main_control) by extension 'ros'
[0.173s] DEBUG:colcon.colcon_core.package_identification:Package 'src/main_control' with type 'ros.ament_cmake' and name 'main_control'
[0.173s] Level 1:colcon.colcon_core.package_identification:_identify(src/robstride_ros_sample) by extensions ['ignore', 'ignore_ament_install']
[0.173s] Level 1:colcon.colcon_core.package_identification:_identify(src/robstride_ros_sample) by extension 'ignore'
[0.173s] Level 1:colcon.colcon_core.package_identification:_identify(src/robstride_ros_sample) by extension 'ignore_ament_install'
[0.173s] Level 1:colcon.colcon_core.package_identification:_identify(src/robstride_ros_sample) by extensions ['colcon_pkg']
[0.173s] Level 1:colcon.colcon_core.package_identification:_identify(src/robstride_ros_sample) by extension 'colcon_pkg'
[0.173s] Level 1:colcon.colcon_core.package_identification:_identify(src/robstride_ros_sample) by extensions ['colcon_meta']
[0.173s] Level 1:colcon.colcon_core.package_identification:_identify(src/robstride_ros_sample) by extension 'colcon_meta'
[0.173s] Level 1:colcon.colcon_core.package_identification:_identify(src/robstride_ros_sample) by extensions ['ros']
[0.173s] Level 1:colcon.colcon_core.package_identification:_identify(src/robstride_ros_sample) by extension 'ros'
[0.173s] DEBUG:colcon.colcon_core.package_identification:Package 'src/robstride_ros_sample' with type 'ros.ament_cmake' and name 'rs_motor_ros2'
[0.173s] Level 1:colcon.colcon_core.package_discovery:discover_packages(recursive) using defaults
[0.173s] Level 1:colcon.colcon_core.package_discovery:discover_packages(ignore) discover
[0.173s] Level 1:colcon.colcon_core.package_discovery:discover_packages(ignore) using defaults
[0.173s] Level 1:colcon.colcon_core.package_discovery:discover_packages(path) discover
[0.173s] Level 1:colcon.colcon_core.package_discovery:discover_packages(path) using defaults
[0.192s] Level 1:colcon.colcon_core.package_discovery:discover_packages(prefix_path) check parameters
[0.192s] Level 1:colcon.colcon_core.package_discovery:discover_packages(prefix_path) discover
[0.193s] DEBUG:colcon.colcon_installed_package_information.package_discovery:Found 341 installed packages in /opt/ros/humble
[0.194s] Level 1:colcon.colcon_core.package_discovery:discover_packages(prefix_path) using defaults
[0.218s] Level 5:colcon.colcon_core.verb:set package 'description' build argument 'cmake_args' from command line to 'None'
[0.218s] Level 5:colcon.colcon_core.verb:set package 'description' build argument 'cmake_target' from command line to 'None'
[0.218s] Level 5:colcon.colcon_core.verb:set package 'description' build argument 'cmake_target_skip_unavailable' from command line to 'False'
[0.218s] Level 5:colcon.colcon_core.verb:set package 'description' build argument 'cmake_clean_cache' from command line to 'False'
[0.218s] Level 5:colcon.colcon_core.verb:set package 'description' build argument 'cmake_clean_first' from command line to 'False'
[0.218s] Level 5:colcon.colcon_core.verb:set package 'description' build argument 'cmake_force_configure' from command line to 'False'
[0.218s] Level 5:colcon.colcon_core.verb:set package 'description' build argument 'ament_cmake_args' from command line to 'None'
[0.218s] Level 5:colcon.colcon_core.verb:set package 'description' build argument 'catkin_cmake_args' from command line to 'None'
[0.218s] Level 5:colcon.colcon_core.verb:set package 'description' build argument 'catkin_skip_building_tests' from command line to 'False'
[0.218s] DEBUG:colcon.colcon_core.verb:Building package 'description' with the following arguments: {'ament_cmake_args': None, 'build_base': '/home/lzh/VMC_Quadruped/build/description', 'catkin_cmake_args': None, 'catkin_skip_building_tests': False, 'cmake_args': None, 'cmake_clean_cache': False, 'cmake_clean_first': False, 'cmake_force_configure': False, 'cmake_target': None, 'cmake_target_skip_unavailable': False, 'install_base': '/home/lzh/VMC_Quadruped/install/description', 'merge_install': False, 'path': '/home/lzh/VMC_Quadruped/src/description', 'symlink_install': False, 'test_result_base': None}
[0.218s] Level 5:colcon.colcon_core.verb:set package 'interfaces' build argument 'cmake_args' from command line to 'None'
[0.218s] Level 5:colcon.colcon_core.verb:set package 'interfaces' build argument 'cmake_target' from command line to 'None'
[0.218s] Level 5:colcon.colcon_core.verb:set package 'interfaces' build argument 'cmake_target_skip_unavailable' from command line to 'False'
[0.218s] Level 5:colcon.colcon_core.verb:set package 'interfaces' build argument 'cmake_clean_cache' from command line to 'False'
[0.218s] Level 5:colcon.colcon_core.verb:set package 'interfaces' build argument 'cmake_clean_first' from command line to 'False'
[0.218s] Level 5:colcon.colcon_core.verb:set package 'interfaces' build argument 'cmake_force_configure' from command line to 'False'
[0.218s] Level 5:colcon.colcon_core.verb:set package 'interfaces' build argument 'ament_cmake_args' from command line to 'None'
[0.218s] Level 5:colcon.colcon_core.verb:set package 'interfaces' build argument 'catkin_cmake_args' from command line to 'None'
[0.218s] Level 5:colcon.colcon_core.verb:set package 'interfaces' build argument 'catkin_skip_building_tests' from command line to 'False'
[0.218s] DEBUG:colcon.colcon_core.verb:Building package 'interfaces' with the following arguments: {'ament_cmake_args': None, 'build_base': '/home/lzh/VMC_Quadruped/build/interfaces', 'catkin_cmake_args': None, 'catkin_skip_building_tests': False, 'cmake_args': None, 'cmake_clean_cache': False, 'cmake_clean_first': False, 'cmake_force_configure': False, 'cmake_target': None, 'cmake_target_skip_unavailable': False, 'install_base': '/home/lzh/VMC_Quadruped/install/interfaces', 'merge_install': False, 'path': '/home/lzh/VMC_Quadruped/src/interfaces', 'symlink_install': False, 'test_result_base': None}
[0.219s] Level 5:colcon.colcon_core.verb:set package 'main_control' build argument 'cmake_args' from command line to 'None'
[0.219s] Level 5:colcon.colcon_core.verb:set package 'main_control' build argument 'cmake_target' from command line to 'None'
[0.219s] Level 5:colcon.colcon_core.verb:set package 'main_control' build argument 'cmake_target_skip_unavailable' from command line to 'False'
[0.219s] Level 5:colcon.colcon_core.verb:set package 'main_control' build argument 'cmake_clean_cache' from command line to 'False'
[0.219s] Level 5:colcon.colcon_core.verb:set package 'main_control' build argument 'cmake_clean_first' from command line to 'False'
[0.219s] Level 5:colcon.colcon_core.verb:set package 'main_control' build argument 'cmake_force_configure' from command line to 'False'
[0.219s] Level 5:colcon.colcon_core.verb:set package 'main_control' build argument 'ament_cmake_args' from command line to 'None'
[0.219s] Level 5:colcon.colcon_core.verb:set package 'main_control' build argument 'catkin_cmake_args' from command line to 'None'
[0.219s] Level 5:colcon.colcon_core.verb:set package 'main_control' build argument 'catkin_skip_building_tests' from command line to 'False'
[0.219s] DEBUG:colcon.colcon_core.verb:Building package 'main_control' with the following arguments: {'ament_cmake_args': None, 'build_base': '/home/lzh/VMC_Quadruped/build/main_control', 'catkin_cmake_args': None, 'catkin_skip_building_tests': False, 'cmake_args': None, 'cmake_clean_cache': False, 'cmake_clean_first': False, 'cmake_force_configure': False, 'cmake_target': None, 'cmake_target_skip_unavailable': False, 'install_base': '/home/lzh/VMC_Quadruped/install/main_control', 'merge_install': False, 'path': '/home/lzh/VMC_Quadruped/src/main_control', 'symlink_install': False, 'test_result_base': None}
[0.219s] Level 5:colcon.colcon_core.verb:set package 'estimation' build argument 'cmake_args' from command line to 'None'
[0.219s] Level 5:colcon.colcon_core.verb:set package 'estimation' build argument 'cmake_target' from command line to 'None'
[0.219s] Level 5:colcon.colcon_core.verb:set package 'estimation' build argument 'cmake_target_skip_unavailable' from command line to 'False'
[0.219s] Level 5:colcon.colcon_core.verb:set package 'estimation' build argument 'cmake_clean_cache' from command line to 'False'
[0.219s] Level 5:colcon.colcon_core.verb:set package 'estimation' build argument 'cmake_clean_first' from command line to 'False'
[0.219s] Level 5:colcon.colcon_core.verb:set package 'estimation' build argument 'cmake_force_configure' from command line to 'False'
[0.219s] Level 5:colcon.colcon_core.verb:set package 'estimation' build argument 'ament_cmake_args' from command line to 'None'
[0.219s] Level 5:colcon.colcon_core.verb:set package 'estimation' build argument 'catkin_cmake_args' from command line to 'None'
[0.219s] Level 5:colcon.colcon_core.verb:set package 'estimation' build argument 'catkin_skip_building_tests' from command line to 'False'
[0.219s] DEBUG:colcon.colcon_core.verb:Building package 'estimation' with the following arguments: {'ament_cmake_args': None, 'build_base': '/home/lzh/VMC_Quadruped/build/estimation', 'catkin_cmake_args': None, 'catkin_skip_building_tests': False, 'cmake_args': None, 'cmake_clean_cache': False, 'cmake_clean_first': False, 'cmake_force_configure': False, 'cmake_target': None, 'cmake_target_skip_unavailable': False, 'install_base': '/home/lzh/VMC_Quadruped/install/estimation', 'merge_install': False, 'path': '/home/lzh/VMC_Quadruped/src/estimation', 'symlink_install': False, 'test_result_base': None}
[0.219s] Level 5:colcon.colcon_core.verb:set package 'rs_motor_ros2' build argument 'cmake_args' from command line to 'None'
[0.219s] Level 5:colcon.colcon_core.verb:set package 'rs_motor_ros2' build argument 'cmake_target' from command line to 'None'
[0.219s] Level 5:colcon.colcon_core.verb:set package 'rs_motor_ros2' build argument 'cmake_target_skip_unavailable' from command line to 'False'
[0.219s] Level 5:colcon.colcon_core.verb:set package 'rs_motor_ros2' build argument 'cmake_clean_cache' from command line to 'False'
[0.219s] Level 5:colcon.colcon_core.verb:set package 'rs_motor_ros2' build argument 'cmake_clean_first' from command line to 'False'
[0.219s] Level 5:colcon.colcon_core.verb:set package 'rs_motor_ros2' build argument 'cmake_force_configure' from command line to 'False'
[0.219s] Level 5:colcon.colcon_core.verb:set package 'rs_motor_ros2' build argument 'ament_cmake_args' from command line to 'None'
[0.219s] Level 5:colcon.colcon_core.verb:set package 'rs_motor_ros2' build argument 'catkin_cmake_args' from command line to 'None'
[0.219s] Level 5:colcon.colcon_core.verb:set package 'rs_motor_ros2' build argument 'catkin_skip_building_tests' from command line to 'False'
[0.219s] DEBUG:colcon.colcon_core.verb:Building package 'rs_motor_ros2' with the following arguments: {'ament_cmake_args': None, 'build_base': '/home/lzh/VMC_Quadruped/build/rs_motor_ros2', 'catkin_cmake_args': None, 'catkin_skip_building_tests': False, 'cmake_args': None, 'cmake_clean_cache': False, 'cmake_clean_first': False, 'cmake_force_configure': False, 'cmake_target': None, 'cmake_target_skip_unavailable': False, 'install_base': '/home/lzh/VMC_Quadruped/install/rs_motor_ros2', 'merge_install': False, 'path': '/home/lzh/VMC_Quadruped/src/robstride_ros_sample', 'symlink_install': False, 'test_result_base': None}
[0.219s] INFO:colcon.colcon_core.executor:Executing jobs using 'parallel' executor
[0.220s] DEBUG:colcon.colcon_parallel_executor.executor.parallel:run_until_complete
[0.221s] INFO:colcon.colcon_ros.task.ament_cmake.build:Building ROS package in '/home/lzh/VMC_Quadruped/src/interfaces' with build type 'ament_cmake'
[0.221s] INFO:colcon.colcon_cmake.task.cmake.build:Building CMake package in '/home/lzh/VMC_Quadruped/src/interfaces'
[0.222s] INFO:colcon.colcon_core.plugin_system:Skipping extension 'colcon_core.shell.bat': Not used on non-Windows systems
[0.222s] INFO:colcon.colcon_core.shell:Skip shell extension 'powershell' for command environment: Not usable outside of PowerShell
[0.222s] DEBUG:colcon.colcon_core.shell:Skip shell extension 'dsv' for command environment
[0.224s] INFO:colcon.colcon_ros.task.ament_cmake.build:Building ROS package in '/home/lzh/VMC_Quadruped/src/description' with build type 'ament_cmake'
[0.224s] INFO:colcon.colcon_cmake.task.cmake.build:Building CMake package in '/home/lzh/VMC_Quadruped/src/description'
[0.224s] INFO:colcon.colcon_core.shell:Skip shell extension 'powershell' for command environment: Not usable outside of PowerShell
[0.224s] DEBUG:colcon.colcon_core.shell:Skip shell extension 'dsv' for command environment
[0.226s] INFO:colcon.colcon_ros.task.ament_cmake.build:Building ROS package in '/home/lzh/VMC_Quadruped/src/main_control' with build type 'ament_cmake'
[0.226s] INFO:colcon.colcon_cmake.task.cmake.build:Building CMake package in '/home/lzh/VMC_Quadruped/src/main_control'
[0.226s] INFO:colcon.colcon_core.shell:Skip shell extension 'powershell' for command environment: Not usable outside of PowerShell
[0.226s] DEBUG:colcon.colcon_core.shell:Skip shell extension 'dsv' for command environment
[0.233s] DEBUG:colcon.colcon_core.event_handler.log_command:Invoking command in '/home/lzh/VMC_Quadruped/build/interfaces': CMAKE_PREFIX_PATH=/opt/ros/humble /usr/bin/cmake --build /home/lzh/VMC_Quadruped/build/interfaces -- -j16 -l16
[0.243s] DEBUG:colcon.colcon_core.event_handler.log_command:Invoking command in '/home/lzh/VMC_Quadruped/build/description': CMAKE_PREFIX_PATH=/opt/ros/humble /usr/bin/cmake --build /home/lzh/VMC_Quadruped/build/description -- -j16 -l16
[0.248s] DEBUG:colcon.colcon_core.event_handler.log_command:Invoking command in '/home/lzh/VMC_Quadruped/build/main_control': CMAKE_PREFIX_PATH=/opt/ros/humble /usr/bin/cmake --build /home/lzh/VMC_Quadruped/build/main_control -- -j16 -l16
[0.281s] DEBUG:colcon.colcon_core.event_handler.log_command:Invoked command in '/home/lzh/VMC_Quadruped/build/description' returned '0': CMAKE_PREFIX_PATH=/opt/ros/humble /usr/bin/cmake --build /home/lzh/VMC_Quadruped/build/description -- -j16 -l16
[0.291s] DEBUG:colcon.colcon_core.event_handler.log_command:Invoking command in '/home/lzh/VMC_Quadruped/build/description': CMAKE_PREFIX_PATH=/opt/ros/humble /usr/bin/cmake --install /home/lzh/VMC_Quadruped/build/description
[0.292s] DEBUG:colcon.colcon_core.event_handler.log_command:Invoked command in '/home/lzh/VMC_Quadruped/build/main_control' returned '0': CMAKE_PREFIX_PATH=/opt/ros/humble /usr/bin/cmake --build /home/lzh/VMC_Quadruped/build/main_control -- -j16 -l16
[0.296s] DEBUG:colcon.colcon_core.event_handler.log_command:Invoking command in '/home/lzh/VMC_Quadruped/build/main_control': CMAKE_PREFIX_PATH=/opt/ros/humble /usr/bin/cmake --install /home/lzh/VMC_Quadruped/build/main_control
[0.301s] Level 1:colcon.colcon_core.environment:create_environment_scripts_only(description)
[0.302s] DEBUG:colcon.colcon_core.event_handler.log_command:Invoked command in '/home/lzh/VMC_Quadruped/build/description' returned '0': CMAKE_PREFIX_PATH=/opt/ros/humble /usr/bin/cmake --install /home/lzh/VMC_Quadruped/build/description
[0.305s] Level 1:colcon.colcon_core.environment:checking '/home/lzh/VMC_Quadruped/install/description' for CMake module files
[0.305s] Level 1:colcon.colcon_core.environment:checking '/home/lzh/VMC_Quadruped/install/description' for CMake config files
[0.305s] Level 1:colcon.colcon_core.shell:create_environment_hook('description', 'cmake_prefix_path')
[0.306s] INFO:colcon.colcon_core.shell:Creating environment hook '/home/lzh/VMC_Quadruped/install/description/share/description/hook/cmake_prefix_path.ps1'
[0.306s] INFO:colcon.colcon_core.shell:Creating environment descriptor '/home/lzh/VMC_Quadruped/install/description/share/description/hook/cmake_prefix_path.dsv'
[0.306s] INFO:colcon.colcon_core.shell:Creating environment hook '/home/lzh/VMC_Quadruped/install/description/share/description/hook/cmake_prefix_path.sh'
[0.307s] Level 1:colcon.colcon_core.environment:checking '/home/lzh/VMC_Quadruped/install/description/bin'
[0.307s] Level 1:colcon.colcon_core.environment:checking '/home/lzh/VMC_Quadruped/install/description/lib/pkgconfig/description.pc'
[0.307s] Level 1:colcon.colcon_core.environment:checking '/home/lzh/VMC_Quadruped/install/description/lib/python3.10/site-packages'
[0.307s] Level 1:colcon.colcon_core.environment:checking '/home/lzh/VMC_Quadruped/install/description/bin'
[0.307s] INFO:colcon.colcon_core.shell:Creating package script '/home/lzh/VMC_Quadruped/install/description/share/description/package.ps1'
[0.308s] INFO:colcon.colcon_core.shell:Creating package descriptor '/home/lzh/VMC_Quadruped/install/description/share/description/package.dsv'
[0.308s] INFO:colcon.colcon_core.shell:Creating package script '/home/lzh/VMC_Quadruped/install/description/share/description/package.sh'
[0.309s] INFO:colcon.colcon_core.shell:Creating package script '/home/lzh/VMC_Quadruped/install/description/share/description/package.bash'
[0.309s] INFO:colcon.colcon_core.shell:Creating package script '/home/lzh/VMC_Quadruped/install/description/share/description/package.zsh'
[0.309s] Level 1:colcon.colcon_core.environment:create_file_with_runtime_dependencies(/home/lzh/VMC_Quadruped/install/description/share/colcon-core/packages/description)
[0.310s] Level 1:colcon.colcon_core.environment:create_environment_scripts_only(description)
[0.310s] Level 1:colcon.colcon_core.environment:checking '/home/lzh/VMC_Quadruped/install/description' for CMake module files
[0.310s] Level 1:colcon.colcon_core.environment:checking '/home/lzh/VMC_Quadruped/install/description' for CMake config files
[0.310s] Level 1:colcon.colcon_core.shell:create_environment_hook('description', 'cmake_prefix_path')
[0.310s] INFO:colcon.colcon_core.shell:Creating environment hook '/home/lzh/VMC_Quadruped/install/description/share/description/hook/cmake_prefix_path.ps1'
[0.311s] INFO:colcon.colcon_core.shell:Creating environment descriptor '/home/lzh/VMC_Quadruped/install/description/share/description/hook/cmake_prefix_path.dsv'
[0.311s] INFO:colcon.colcon_core.shell:Creating environment hook '/home/lzh/VMC_Quadruped/install/description/share/description/hook/cmake_prefix_path.sh'
[0.311s] Level 1:colcon.colcon_core.environment:checking '/home/lzh/VMC_Quadruped/install/description/bin'
[0.311s] Level 1:colcon.colcon_core.environment:checking '/home/lzh/VMC_Quadruped/install/description/lib/pkgconfig/description.pc'
[0.311s] Level 1:colcon.colcon_core.environment:checking '/home/lzh/VMC_Quadruped/install/description/lib/python3.10/site-packages'
[0.311s] Level 1:colcon.colcon_core.environment:checking '/home/lzh/VMC_Quadruped/install/description/bin'
[0.312s] INFO:colcon.colcon_core.shell:Creating package script '/home/lzh/VMC_Quadruped/install/description/share/description/package.ps1'
[0.312s] INFO:colcon.colcon_core.shell:Creating package descriptor '/home/lzh/VMC_Quadruped/install/description/share/description/package.dsv'
[0.312s] INFO:colcon.colcon_core.shell:Creating package script '/home/lzh/VMC_Quadruped/install/description/share/description/package.sh'
[0.313s] INFO:colcon.colcon_core.shell:Creating package script '/home/lzh/VMC_Quadruped/install/description/share/description/package.bash'
[0.313s] INFO:colcon.colcon_core.shell:Creating package script '/home/lzh/VMC_Quadruped/install/description/share/description/package.zsh'
[0.313s] Level 1:colcon.colcon_core.environment:create_file_with_runtime_dependencies(/home/lzh/VMC_Quadruped/install/description/share/colcon-core/packages/description)
[0.314s] Level 1:colcon.colcon_core.environment:create_environment_scripts_only(main_control)
[0.314s] Level 1:colcon.colcon_core.environment:checking '/home/lzh/VMC_Quadruped/install/main_control' for CMake module files
[0.315s] DEBUG:colcon.colcon_core.event_handler.log_command:Invoked command in '/home/lzh/VMC_Quadruped/build/main_control' returned '0': CMAKE_PREFIX_PATH=/opt/ros/humble /usr/bin/cmake --install /home/lzh/VMC_Quadruped/build/main_control
[0.315s] Level 1:colcon.colcon_core.environment:checking '/home/lzh/VMC_Quadruped/install/main_control' for CMake config files
[0.315s] Level 1:colcon.colcon_core.shell:create_environment_hook('main_control', 'cmake_prefix_path')
[0.315s] INFO:colcon.colcon_core.shell:Creating environment hook '/home/lzh/VMC_Quadruped/install/main_control/share/main_control/hook/cmake_prefix_path.ps1'
[0.315s] INFO:colcon.colcon_core.shell:Creating environment descriptor '/home/lzh/VMC_Quadruped/install/main_control/share/main_control/hook/cmake_prefix_path.dsv'
[0.315s] INFO:colcon.colcon_core.shell:Creating environment hook '/home/lzh/VMC_Quadruped/install/main_control/share/main_control/hook/cmake_prefix_path.sh'
[0.316s] Level 1:colcon.colcon_core.environment:checking '/home/lzh/VMC_Quadruped/install/main_control/bin'
[0.316s] Level 1:colcon.colcon_core.environment:checking '/home/lzh/VMC_Quadruped/install/main_control/lib/pkgconfig/main_control.pc'
[0.316s] Level 1:colcon.colcon_core.environment:checking '/home/lzh/VMC_Quadruped/install/main_control/lib/python3.10/site-packages'
[0.316s] Level 1:colcon.colcon_core.environment:checking '/home/lzh/VMC_Quadruped/install/main_control/bin'
[0.316s] INFO:colcon.colcon_core.shell:Creating package script '/home/lzh/VMC_Quadruped/install/main_control/share/main_control/package.ps1'
[0.317s] INFO:colcon.colcon_core.shell:Creating package descriptor '/home/lzh/VMC_Quadruped/install/main_control/share/main_control/package.dsv'
[0.317s] INFO:colcon.colcon_core.shell:Creating package script '/home/lzh/VMC_Quadruped/install/main_control/share/main_control/package.sh'
[0.317s] INFO:colcon.colcon_core.shell:Creating package script '/home/lzh/VMC_Quadruped/install/main_control/share/main_control/package.bash'
[0.317s] INFO:colcon.colcon_core.shell:Creating package script '/home/lzh/VMC_Quadruped/install/main_control/share/main_control/package.zsh'
[0.317s] Level 1:colcon.colcon_core.environment:create_file_with_runtime_dependencies(/home/lzh/VMC_Quadruped/install/main_control/share/colcon-core/packages/main_control)
[0.318s] Level 1:colcon.colcon_core.environment:create_environment_scripts_only(main_control)
[0.318s] Level 1:colcon.colcon_core.environment:checking '/home/lzh/VMC_Quadruped/install/main_control' for CMake module files
[0.318s] Level 1:colcon.colcon_core.environment:checking '/home/lzh/VMC_Quadruped/install/main_control' for CMake config files
[0.318s] Level 1:colcon.colcon_core.shell:create_environment_hook('main_control', 'cmake_prefix_path')
[0.318s] INFO:colcon.colcon_core.shell:Creating environment hook '/home/lzh/VMC_Quadruped/install/main_control/share/main_control/hook/cmake_prefix_path.ps1'
[0.318s] INFO:colcon.colcon_core.shell:Creating environment descriptor '/home/lzh/VMC_Quadruped/install/main_control/share/main_control/hook/cmake_prefix_path.dsv'
[0.319s] INFO:colcon.colcon_core.shell:Creating environment hook '/home/lzh/VMC_Quadruped/install/main_control/share/main_control/hook/cmake_prefix_path.sh'
[0.319s] Level 1:colcon.colcon_core.environment:checking '/home/lzh/VMC_Quadruped/install/main_control/bin'
[0.319s] Level 1:colcon.colcon_core.environment:checking '/home/lzh/VMC_Quadruped/install/main_control/lib/pkgconfig/main_control.pc'
[0.319s] Level 1:colcon.colcon_core.environment:checking '/home/lzh/VMC_Quadruped/install/main_control/lib/python3.10/site-packages'
[0.319s] Level 1:colcon.colcon_core.environment:checking '/home/lzh/VMC_Quadruped/install/main_control/bin'
[0.319s] INFO:colcon.colcon_core.shell:Creating package script '/home/lzh/VMC_Quadruped/install/main_control/share/main_control/package.ps1'
[0.320s] INFO:colcon.colcon_core.shell:Creating package descriptor '/home/lzh/VMC_Quadruped/install/main_control/share/main_control/package.dsv'
[0.320s] INFO:colcon.colcon_core.shell:Creating package script '/home/lzh/VMC_Quadruped/install/main_control/share/main_control/package.sh'
[0.320s] INFO:colcon.colcon_core.shell:Creating package script '/home/lzh/VMC_Quadruped/install/main_control/share/main_control/package.bash'
[0.321s] INFO:colcon.colcon_core.shell:Creating package script '/home/lzh/VMC_Quadruped/install/main_control/share/main_control/package.zsh'
[0.321s] Level 1:colcon.colcon_core.environment:create_file_with_runtime_dependencies(/home/lzh/VMC_Quadruped/install/main_control/share/colcon-core/packages/main_control)
[2.710s] DEBUG:colcon.colcon_core.event_handler.log_command:Invoked command in '/home/lzh/VMC_Quadruped/build/interfaces' returned '0': CMAKE_PREFIX_PATH=/opt/ros/humble /usr/bin/cmake --build /home/lzh/VMC_Quadruped/build/interfaces -- -j16 -l16
[2.712s] DEBUG:colcon.colcon_core.event_handler.log_command:Invoking command in '/home/lzh/VMC_Quadruped/build/interfaces': CMAKE_PREFIX_PATH=/opt/ros/humble /usr/bin/cmake --install /home/lzh/VMC_Quadruped/build/interfaces
[2.758s] Level 1:colcon.colcon_core.environment:create_environment_scripts_only(interfaces)
[2.759s] DEBUG:colcon.colcon_core.event_handler.log_command:Invoked command in '/home/lzh/VMC_Quadruped/build/interfaces' returned '0': CMAKE_PREFIX_PATH=/opt/ros/humble /usr/bin/cmake --install /home/lzh/VMC_Quadruped/build/interfaces
[2.759s] Level 1:colcon.colcon_core.environment:checking '/home/lzh/VMC_Quadruped/install/interfaces' for CMake module files
[2.760s] Level 1:colcon.colcon_core.environment:checking '/home/lzh/VMC_Quadruped/install/interfaces' for CMake config files
[2.760s] Level 1:colcon.colcon_core.shell:create_environment_hook('interfaces', 'cmake_prefix_path')
[2.761s] INFO:colcon.colcon_core.shell:Creating environment hook '/home/lzh/VMC_Quadruped/install/interfaces/share/interfaces/hook/cmake_prefix_path.ps1'
[2.761s] INFO:colcon.colcon_core.shell:Creating environment descriptor '/home/lzh/VMC_Quadruped/install/interfaces/share/interfaces/hook/cmake_prefix_path.dsv'
[2.762s] INFO:colcon.colcon_core.shell:Creating environment hook '/home/lzh/VMC_Quadruped/install/interfaces/share/interfaces/hook/cmake_prefix_path.sh'
[2.762s] Level 1:colcon.colcon_core.environment:checking '/home/lzh/VMC_Quadruped/install/interfaces/lib'
[2.763s] Level 1:colcon.colcon_core.shell:create_environment_hook('interfaces', 'ld_library_path_lib')
[2.763s] INFO:colcon.colcon_core.shell:Creating environment hook '/home/lzh/VMC_Quadruped/install/interfaces/share/interfaces/hook/ld_library_path_lib.ps1'
[2.763s] INFO:colcon.colcon_core.shell:Creating environment descriptor '/home/lzh/VMC_Quadruped/install/interfaces/share/interfaces/hook/ld_library_path_lib.dsv'
[2.764s] INFO:colcon.colcon_core.shell:Creating environment hook '/home/lzh/VMC_Quadruped/install/interfaces/share/interfaces/hook/ld_library_path_lib.sh'
[2.764s] Level 1:colcon.colcon_core.environment:checking '/home/lzh/VMC_Quadruped/install/interfaces/bin'
[2.764s] Level 1:colcon.colcon_core.environment:checking '/home/lzh/VMC_Quadruped/install/interfaces/lib/pkgconfig/interfaces.pc'
[2.764s] Level 1:colcon.colcon_core.environment:checking '/home/lzh/VMC_Quadruped/install/interfaces/lib/python3.10/site-packages'
[2.764s] Level 1:colcon.colcon_core.environment:checking '/home/lzh/VMC_Quadruped/install/interfaces/bin'
[2.764s] INFO:colcon.colcon_core.shell:Creating package script '/home/lzh/VMC_Quadruped/install/interfaces/share/interfaces/package.ps1'
[2.765s] INFO:colcon.colcon_core.shell:Creating package descriptor '/home/lzh/VMC_Quadruped/install/interfaces/share/interfaces/package.dsv'
[2.765s] INFO:colcon.colcon_core.shell:Creating package script '/home/lzh/VMC_Quadruped/install/interfaces/share/interfaces/package.sh'
[2.765s] INFO:colcon.colcon_core.shell:Creating package script '/home/lzh/VMC_Quadruped/install/interfaces/share/interfaces/package.bash'
[2.765s] INFO:colcon.colcon_core.shell:Creating package script '/home/lzh/VMC_Quadruped/install/interfaces/share/interfaces/package.zsh'
[2.766s] Level 1:colcon.colcon_core.environment:create_file_with_runtime_dependencies(/home/lzh/VMC_Quadruped/install/interfaces/share/colcon-core/packages/interfaces)
[2.766s] Level 1:colcon.colcon_core.environment:create_environment_scripts_only(interfaces)
[2.766s] Level 1:colcon.colcon_core.environment:checking '/home/lzh/VMC_Quadruped/install/interfaces' for CMake module files
[2.766s] Level 1:colcon.colcon_core.environment:checking '/home/lzh/VMC_Quadruped/install/interfaces' for CMake config files
[2.767s] Level 1:colcon.colcon_core.shell:create_environment_hook('interfaces', 'cmake_prefix_path')
[2.767s] INFO:colcon.colcon_core.shell:Creating environment hook '/home/lzh/VMC_Quadruped/install/interfaces/share/interfaces/hook/cmake_prefix_path.ps1'
[2.767s] INFO:colcon.colcon_core.shell:Creating environment descriptor '/home/lzh/VMC_Quadruped/install/interfaces/share/interfaces/hook/cmake_prefix_path.dsv'
[2.767s] INFO:colcon.colcon_core.shell:Creating environment hook '/home/lzh/VMC_Quadruped/install/interfaces/share/interfaces/hook/cmake_prefix_path.sh'
[2.768s] Level 1:colcon.colcon_core.environment:checking '/home/lzh/VMC_Quadruped/install/interfaces/lib'
[2.768s] Level 1:colcon.colcon_core.shell:create_environment_hook('interfaces', 'ld_library_path_lib')
[2.768s] INFO:colcon.colcon_core.shell:Creating environment hook '/home/lzh/VMC_Quadruped/install/interfaces/share/interfaces/hook/ld_library_path_lib.ps1'
[2.768s] INFO:colcon.colcon_core.shell:Creating environment descriptor '/home/lzh/VMC_Quadruped/install/interfaces/share/interfaces/hook/ld_library_path_lib.dsv'
[2.768s] INFO:colcon.colcon_core.shell:Creating environment hook '/home/lzh/VMC_Quadruped/install/interfaces/share/interfaces/hook/ld_library_path_lib.sh'
[2.768s] Level 1:colcon.colcon_core.environment:checking '/home/lzh/VMC_Quadruped/install/interfaces/bin'
[2.768s] Level 1:colcon.colcon_core.environment:checking '/home/lzh/VMC_Quadruped/install/interfaces/lib/pkgconfig/interfaces.pc'
[2.768s] Level 1:colcon.colcon_core.environment:checking '/home/lzh/VMC_Quadruped/install/interfaces/lib/python3.10/site-packages'
[2.769s] Level 1:colcon.colcon_core.environment:checking '/home/lzh/VMC_Quadruped/install/interfaces/bin'
[2.769s] INFO:colcon.colcon_core.shell:Creating package script '/home/lzh/VMC_Quadruped/install/interfaces/share/interfaces/package.ps1'
[2.769s] INFO:colcon.colcon_core.shell:Creating package descriptor '/home/lzh/VMC_Quadruped/install/interfaces/share/interfaces/package.dsv'
[2.769s] INFO:colcon.colcon_core.shell:Creating package script '/home/lzh/VMC_Quadruped/install/interfaces/share/interfaces/package.sh'
[2.770s] INFO:colcon.colcon_core.shell:Creating package script '/home/lzh/VMC_Quadruped/install/interfaces/share/interfaces/package.bash'
[2.770s] INFO:colcon.colcon_core.shell:Creating package script '/home/lzh/VMC_Quadruped/install/interfaces/share/interfaces/package.zsh'
[2.770s] Level 1:colcon.colcon_core.environment:create_file_with_runtime_dependencies(/home/lzh/VMC_Quadruped/install/interfaces/share/colcon-core/packages/interfaces)
[2.770s] INFO:colcon.colcon_ros.task.ament_cmake.build:Building ROS package in '/home/lzh/VMC_Quadruped/src/estimation' with build type 'ament_cmake'
[2.770s] INFO:colcon.colcon_cmake.task.cmake.build:Building CMake package in '/home/lzh/VMC_Quadruped/src/estimation'
[2.771s] INFO:colcon.colcon_core.shell:Skip shell extension 'powershell' for command environment: Not usable outside of PowerShell
[2.771s] DEBUG:colcon.colcon_core.shell:Skip shell extension 'dsv' for command environment
[2.772s] INFO:colcon.colcon_ros.task.ament_cmake.build:Building ROS package in '/home/lzh/VMC_Quadruped/src/robstride_ros_sample' with build type 'ament_cmake'
[2.773s] INFO:colcon.colcon_cmake.task.cmake.build:Building CMake package in '/home/lzh/VMC_Quadruped/src/robstride_ros_sample'
[2.773s] INFO:colcon.colcon_core.shell:Skip shell extension 'powershell' for command environment: Not usable outside of PowerShell
[2.773s] DEBUG:colcon.colcon_core.shell:Skip shell extension 'dsv' for command environment
[2.779s] DEBUG:colcon.colcon_core.event_handler.log_command:Invoking command in '/home/lzh/VMC_Quadruped/build/estimation': AMENT_PREFIX_PATH=/home/lzh/VMC_Quadruped/install/interfaces:${AMENT_PREFIX_PATH} CMAKE_PREFIX_PATH=/home/lzh/VMC_Quadruped/install/interfaces:/opt/ros/humble LD_LIBRARY_PATH=/home/lzh/VMC_Quadruped/install/interfaces/lib:${LD_LIBRARY_PATH} PYTHONPATH=/home/lzh/VMC_Quadruped/install/interfaces/local/lib/python3.10/dist-packages:${PYTHONPATH} /usr/bin/cmake --build /home/lzh/VMC_Quadruped/build/estimation -- -j16 -l16
[2.782s] DEBUG:colcon.colcon_core.event_handler.log_command:Invoking command in '/home/lzh/VMC_Quadruped/build/rs_motor_ros2': AMENT_PREFIX_PATH=/home/lzh/VMC_Quadruped/install/interfaces:${AMENT_PREFIX_PATH} CMAKE_PREFIX_PATH=/home/lzh/VMC_Quadruped/install/interfaces:/opt/ros/humble LD_LIBRARY_PATH=/home/lzh/VMC_Quadruped/install/interfaces/lib:${LD_LIBRARY_PATH} PYTHONPATH=/home/lzh/VMC_Quadruped/install/interfaces/local/lib/python3.10/dist-packages:${PYTHONPATH} /usr/bin/cmake --build /home/lzh/VMC_Quadruped/build/rs_motor_ros2 -- -j16 -l16
[3.256s] DEBUG:colcon.colcon_core.event_handler.log_command:Invoked command in '/home/lzh/VMC_Quadruped/build/estimation' returned '0': AMENT_PREFIX_PATH=/home/lzh/VMC_Quadruped/install/interfaces:${AMENT_PREFIX_PATH} CMAKE_PREFIX_PATH=/home/lzh/VMC_Quadruped/install/interfaces:/opt/ros/humble LD_LIBRARY_PATH=/home/lzh/VMC_Quadruped/install/interfaces/lib:${LD_LIBRARY_PATH} PYTHONPATH=/home/lzh/VMC_Quadruped/install/interfaces/local/lib/python3.10/dist-packages:${PYTHONPATH} /usr/bin/cmake --build /home/lzh/VMC_Quadruped/build/estimation -- -j16 -l16
[3.258s] DEBUG:colcon.colcon_core.event_handler.log_command:Invoking command in '/home/lzh/VMC_Quadruped/build/estimation': AMENT_PREFIX_PATH=/home/lzh/VMC_Quadruped/install/interfaces:${AMENT_PREFIX_PATH} CMAKE_PREFIX_PATH=/home/lzh/VMC_Quadruped/install/interfaces:/opt/ros/humble LD_LIBRARY_PATH=/home/lzh/VMC_Quadruped/install/interfaces/lib:${LD_LIBRARY_PATH} PYTHONPATH=/home/lzh/VMC_Quadruped/install/interfaces/local/lib/python3.10/dist-packages:${PYTHONPATH} /usr/bin/cmake --install /home/lzh/VMC_Quadruped/build/estimation
[3.270s] Level 1:colcon.colcon_core.environment:create_environment_scripts_only(estimation)
[3.271s] Level 1:colcon.colcon_core.environment:checking '/home/lzh/VMC_Quadruped/install/estimation' for CMake module files
[3.271s] DEBUG:colcon.colcon_core.event_handler.log_command:Invoked command in '/home/lzh/VMC_Quadruped/build/estimation' returned '0': AMENT_PREFIX_PATH=/home/lzh/VMC_Quadruped/install/interfaces:${AMENT_PREFIX_PATH} CMAKE_PREFIX_PATH=/home/lzh/VMC_Quadruped/install/interfaces:/opt/ros/humble LD_LIBRARY_PATH=/home/lzh/VMC_Quadruped/install/interfaces/lib:${LD_LIBRARY_PATH} PYTHONPATH=/home/lzh/VMC_Quadruped/install/interfaces/local/lib/python3.10/dist-packages:${PYTHONPATH} /usr/bin/cmake --install /home/lzh/VMC_Quadruped/build/estimation
[3.272s] Level 1:colcon.colcon_core.environment:checking '/home/lzh/VMC_Quadruped/install/estimation' for CMake config files
[3.272s] Level 1:colcon.colcon_core.shell:create_environment_hook('estimation', 'cmake_prefix_path')
[3.272s] INFO:colcon.colcon_core.shell:Creating environment hook '/home/lzh/VMC_Quadruped/install/estimation/share/estimation/hook/cmake_prefix_path.ps1'
[3.273s] INFO:colcon.colcon_core.shell:Creating environment descriptor '/home/lzh/VMC_Quadruped/install/estimation/share/estimation/hook/cmake_prefix_path.dsv'
[3.273s] INFO:colcon.colcon_core.shell:Creating environment hook '/home/lzh/VMC_Quadruped/install/estimation/share/estimation/hook/cmake_prefix_path.sh'
[3.274s] Level 1:colcon.colcon_core.environment:checking '/home/lzh/VMC_Quadruped/install/estimation/lib'
[3.274s] Level 1:colcon.colcon_core.environment:checking '/home/lzh/VMC_Quadruped/install/estimation/bin'
[3.274s] Level 1:colcon.colcon_core.environment:checking '/home/lzh/VMC_Quadruped/install/estimation/lib/pkgconfig/estimation.pc'
[3.274s] Level 1:colcon.colcon_core.environment:checking '/home/lzh/VMC_Quadruped/install/estimation/lib/python3.10/site-packages'
[3.275s] Level 1:colcon.colcon_core.environment:checking '/home/lzh/VMC_Quadruped/install/estimation/bin'
[3.275s] INFO:colcon.colcon_core.shell:Creating package script '/home/lzh/VMC_Quadruped/install/estimation/share/estimation/package.ps1'
[3.276s] INFO:colcon.colcon_core.shell:Creating package descriptor '/home/lzh/VMC_Quadruped/install/estimation/share/estimation/package.dsv'
[3.276s] INFO:colcon.colcon_core.shell:Creating package script '/home/lzh/VMC_Quadruped/install/estimation/share/estimation/package.sh'
[3.277s] INFO:colcon.colcon_core.shell:Creating package script '/home/lzh/VMC_Quadruped/install/estimation/share/estimation/package.bash'
[3.277s] INFO:colcon.colcon_core.shell:Creating package script '/home/lzh/VMC_Quadruped/install/estimation/share/estimation/package.zsh'
[3.277s] Level 1:colcon.colcon_core.environment:create_file_with_runtime_dependencies(/home/lzh/VMC_Quadruped/install/estimation/share/colcon-core/packages/estimation)
[3.278s] Level 1:colcon.colcon_core.environment:create_environment_scripts_only(estimation)
[3.278s] Level 1:colcon.colcon_core.environment:checking '/home/lzh/VMC_Quadruped/install/estimation' for CMake module files
[3.278s] Level 1:colcon.colcon_core.environment:checking '/home/lzh/VMC_Quadruped/install/estimation' for CMake config files
[3.278s] Level 1:colcon.colcon_core.shell:create_environment_hook('estimation', 'cmake_prefix_path')
[3.278s] INFO:colcon.colcon_core.shell:Creating environment hook '/home/lzh/VMC_Quadruped/install/estimation/share/estimation/hook/cmake_prefix_path.ps1'
[3.279s] INFO:colcon.colcon_core.shell:Creating environment descriptor '/home/lzh/VMC_Quadruped/install/estimation/share/estimation/hook/cmake_prefix_path.dsv'
[3.279s] INFO:colcon.colcon_core.shell:Creating environment hook '/home/lzh/VMC_Quadruped/install/estimation/share/estimation/hook/cmake_prefix_path.sh'
[3.279s] Level 1:colcon.colcon_core.environment:checking '/home/lzh/VMC_Quadruped/install/estimation/lib'
[3.279s] Level 1:colcon.colcon_core.environment:checking '/home/lzh/VMC_Quadruped/install/estimation/bin'
[3.279s] Level 1:colcon.colcon_core.environment:checking '/home/lzh/VMC_Quadruped/install/estimation/lib/pkgconfig/estimation.pc'
[3.279s] Level 1:colcon.colcon_core.environment:checking '/home/lzh/VMC_Quadruped/install/estimation/lib/python3.10/site-packages'
[3.280s] Level 1:colcon.colcon_core.environment:checking '/home/lzh/VMC_Quadruped/install/estimation/bin'
[3.280s] INFO:colcon.colcon_core.shell:Creating package script '/home/lzh/VMC_Quadruped/install/estimation/share/estimation/package.ps1'
[3.280s] INFO:colcon.colcon_core.shell:Creating package descriptor '/home/lzh/VMC_Quadruped/install/estimation/share/estimation/package.dsv'
[3.280s] INFO:colcon.colcon_core.shell:Creating package script '/home/lzh/VMC_Quadruped/install/estimation/share/estimation/package.sh'
[3.281s] INFO:colcon.colcon_core.shell:Creating package script '/home/lzh/VMC_Quadruped/install/estimation/share/estimation/package.bash'
[3.281s] INFO:colcon.colcon_core.shell:Creating package script '/home/lzh/VMC_Quadruped/install/estimation/share/estimation/package.zsh'
[3.281s] Level 1:colcon.colcon_core.environment:create_file_with_runtime_dependencies(/home/lzh/VMC_Quadruped/install/estimation/share/colcon-core/packages/estimation)
[8.707s] DEBUG:colcon.colcon_core.event_handler.log_command:Invoked command in '/home/lzh/VMC_Quadruped/build/rs_motor_ros2' returned '0': AMENT_PREFIX_PATH=/home/lzh/VMC_Quadruped/install/interfaces:${AMENT_PREFIX_PATH} CMAKE_PREFIX_PATH=/home/lzh/VMC_Quadruped/install/interfaces:/opt/ros/humble LD_LIBRARY_PATH=/home/lzh/VMC_Quadruped/install/interfaces/lib:${LD_LIBRARY_PATH} PYTHONPATH=/home/lzh/VMC_Quadruped/install/interfaces/local/lib/python3.10/dist-packages:${PYTHONPATH} /usr/bin/cmake --build /home/lzh/VMC_Quadruped/build/rs_motor_ros2 -- -j16 -l16
[8.708s] DEBUG:colcon.colcon_core.event_handler.log_command:Invoking command in '/home/lzh/VMC_Quadruped/build/rs_motor_ros2': AMENT_PREFIX_PATH=/home/lzh/VMC_Quadruped/install/interfaces:${AMENT_PREFIX_PATH} CMAKE_PREFIX_PATH=/home/lzh/VMC_Quadruped/install/interfaces:/opt/ros/humble LD_LIBRARY_PATH=/home/lzh/VMC_Quadruped/install/interfaces/lib:${LD_LIBRARY_PATH} PYTHONPATH=/home/lzh/VMC_Quadruped/install/interfaces/local/lib/python3.10/dist-packages:${PYTHONPATH} /usr/bin/cmake --install /home/lzh/VMC_Quadruped/build/rs_motor_ros2
[8.719s] Level 1:colcon.colcon_core.environment:create_environment_scripts_only(rs_motor_ros2)
[8.719s] Level 1:colcon.colcon_core.environment:checking '/home/lzh/VMC_Quadruped/install/rs_motor_ros2' for CMake module files
[8.719s] DEBUG:colcon.colcon_core.event_handler.log_command:Invoked command in '/home/lzh/VMC_Quadruped/build/rs_motor_ros2' returned '0': AMENT_PREFIX_PATH=/home/lzh/VMC_Quadruped/install/interfaces:${AMENT_PREFIX_PATH} CMAKE_PREFIX_PATH=/home/lzh/VMC_Quadruped/install/interfaces:/opt/ros/humble LD_LIBRARY_PATH=/home/lzh/VMC_Quadruped/install/interfaces/lib:${LD_LIBRARY_PATH} PYTHONPATH=/home/lzh/VMC_Quadruped/install/interfaces/local/lib/python3.10/dist-packages:${PYTHONPATH} /usr/bin/cmake --install /home/lzh/VMC_Quadruped/build/rs_motor_ros2
[8.720s] Level 1:colcon.colcon_core.environment:checking '/home/lzh/VMC_Quadruped/install/rs_motor_ros2' for CMake config files
[8.720s] Level 1:colcon.colcon_core.shell:create_environment_hook('rs_motor_ros2', 'cmake_prefix_path')
[8.720s] INFO:colcon.colcon_core.shell:Creating environment hook '/home/lzh/VMC_Quadruped/install/rs_motor_ros2/share/rs_motor_ros2/hook/cmake_prefix_path.ps1'
[8.721s] INFO:colcon.colcon_core.shell:Creating environment descriptor '/home/lzh/VMC_Quadruped/install/rs_motor_ros2/share/rs_motor_ros2/hook/cmake_prefix_path.dsv'
[8.721s] INFO:colcon.colcon_core.shell:Creating environment hook '/home/lzh/VMC_Quadruped/install/rs_motor_ros2/share/rs_motor_ros2/hook/cmake_prefix_path.sh'
[8.722s] Level 1:colcon.colcon_core.environment:checking '/home/lzh/VMC_Quadruped/install/rs_motor_ros2/lib'
[8.722s] Level 1:colcon.colcon_core.environment:checking '/home/lzh/VMC_Quadruped/install/rs_motor_ros2/bin'
[8.722s] Level 1:colcon.colcon_core.environment:checking '/home/lzh/VMC_Quadruped/install/rs_motor_ros2/lib/pkgconfig/rs_motor_ros2.pc'
[8.723s] Level 1:colcon.colcon_core.environment:checking '/home/lzh/VMC_Quadruped/install/rs_motor_ros2/lib/python3.10/site-packages'
[8.723s] Level 1:colcon.colcon_core.environment:checking '/home/lzh/VMC_Quadruped/install/rs_motor_ros2/bin'
[8.723s] INFO:colcon.colcon_core.shell:Creating package script '/home/lzh/VMC_Quadruped/install/rs_motor_ros2/share/rs_motor_ros2/package.ps1'
[8.724s] INFO:colcon.colcon_core.shell:Creating package descriptor '/home/lzh/VMC_Quadruped/install/rs_motor_ros2/share/rs_motor_ros2/package.dsv'
[8.724s] INFO:colcon.colcon_core.shell:Creating package script '/home/lzh/VMC_Quadruped/install/rs_motor_ros2/share/rs_motor_ros2/package.sh'
[8.725s] INFO:colcon.colcon_core.shell:Creating package script '/home/lzh/VMC_Quadruped/install/rs_motor_ros2/share/rs_motor_ros2/package.bash'
[8.725s] INFO:colcon.colcon_core.shell:Creating package script '/home/lzh/VMC_Quadruped/install/rs_motor_ros2/share/rs_motor_ros2/package.zsh'
[8.725s] Level 1:colcon.colcon_core.environment:create_file_with_runtime_dependencies(/home/lzh/VMC_Quadruped/install/rs_motor_ros2/share/colcon-core/packages/rs_motor_ros2)
[8.726s] Level 1:colcon.colcon_core.environment:create_environment_scripts_only(rs_motor_ros2)
[8.726s] Level 1:colcon.colcon_core.environment:checking '/home/lzh/VMC_Quadruped/install/rs_motor_ros2' for CMake module files
[8.726s] Level 1:colcon.colcon_core.environment:checking '/home/lzh/VMC_Quadruped/install/rs_motor_ros2' for CMake config files
[8.726s] Level 1:colcon.colcon_core.shell:create_environment_hook('rs_motor_ros2', 'cmake_prefix_path')
[8.726s] INFO:colcon.colcon_core.shell:Creating environment hook '/home/lzh/VMC_Quadruped/install/rs_motor_ros2/share/rs_motor_ros2/hook/cmake_prefix_path.ps1'
[8.727s] INFO:colcon.colcon_core.shell:Creating environment descriptor '/home/lzh/VMC_Quadruped/install/rs_motor_ros2/share/rs_motor_ros2/hook/cmake_prefix_path.dsv'
[8.727s] INFO:colcon.colcon_core.shell:Creating environment hook '/home/lzh/VMC_Quadruped/install/rs_motor_ros2/share/rs_motor_ros2/hook/cmake_prefix_path.sh'
[8.727s] Level 1:colcon.colcon_core.environment:checking '/home/lzh/VMC_Quadruped/install/rs_motor_ros2/lib'
[8.727s] Level 1:colcon.colcon_core.environment:checking '/home/lzh/VMC_Quadruped/install/rs_motor_ros2/bin'
[8.727s] Level 1:colcon.colcon_core.environment:checking '/home/lzh/VMC_Quadruped/install/rs_motor_ros2/lib/pkgconfig/rs_motor_ros2.pc'
[8.727s] Level 1:colcon.colcon_core.environment:checking '/home/lzh/VMC_Quadruped/install/rs_motor_ros2/lib/python3.10/site-packages'
[8.728s] Level 1:colcon.colcon_core.environment:checking '/home/lzh/VMC_Quadruped/install/rs_motor_ros2/bin'
[8.728s] INFO:colcon.colcon_core.shell:Creating package script '/home/lzh/VMC_Quadruped/install/rs_motor_ros2/share/rs_motor_ros2/package.ps1'
[8.728s] INFO:colcon.colcon_core.shell:Creating package descriptor '/home/lzh/VMC_Quadruped/install/rs_motor_ros2/share/rs_motor_ros2/package.dsv'
[8.728s] INFO:colcon.colcon_core.shell:Creating package script '/home/lzh/VMC_Quadruped/install/rs_motor_ros2/share/rs_motor_ros2/package.sh'
[8.728s] INFO:colcon.colcon_core.shell:Creating package script '/home/lzh/VMC_Quadruped/install/rs_motor_ros2/share/rs_motor_ros2/package.bash'
[8.729s] INFO:colcon.colcon_core.shell:Creating package script '/home/lzh/VMC_Quadruped/install/rs_motor_ros2/share/rs_motor_ros2/package.zsh'
[8.729s] Level 1:colcon.colcon_core.environment:create_file_with_runtime_dependencies(/home/lzh/VMC_Quadruped/install/rs_motor_ros2/share/colcon-core/packages/rs_motor_ros2)
[8.729s] DEBUG:colcon.colcon_parallel_executor.executor.parallel:closing loop
[8.729s] DEBUG:colcon.colcon_parallel_executor.executor.parallel:loop closed
[8.730s] DEBUG:colcon.colcon_parallel_executor.executor.parallel:run_until_complete finished with '0'
[8.730s] DEBUG:colcon.colcon_core.event_reactor:joining thread
[8.736s] INFO:colcon.colcon_core.plugin_system:Skipping extension 'colcon_notification.desktop_notification.terminal_notifier': Not used on non-Darwin systems
[8.736s] INFO:colcon.colcon_core.plugin_system:Skipping extension 'colcon_notification.desktop_notification.win32': Not used on non-Windows systems
[8.736s] INFO:colcon.colcon_notification.desktop_notification:Sending desktop notification using 'notify2'
[8.747s] DEBUG:colcon.colcon_core.event_reactor:joined thread
[8.747s] INFO:colcon.colcon_core.shell:Creating prefix script '/home/lzh/VMC_Quadruped/install/local_setup.ps1'
[8.748s] INFO:colcon.colcon_core.shell:Creating prefix util module '/home/lzh/VMC_Quadruped/install/_local_setup_util_ps1.py'
[8.750s] INFO:colcon.colcon_core.shell:Creating prefix chain script '/home/lzh/VMC_Quadruped/install/setup.ps1'
[8.751s] INFO:colcon.colcon_core.shell:Creating prefix script '/home/lzh/VMC_Quadruped/install/local_setup.sh'
[8.752s] INFO:colcon.colcon_core.shell:Creating prefix util module '/home/lzh/VMC_Quadruped/install/_local_setup_util_sh.py'
[8.753s] INFO:colcon.colcon_core.shell:Creating prefix chain script '/home/lzh/VMC_Quadruped/install/setup.sh'
[8.754s] INFO:colcon.colcon_core.shell:Creating prefix script '/home/lzh/VMC_Quadruped/install/local_setup.bash'
[8.754s] INFO:colcon.colcon_core.shell:Creating prefix chain script '/home/lzh/VMC_Quadruped/install/setup.bash'
[8.755s] INFO:colcon.colcon_core.shell:Creating prefix script '/home/lzh/VMC_Quadruped/install/local_setup.zsh'
[8.756s] INFO:colcon.colcon_core.shell:Creating prefix chain script '/home/lzh/VMC_Quadruped/install/setup.zsh'
