[0.013s] Invoking command in '/home/lzh/VMC_Quadruped/build/estimation': CMAKE_PREFIX_PATH=${CMAKE_PREFIX_PATH}:/opt/ros/humble /usr/bin/cmake /home/lzh/VMC_Quadruped/src/estimation -DCMAKE_INSTALL_PREFIX=/home/lzh/VMC_Quadruped/install/estimation
[0.061s] -- The C compiler identification is GNU 11.4.0
[0.100s] -- The CXX compiler identification is GNU 11.4.0
[0.108s] -- Detecting C compiler ABI info
[0.171s] -- Detecting C compiler ABI info - done
[0.177s] -- Check for working C compiler: /usr/bin/cc - skipped
[0.177s] -- Detecting C compile features
[0.177s] -- Detecting C compile features - done
[0.179s] -- Detecting CXX compiler ABI info
[0.247s] -- Detecting CXX compiler ABI info - done
[0.254s] -- Check for working CXX compiler: /usr/bin/c++ - skipped
[0.254s] -- Detecting CXX compile features
[0.255s] -- Detecting CXX compile features - done
[0.256s] -- Found ament_cmake: 1.3.12 (/opt/ros/humble/share/ament_cmake/cmake)
[0.407s] -- Found Python3: /usr/bin/python3 (found version "3.10.12") found components: Interpreter 
[0.480s] -- Found ament_lint_auto: 0.12.14 (/opt/ros/humble/share/ament_lint_auto/cmake)
[0.538s] -- Added test 'lint_cmake' to check CMake code style
[0.538s] -- Added test 'xmllint' to check XML markup files
[0.539s] -- Configuring done
[0.540s] -- Generating done
[0.541s] -- Build files have been written to: /home/lzh/VMC_Quadruped/build/estimation
[0.546s] Invoked command in '/home/lzh/VMC_Quadruped/build/estimation' returned '0': CMAKE_PREFIX_PATH=${CMAKE_PREFIX_PATH}:/opt/ros/humble /usr/bin/cmake /home/lzh/VMC_Quadruped/src/estimation -DCMAKE_INSTALL_PREFIX=/home/lzh/VMC_Quadruped/install/estimation
[0.548s] Invoking command in '/home/lzh/VMC_Quadruped/build/estimation': CMAKE_PREFIX_PATH=${CMAKE_PREFIX_PATH}:/opt/ros/humble /usr/bin/cmake --build /home/lzh/VMC_Quadruped/build/estimation -- -j16 -l16
[0.577s] Invoked command in '/home/lzh/VMC_Quadruped/build/estimation' returned '0': CMAKE_PREFIX_PATH=${CMAKE_PREFIX_PATH}:/opt/ros/humble /usr/bin/cmake --build /home/lzh/VMC_Quadruped/build/estimation -- -j16 -l16
[0.579s] Invoking command in '/home/lzh/VMC_Quadruped/build/estimation': CMAKE_PREFIX_PATH=${CMAKE_PREFIX_PATH}:/opt/ros/humble /usr/bin/cmake --install /home/lzh/VMC_Quadruped/build/estimation
[0.584s] -- Install configuration: ""
[0.584s] -- Installing: /home/lzh/VMC_Quadruped/install/estimation/share/ament_index/resource_index/package_run_dependencies/estimation
[0.584s] -- Installing: /home/lzh/VMC_Quadruped/install/estimation/share/ament_index/resource_index/parent_prefix_path/estimation
[0.584s] -- Installing: /home/lzh/VMC_Quadruped/install/estimation/share/estimation/environment/ament_prefix_path.sh
[0.584s] -- Installing: /home/lzh/VMC_Quadruped/install/estimation/share/estimation/environment/ament_prefix_path.dsv
[0.584s] -- Installing: /home/lzh/VMC_Quadruped/install/estimation/share/estimation/environment/path.sh
[0.584s] -- Installing: /home/lzh/VMC_Quadruped/install/estimation/share/estimation/environment/path.dsv
[0.584s] -- Installing: /home/lzh/VMC_Quadruped/install/estimation/share/estimation/local_setup.bash
[0.585s] -- Installing: /home/lzh/VMC_Quadruped/install/estimation/share/estimation/local_setup.sh
[0.585s] -- Installing: /home/lzh/VMC_Quadruped/install/estimation/share/estimation/local_setup.zsh
[0.585s] -- Installing: /home/lzh/VMC_Quadruped/install/estimation/share/estimation/local_setup.dsv
[0.585s] -- Installing: /home/lzh/VMC_Quadruped/install/estimation/share/estimation/package.dsv
[0.585s] -- Installing: /home/lzh/VMC_Quadruped/install/estimation/share/ament_index/resource_index/packages/estimation
[0.585s] -- Installing: /home/lzh/VMC_Quadruped/install/estimation/share/estimation/cmake/estimationConfig.cmake
[0.585s] -- Installing: /home/lzh/VMC_Quadruped/install/estimation/share/estimation/cmake/estimationConfig-version.cmake
[0.585s] -- Installing: /home/lzh/VMC_Quadruped/install/estimation/share/estimation/package.xml
[0.587s] Invoked command in '/home/lzh/VMC_Quadruped/build/estimation' returned '0': CMAKE_PREFIX_PATH=${CMAKE_PREFIX_PATH}:/opt/ros/humble /usr/bin/cmake --install /home/lzh/VMC_Quadruped/build/estimation
