[0.009s] Invoking command in '/home/lzh/VMC_Quadruped/build/estimation': AMENT_PREFIX_PATH=/home/lzh/VMC_Quadruped/install/interfaces:${AMENT_PREFIX_PATH} CMAKE_PREFIX_PATH=/home/lzh/VMC_Quadruped/install/interfaces:/opt/ros/humble LD_LIBRARY_PATH=/home/lzh/VMC_Quadruped/install/interfaces/lib:${LD_LIBRARY_PATH} PYTHONPATH=/home/lzh/VMC_Quadruped/install/interfaces/local/lib/python3.10/dist-packages:${PYTHONPATH} /usr/bin/cmake --build /home/lzh/VMC_Quadruped/build/estimation -- -j16 -l16
[0.055s] Consolidate compiler generated dependencies of target estimation_kinematics
[0.078s] [ 20%] Building CXX object CMakeFiles/estimation_kinematics.dir/src/leg_kinematics.cpp.o
[0.669s] /home/lzh/VMC_Quadruped/src/estimation/src/leg_kinematics.cpp: In member function ‘Eigen::Matrix3d estimation::LegKinematics::computeInertiaMatrix(const Vector3d&) const’:
[0.669s] /home/lzh/VMC_Quadruped/src/estimation/src/leg_kinematics.cpp:8:21: error: ‘LegConstants’ is not a namespace-name
[0.669s]     8 |     using namespace LegConstants;
[0.669s]       |                     ^~~~~~~~~~~~
[0.678s] /home/lzh/VMC_Quadruped/src/estimation/src/leg_kinematics.cpp:10:12: warning: unused variable ‘l1’ [-Wunused-variable]
[0.678s]    10 |     double l1 = LegConstants::L_THIGH;
[0.678s]       |            ^~
[0.678s] /home/lzh/VMC_Quadruped/src/estimation/src/leg_kinematics.cpp:11:12: warning: unused variable ‘l2’ [-Wunused-variable]
[0.678s]    11 |     double l2 = LegConstants::L_CALF;
[0.679s]       |            ^~
[0.679s] /home/lzh/VMC_Quadruped/src/estimation/src/leg_kinematics.cpp:18:12: warning: unused variable ‘s12’ [-Wunused-variable]
[0.679s]    18 |     double s12 = std::sin(q(1) + q(2));  // sin(thigh + calf)
[0.679s]       |            ^~~
[0.679s] /home/lzh/VMC_Quadruped/src/estimation/src/leg_kinematics.cpp: In member function ‘Eigen::Vector3d estimation::LegKinematics::computeCoriolisTerm(const Vector3d&, const Vector3d&) const’:
[0.679s] /home/lzh/VMC_Quadruped/src/estimation/src/leg_kinematics.cpp:48:21: error: ‘LegConstants’ is not a namespace-name
[0.679s]    48 |     using namespace LegConstants;
[0.679s]       |                     ^~~~~~~~~~~~
[0.679s] /home/lzh/VMC_Quadruped/src/estimation/src/leg_kinematics.cpp:55:12: warning: unused variable ‘c2’ [-Wunused-variable]
[0.679s]    55 |     double c2 = std::cos(q(1));
[0.679s]       |            ^~
[0.680s] /home/lzh/VMC_Quadruped/src/estimation/src/leg_kinematics.cpp: In member function ‘Eigen::Vector3d estimation::LegKinematics::computeGravityTerm(const Vector3d&) const’:
[0.680s] /home/lzh/VMC_Quadruped/src/estimation/src/leg_kinematics.cpp:75:21: error: ‘LegConstants’ is not a namespace-name
[0.680s]    75 |     using namespace LegConstants;
[0.680s]       |                     ^~~~~~~~~~~~
[0.760s] gmake[2]: *** [CMakeFiles/estimation_kinematics.dir/build.make:76：CMakeFiles/estimation_kinematics.dir/src/leg_kinematics.cpp.o] 错误 1
[0.760s] gmake[1]: *** [CMakeFiles/Makefile2:139：CMakeFiles/estimation_kinematics.dir/all] 错误 2
[0.760s] gmake: *** [Makefile:146：all] 错误 2
[0.762s] Invoked command in '/home/lzh/VMC_Quadruped/build/estimation' returned '2': AMENT_PREFIX_PATH=/home/lzh/VMC_Quadruped/install/interfaces:${AMENT_PREFIX_PATH} CMAKE_PREFIX_PATH=/home/lzh/VMC_Quadruped/install/interfaces:/opt/ros/humble LD_LIBRARY_PATH=/home/lzh/VMC_Quadruped/install/interfaces/lib:${LD_LIBRARY_PATH} PYTHONPATH=/home/lzh/VMC_Quadruped/install/interfaces/local/lib/python3.10/dist-packages:${PYTHONPATH} /usr/bin/cmake --build /home/lzh/VMC_Quadruped/build/estimation -- -j16 -l16
