[0.011s] Invoking command in '/home/lzh/VMC_Quadruped/build/description': CMAKE_PREFIX_PATH=${CMAKE_PREFIX_PATH}:/opt/ros/humble /usr/bin/cmake /home/lzh/VMC_Quadruped/src/description -DCMAKE_INSTALL_PREFIX=/home/lzh/VMC_Quadruped/install/description
[0.058s] -- The C compiler identification is GNU 11.4.0
[0.099s] -- The CXX compiler identification is GNU 11.4.0
[0.104s] -- Detecting C compiler ABI info
[0.163s] -- Detecting C compiler ABI info - done
[0.169s] -- Check for working C compiler: /usr/bin/cc - skipped
[0.169s] -- Detecting C compile features
[0.170s] -- Detecting C compile features - done
[0.172s] -- Detecting CXX compiler ABI info
[0.234s] -- Detecting CXX compiler ABI info - done
[0.239s] -- Check for working CXX compiler: /usr/bin/c++ - skipped
[0.240s] -- Detecting CXX compile features
[0.240s] -- Detecting CXX compile features - done
[0.241s] -- Found ament_cmake: 1.3.12 (/opt/ros/humble/share/ament_cmake/cmake)
[0.373s] -- Found Python3: /usr/bin/python3 (found version "3.10.12") found components: Interpreter 
[0.438s] -- Found ament_lint_auto: 0.12.14 (/opt/ros/humble/share/ament_lint_auto/cmake)
[0.499s] -- Added test 'lint_cmake' to check CMake code style
[0.500s] -- Added test 'xmllint' to check XML markup files
[0.500s] -- Configuring done
[0.502s] -- Generating done
[0.503s] -- Build files have been written to: /home/lzh/VMC_Quadruped/build/description
[0.506s] Invoked command in '/home/lzh/VMC_Quadruped/build/description' returned '0': CMAKE_PREFIX_PATH=${CMAKE_PREFIX_PATH}:/opt/ros/humble /usr/bin/cmake /home/lzh/VMC_Quadruped/src/description -DCMAKE_INSTALL_PREFIX=/home/lzh/VMC_Quadruped/install/description
[0.508s] Invoking command in '/home/lzh/VMC_Quadruped/build/description': CMAKE_PREFIX_PATH=${CMAKE_PREFIX_PATH}:/opt/ros/humble /usr/bin/cmake --build /home/lzh/VMC_Quadruped/build/description -- -j16 -l16
[0.539s] Invoked command in '/home/lzh/VMC_Quadruped/build/description' returned '0': CMAKE_PREFIX_PATH=${CMAKE_PREFIX_PATH}:/opt/ros/humble /usr/bin/cmake --build /home/lzh/VMC_Quadruped/build/description -- -j16 -l16
[0.548s] Invoking command in '/home/lzh/VMC_Quadruped/build/description': CMAKE_PREFIX_PATH=${CMAKE_PREFIX_PATH}:/opt/ros/humble /usr/bin/cmake --install /home/lzh/VMC_Quadruped/build/description
[0.552s] -- Install configuration: ""
[0.552s] -- Installing: /home/lzh/VMC_Quadruped/install/description/share/ament_index/resource_index/package_run_dependencies/description
[0.553s] -- Installing: /home/lzh/VMC_Quadruped/install/description/share/ament_index/resource_index/parent_prefix_path/description
[0.553s] -- Installing: /home/lzh/VMC_Quadruped/install/description/share/description/environment/ament_prefix_path.sh
[0.553s] -- Installing: /home/lzh/VMC_Quadruped/install/description/share/description/environment/ament_prefix_path.dsv
[0.553s] -- Installing: /home/lzh/VMC_Quadruped/install/description/share/description/environment/path.sh
[0.553s] -- Installing: /home/lzh/VMC_Quadruped/install/description/share/description/environment/path.dsv
[0.553s] -- Installing: /home/lzh/VMC_Quadruped/install/description/share/description/local_setup.bash
[0.553s] -- Installing: /home/lzh/VMC_Quadruped/install/description/share/description/local_setup.sh
[0.553s] -- Installing: /home/lzh/VMC_Quadruped/install/description/share/description/local_setup.zsh
[0.553s] -- Installing: /home/lzh/VMC_Quadruped/install/description/share/description/local_setup.dsv
[0.553s] -- Installing: /home/lzh/VMC_Quadruped/install/description/share/description/package.dsv
[0.553s] -- Installing: /home/lzh/VMC_Quadruped/install/description/share/ament_index/resource_index/packages/description
[0.553s] -- Installing: /home/lzh/VMC_Quadruped/install/description/share/description/cmake/descriptionConfig.cmake
[0.553s] -- Installing: /home/lzh/VMC_Quadruped/install/description/share/description/cmake/descriptionConfig-version.cmake
[0.553s] -- Installing: /home/lzh/VMC_Quadruped/install/description/share/description/package.xml
[0.556s] Invoked command in '/home/lzh/VMC_Quadruped/build/description' returned '0': CMAKE_PREFIX_PATH=${CMAKE_PREFIX_PATH}:/opt/ros/humble /usr/bin/cmake --install /home/lzh/VMC_Quadruped/build/description
