[0.065s] DEBUG:colcon:Command line arguments: ['/usr/bin/colcon', 'build']
[0.065s] DEBUG:colcon:Parsed command line arguments: Namespace(log_base=None, log_level=None, verb_name='build', build_base='build', install_base='install', merge_install=False, symlink_install=False, test_result_base=None, continue_on_error=False, executor='parallel', parallel_workers=16, event_handlers=None, ignore_user_meta=False, metas=['./colcon.meta'], base_paths=['.'], packages_ignore=None, packages_ignore_regex=None, paths=None, packages_up_to=None, packages_up_to_regex=None, packages_above=None, packages_above_and_dependencies=None, packages_above_depth=None, packages_select_by_dep=None, packages_skip_by_dep=None, packages_skip_up_to=None, packages_select_build_failed=False, packages_skip_build_finished=False, packages_select_test_failures=False, packages_skip_test_passed=False, packages_select=None, packages_skip=None, packages_select_regex=None, packages_skip_regex=None, packages_start=None, packages_end=None, allow_overriding=[], cmake_args=None, cmake_target=None, cmake_target_skip_unavailable=False, cmake_clean_cache=False, cmake_clean_first=False, cmake_force_configure=False, ament_cmake_args=None, catkin_cmake_args=None, catkin_skip_building_tests=False, verb_parser=<colcon_defaults.argument_parser.defaults.DefaultArgumentsDecorator object at 0x78ff7e060b20>, verb_extension=<colcon_core.verb.build.BuildVerb object at 0x78ff7e060610>, main=<bound method BuildVerb.main of <colcon_core.verb.build.BuildVerb object at 0x78ff7e060610>>)
[0.166s] Level 1:colcon.colcon_core.package_discovery:discover_packages(colcon_meta) check parameters
[0.166s] Level 1:colcon.colcon_core.package_discovery:discover_packages(recursive) check parameters
[0.166s] Level 1:colcon.colcon_core.package_discovery:discover_packages(ignore) check parameters
[0.166s] Level 1:colcon.colcon_core.package_discovery:discover_packages(path) check parameters
[0.166s] Level 1:colcon.colcon_core.package_discovery:discover_packages(colcon_meta) discover
[0.166s] Level 1:colcon.colcon_core.package_discovery:discover_packages(recursive) discover
[0.166s] INFO:colcon.colcon_core.package_discovery:Crawling recursively for packages in '/home/lzh/VMC_Quadruped'
[0.166s] Level 1:colcon.colcon_core.package_identification:_identify(.) by extensions ['ignore', 'ignore_ament_install']
[0.166s] Level 1:colcon.colcon_core.package_identification:_identify(.) by extension 'ignore'
[0.166s] Level 1:colcon.colcon_core.package_identification:_identify(.) by extension 'ignore_ament_install'
[0.166s] Level 1:colcon.colcon_core.package_identification:_identify(.) by extensions ['colcon_pkg']
[0.166s] Level 1:colcon.colcon_core.package_identification:_identify(.) by extension 'colcon_pkg'
[0.166s] Level 1:colcon.colcon_core.package_identification:_identify(.) by extensions ['colcon_meta']
[0.166s] Level 1:colcon.colcon_core.package_identification:_identify(.) by extension 'colcon_meta'
[0.166s] Level 1:colcon.colcon_core.package_identification:_identify(.) by extensions ['ros']
[0.166s] Level 1:colcon.colcon_core.package_identification:_identify(.) by extension 'ros'
[0.173s] Level 1:colcon.colcon_core.package_identification:_identify(.) by extensions ['cmake', 'python']
[0.173s] Level 1:colcon.colcon_core.package_identification:_identify(.) by extension 'cmake'
[0.173s] Level 1:colcon.colcon_core.package_identification:_identify(.) by extension 'python'
[0.173s] Level 1:colcon.colcon_core.package_identification:_identify(.) by extensions ['python_setup_py']
[0.173s] Level 1:colcon.colcon_core.package_identification:_identify(.) by extension 'python_setup_py'
[0.174s] Level 1:colcon.colcon_core.package_identification:_identify(build) by extensions ['ignore', 'ignore_ament_install']
[0.174s] Level 1:colcon.colcon_core.package_identification:_identify(build) by extension 'ignore'
[0.174s] Level 1:colcon.colcon_core.package_identification:_identify(build) ignored
[0.174s] Level 1:colcon.colcon_core.package_identification:_identify(install) by extensions ['ignore', 'ignore_ament_install']
[0.174s] Level 1:colcon.colcon_core.package_identification:_identify(install) by extension 'ignore'
[0.174s] Level 1:colcon.colcon_core.package_identification:_identify(install) ignored
[0.174s] Level 1:colcon.colcon_core.package_identification:_identify(log) by extensions ['ignore', 'ignore_ament_install']
[0.174s] Level 1:colcon.colcon_core.package_identification:_identify(log) by extension 'ignore'
[0.174s] Level 1:colcon.colcon_core.package_identification:_identify(log) ignored
[0.174s] Level 1:colcon.colcon_core.package_identification:_identify(src) by extensions ['ignore', 'ignore_ament_install']
[0.174s] Level 1:colcon.colcon_core.package_identification:_identify(src) by extension 'ignore'
[0.174s] Level 1:colcon.colcon_core.package_identification:_identify(src) by extension 'ignore_ament_install'
[0.174s] Level 1:colcon.colcon_core.package_identification:_identify(src) by extensions ['colcon_pkg']
[0.174s] Level 1:colcon.colcon_core.package_identification:_identify(src) by extension 'colcon_pkg'
[0.174s] Level 1:colcon.colcon_core.package_identification:_identify(src) by extensions ['colcon_meta']
[0.174s] Level 1:colcon.colcon_core.package_identification:_identify(src) by extension 'colcon_meta'
[0.174s] Level 1:colcon.colcon_core.package_identification:_identify(src) by extensions ['ros']
[0.174s] Level 1:colcon.colcon_core.package_identification:_identify(src) by extension 'ros'
[0.174s] Level 1:colcon.colcon_core.package_identification:_identify(src) by extensions ['cmake', 'python']
[0.174s] Level 1:colcon.colcon_core.package_identification:_identify(src) by extension 'cmake'
[0.174s] Level 1:colcon.colcon_core.package_identification:_identify(src) by extension 'python'
[0.174s] Level 1:colcon.colcon_core.package_identification:_identify(src) by extensions ['python_setup_py']
[0.174s] Level 1:colcon.colcon_core.package_identification:_identify(src) by extension 'python_setup_py'
[0.174s] Level 1:colcon.colcon_core.package_identification:_identify(src/description) by extensions ['ignore', 'ignore_ament_install']
[0.174s] Level 1:colcon.colcon_core.package_identification:_identify(src/description) by extension 'ignore'
[0.174s] Level 1:colcon.colcon_core.package_identification:_identify(src/description) by extension 'ignore_ament_install'
[0.174s] Level 1:colcon.colcon_core.package_identification:_identify(src/description) by extensions ['colcon_pkg']
[0.174s] Level 1:colcon.colcon_core.package_identification:_identify(src/description) by extension 'colcon_pkg'
[0.174s] Level 1:colcon.colcon_core.package_identification:_identify(src/description) by extensions ['colcon_meta']
[0.174s] Level 1:colcon.colcon_core.package_identification:_identify(src/description) by extension 'colcon_meta'
[0.174s] Level 1:colcon.colcon_core.package_identification:_identify(src/description) by extensions ['ros']
[0.174s] Level 1:colcon.colcon_core.package_identification:_identify(src/description) by extension 'ros'
[0.176s] DEBUG:colcon.colcon_core.package_identification:Package 'src/description' with type 'ros.ament_cmake' and name 'description'
[0.176s] Level 1:colcon.colcon_core.package_identification:_identify(src/estimation) by extensions ['ignore', 'ignore_ament_install']
[0.176s] Level 1:colcon.colcon_core.package_identification:_identify(src/estimation) by extension 'ignore'
[0.176s] Level 1:colcon.colcon_core.package_identification:_identify(src/estimation) by extension 'ignore_ament_install'
[0.176s] Level 1:colcon.colcon_core.package_identification:_identify(src/estimation) by extensions ['colcon_pkg']
[0.176s] Level 1:colcon.colcon_core.package_identification:_identify(src/estimation) by extension 'colcon_pkg'
[0.176s] Level 1:colcon.colcon_core.package_identification:_identify(src/estimation) by extensions ['colcon_meta']
[0.176s] Level 1:colcon.colcon_core.package_identification:_identify(src/estimation) by extension 'colcon_meta'
[0.176s] Level 1:colcon.colcon_core.package_identification:_identify(src/estimation) by extensions ['ros']
[0.176s] Level 1:colcon.colcon_core.package_identification:_identify(src/estimation) by extension 'ros'
[0.177s] DEBUG:colcon.colcon_core.package_identification:Package 'src/estimation' with type 'ros.ament_cmake' and name 'estimation'
[0.177s] Level 1:colcon.colcon_core.package_identification:_identify(src/interfaces) by extensions ['ignore', 'ignore_ament_install']
[0.177s] Level 1:colcon.colcon_core.package_identification:_identify(src/interfaces) by extension 'ignore'
[0.177s] Level 1:colcon.colcon_core.package_identification:_identify(src/interfaces) by extension 'ignore_ament_install'
[0.177s] Level 1:colcon.colcon_core.package_identification:_identify(src/interfaces) by extensions ['colcon_pkg']
[0.177s] Level 1:colcon.colcon_core.package_identification:_identify(src/interfaces) by extension 'colcon_pkg'
[0.177s] Level 1:colcon.colcon_core.package_identification:_identify(src/interfaces) by extensions ['colcon_meta']
[0.177s] Level 1:colcon.colcon_core.package_identification:_identify(src/interfaces) by extension 'colcon_meta'
[0.177s] Level 1:colcon.colcon_core.package_identification:_identify(src/interfaces) by extensions ['ros']
[0.177s] Level 1:colcon.colcon_core.package_identification:_identify(src/interfaces) by extension 'ros'
[0.177s] DEBUG:colcon.colcon_core.package_identification:Package 'src/interfaces' with type 'ros.ament_cmake' and name 'interfaces'
[0.177s] Level 1:colcon.colcon_core.package_identification:_identify(src/main_control) by extensions ['ignore', 'ignore_ament_install']
[0.177s] Level 1:colcon.colcon_core.package_identification:_identify(src/main_control) by extension 'ignore'
[0.177s] Level 1:colcon.colcon_core.package_identification:_identify(src/main_control) by extension 'ignore_ament_install'
[0.177s] Level 1:colcon.colcon_core.package_identification:_identify(src/main_control) by extensions ['colcon_pkg']
[0.177s] Level 1:colcon.colcon_core.package_identification:_identify(src/main_control) by extension 'colcon_pkg'
[0.177s] Level 1:colcon.colcon_core.package_identification:_identify(src/main_control) by extensions ['colcon_meta']
[0.177s] Level 1:colcon.colcon_core.package_identification:_identify(src/main_control) by extension 'colcon_meta'
[0.178s] Level 1:colcon.colcon_core.package_identification:_identify(src/main_control) by extensions ['ros']
[0.178s] Level 1:colcon.colcon_core.package_identification:_identify(src/main_control) by extension 'ros'
[0.178s] DEBUG:colcon.colcon_core.package_identification:Package 'src/main_control' with type 'ros.ament_cmake' and name 'main_control'
[0.178s] Level 1:colcon.colcon_core.package_identification:_identify(src/robstride_ros_sample) by extensions ['ignore', 'ignore_ament_install']
[0.178s] Level 1:colcon.colcon_core.package_identification:_identify(src/robstride_ros_sample) by extension 'ignore'
[0.178s] Level 1:colcon.colcon_core.package_identification:_identify(src/robstride_ros_sample) by extension 'ignore_ament_install'
[0.178s] Level 1:colcon.colcon_core.package_identification:_identify(src/robstride_ros_sample) by extensions ['colcon_pkg']
[0.178s] Level 1:colcon.colcon_core.package_identification:_identify(src/robstride_ros_sample) by extension 'colcon_pkg'
[0.178s] Level 1:colcon.colcon_core.package_identification:_identify(src/robstride_ros_sample) by extensions ['colcon_meta']
[0.178s] Level 1:colcon.colcon_core.package_identification:_identify(src/robstride_ros_sample) by extension 'colcon_meta'
[0.178s] Level 1:colcon.colcon_core.package_identification:_identify(src/robstride_ros_sample) by extensions ['ros']
[0.178s] Level 1:colcon.colcon_core.package_identification:_identify(src/robstride_ros_sample) by extension 'ros'
[0.179s] DEBUG:colcon.colcon_core.package_identification:Package 'src/robstride_ros_sample' with type 'ros.ament_cmake' and name 'rs_motor_ros2'
[0.179s] Level 1:colcon.colcon_core.package_discovery:discover_packages(recursive) using defaults
[0.179s] Level 1:colcon.colcon_core.package_discovery:discover_packages(ignore) discover
[0.179s] Level 1:colcon.colcon_core.package_discovery:discover_packages(ignore) using defaults
[0.179s] Level 1:colcon.colcon_core.package_discovery:discover_packages(path) discover
[0.179s] Level 1:colcon.colcon_core.package_discovery:discover_packages(path) using defaults
[0.197s] Level 1:colcon.colcon_core.package_discovery:discover_packages(prefix_path) check parameters
[0.197s] Level 1:colcon.colcon_core.package_discovery:discover_packages(prefix_path) discover
[0.198s] WARNING:colcon.colcon_ros.prefix_path.ament:The path '/home/lzh/VMC_Quadruped/install/rs_motor_ros2' in the environment variable AMENT_PREFIX_PATH doesn't exist
[0.198s] WARNING:colcon.colcon_ros.prefix_path.ament:The path '/home/lzh/VMC_Quadruped/install/main_control' in the environment variable AMENT_PREFIX_PATH doesn't exist
[0.198s] WARNING:colcon.colcon_ros.prefix_path.ament:The path '/home/lzh/VMC_Quadruped/install/interfaces' in the environment variable AMENT_PREFIX_PATH doesn't exist
[0.198s] WARNING:colcon.colcon_ros.prefix_path.ament:The path '/home/lzh/VMC_Quadruped/install/estimation' in the environment variable AMENT_PREFIX_PATH doesn't exist
[0.198s] WARNING:colcon.colcon_ros.prefix_path.ament:The path '/home/lzh/VMC_Quadruped/install/description' in the environment variable AMENT_PREFIX_PATH doesn't exist
[0.198s] WARNING:colcon.colcon_ros.prefix_path.catkin:The path '/home/lzh/VMC_Quadruped/install/rs_motor_ros2' in the environment variable CMAKE_PREFIX_PATH doesn't exist
[0.198s] WARNING:colcon.colcon_ros.prefix_path.catkin:The path '/home/lzh/VMC_Quadruped/install/main_control' in the environment variable CMAKE_PREFIX_PATH doesn't exist
[0.198s] WARNING:colcon.colcon_ros.prefix_path.catkin:The path '/home/lzh/VMC_Quadruped/install/interfaces' in the environment variable CMAKE_PREFIX_PATH doesn't exist
[0.198s] WARNING:colcon.colcon_ros.prefix_path.catkin:The path '/home/lzh/VMC_Quadruped/install/estimation' in the environment variable CMAKE_PREFIX_PATH doesn't exist
[0.198s] WARNING:colcon.colcon_ros.prefix_path.catkin:The path '/home/lzh/VMC_Quadruped/install/description' in the environment variable CMAKE_PREFIX_PATH doesn't exist
[0.198s] DEBUG:colcon.colcon_installed_package_information.package_discovery:Found 0 installed packages in /home/lzh/VMC_Quadruped/install
[0.198s] DEBUG:colcon.colcon_installed_package_information.package_discovery:Found 1 installed packages in /home/lzh/VMC_Quadruped/src/robstride_ros_sample/install
[0.199s] DEBUG:colcon.colcon_installed_package_information.package_discovery:Found 339 installed packages in /opt/ros/humble
[0.200s] Level 1:colcon.colcon_core.package_discovery:discover_packages(prefix_path) using defaults
[0.224s] Level 5:colcon.colcon_core.verb:set package 'description' build argument 'cmake_args' from command line to 'None'
[0.224s] Level 5:colcon.colcon_core.verb:set package 'description' build argument 'cmake_target' from command line to 'None'
[0.224s] Level 5:colcon.colcon_core.verb:set package 'description' build argument 'cmake_target_skip_unavailable' from command line to 'False'
[0.224s] Level 5:colcon.colcon_core.verb:set package 'description' build argument 'cmake_clean_cache' from command line to 'False'
[0.224s] Level 5:colcon.colcon_core.verb:set package 'description' build argument 'cmake_clean_first' from command line to 'False'
[0.224s] Level 5:colcon.colcon_core.verb:set package 'description' build argument 'cmake_force_configure' from command line to 'False'
[0.224s] Level 5:colcon.colcon_core.verb:set package 'description' build argument 'ament_cmake_args' from command line to 'None'
[0.224s] Level 5:colcon.colcon_core.verb:set package 'description' build argument 'catkin_cmake_args' from command line to 'None'
[0.224s] Level 5:colcon.colcon_core.verb:set package 'description' build argument 'catkin_skip_building_tests' from command line to 'False'
[0.224s] DEBUG:colcon.colcon_core.verb:Building package 'description' with the following arguments: {'ament_cmake_args': None, 'build_base': '/home/lzh/VMC_Quadruped/build/description', 'catkin_cmake_args': None, 'catkin_skip_building_tests': False, 'cmake_args': None, 'cmake_clean_cache': False, 'cmake_clean_first': False, 'cmake_force_configure': False, 'cmake_target': None, 'cmake_target_skip_unavailable': False, 'install_base': '/home/lzh/VMC_Quadruped/install/description', 'merge_install': False, 'path': '/home/lzh/VMC_Quadruped/src/description', 'symlink_install': False, 'test_result_base': None}
[0.225s] Level 5:colcon.colcon_core.verb:set package 'estimation' build argument 'cmake_args' from command line to 'None'
[0.225s] Level 5:colcon.colcon_core.verb:set package 'estimation' build argument 'cmake_target' from command line to 'None'
[0.225s] Level 5:colcon.colcon_core.verb:set package 'estimation' build argument 'cmake_target_skip_unavailable' from command line to 'False'
[0.225s] Level 5:colcon.colcon_core.verb:set package 'estimation' build argument 'cmake_clean_cache' from command line to 'False'
[0.225s] Level 5:colcon.colcon_core.verb:set package 'estimation' build argument 'cmake_clean_first' from command line to 'False'
[0.225s] Level 5:colcon.colcon_core.verb:set package 'estimation' build argument 'cmake_force_configure' from command line to 'False'
[0.225s] Level 5:colcon.colcon_core.verb:set package 'estimation' build argument 'ament_cmake_args' from command line to 'None'
[0.225s] Level 5:colcon.colcon_core.verb:set package 'estimation' build argument 'catkin_cmake_args' from command line to 'None'
[0.225s] Level 5:colcon.colcon_core.verb:set package 'estimation' build argument 'catkin_skip_building_tests' from command line to 'False'
[0.225s] DEBUG:colcon.colcon_core.verb:Building package 'estimation' with the following arguments: {'ament_cmake_args': None, 'build_base': '/home/lzh/VMC_Quadruped/build/estimation', 'catkin_cmake_args': None, 'catkin_skip_building_tests': False, 'cmake_args': None, 'cmake_clean_cache': False, 'cmake_clean_first': False, 'cmake_force_configure': False, 'cmake_target': None, 'cmake_target_skip_unavailable': False, 'install_base': '/home/lzh/VMC_Quadruped/install/estimation', 'merge_install': False, 'path': '/home/lzh/VMC_Quadruped/src/estimation', 'symlink_install': False, 'test_result_base': None}
[0.225s] Level 5:colcon.colcon_core.verb:set package 'interfaces' build argument 'cmake_args' from command line to 'None'
[0.225s] Level 5:colcon.colcon_core.verb:set package 'interfaces' build argument 'cmake_target' from command line to 'None'
[0.225s] Level 5:colcon.colcon_core.verb:set package 'interfaces' build argument 'cmake_target_skip_unavailable' from command line to 'False'
[0.225s] Level 5:colcon.colcon_core.verb:set package 'interfaces' build argument 'cmake_clean_cache' from command line to 'False'
[0.225s] Level 5:colcon.colcon_core.verb:set package 'interfaces' build argument 'cmake_clean_first' from command line to 'False'
[0.225s] Level 5:colcon.colcon_core.verb:set package 'interfaces' build argument 'cmake_force_configure' from command line to 'False'
[0.225s] Level 5:colcon.colcon_core.verb:set package 'interfaces' build argument 'ament_cmake_args' from command line to 'None'
[0.225s] Level 5:colcon.colcon_core.verb:set package 'interfaces' build argument 'catkin_cmake_args' from command line to 'None'
[0.225s] Level 5:colcon.colcon_core.verb:set package 'interfaces' build argument 'catkin_skip_building_tests' from command line to 'False'
[0.225s] DEBUG:colcon.colcon_core.verb:Building package 'interfaces' with the following arguments: {'ament_cmake_args': None, 'build_base': '/home/lzh/VMC_Quadruped/build/interfaces', 'catkin_cmake_args': None, 'catkin_skip_building_tests': False, 'cmake_args': None, 'cmake_clean_cache': False, 'cmake_clean_first': False, 'cmake_force_configure': False, 'cmake_target': None, 'cmake_target_skip_unavailable': False, 'install_base': '/home/lzh/VMC_Quadruped/install/interfaces', 'merge_install': False, 'path': '/home/lzh/VMC_Quadruped/src/interfaces', 'symlink_install': False, 'test_result_base': None}
[0.225s] Level 5:colcon.colcon_core.verb:set package 'main_control' build argument 'cmake_args' from command line to 'None'
[0.225s] Level 5:colcon.colcon_core.verb:set package 'main_control' build argument 'cmake_target' from command line to 'None'
[0.225s] Level 5:colcon.colcon_core.verb:set package 'main_control' build argument 'cmake_target_skip_unavailable' from command line to 'False'
[0.225s] Level 5:colcon.colcon_core.verb:set package 'main_control' build argument 'cmake_clean_cache' from command line to 'False'
[0.225s] Level 5:colcon.colcon_core.verb:set package 'main_control' build argument 'cmake_clean_first' from command line to 'False'
[0.225s] Level 5:colcon.colcon_core.verb:set package 'main_control' build argument 'cmake_force_configure' from command line to 'False'
[0.225s] Level 5:colcon.colcon_core.verb:set package 'main_control' build argument 'ament_cmake_args' from command line to 'None'
[0.225s] Level 5:colcon.colcon_core.verb:set package 'main_control' build argument 'catkin_cmake_args' from command line to 'None'
[0.225s] Level 5:colcon.colcon_core.verb:set package 'main_control' build argument 'catkin_skip_building_tests' from command line to 'False'
[0.225s] DEBUG:colcon.colcon_core.verb:Building package 'main_control' with the following arguments: {'ament_cmake_args': None, 'build_base': '/home/lzh/VMC_Quadruped/build/main_control', 'catkin_cmake_args': None, 'catkin_skip_building_tests': False, 'cmake_args': None, 'cmake_clean_cache': False, 'cmake_clean_first': False, 'cmake_force_configure': False, 'cmake_target': None, 'cmake_target_skip_unavailable': False, 'install_base': '/home/lzh/VMC_Quadruped/install/main_control', 'merge_install': False, 'path': '/home/lzh/VMC_Quadruped/src/main_control', 'symlink_install': False, 'test_result_base': None}
[0.226s] Level 5:colcon.colcon_core.verb:set package 'rs_motor_ros2' build argument 'cmake_args' from command line to 'None'
[0.226s] Level 5:colcon.colcon_core.verb:set package 'rs_motor_ros2' build argument 'cmake_target' from command line to 'None'
[0.226s] Level 5:colcon.colcon_core.verb:set package 'rs_motor_ros2' build argument 'cmake_target_skip_unavailable' from command line to 'False'
[0.226s] Level 5:colcon.colcon_core.verb:set package 'rs_motor_ros2' build argument 'cmake_clean_cache' from command line to 'False'
[0.226s] Level 5:colcon.colcon_core.verb:set package 'rs_motor_ros2' build argument 'cmake_clean_first' from command line to 'False'
[0.226s] Level 5:colcon.colcon_core.verb:set package 'rs_motor_ros2' build argument 'cmake_force_configure' from command line to 'False'
[0.226s] Level 5:colcon.colcon_core.verb:set package 'rs_motor_ros2' build argument 'ament_cmake_args' from command line to 'None'
[0.226s] Level 5:colcon.colcon_core.verb:set package 'rs_motor_ros2' build argument 'catkin_cmake_args' from command line to 'None'
[0.226s] Level 5:colcon.colcon_core.verb:set package 'rs_motor_ros2' build argument 'catkin_skip_building_tests' from command line to 'False'
[0.226s] DEBUG:colcon.colcon_core.verb:Building package 'rs_motor_ros2' with the following arguments: {'ament_cmake_args': None, 'build_base': '/home/lzh/VMC_Quadruped/build/rs_motor_ros2', 'catkin_cmake_args': None, 'catkin_skip_building_tests': False, 'cmake_args': None, 'cmake_clean_cache': False, 'cmake_clean_first': False, 'cmake_force_configure': False, 'cmake_target': None, 'cmake_target_skip_unavailable': False, 'install_base': '/home/lzh/VMC_Quadruped/install/rs_motor_ros2', 'merge_install': False, 'path': '/home/lzh/VMC_Quadruped/src/robstride_ros_sample', 'symlink_install': False, 'test_result_base': None}
[0.226s] INFO:colcon.colcon_core.executor:Executing jobs using 'parallel' executor
[0.227s] DEBUG:colcon.colcon_parallel_executor.executor.parallel:run_until_complete
[0.227s] INFO:colcon.colcon_ros.task.ament_cmake.build:Building ROS package in '/home/lzh/VMC_Quadruped/src/interfaces' with build type 'ament_cmake'
[0.227s] INFO:colcon.colcon_cmake.task.cmake.build:Building CMake package in '/home/lzh/VMC_Quadruped/src/interfaces'
[0.228s] INFO:colcon.colcon_core.plugin_system:Skipping extension 'colcon_core.shell.bat': Not used on non-Windows systems
[0.228s] INFO:colcon.colcon_core.shell:Skip shell extension 'powershell' for command environment: Not usable outside of PowerShell
[0.228s] DEBUG:colcon.colcon_core.shell:Skip shell extension 'dsv' for command environment
[0.231s] INFO:colcon.colcon_ros.task.ament_cmake.build:Building ROS package in '/home/lzh/VMC_Quadruped/src/description' with build type 'ament_cmake'
[0.231s] INFO:colcon.colcon_cmake.task.cmake.build:Building CMake package in '/home/lzh/VMC_Quadruped/src/description'
[0.231s] INFO:colcon.colcon_core.shell:Skip shell extension 'powershell' for command environment: Not usable outside of PowerShell
[0.231s] DEBUG:colcon.colcon_core.shell:Skip shell extension 'dsv' for command environment
[0.233s] INFO:colcon.colcon_ros.task.ament_cmake.build:Building ROS package in '/home/lzh/VMC_Quadruped/src/estimation' with build type 'ament_cmake'
[0.233s] INFO:colcon.colcon_cmake.task.cmake.build:Building CMake package in '/home/lzh/VMC_Quadruped/src/estimation'
[0.233s] INFO:colcon.colcon_core.shell:Skip shell extension 'powershell' for command environment: Not usable outside of PowerShell
[0.233s] DEBUG:colcon.colcon_core.shell:Skip shell extension 'dsv' for command environment
[0.235s] INFO:colcon.colcon_ros.task.ament_cmake.build:Building ROS package in '/home/lzh/VMC_Quadruped/src/main_control' with build type 'ament_cmake'
[0.235s] INFO:colcon.colcon_cmake.task.cmake.build:Building CMake package in '/home/lzh/VMC_Quadruped/src/main_control'
[0.235s] INFO:colcon.colcon_core.shell:Skip shell extension 'powershell' for command environment: Not usable outside of PowerShell
[0.235s] DEBUG:colcon.colcon_core.shell:Skip shell extension 'dsv' for command environment
[0.240s] DEBUG:colcon.colcon_core.event_handler.log_command:Invoking command in '/home/lzh/VMC_Quadruped/build/interfaces': CMAKE_PREFIX_PATH=${CMAKE_PREFIX_PATH}:/opt/ros/humble /usr/bin/cmake /home/lzh/VMC_Quadruped/src/interfaces -DCMAKE_INSTALL_PREFIX=/home/lzh/VMC_Quadruped/install/interfaces
[0.241s] DEBUG:colcon.colcon_core.event_handler.log_command:Invoking command in '/home/lzh/VMC_Quadruped/build/description': CMAKE_PREFIX_PATH=${CMAKE_PREFIX_PATH}:/opt/ros/humble /usr/bin/cmake /home/lzh/VMC_Quadruped/src/description -DCMAKE_INSTALL_PREFIX=/home/lzh/VMC_Quadruped/install/description
[0.243s] DEBUG:colcon.colcon_core.event_handler.log_command:Invoking command in '/home/lzh/VMC_Quadruped/build/estimation': CMAKE_PREFIX_PATH=${CMAKE_PREFIX_PATH}:/opt/ros/humble /usr/bin/cmake /home/lzh/VMC_Quadruped/src/estimation -DCMAKE_INSTALL_PREFIX=/home/lzh/VMC_Quadruped/install/estimation
[0.246s] DEBUG:colcon.colcon_core.event_handler.log_command:Invoking command in '/home/lzh/VMC_Quadruped/build/main_control': CMAKE_PREFIX_PATH=${CMAKE_PREFIX_PATH}:/opt/ros/humble /usr/bin/cmake /home/lzh/VMC_Quadruped/src/main_control -DCMAKE_INSTALL_PREFIX=/home/lzh/VMC_Quadruped/install/main_control
[0.764s] DEBUG:colcon.colcon_core.event_handler.log_command:Invoked command in '/home/lzh/VMC_Quadruped/build/estimation' returned '0': CMAKE_PREFIX_PATH=${CMAKE_PREFIX_PATH}:/opt/ros/humble /usr/bin/cmake /home/lzh/VMC_Quadruped/src/estimation -DCMAKE_INSTALL_PREFIX=/home/lzh/VMC_Quadruped/install/estimation
[0.766s] DEBUG:colcon.colcon_core.event_handler.log_command:Invoking command in '/home/lzh/VMC_Quadruped/build/estimation': CMAKE_PREFIX_PATH=${CMAKE_PREFIX_PATH}:/opt/ros/humble /usr/bin/cmake --build /home/lzh/VMC_Quadruped/build/estimation -- -j16 -l16
[0.795s] DEBUG:colcon.colcon_core.event_handler.log_command:Invoked command in '/home/lzh/VMC_Quadruped/build/description' returned '0': CMAKE_PREFIX_PATH=${CMAKE_PREFIX_PATH}:/opt/ros/humble /usr/bin/cmake /home/lzh/VMC_Quadruped/src/description -DCMAKE_INSTALL_PREFIX=/home/lzh/VMC_Quadruped/install/description
[0.795s] DEBUG:colcon.colcon_core.event_handler.log_command:Invoking command in '/home/lzh/VMC_Quadruped/build/description': CMAKE_PREFIX_PATH=${CMAKE_PREFIX_PATH}:/opt/ros/humble /usr/bin/cmake --build /home/lzh/VMC_Quadruped/build/description -- -j16 -l16
[0.798s] DEBUG:colcon.colcon_core.event_handler.log_command:Invoked command in '/home/lzh/VMC_Quadruped/build/main_control' returned '0': CMAKE_PREFIX_PATH=${CMAKE_PREFIX_PATH}:/opt/ros/humble /usr/bin/cmake /home/lzh/VMC_Quadruped/src/main_control -DCMAKE_INSTALL_PREFIX=/home/lzh/VMC_Quadruped/install/main_control
[0.798s] DEBUG:colcon.colcon_core.event_handler.log_command:Invoking command in '/home/lzh/VMC_Quadruped/build/main_control': CMAKE_PREFIX_PATH=${CMAKE_PREFIX_PATH}:/opt/ros/humble /usr/bin/cmake --build /home/lzh/VMC_Quadruped/build/main_control -- -j16 -l16
[0.801s] DEBUG:colcon.colcon_core.event_handler.log_command:Invoked command in '/home/lzh/VMC_Quadruped/build/estimation' returned '0': CMAKE_PREFIX_PATH=${CMAKE_PREFIX_PATH}:/opt/ros/humble /usr/bin/cmake --build /home/lzh/VMC_Quadruped/build/estimation -- -j16 -l16
[0.812s] DEBUG:colcon.colcon_core.event_handler.log_command:Invoking command in '/home/lzh/VMC_Quadruped/build/estimation': CMAKE_PREFIX_PATH=${CMAKE_PREFIX_PATH}:/opt/ros/humble /usr/bin/cmake --install /home/lzh/VMC_Quadruped/build/estimation
[0.820s] Level 1:colcon.colcon_core.environment:create_environment_scripts_only(estimation)
[0.821s] DEBUG:colcon.colcon_core.event_handler.log_command:Invoked command in '/home/lzh/VMC_Quadruped/build/estimation' returned '0': CMAKE_PREFIX_PATH=${CMAKE_PREFIX_PATH}:/opt/ros/humble /usr/bin/cmake --install /home/lzh/VMC_Quadruped/build/estimation
[0.823s] Level 1:colcon.colcon_core.environment:checking '/home/lzh/VMC_Quadruped/install/estimation' for CMake module files
[0.823s] Level 1:colcon.colcon_core.environment:checking '/home/lzh/VMC_Quadruped/install/estimation' for CMake config files
[0.823s] Level 1:colcon.colcon_core.shell:create_environment_hook('estimation', 'cmake_prefix_path')
[0.823s] INFO:colcon.colcon_core.shell:Creating environment hook '/home/lzh/VMC_Quadruped/install/estimation/share/estimation/hook/cmake_prefix_path.ps1'
[0.824s] INFO:colcon.colcon_core.shell:Creating environment descriptor '/home/lzh/VMC_Quadruped/install/estimation/share/estimation/hook/cmake_prefix_path.dsv'
[0.824s] INFO:colcon.colcon_core.shell:Creating environment hook '/home/lzh/VMC_Quadruped/install/estimation/share/estimation/hook/cmake_prefix_path.sh'
[0.825s] Level 1:colcon.colcon_core.environment:checking '/home/lzh/VMC_Quadruped/install/estimation/bin'
[0.825s] Level 1:colcon.colcon_core.environment:checking '/home/lzh/VMC_Quadruped/install/estimation/lib/pkgconfig/estimation.pc'
[0.825s] Level 1:colcon.colcon_core.environment:checking '/home/lzh/VMC_Quadruped/install/estimation/lib/python3.10/site-packages'
[0.825s] Level 1:colcon.colcon_core.environment:checking '/home/lzh/VMC_Quadruped/install/estimation/bin'
[0.825s] INFO:colcon.colcon_core.shell:Creating package script '/home/lzh/VMC_Quadruped/install/estimation/share/estimation/package.ps1'
[0.826s] INFO:colcon.colcon_core.shell:Creating package descriptor '/home/lzh/VMC_Quadruped/install/estimation/share/estimation/package.dsv'
[0.826s] INFO:colcon.colcon_core.shell:Creating package script '/home/lzh/VMC_Quadruped/install/estimation/share/estimation/package.sh'
[0.826s] INFO:colcon.colcon_core.shell:Creating package script '/home/lzh/VMC_Quadruped/install/estimation/share/estimation/package.bash'
[0.827s] INFO:colcon.colcon_core.shell:Creating package script '/home/lzh/VMC_Quadruped/install/estimation/share/estimation/package.zsh'
[0.827s] Level 1:colcon.colcon_core.environment:create_file_with_runtime_dependencies(/home/lzh/VMC_Quadruped/install/estimation/share/colcon-core/packages/estimation)
[0.828s] Level 1:colcon.colcon_core.environment:create_environment_scripts_only(estimation)
[0.828s] Level 1:colcon.colcon_core.environment:checking '/home/lzh/VMC_Quadruped/install/estimation' for CMake module files
[0.828s] Level 1:colcon.colcon_core.environment:checking '/home/lzh/VMC_Quadruped/install/estimation' for CMake config files
[0.828s] Level 1:colcon.colcon_core.shell:create_environment_hook('estimation', 'cmake_prefix_path')
[0.828s] INFO:colcon.colcon_core.shell:Creating environment hook '/home/lzh/VMC_Quadruped/install/estimation/share/estimation/hook/cmake_prefix_path.ps1'
[0.829s] INFO:colcon.colcon_core.shell:Creating environment descriptor '/home/lzh/VMC_Quadruped/install/estimation/share/estimation/hook/cmake_prefix_path.dsv'
[0.829s] INFO:colcon.colcon_core.shell:Creating environment hook '/home/lzh/VMC_Quadruped/install/estimation/share/estimation/hook/cmake_prefix_path.sh'
[0.829s] Level 1:colcon.colcon_core.environment:checking '/home/lzh/VMC_Quadruped/install/estimation/bin'
[0.829s] Level 1:colcon.colcon_core.environment:checking '/home/lzh/VMC_Quadruped/install/estimation/lib/pkgconfig/estimation.pc'
[0.829s] Level 1:colcon.colcon_core.environment:checking '/home/lzh/VMC_Quadruped/install/estimation/lib/python3.10/site-packages'
[0.829s] Level 1:colcon.colcon_core.environment:checking '/home/lzh/VMC_Quadruped/install/estimation/bin'
[0.829s] INFO:colcon.colcon_core.shell:Creating package script '/home/lzh/VMC_Quadruped/install/estimation/share/estimation/package.ps1'
[0.830s] INFO:colcon.colcon_core.shell:Creating package descriptor '/home/lzh/VMC_Quadruped/install/estimation/share/estimation/package.dsv'
[0.830s] INFO:colcon.colcon_core.shell:Creating package script '/home/lzh/VMC_Quadruped/install/estimation/share/estimation/package.sh'
[0.830s] INFO:colcon.colcon_core.shell:Creating package script '/home/lzh/VMC_Quadruped/install/estimation/share/estimation/package.bash'
[0.830s] INFO:colcon.colcon_core.shell:Creating package script '/home/lzh/VMC_Quadruped/install/estimation/share/estimation/package.zsh'
[0.831s] Level 1:colcon.colcon_core.environment:create_file_with_runtime_dependencies(/home/lzh/VMC_Quadruped/install/estimation/share/colcon-core/packages/estimation)
[0.832s] DEBUG:colcon.colcon_core.event_handler.log_command:Invoked command in '/home/lzh/VMC_Quadruped/build/description' returned '0': CMAKE_PREFIX_PATH=${CMAKE_PREFIX_PATH}:/opt/ros/humble /usr/bin/cmake --build /home/lzh/VMC_Quadruped/build/description -- -j16 -l16
[0.833s] DEBUG:colcon.colcon_core.event_handler.log_command:Invoking command in '/home/lzh/VMC_Quadruped/build/description': CMAKE_PREFIX_PATH=${CMAKE_PREFIX_PATH}:/opt/ros/humble /usr/bin/cmake --install /home/lzh/VMC_Quadruped/build/description
[0.835s] DEBUG:colcon.colcon_core.event_handler.log_command:Invoked command in '/home/lzh/VMC_Quadruped/build/main_control' returned '0': CMAKE_PREFIX_PATH=${CMAKE_PREFIX_PATH}:/opt/ros/humble /usr/bin/cmake --build /home/lzh/VMC_Quadruped/build/main_control -- -j16 -l16
[0.836s] DEBUG:colcon.colcon_core.event_handler.log_command:Invoking command in '/home/lzh/VMC_Quadruped/build/main_control': CMAKE_PREFIX_PATH=${CMAKE_PREFIX_PATH}:/opt/ros/humble /usr/bin/cmake --install /home/lzh/VMC_Quadruped/build/main_control
[0.843s] Level 1:colcon.colcon_core.environment:create_environment_scripts_only(description)
[0.843s] Level 1:colcon.colcon_core.environment:checking '/home/lzh/VMC_Quadruped/install/description' for CMake module files
[0.845s] DEBUG:colcon.colcon_core.event_handler.log_command:Invoked command in '/home/lzh/VMC_Quadruped/build/description' returned '0': CMAKE_PREFIX_PATH=${CMAKE_PREFIX_PATH}:/opt/ros/humble /usr/bin/cmake --install /home/lzh/VMC_Quadruped/build/description
[0.845s] Level 1:colcon.colcon_core.environment:checking '/home/lzh/VMC_Quadruped/install/description' for CMake config files
[0.846s] Level 1:colcon.colcon_core.shell:create_environment_hook('description', 'cmake_prefix_path')
[0.846s] INFO:colcon.colcon_core.shell:Creating environment hook '/home/lzh/VMC_Quadruped/install/description/share/description/hook/cmake_prefix_path.ps1'
[0.847s] INFO:colcon.colcon_core.shell:Creating environment descriptor '/home/lzh/VMC_Quadruped/install/description/share/description/hook/cmake_prefix_path.dsv'
[0.847s] INFO:colcon.colcon_core.shell:Creating environment hook '/home/lzh/VMC_Quadruped/install/description/share/description/hook/cmake_prefix_path.sh'
[0.848s] Level 1:colcon.colcon_core.environment:checking '/home/lzh/VMC_Quadruped/install/description/bin'
[0.848s] Level 1:colcon.colcon_core.environment:checking '/home/lzh/VMC_Quadruped/install/description/lib/pkgconfig/description.pc'
[0.848s] Level 1:colcon.colcon_core.environment:checking '/home/lzh/VMC_Quadruped/install/description/lib/python3.10/site-packages'
[0.848s] Level 1:colcon.colcon_core.environment:checking '/home/lzh/VMC_Quadruped/install/description/bin'
[0.849s] INFO:colcon.colcon_core.shell:Creating package script '/home/lzh/VMC_Quadruped/install/description/share/description/package.ps1'
[0.849s] INFO:colcon.colcon_core.shell:Creating package descriptor '/home/lzh/VMC_Quadruped/install/description/share/description/package.dsv'
[0.850s] INFO:colcon.colcon_core.shell:Creating package script '/home/lzh/VMC_Quadruped/install/description/share/description/package.sh'
[0.850s] INFO:colcon.colcon_core.shell:Creating package script '/home/lzh/VMC_Quadruped/install/description/share/description/package.bash'
[0.850s] INFO:colcon.colcon_core.shell:Creating package script '/home/lzh/VMC_Quadruped/install/description/share/description/package.zsh'
[0.850s] Level 1:colcon.colcon_core.environment:create_file_with_runtime_dependencies(/home/lzh/VMC_Quadruped/install/description/share/colcon-core/packages/description)
[0.851s] Level 1:colcon.colcon_core.environment:create_environment_scripts_only(description)
[0.851s] Level 1:colcon.colcon_core.environment:checking '/home/lzh/VMC_Quadruped/install/description' for CMake module files
[0.851s] Level 1:colcon.colcon_core.environment:checking '/home/lzh/VMC_Quadruped/install/description' for CMake config files
[0.851s] Level 1:colcon.colcon_core.shell:create_environment_hook('description', 'cmake_prefix_path')
[0.851s] INFO:colcon.colcon_core.shell:Creating environment hook '/home/lzh/VMC_Quadruped/install/description/share/description/hook/cmake_prefix_path.ps1'
[0.852s] INFO:colcon.colcon_core.shell:Creating environment descriptor '/home/lzh/VMC_Quadruped/install/description/share/description/hook/cmake_prefix_path.dsv'
[0.852s] INFO:colcon.colcon_core.shell:Creating environment hook '/home/lzh/VMC_Quadruped/install/description/share/description/hook/cmake_prefix_path.sh'
[0.852s] Level 1:colcon.colcon_core.environment:checking '/home/lzh/VMC_Quadruped/install/description/bin'
[0.852s] Level 1:colcon.colcon_core.environment:checking '/home/lzh/VMC_Quadruped/install/description/lib/pkgconfig/description.pc'
[0.852s] Level 1:colcon.colcon_core.environment:checking '/home/lzh/VMC_Quadruped/install/description/lib/python3.10/site-packages'
[0.853s] Level 1:colcon.colcon_core.environment:checking '/home/lzh/VMC_Quadruped/install/description/bin'
[0.853s] INFO:colcon.colcon_core.shell:Creating package script '/home/lzh/VMC_Quadruped/install/description/share/description/package.ps1'
[0.853s] INFO:colcon.colcon_core.shell:Creating package descriptor '/home/lzh/VMC_Quadruped/install/description/share/description/package.dsv'
[0.853s] INFO:colcon.colcon_core.shell:Creating package script '/home/lzh/VMC_Quadruped/install/description/share/description/package.sh'
[0.853s] INFO:colcon.colcon_core.shell:Creating package script '/home/lzh/VMC_Quadruped/install/description/share/description/package.bash'
[0.854s] INFO:colcon.colcon_core.shell:Creating package script '/home/lzh/VMC_Quadruped/install/description/share/description/package.zsh'
[0.854s] Level 1:colcon.colcon_core.environment:create_file_with_runtime_dependencies(/home/lzh/VMC_Quadruped/install/description/share/colcon-core/packages/description)
[0.855s] Level 1:colcon.colcon_core.environment:create_environment_scripts_only(main_control)
[0.855s] Level 1:colcon.colcon_core.environment:checking '/home/lzh/VMC_Quadruped/install/main_control' for CMake module files
[0.856s] DEBUG:colcon.colcon_core.event_handler.log_command:Invoked command in '/home/lzh/VMC_Quadruped/build/main_control' returned '0': CMAKE_PREFIX_PATH=${CMAKE_PREFIX_PATH}:/opt/ros/humble /usr/bin/cmake --install /home/lzh/VMC_Quadruped/build/main_control
[0.856s] Level 1:colcon.colcon_core.environment:checking '/home/lzh/VMC_Quadruped/install/main_control' for CMake config files
[0.857s] Level 1:colcon.colcon_core.shell:create_environment_hook('main_control', 'cmake_prefix_path')
[0.857s] INFO:colcon.colcon_core.shell:Creating environment hook '/home/lzh/VMC_Quadruped/install/main_control/share/main_control/hook/cmake_prefix_path.ps1'
[0.857s] INFO:colcon.colcon_core.shell:Creating environment descriptor '/home/lzh/VMC_Quadruped/install/main_control/share/main_control/hook/cmake_prefix_path.dsv'
[0.858s] INFO:colcon.colcon_core.shell:Creating environment hook '/home/lzh/VMC_Quadruped/install/main_control/share/main_control/hook/cmake_prefix_path.sh'
[0.858s] Level 1:colcon.colcon_core.environment:checking '/home/lzh/VMC_Quadruped/install/main_control/bin'
[0.858s] Level 1:colcon.colcon_core.environment:checking '/home/lzh/VMC_Quadruped/install/main_control/lib/pkgconfig/main_control.pc'
[0.859s] Level 1:colcon.colcon_core.environment:checking '/home/lzh/VMC_Quadruped/install/main_control/lib/python3.10/site-packages'
[0.859s] Level 1:colcon.colcon_core.environment:checking '/home/lzh/VMC_Quadruped/install/main_control/bin'
[0.859s] INFO:colcon.colcon_core.shell:Creating package script '/home/lzh/VMC_Quadruped/install/main_control/share/main_control/package.ps1'
[0.859s] INFO:colcon.colcon_core.shell:Creating package descriptor '/home/lzh/VMC_Quadruped/install/main_control/share/main_control/package.dsv'
[0.860s] INFO:colcon.colcon_core.shell:Creating package script '/home/lzh/VMC_Quadruped/install/main_control/share/main_control/package.sh'
[0.860s] INFO:colcon.colcon_core.shell:Creating package script '/home/lzh/VMC_Quadruped/install/main_control/share/main_control/package.bash'
[0.860s] INFO:colcon.colcon_core.shell:Creating package script '/home/lzh/VMC_Quadruped/install/main_control/share/main_control/package.zsh'
[0.860s] Level 1:colcon.colcon_core.environment:create_file_with_runtime_dependencies(/home/lzh/VMC_Quadruped/install/main_control/share/colcon-core/packages/main_control)
[0.861s] Level 1:colcon.colcon_core.environment:create_environment_scripts_only(main_control)
[0.861s] Level 1:colcon.colcon_core.environment:checking '/home/lzh/VMC_Quadruped/install/main_control' for CMake module files
[0.861s] Level 1:colcon.colcon_core.environment:checking '/home/lzh/VMC_Quadruped/install/main_control' for CMake config files
[0.861s] Level 1:colcon.colcon_core.shell:create_environment_hook('main_control', 'cmake_prefix_path')
[0.861s] INFO:colcon.colcon_core.shell:Creating environment hook '/home/lzh/VMC_Quadruped/install/main_control/share/main_control/hook/cmake_prefix_path.ps1'
[0.862s] INFO:colcon.colcon_core.shell:Creating environment descriptor '/home/lzh/VMC_Quadruped/install/main_control/share/main_control/hook/cmake_prefix_path.dsv'
[0.862s] INFO:colcon.colcon_core.shell:Creating environment hook '/home/lzh/VMC_Quadruped/install/main_control/share/main_control/hook/cmake_prefix_path.sh'
[0.862s] Level 1:colcon.colcon_core.environment:checking '/home/lzh/VMC_Quadruped/install/main_control/bin'
[0.862s] Level 1:colcon.colcon_core.environment:checking '/home/lzh/VMC_Quadruped/install/main_control/lib/pkgconfig/main_control.pc'
[0.862s] Level 1:colcon.colcon_core.environment:checking '/home/lzh/VMC_Quadruped/install/main_control/lib/python3.10/site-packages'
[0.862s] Level 1:colcon.colcon_core.environment:checking '/home/lzh/VMC_Quadruped/install/main_control/bin'
[0.863s] INFO:colcon.colcon_core.shell:Creating package script '/home/lzh/VMC_Quadruped/install/main_control/share/main_control/package.ps1'
[0.863s] INFO:colcon.colcon_core.shell:Creating package descriptor '/home/lzh/VMC_Quadruped/install/main_control/share/main_control/package.dsv'
[0.863s] INFO:colcon.colcon_core.shell:Creating package script '/home/lzh/VMC_Quadruped/install/main_control/share/main_control/package.sh'
[0.863s] INFO:colcon.colcon_core.shell:Creating package script '/home/lzh/VMC_Quadruped/install/main_control/share/main_control/package.bash'
[0.864s] INFO:colcon.colcon_core.shell:Creating package script '/home/lzh/VMC_Quadruped/install/main_control/share/main_control/package.zsh'
[0.864s] Level 1:colcon.colcon_core.environment:create_file_with_runtime_dependencies(/home/lzh/VMC_Quadruped/install/main_control/share/colcon-core/packages/main_control)
[1.754s] DEBUG:colcon.colcon_core.event_handler.log_command:Invoked command in '/home/lzh/VMC_Quadruped/build/interfaces' returned '0': CMAKE_PREFIX_PATH=${CMAKE_PREFIX_PATH}:/opt/ros/humble /usr/bin/cmake /home/lzh/VMC_Quadruped/src/interfaces -DCMAKE_INSTALL_PREFIX=/home/lzh/VMC_Quadruped/install/interfaces
[1.756s] DEBUG:colcon.colcon_core.event_handler.log_command:Invoking command in '/home/lzh/VMC_Quadruped/build/interfaces': CMAKE_PREFIX_PATH=${CMAKE_PREFIX_PATH}:/opt/ros/humble /usr/bin/cmake --build /home/lzh/VMC_Quadruped/build/interfaces -- -j16 -l16
[6.341s] DEBUG:colcon.colcon_core.event_handler.log_command:Invoked command in '/home/lzh/VMC_Quadruped/build/interfaces' returned '0': CMAKE_PREFIX_PATH=${CMAKE_PREFIX_PATH}:/opt/ros/humble /usr/bin/cmake --build /home/lzh/VMC_Quadruped/build/interfaces -- -j16 -l16
[6.342s] DEBUG:colcon.colcon_core.event_handler.log_command:Invoking command in '/home/lzh/VMC_Quadruped/build/interfaces': CMAKE_PREFIX_PATH=${CMAKE_PREFIX_PATH}:/opt/ros/humble /usr/bin/cmake --install /home/lzh/VMC_Quadruped/build/interfaces
[6.399s] Level 1:colcon.colcon_core.environment:create_environment_scripts_only(interfaces)
[6.399s] DEBUG:colcon.colcon_core.event_handler.log_command:Invoked command in '/home/lzh/VMC_Quadruped/build/interfaces' returned '0': CMAKE_PREFIX_PATH=${CMAKE_PREFIX_PATH}:/opt/ros/humble /usr/bin/cmake --install /home/lzh/VMC_Quadruped/build/interfaces
[6.400s] Level 1:colcon.colcon_core.environment:checking '/home/lzh/VMC_Quadruped/install/interfaces' for CMake module files
[6.400s] Level 1:colcon.colcon_core.environment:checking '/home/lzh/VMC_Quadruped/install/interfaces' for CMake config files
[6.401s] Level 1:colcon.colcon_core.shell:create_environment_hook('interfaces', 'cmake_prefix_path')
[6.401s] INFO:colcon.colcon_core.shell:Creating environment hook '/home/lzh/VMC_Quadruped/install/interfaces/share/interfaces/hook/cmake_prefix_path.ps1'
[6.402s] INFO:colcon.colcon_core.shell:Creating environment descriptor '/home/lzh/VMC_Quadruped/install/interfaces/share/interfaces/hook/cmake_prefix_path.dsv'
[6.402s] INFO:colcon.colcon_core.shell:Creating environment hook '/home/lzh/VMC_Quadruped/install/interfaces/share/interfaces/hook/cmake_prefix_path.sh'
[6.403s] Level 1:colcon.colcon_core.environment:checking '/home/lzh/VMC_Quadruped/install/interfaces/lib'
[6.403s] Level 1:colcon.colcon_core.shell:create_environment_hook('interfaces', 'ld_library_path_lib')
[6.403s] INFO:colcon.colcon_core.shell:Creating environment hook '/home/lzh/VMC_Quadruped/install/interfaces/share/interfaces/hook/ld_library_path_lib.ps1'
[6.403s] INFO:colcon.colcon_core.shell:Creating environment descriptor '/home/lzh/VMC_Quadruped/install/interfaces/share/interfaces/hook/ld_library_path_lib.dsv'
[6.403s] INFO:colcon.colcon_core.shell:Creating environment hook '/home/lzh/VMC_Quadruped/install/interfaces/share/interfaces/hook/ld_library_path_lib.sh'
[6.404s] Level 1:colcon.colcon_core.environment:checking '/home/lzh/VMC_Quadruped/install/interfaces/bin'
[6.404s] Level 1:colcon.colcon_core.environment:checking '/home/lzh/VMC_Quadruped/install/interfaces/lib/pkgconfig/interfaces.pc'
[6.404s] Level 1:colcon.colcon_core.environment:checking '/home/lzh/VMC_Quadruped/install/interfaces/lib/python3.10/site-packages'
[6.404s] Level 1:colcon.colcon_core.environment:checking '/home/lzh/VMC_Quadruped/install/interfaces/bin'
[6.404s] INFO:colcon.colcon_core.shell:Creating package script '/home/lzh/VMC_Quadruped/install/interfaces/share/interfaces/package.ps1'
[6.404s] INFO:colcon.colcon_core.shell:Creating package descriptor '/home/lzh/VMC_Quadruped/install/interfaces/share/interfaces/package.dsv'
[6.405s] INFO:colcon.colcon_core.shell:Creating package script '/home/lzh/VMC_Quadruped/install/interfaces/share/interfaces/package.sh'
[6.405s] INFO:colcon.colcon_core.shell:Creating package script '/home/lzh/VMC_Quadruped/install/interfaces/share/interfaces/package.bash'
[6.405s] INFO:colcon.colcon_core.shell:Creating package script '/home/lzh/VMC_Quadruped/install/interfaces/share/interfaces/package.zsh'
[6.405s] Level 1:colcon.colcon_core.environment:create_file_with_runtime_dependencies(/home/lzh/VMC_Quadruped/install/interfaces/share/colcon-core/packages/interfaces)
[6.406s] Level 1:colcon.colcon_core.environment:create_environment_scripts_only(interfaces)
[6.406s] Level 1:colcon.colcon_core.environment:checking '/home/lzh/VMC_Quadruped/install/interfaces' for CMake module files
[6.406s] Level 1:colcon.colcon_core.environment:checking '/home/lzh/VMC_Quadruped/install/interfaces' for CMake config files
[6.406s] Level 1:colcon.colcon_core.shell:create_environment_hook('interfaces', 'cmake_prefix_path')
[6.406s] INFO:colcon.colcon_core.shell:Creating environment hook '/home/lzh/VMC_Quadruped/install/interfaces/share/interfaces/hook/cmake_prefix_path.ps1'
[6.406s] INFO:colcon.colcon_core.shell:Creating environment descriptor '/home/lzh/VMC_Quadruped/install/interfaces/share/interfaces/hook/cmake_prefix_path.dsv'
[6.407s] INFO:colcon.colcon_core.shell:Creating environment hook '/home/lzh/VMC_Quadruped/install/interfaces/share/interfaces/hook/cmake_prefix_path.sh'
[6.407s] Level 1:colcon.colcon_core.environment:checking '/home/lzh/VMC_Quadruped/install/interfaces/lib'
[6.407s] Level 1:colcon.colcon_core.shell:create_environment_hook('interfaces', 'ld_library_path_lib')
[6.407s] INFO:colcon.colcon_core.shell:Creating environment hook '/home/lzh/VMC_Quadruped/install/interfaces/share/interfaces/hook/ld_library_path_lib.ps1'
[6.407s] INFO:colcon.colcon_core.shell:Creating environment descriptor '/home/lzh/VMC_Quadruped/install/interfaces/share/interfaces/hook/ld_library_path_lib.dsv'
[6.408s] INFO:colcon.colcon_core.shell:Creating environment hook '/home/lzh/VMC_Quadruped/install/interfaces/share/interfaces/hook/ld_library_path_lib.sh'
[6.408s] Level 1:colcon.colcon_core.environment:checking '/home/lzh/VMC_Quadruped/install/interfaces/bin'
[6.408s] Level 1:colcon.colcon_core.environment:checking '/home/lzh/VMC_Quadruped/install/interfaces/lib/pkgconfig/interfaces.pc'
[6.408s] Level 1:colcon.colcon_core.environment:checking '/home/lzh/VMC_Quadruped/install/interfaces/lib/python3.10/site-packages'
[6.408s] Level 1:colcon.colcon_core.environment:checking '/home/lzh/VMC_Quadruped/install/interfaces/bin'
[6.408s] INFO:colcon.colcon_core.shell:Creating package script '/home/lzh/VMC_Quadruped/install/interfaces/share/interfaces/package.ps1'
[6.409s] INFO:colcon.colcon_core.shell:Creating package descriptor '/home/lzh/VMC_Quadruped/install/interfaces/share/interfaces/package.dsv'
[6.409s] INFO:colcon.colcon_core.shell:Creating package script '/home/lzh/VMC_Quadruped/install/interfaces/share/interfaces/package.sh'
[6.409s] INFO:colcon.colcon_core.shell:Creating package script '/home/lzh/VMC_Quadruped/install/interfaces/share/interfaces/package.bash'
[6.410s] INFO:colcon.colcon_core.shell:Creating package script '/home/lzh/VMC_Quadruped/install/interfaces/share/interfaces/package.zsh'
[6.410s] Level 1:colcon.colcon_core.environment:create_file_with_runtime_dependencies(/home/lzh/VMC_Quadruped/install/interfaces/share/colcon-core/packages/interfaces)
[6.410s] INFO:colcon.colcon_ros.task.ament_cmake.build:Building ROS package in '/home/lzh/VMC_Quadruped/src/robstride_ros_sample' with build type 'ament_cmake'
[6.410s] INFO:colcon.colcon_cmake.task.cmake.build:Building CMake package in '/home/lzh/VMC_Quadruped/src/robstride_ros_sample'
[6.410s] INFO:colcon.colcon_core.shell:Skip shell extension 'powershell' for command environment: Not usable outside of PowerShell
[6.410s] DEBUG:colcon.colcon_core.shell:Skip shell extension 'dsv' for command environment
[6.421s] DEBUG:colcon.colcon_core.event_handler.log_command:Invoking command in '/home/lzh/VMC_Quadruped/build/rs_motor_ros2': CMAKE_PREFIX_PATH=/home/lzh/VMC_Quadruped/install/interfaces:/home/lzh/VMC_Quadruped/src/robstride_ros_sample/install/rs_motor_ros2:/home/lzh/VMC_Quadruped/install/rs_motor_ros2:/home/lzh/VMC_Quadruped/install/main_control:/home/lzh/VMC_Quadruped/install/estimation:/home/lzh/VMC_Quadruped/install/description:/opt/ros/humble /usr/bin/cmake /home/lzh/VMC_Quadruped/src/robstride_ros_sample -DCMAKE_INSTALL_PREFIX=/home/lzh/VMC_Quadruped/install/rs_motor_ros2
[7.535s] DEBUG:colcon.colcon_core.event_handler.log_command:Invoked command in '/home/lzh/VMC_Quadruped/build/rs_motor_ros2' returned '0': CMAKE_PREFIX_PATH=/home/lzh/VMC_Quadruped/install/interfaces:/home/lzh/VMC_Quadruped/src/robstride_ros_sample/install/rs_motor_ros2:/home/lzh/VMC_Quadruped/install/rs_motor_ros2:/home/lzh/VMC_Quadruped/install/main_control:/home/lzh/VMC_Quadruped/install/estimation:/home/lzh/VMC_Quadruped/install/description:/opt/ros/humble /usr/bin/cmake /home/lzh/VMC_Quadruped/src/robstride_ros_sample -DCMAKE_INSTALL_PREFIX=/home/lzh/VMC_Quadruped/install/rs_motor_ros2
[7.535s] DEBUG:colcon.colcon_core.event_handler.log_command:Invoking command in '/home/lzh/VMC_Quadruped/build/rs_motor_ros2': CMAKE_PREFIX_PATH=/home/lzh/VMC_Quadruped/install/interfaces:/home/lzh/VMC_Quadruped/src/robstride_ros_sample/install/rs_motor_ros2:/home/lzh/VMC_Quadruped/install/rs_motor_ros2:/home/lzh/VMC_Quadruped/install/main_control:/home/lzh/VMC_Quadruped/install/estimation:/home/lzh/VMC_Quadruped/install/description:/opt/ros/humble /usr/bin/cmake --build /home/lzh/VMC_Quadruped/build/rs_motor_ros2 -- -j16 -l16
[10.191s] DEBUG:colcon.colcon_core.event_handler.log_command:Invoked command in '/home/lzh/VMC_Quadruped/build/rs_motor_ros2' returned '0': CMAKE_PREFIX_PATH=/home/lzh/VMC_Quadruped/install/interfaces:/home/lzh/VMC_Quadruped/src/robstride_ros_sample/install/rs_motor_ros2:/home/lzh/VMC_Quadruped/install/rs_motor_ros2:/home/lzh/VMC_Quadruped/install/main_control:/home/lzh/VMC_Quadruped/install/estimation:/home/lzh/VMC_Quadruped/install/description:/opt/ros/humble /usr/bin/cmake --build /home/lzh/VMC_Quadruped/build/rs_motor_ros2 -- -j16 -l16
[10.194s] DEBUG:colcon.colcon_core.event_handler.log_command:Invoking command in '/home/lzh/VMC_Quadruped/build/rs_motor_ros2': CMAKE_PREFIX_PATH=/home/lzh/VMC_Quadruped/install/interfaces:/home/lzh/VMC_Quadruped/src/robstride_ros_sample/install/rs_motor_ros2:/home/lzh/VMC_Quadruped/install/rs_motor_ros2:/home/lzh/VMC_Quadruped/install/main_control:/home/lzh/VMC_Quadruped/install/estimation:/home/lzh/VMC_Quadruped/install/description:/opt/ros/humble /usr/bin/cmake --install /home/lzh/VMC_Quadruped/build/rs_motor_ros2
[10.207s] Level 1:colcon.colcon_core.environment:create_environment_scripts_only(rs_motor_ros2)
[10.208s] Level 1:colcon.colcon_core.environment:checking '/home/lzh/VMC_Quadruped/install/rs_motor_ros2' for CMake module files
[10.208s] DEBUG:colcon.colcon_core.event_handler.log_command:Invoked command in '/home/lzh/VMC_Quadruped/build/rs_motor_ros2' returned '0': CMAKE_PREFIX_PATH=/home/lzh/VMC_Quadruped/install/interfaces:/home/lzh/VMC_Quadruped/src/robstride_ros_sample/install/rs_motor_ros2:/home/lzh/VMC_Quadruped/install/rs_motor_ros2:/home/lzh/VMC_Quadruped/install/main_control:/home/lzh/VMC_Quadruped/install/estimation:/home/lzh/VMC_Quadruped/install/description:/opt/ros/humble /usr/bin/cmake --install /home/lzh/VMC_Quadruped/build/rs_motor_ros2
[10.208s] Level 1:colcon.colcon_core.environment:checking '/home/lzh/VMC_Quadruped/install/rs_motor_ros2' for CMake config files
[10.209s] Level 1:colcon.colcon_core.shell:create_environment_hook('rs_motor_ros2', 'cmake_prefix_path')
[10.209s] INFO:colcon.colcon_core.shell:Creating environment hook '/home/lzh/VMC_Quadruped/install/rs_motor_ros2/share/rs_motor_ros2/hook/cmake_prefix_path.ps1'
[10.209s] INFO:colcon.colcon_core.shell:Creating environment descriptor '/home/lzh/VMC_Quadruped/install/rs_motor_ros2/share/rs_motor_ros2/hook/cmake_prefix_path.dsv'
[10.210s] INFO:colcon.colcon_core.shell:Creating environment hook '/home/lzh/VMC_Quadruped/install/rs_motor_ros2/share/rs_motor_ros2/hook/cmake_prefix_path.sh'
[10.210s] Level 1:colcon.colcon_core.environment:checking '/home/lzh/VMC_Quadruped/install/rs_motor_ros2/lib'
[10.211s] Level 1:colcon.colcon_core.environment:checking '/home/lzh/VMC_Quadruped/install/rs_motor_ros2/bin'
[10.211s] Level 1:colcon.colcon_core.environment:checking '/home/lzh/VMC_Quadruped/install/rs_motor_ros2/lib/pkgconfig/rs_motor_ros2.pc'
[10.211s] Level 1:colcon.colcon_core.environment:checking '/home/lzh/VMC_Quadruped/install/rs_motor_ros2/lib/python3.10/site-packages'
[10.211s] Level 1:colcon.colcon_core.environment:checking '/home/lzh/VMC_Quadruped/install/rs_motor_ros2/bin'
[10.212s] INFO:colcon.colcon_core.shell:Creating package script '/home/lzh/VMC_Quadruped/install/rs_motor_ros2/share/rs_motor_ros2/package.ps1'
[10.212s] INFO:colcon.colcon_core.shell:Creating package descriptor '/home/lzh/VMC_Quadruped/install/rs_motor_ros2/share/rs_motor_ros2/package.dsv'
[10.213s] INFO:colcon.colcon_core.shell:Creating package script '/home/lzh/VMC_Quadruped/install/rs_motor_ros2/share/rs_motor_ros2/package.sh'
[10.213s] INFO:colcon.colcon_core.shell:Creating package script '/home/lzh/VMC_Quadruped/install/rs_motor_ros2/share/rs_motor_ros2/package.bash'
[10.214s] INFO:colcon.colcon_core.shell:Creating package script '/home/lzh/VMC_Quadruped/install/rs_motor_ros2/share/rs_motor_ros2/package.zsh'
[10.214s] Level 1:colcon.colcon_core.environment:create_file_with_runtime_dependencies(/home/lzh/VMC_Quadruped/install/rs_motor_ros2/share/colcon-core/packages/rs_motor_ros2)
[10.215s] Level 1:colcon.colcon_core.environment:create_environment_scripts_only(rs_motor_ros2)
[10.215s] Level 1:colcon.colcon_core.environment:checking '/home/lzh/VMC_Quadruped/install/rs_motor_ros2' for CMake module files
[10.216s] Level 1:colcon.colcon_core.environment:checking '/home/lzh/VMC_Quadruped/install/rs_motor_ros2' for CMake config files
[10.216s] Level 1:colcon.colcon_core.shell:create_environment_hook('rs_motor_ros2', 'cmake_prefix_path')
[10.216s] INFO:colcon.colcon_core.shell:Creating environment hook '/home/lzh/VMC_Quadruped/install/rs_motor_ros2/share/rs_motor_ros2/hook/cmake_prefix_path.ps1'
[10.217s] INFO:colcon.colcon_core.shell:Creating environment descriptor '/home/lzh/VMC_Quadruped/install/rs_motor_ros2/share/rs_motor_ros2/hook/cmake_prefix_path.dsv'
[10.217s] INFO:colcon.colcon_core.shell:Creating environment hook '/home/lzh/VMC_Quadruped/install/rs_motor_ros2/share/rs_motor_ros2/hook/cmake_prefix_path.sh'
[10.218s] Level 1:colcon.colcon_core.environment:checking '/home/lzh/VMC_Quadruped/install/rs_motor_ros2/lib'
[10.218s] Level 1:colcon.colcon_core.environment:checking '/home/lzh/VMC_Quadruped/install/rs_motor_ros2/bin'
[10.218s] Level 1:colcon.colcon_core.environment:checking '/home/lzh/VMC_Quadruped/install/rs_motor_ros2/lib/pkgconfig/rs_motor_ros2.pc'
[10.218s] Level 1:colcon.colcon_core.environment:checking '/home/lzh/VMC_Quadruped/install/rs_motor_ros2/lib/python3.10/site-packages'
[10.219s] Level 1:colcon.colcon_core.environment:checking '/home/lzh/VMC_Quadruped/install/rs_motor_ros2/bin'
[10.219s] INFO:colcon.colcon_core.shell:Creating package script '/home/lzh/VMC_Quadruped/install/rs_motor_ros2/share/rs_motor_ros2/package.ps1'
[10.220s] INFO:colcon.colcon_core.shell:Creating package descriptor '/home/lzh/VMC_Quadruped/install/rs_motor_ros2/share/rs_motor_ros2/package.dsv'
[10.220s] INFO:colcon.colcon_core.shell:Creating package script '/home/lzh/VMC_Quadruped/install/rs_motor_ros2/share/rs_motor_ros2/package.sh'
[10.221s] INFO:colcon.colcon_core.shell:Creating package script '/home/lzh/VMC_Quadruped/install/rs_motor_ros2/share/rs_motor_ros2/package.bash'
[10.221s] INFO:colcon.colcon_core.shell:Creating package script '/home/lzh/VMC_Quadruped/install/rs_motor_ros2/share/rs_motor_ros2/package.zsh'
[10.222s] Level 1:colcon.colcon_core.environment:create_file_with_runtime_dependencies(/home/lzh/VMC_Quadruped/install/rs_motor_ros2/share/colcon-core/packages/rs_motor_ros2)
[10.222s] DEBUG:colcon.colcon_parallel_executor.executor.parallel:closing loop
[10.222s] DEBUG:colcon.colcon_parallel_executor.executor.parallel:loop closed
[10.222s] DEBUG:colcon.colcon_parallel_executor.executor.parallel:run_until_complete finished with '0'
[10.222s] DEBUG:colcon.colcon_core.event_reactor:joining thread
[10.227s] INFO:colcon.colcon_core.plugin_system:Skipping extension 'colcon_notification.desktop_notification.terminal_notifier': Not used on non-Darwin systems
[10.227s] INFO:colcon.colcon_core.plugin_system:Skipping extension 'colcon_notification.desktop_notification.win32': Not used on non-Windows systems
[10.228s] INFO:colcon.colcon_notification.desktop_notification:Sending desktop notification using 'notify2'
[10.244s] DEBUG:colcon.colcon_core.event_reactor:joined thread
[10.244s] INFO:colcon.colcon_core.shell:Creating prefix script '/home/lzh/VMC_Quadruped/install/local_setup.ps1'
[10.245s] INFO:colcon.colcon_core.shell:Creating prefix util module '/home/lzh/VMC_Quadruped/install/_local_setup_util_ps1.py'
[10.247s] INFO:colcon.colcon_core.shell:Creating prefix chain script '/home/lzh/VMC_Quadruped/install/setup.ps1'
[10.248s] INFO:colcon.colcon_core.shell:Creating prefix script '/home/lzh/VMC_Quadruped/install/local_setup.sh'
[10.248s] INFO:colcon.colcon_core.shell:Creating prefix util module '/home/lzh/VMC_Quadruped/install/_local_setup_util_sh.py'
[10.249s] INFO:colcon.colcon_core.shell:Creating prefix chain script '/home/lzh/VMC_Quadruped/install/setup.sh'
[10.250s] INFO:colcon.colcon_core.shell:Creating prefix script '/home/lzh/VMC_Quadruped/install/local_setup.bash'
[10.250s] INFO:colcon.colcon_core.shell:Creating prefix chain script '/home/lzh/VMC_Quadruped/install/setup.bash'
[10.251s] INFO:colcon.colcon_core.shell:Creating prefix script '/home/lzh/VMC_Quadruped/install/local_setup.zsh'
[10.251s] INFO:colcon.colcon_core.shell:Creating prefix chain script '/home/lzh/VMC_Quadruped/install/setup.zsh'
