[0.010s] Invoking command in '/home/lzh/VMC_Quadruped/build/rs_motor_ros2': AMENT_PREFIX_PATH=/home/lzh/VMC_Quadruped/install/interfaces:${AMENT_PREFIX_PATH} CMAKE_PREFIX_PATH=/home/lzh/VMC_Quadruped/install/interfaces:/opt/ros/humble LD_LIBRARY_PATH=/home/lzh/VMC_Quadruped/install/interfaces/lib:${LD_LIBRARY_PATH} PYTHONPATH=/home/lzh/VMC_Quadruped/install/interfaces/local/lib/python3.10/dist-packages:${PYTHONPATH} /usr/bin/cmake --build /home/lzh/VMC_Quadruped/build/rs_motor_ros2 -- -j16 -l16
[0.059s] [ 50%] Built target rs_motor_ros2_lib
[0.079s] Consolidate compiler generated dependencies of target rs_motor_ros2
[0.100s] [100%] Built target rs_motor_ros2
[0.113s] Invoked command in '/home/lzh/VMC_Quadruped/build/rs_motor_ros2' returned '0': AMENT_PREFIX_PATH=/home/lzh/VMC_Quadruped/install/interfaces:${AMENT_PREFIX_PATH} CMAKE_PREFIX_PATH=/home/lzh/VMC_Quadruped/install/interfaces:/opt/ros/humble LD_LIBRARY_PATH=/home/lzh/VMC_Quadruped/install/interfaces/lib:${LD_LIBRARY_PATH} PYTHONPATH=/home/lzh/VMC_Quadruped/install/interfaces/local/lib/python3.10/dist-packages:${PYTHONPATH} /usr/bin/cmake --build /home/lzh/VMC_Quadruped/build/rs_motor_ros2 -- -j16 -l16
[0.126s] Invoking command in '/home/lzh/VMC_Quadruped/build/rs_motor_ros2': AMENT_PREFIX_PATH=/home/lzh/VMC_Quadruped/install/interfaces:${AMENT_PREFIX_PATH} CMAKE_PREFIX_PATH=/home/lzh/VMC_Quadruped/install/interfaces:/opt/ros/humble LD_LIBRARY_PATH=/home/lzh/VMC_Quadruped/install/interfaces/lib:${LD_LIBRARY_PATH} PYTHONPATH=/home/lzh/VMC_Quadruped/install/interfaces/local/lib/python3.10/dist-packages:${PYTHONPATH} /usr/bin/cmake --install /home/lzh/VMC_Quadruped/build/rs_motor_ros2
[0.133s] -- Install configuration: ""
[0.133s] -- Up-to-date: /home/lzh/VMC_Quadruped/install/rs_motor_ros2/include
[0.134s] -- Up-to-date: /home/lzh/VMC_Quadruped/install/rs_motor_ros2/include/motor_ros2
[0.134s] -- Up-to-date: /home/lzh/VMC_Quadruped/install/rs_motor_ros2/include/motor_ros2/motor_cfg.h
[0.134s] -- Up-to-date: /home/lzh/VMC_Quadruped/install/rs_motor_ros2/lib/librs_motor_ros2.a
[0.134s] -- Up-to-date: /home/lzh/VMC_Quadruped/install/rs_motor_ros2/lib/rs_motor_ros2/rs_motor_ros2
[0.134s] -- Up-to-date: /home/lzh/VMC_Quadruped/install/rs_motor_ros2/share/ament_index/resource_index/package_run_dependencies/rs_motor_ros2
[0.134s] -- Up-to-date: /home/lzh/VMC_Quadruped/install/rs_motor_ros2/share/ament_index/resource_index/parent_prefix_path/rs_motor_ros2
[0.134s] -- Up-to-date: /home/lzh/VMC_Quadruped/install/rs_motor_ros2/share/rs_motor_ros2/environment/ament_prefix_path.sh
[0.134s] -- Up-to-date: /home/lzh/VMC_Quadruped/install/rs_motor_ros2/share/rs_motor_ros2/environment/ament_prefix_path.dsv
[0.134s] -- Up-to-date: /home/lzh/VMC_Quadruped/install/rs_motor_ros2/share/rs_motor_ros2/environment/path.sh
[0.134s] -- Up-to-date: /home/lzh/VMC_Quadruped/install/rs_motor_ros2/share/rs_motor_ros2/environment/path.dsv
[0.134s] -- Up-to-date: /home/lzh/VMC_Quadruped/install/rs_motor_ros2/share/rs_motor_ros2/local_setup.bash
[0.134s] -- Up-to-date: /home/lzh/VMC_Quadruped/install/rs_motor_ros2/share/rs_motor_ros2/local_setup.sh
[0.134s] -- Up-to-date: /home/lzh/VMC_Quadruped/install/rs_motor_ros2/share/rs_motor_ros2/local_setup.zsh
[0.134s] -- Up-to-date: /home/lzh/VMC_Quadruped/install/rs_motor_ros2/share/rs_motor_ros2/local_setup.dsv
[0.134s] -- Installing: /home/lzh/VMC_Quadruped/install/rs_motor_ros2/share/rs_motor_ros2/package.dsv
[0.135s] -- Up-to-date: /home/lzh/VMC_Quadruped/install/rs_motor_ros2/share/ament_index/resource_index/packages/rs_motor_ros2
[0.135s] -- Up-to-date: /home/lzh/VMC_Quadruped/install/rs_motor_ros2/share/rs_motor_ros2/cmake/ament_cmake_export_dependencies-extras.cmake
[0.135s] -- Up-to-date: /home/lzh/VMC_Quadruped/install/rs_motor_ros2/share/rs_motor_ros2/cmake/rs_motor_ros2Config.cmake
[0.135s] -- Up-to-date: /home/lzh/VMC_Quadruped/install/rs_motor_ros2/share/rs_motor_ros2/cmake/rs_motor_ros2Config-version.cmake
[0.135s] -- Up-to-date: /home/lzh/VMC_Quadruped/install/rs_motor_ros2/share/rs_motor_ros2/package.xml
[0.135s] Invoked command in '/home/lzh/VMC_Quadruped/build/rs_motor_ros2' returned '0': AMENT_PREFIX_PATH=/home/lzh/VMC_Quadruped/install/interfaces:${AMENT_PREFIX_PATH} CMAKE_PREFIX_PATH=/home/lzh/VMC_Quadruped/install/interfaces:/opt/ros/humble LD_LIBRARY_PATH=/home/lzh/VMC_Quadruped/install/interfaces/lib:${LD_LIBRARY_PATH} PYTHONPATH=/home/lzh/VMC_Quadruped/install/interfaces/local/lib/python3.10/dist-packages:${PYTHONPATH} /usr/bin/cmake --install /home/lzh/VMC_Quadruped/build/rs_motor_ros2
