[0.015s] Invoking command in '/home/lzh/VMC_Quadruped/build/description': CMAKE_PREFIX_PATH=/opt/ros/humble /usr/bin/cmake --build /home/lzh/VMC_Quadruped/build/description -- -j16 -l16
[0.047s] Invoked command in '/home/lzh/VMC_Quadruped/build/description' returned '0': CMAKE_PREFIX_PATH=/opt/ros/humble /usr/bin/cmake --build /home/lzh/VMC_Quadruped/build/description -- -j16 -l16
[0.057s] Invoking command in '/home/lzh/VMC_Quadruped/build/description': CMAKE_PREFIX_PATH=/opt/ros/humble /usr/bin/cmake --install /home/lzh/VMC_Quadruped/build/description
[0.073s] -- Install configuration: ""
[0.074s] -- Up-to-date: /home/lzh/VMC_Quadruped/install/description/share/ament_index/resource_index/package_run_dependencies/description
[0.078s] -- Up-to-date: /home/lzh/VMC_Quadruped/install/description/share/ament_index/resource_index/parent_prefix_path/description
[0.078s] -- Up-to-date: /home/lzh/VMC_Quadruped/install/description/share/description/environment/ament_prefix_path.sh
[0.078s] -- Up-to-date: /home/lzh/VMC_Quadruped/install/description/share/description/environment/ament_prefix_path.dsv
[0.078s] -- Up-to-date: /home/lzh/VMC_Quadruped/install/description/share/description/environment/path.sh
[0.079s] -- Up-to-date: /home/lzh/VMC_Quadruped/install/description/share/description/environment/path.dsv
[0.079s] -- Up-to-date: /home/lzh/VMC_Quadruped/install/description/share/description/local_setup.bash
[0.079s] -- Up-to-date: /home/lzh/VMC_Quadruped/install/description/share/description/local_setup.sh
[0.079s] -- Up-to-date: /home/lzh/VMC_Quadruped/install/description/share/description/local_setup.zsh
[0.079s] -- Up-to-date: /home/lzh/VMC_Quadruped/install/description/share/description/local_setup.dsv
[0.079s] -- Up-to-date: /home/lzh/VMC_Quadruped/install/description/share/description/package.dsv
[0.079s] -- Up-to-date: /home/lzh/VMC_Quadruped/install/description/share/ament_index/resource_index/packages/description
[0.080s] -- Up-to-date: /home/lzh/VMC_Quadruped/install/description/share/description/cmake/descriptionConfig.cmake
[0.080s] -- Up-to-date: /home/lzh/VMC_Quadruped/install/description/share/description/cmake/descriptionConfig-version.cmake
[0.081s] -- Up-to-date: /home/lzh/VMC_Quadruped/install/description/share/description/package.xml
[0.121s] Invoked command in '/home/lzh/VMC_Quadruped/build/description' returned '0': CMAKE_PREFIX_PATH=/opt/ros/humble /usr/bin/cmake --install /home/lzh/VMC_Quadruped/build/description
