[0.009s] Invoking command in '/home/lzh/VMC_Quadruped/build/rs_motor_ros2': AMENT_PREFIX_PATH=/home/lzh/VMC_Quadruped/install/interfaces:${AMENT_PREFIX_PATH} CMAKE_PREFIX_PATH=/home/lzh/VMC_Quadruped/install/interfaces:/opt/ros/humble LD_LIBRARY_PATH=/home/lzh/VMC_Quadruped/install/interfaces/lib:${LD_LIBRARY_PATH} PYTHONPATH=/home/lzh/VMC_Quadruped/install/interfaces/local/lib/python3.10/dist-packages:${PYTHONPATH} /usr/bin/cmake --build /home/lzh/VMC_Quadruped/build/rs_motor_ros2 -- -j16 -l16
[0.052s] [ 50%] Built target rs_motor_ros2_lib
[0.068s] Consolidate compiler generated dependencies of target rs_motor_ros2
[0.082s] [ 75%] Building CXX object CMakeFiles/rs_motor_ros2.dir/src/main.cpp.o
[5.735s] [100%] Linking CXX executable rs_motor_ros2
[6.027s] [100%] Built target rs_motor_ros2
[6.039s] Invoked command in '/home/lzh/VMC_Quadruped/build/rs_motor_ros2' returned '0': AMENT_PREFIX_PATH=/home/lzh/VMC_Quadruped/install/interfaces:${AMENT_PREFIX_PATH} CMAKE_PREFIX_PATH=/home/lzh/VMC_Quadruped/install/interfaces:/opt/ros/humble LD_LIBRARY_PATH=/home/lzh/VMC_Quadruped/install/interfaces/lib:${LD_LIBRARY_PATH} PYTHONPATH=/home/lzh/VMC_Quadruped/install/interfaces/local/lib/python3.10/dist-packages:${PYTHONPATH} /usr/bin/cmake --build /home/lzh/VMC_Quadruped/build/rs_motor_ros2 -- -j16 -l16
[6.048s] Invoking command in '/home/lzh/VMC_Quadruped/build/rs_motor_ros2': AMENT_PREFIX_PATH=/home/lzh/VMC_Quadruped/install/interfaces:${AMENT_PREFIX_PATH} CMAKE_PREFIX_PATH=/home/lzh/VMC_Quadruped/install/interfaces:/opt/ros/humble LD_LIBRARY_PATH=/home/lzh/VMC_Quadruped/install/interfaces/lib:${LD_LIBRARY_PATH} PYTHONPATH=/home/lzh/VMC_Quadruped/install/interfaces/local/lib/python3.10/dist-packages:${PYTHONPATH} /usr/bin/cmake --install /home/lzh/VMC_Quadruped/build/rs_motor_ros2
[6.056s] -- Install configuration: ""
[6.057s] -- Up-to-date: /home/lzh/VMC_Quadruped/install/rs_motor_ros2/include
[6.057s] -- Up-to-date: /home/lzh/VMC_Quadruped/install/rs_motor_ros2/include/motor_ros2
[6.057s] -- Up-to-date: /home/lzh/VMC_Quadruped/install/rs_motor_ros2/include/motor_ros2/motor_cfg.h
[6.057s] -- Up-to-date: /home/lzh/VMC_Quadruped/install/rs_motor_ros2/lib/librs_motor_ros2.a
[6.057s] -- Installing: /home/lzh/VMC_Quadruped/install/rs_motor_ros2/lib/rs_motor_ros2/rs_motor_ros2
[6.059s] -- Set runtime path of "/home/lzh/VMC_Quadruped/install/rs_motor_ros2/lib/rs_motor_ros2/rs_motor_ros2" to ""
[6.059s] -- Up-to-date: /home/lzh/VMC_Quadruped/install/rs_motor_ros2/share/ament_index/resource_index/package_run_dependencies/rs_motor_ros2
[6.059s] -- Up-to-date: /home/lzh/VMC_Quadruped/install/rs_motor_ros2/share/ament_index/resource_index/parent_prefix_path/rs_motor_ros2
[6.059s] -- Up-to-date: /home/lzh/VMC_Quadruped/install/rs_motor_ros2/share/rs_motor_ros2/environment/ament_prefix_path.sh
[6.059s] -- Up-to-date: /home/lzh/VMC_Quadruped/install/rs_motor_ros2/share/rs_motor_ros2/environment/ament_prefix_path.dsv
[6.060s] -- Up-to-date: /home/lzh/VMC_Quadruped/install/rs_motor_ros2/share/rs_motor_ros2/environment/path.sh
[6.060s] -- Up-to-date: /home/lzh/VMC_Quadruped/install/rs_motor_ros2/share/rs_motor_ros2/environment/path.dsv
[6.060s] -- Up-to-date: /home/lzh/VMC_Quadruped/install/rs_motor_ros2/share/rs_motor_ros2/local_setup.bash
[6.060s] -- Up-to-date: /home/lzh/VMC_Quadruped/install/rs_motor_ros2/share/rs_motor_ros2/local_setup.sh
[6.060s] -- Up-to-date: /home/lzh/VMC_Quadruped/install/rs_motor_ros2/share/rs_motor_ros2/local_setup.zsh
[6.060s] -- Up-to-date: /home/lzh/VMC_Quadruped/install/rs_motor_ros2/share/rs_motor_ros2/local_setup.dsv
[6.060s] -- Installing: /home/lzh/VMC_Quadruped/install/rs_motor_ros2/share/rs_motor_ros2/package.dsv
[6.060s] -- Up-to-date: /home/lzh/VMC_Quadruped/install/rs_motor_ros2/share/ament_index/resource_index/packages/rs_motor_ros2
[6.060s] -- Up-to-date: /home/lzh/VMC_Quadruped/install/rs_motor_ros2/share/rs_motor_ros2/cmake/ament_cmake_export_dependencies-extras.cmake
[6.060s] -- Up-to-date: /home/lzh/VMC_Quadruped/install/rs_motor_ros2/share/rs_motor_ros2/cmake/rs_motor_ros2Config.cmake
[6.060s] -- Up-to-date: /home/lzh/VMC_Quadruped/install/rs_motor_ros2/share/rs_motor_ros2/cmake/rs_motor_ros2Config-version.cmake
[6.060s] -- Up-to-date: /home/lzh/VMC_Quadruped/install/rs_motor_ros2/share/rs_motor_ros2/package.xml
[6.061s] Invoked command in '/home/lzh/VMC_Quadruped/build/rs_motor_ros2' returned '0': AMENT_PREFIX_PATH=/home/lzh/VMC_Quadruped/install/interfaces:${AMENT_PREFIX_PATH} CMAKE_PREFIX_PATH=/home/lzh/VMC_Quadruped/install/interfaces:/opt/ros/humble LD_LIBRARY_PATH=/home/lzh/VMC_Quadruped/install/interfaces/lib:${LD_LIBRARY_PATH} PYTHONPATH=/home/lzh/VMC_Quadruped/install/interfaces/local/lib/python3.10/dist-packages:${PYTHONPATH} /usr/bin/cmake --install /home/lzh/VMC_Quadruped/build/rs_motor_ros2
