[0.010s] Invoking command in '/home/lzh/VMC_Quadruped/build/rs_motor_ros2': CMAKE_PREFIX_PATH=/home/lzh/VMC_Quadruped/install/interfaces:/home/lzh/VMC_Quadruped/install/rs_motor_ros2:/home/lzh/VMC_Quadruped/install/main_control:/home/lzh/VMC_Quadruped/install/estimation:/home/lzh/VMC_Quadruped/install/description:/home/lzh/VMC_Quadruped/src/robstride_ros_sample/install/rs_motor_ros2:/opt/ros/humble /usr/bin/cmake /home/lzh/VMC_Quadruped/src/robstride_ros_sample -DCMAKE_INSTALL_PREFIX=/home/lzh/VMC_Quadruped/install/rs_motor_ros2
[0.080s] -- The C compiler identification is GNU 11.4.0
[0.122s] -- The CXX compiler identification is GNU 11.4.0
[0.127s] -- Detecting C compiler ABI info
[0.199s] -- Detecting C compiler ABI info - done
[0.204s] -- Check for working C compiler: /usr/bin/cc - skipped
[0.205s] -- Detecting C compile features
[0.205s] -- Detecting C compile features - done
[0.207s] -- Detecting CXX compiler ABI info
[0.300s] -- Detecting CXX compiler ABI info - done
[0.305s] -- Check for working CXX compiler: /usr/bin/c++ - skipped
[0.306s] -- Detecting CXX compile features
[0.306s] -- Detecting CXX compile features - done
[0.308s] -- Found ament_cmake: 1.3.12 (/opt/ros/humble/share/ament_cmake/cmake)
[0.461s] -- Found Python3: /usr/bin/python3 (found version "3.10.12") found components: Interpreter 
[0.523s] -- Found rclcpp: 16.0.14 (/opt/ros/humble/share/rclcpp/cmake)
[0.551s] -- Found rosidl_generator_c: 3.1.7 (/opt/ros/humble/share/rosidl_generator_c/cmake)
[0.554s] -- Found rosidl_adapter: 3.1.7 (/opt/ros/humble/share/rosidl_adapter/cmake)
[0.560s] -- Found rosidl_generator_cpp: 3.1.7 (/opt/ros/humble/share/rosidl_generator_cpp/cmake)
[0.568s] -- Using all available rosidl_typesupport_c: rosidl_typesupport_fastrtps_c;rosidl_typesupport_introspection_c
[0.579s] -- Using all available rosidl_typesupport_cpp: rosidl_typesupport_fastrtps_cpp;rosidl_typesupport_introspection_cpp
[0.608s] -- Found rmw_implementation_cmake: 6.1.2 (/opt/ros/humble/share/rmw_implementation_cmake/cmake)
[0.609s] -- Found rmw_fastrtps_cpp: 6.2.8 (/opt/ros/humble/share/rmw_fastrtps_cpp/cmake)
[0.686s] -- Found OpenSSL: /usr/lib/x86_64-linux-gnu/libcrypto.so (found version "3.0.2")  
[0.706s] -- Found FastRTPS: /opt/ros/humble/include  
[0.739s] -- Using RMW implementation 'rmw_fastrtps_cpp' as default
[0.745s] -- Looking for pthread.h
[0.817s] -- Looking for pthread.h - found
[0.818s] -- Performing Test CMAKE_HAVE_LIBC_PTHREAD
[0.906s] -- Performing Test CMAKE_HAVE_LIBC_PTHREAD - Success
[0.907s] -- Found Threads: TRUE  
[0.945s] -- Found sensor_msgs: 4.9.0 (/opt/ros/humble/share/sensor_msgs/cmake)
[0.966s] -- Found rosidl_default_generators: 1.2.0 (/opt/ros/humble/share/rosidl_default_generators/cmake)
[0.972s] -- Found interfaces: 0.0.0 (/home/lzh/VMC_Quadruped/install/interfaces/share/interfaces/cmake)
[1.030s] -- Configuring done
[1.038s] -- Generating done
[1.041s] -- Build files have been written to: /home/lzh/VMC_Quadruped/build/rs_motor_ros2
[1.047s] Invoked command in '/home/lzh/VMC_Quadruped/build/rs_motor_ros2' returned '0': CMAKE_PREFIX_PATH=/home/lzh/VMC_Quadruped/install/interfaces:/home/lzh/VMC_Quadruped/install/rs_motor_ros2:/home/lzh/VMC_Quadruped/install/main_control:/home/lzh/VMC_Quadruped/install/estimation:/home/lzh/VMC_Quadruped/install/description:/home/lzh/VMC_Quadruped/src/robstride_ros_sample/install/rs_motor_ros2:/opt/ros/humble /usr/bin/cmake /home/lzh/VMC_Quadruped/src/robstride_ros_sample -DCMAKE_INSTALL_PREFIX=/home/lzh/VMC_Quadruped/install/rs_motor_ros2
[1.048s] Invoking command in '/home/lzh/VMC_Quadruped/build/rs_motor_ros2': CMAKE_PREFIX_PATH=/home/lzh/VMC_Quadruped/install/interfaces:/home/lzh/VMC_Quadruped/install/rs_motor_ros2:/home/lzh/VMC_Quadruped/install/main_control:/home/lzh/VMC_Quadruped/install/estimation:/home/lzh/VMC_Quadruped/install/description:/home/lzh/VMC_Quadruped/src/robstride_ros_sample/install/rs_motor_ros2:/opt/ros/humble /usr/bin/cmake --build /home/lzh/VMC_Quadruped/build/rs_motor_ros2 -- -j16 -l16
[1.100s] Consolidate compiler generated dependencies of target rs_motor_ros2_lib
[1.117s] [ 50%] Built target rs_motor_ros2_lib
[1.136s] Consolidate compiler generated dependencies of target rs_motor_ros2
[1.148s] [100%] Built target rs_motor_ros2
[1.160s] Invoked command in '/home/lzh/VMC_Quadruped/build/rs_motor_ros2' returned '0': CMAKE_PREFIX_PATH=/home/lzh/VMC_Quadruped/install/interfaces:/home/lzh/VMC_Quadruped/install/rs_motor_ros2:/home/lzh/VMC_Quadruped/install/main_control:/home/lzh/VMC_Quadruped/install/estimation:/home/lzh/VMC_Quadruped/install/description:/home/lzh/VMC_Quadruped/src/robstride_ros_sample/install/rs_motor_ros2:/opt/ros/humble /usr/bin/cmake --build /home/lzh/VMC_Quadruped/build/rs_motor_ros2 -- -j16 -l16
[1.173s] Invoking command in '/home/lzh/VMC_Quadruped/build/rs_motor_ros2': CMAKE_PREFIX_PATH=/home/lzh/VMC_Quadruped/install/interfaces:/home/lzh/VMC_Quadruped/install/rs_motor_ros2:/home/lzh/VMC_Quadruped/install/main_control:/home/lzh/VMC_Quadruped/install/estimation:/home/lzh/VMC_Quadruped/install/description:/home/lzh/VMC_Quadruped/src/robstride_ros_sample/install/rs_motor_ros2:/opt/ros/humble /usr/bin/cmake --install /home/lzh/VMC_Quadruped/build/rs_motor_ros2
[1.186s] -- Install configuration: ""
[1.187s] -- Up-to-date: /home/lzh/VMC_Quadruped/install/rs_motor_ros2/include
[1.187s] -- Up-to-date: /home/lzh/VMC_Quadruped/install/rs_motor_ros2/include/motor_ros2
[1.187s] -- Up-to-date: /home/lzh/VMC_Quadruped/install/rs_motor_ros2/include/motor_ros2/motor_cfg.h
[1.187s] -- Up-to-date: /home/lzh/VMC_Quadruped/install/rs_motor_ros2/lib/librs_motor_ros2.a
[1.187s] -- Up-to-date: /home/lzh/VMC_Quadruped/install/rs_motor_ros2/lib/rs_motor_ros2/rs_motor_ros2
[1.187s] -- Up-to-date: /home/lzh/VMC_Quadruped/install/rs_motor_ros2/share/ament_index/resource_index/package_run_dependencies/rs_motor_ros2
[1.187s] -- Installing: /home/lzh/VMC_Quadruped/install/rs_motor_ros2/share/ament_index/resource_index/parent_prefix_path/rs_motor_ros2
[1.187s] -- Up-to-date: /home/lzh/VMC_Quadruped/install/rs_motor_ros2/share/rs_motor_ros2/environment/ament_prefix_path.sh
[1.188s] -- Installing: /home/lzh/VMC_Quadruped/install/rs_motor_ros2/share/rs_motor_ros2/environment/ament_prefix_path.dsv
[1.188s] -- Up-to-date: /home/lzh/VMC_Quadruped/install/rs_motor_ros2/share/rs_motor_ros2/environment/path.sh
[1.188s] -- Installing: /home/lzh/VMC_Quadruped/install/rs_motor_ros2/share/rs_motor_ros2/environment/path.dsv
[1.188s] -- Up-to-date: /home/lzh/VMC_Quadruped/install/rs_motor_ros2/share/rs_motor_ros2/local_setup.bash
[1.188s] -- Up-to-date: /home/lzh/VMC_Quadruped/install/rs_motor_ros2/share/rs_motor_ros2/local_setup.sh
[1.188s] -- Up-to-date: /home/lzh/VMC_Quadruped/install/rs_motor_ros2/share/rs_motor_ros2/local_setup.zsh
[1.188s] -- Installing: /home/lzh/VMC_Quadruped/install/rs_motor_ros2/share/rs_motor_ros2/local_setup.dsv
[1.188s] -- Installing: /home/lzh/VMC_Quadruped/install/rs_motor_ros2/share/rs_motor_ros2/package.dsv
[1.189s] -- Up-to-date: /home/lzh/VMC_Quadruped/install/rs_motor_ros2/share/ament_index/resource_index/packages/rs_motor_ros2
[1.189s] -- Up-to-date: /home/lzh/VMC_Quadruped/install/rs_motor_ros2/share/rs_motor_ros2/cmake/ament_cmake_export_dependencies-extras.cmake
[1.189s] -- Up-to-date: /home/lzh/VMC_Quadruped/install/rs_motor_ros2/share/rs_motor_ros2/cmake/rs_motor_ros2Config.cmake
[1.189s] -- Up-to-date: /home/lzh/VMC_Quadruped/install/rs_motor_ros2/share/rs_motor_ros2/cmake/rs_motor_ros2Config-version.cmake
[1.189s] -- Up-to-date: /home/lzh/VMC_Quadruped/install/rs_motor_ros2/share/rs_motor_ros2/package.xml
[1.190s] Invoked command in '/home/lzh/VMC_Quadruped/build/rs_motor_ros2' returned '0': CMAKE_PREFIX_PATH=/home/lzh/VMC_Quadruped/install/interfaces:/home/lzh/VMC_Quadruped/install/rs_motor_ros2:/home/lzh/VMC_Quadruped/install/main_control:/home/lzh/VMC_Quadruped/install/estimation:/home/lzh/VMC_Quadruped/install/description:/home/lzh/VMC_Quadruped/src/robstride_ros_sample/install/rs_motor_ros2:/opt/ros/humble /usr/bin/cmake --install /home/lzh/VMC_Quadruped/build/rs_motor_ros2
