[0.009s] Invoking command in '/home/lzh/VMC_Quadruped/build/estimation': AMENT_PREFIX_PATH=/home/lzh/VMC_Quadruped/install/interfaces:${AMENT_PREFIX_PATH} CMAKE_PREFIX_PATH=/home/lzh/VMC_Quadruped/install/interfaces:/opt/ros/humble LD_LIBRARY_PATH=/home/lzh/VMC_Quadruped/install/interfaces/lib:${LD_LIBRARY_PATH} PYTHONPATH=/home/lzh/VMC_Quadruped/install/interfaces/local/lib/python3.10/dist-packages:${PYTHONPATH} /usr/bin/cmake --build /home/lzh/VMC_Quadruped/build/estimation -- -j16 -l16
[0.065s] Consolidate compiler generated dependencies of target estimation_kinematics
[0.078s] [ 20%] Building CXX object CMakeFiles/estimation_kinematics.dir/src/leg_kinematics.cpp.o
[0.699s] /home/lzh/VMC_Quadruped/src/estimation/src/leg_kinematics.cpp: In member function ‘Eigen::Matrix3d estimation::LegKinematics::computeInertiaMatrix(const Vector3d&) const’:
[0.699s] /home/lzh/VMC_Quadruped/src/estimation/src/leg_kinematics.cpp:8:12: warning: unused variable ‘l1’ [-Wunused-variable]
[0.699s]     8 |     double l1 = LegConstants::L_THIGH;
[0.699s]       |            ^~
[0.699s] /home/lzh/VMC_Quadruped/src/estimation/src/leg_kinematics.cpp:9:12: warning: unused variable ‘l2’ [-Wunused-variable]
[0.699s]     9 |     double l2 = LegConstants::L_CALF;
[0.699s]       |            ^~
[0.699s] /home/lzh/VMC_Quadruped/src/estimation/src/leg_kinematics.cpp:16:12: warning: unused variable ‘s12’ [-Wunused-variable]
[0.699s]    16 |     double s12 = std::sin(q(1) + q(2));  // sin(thigh + calf)
[0.699s]       |            ^~~
[0.700s] /home/lzh/VMC_Quadruped/src/estimation/src/leg_kinematics.cpp: In member function ‘Eigen::Vector3d estimation::LegKinematics::computeCoriolisTerm(const Vector3d&, const Vector3d&) const’:
[0.700s] /home/lzh/VMC_Quadruped/src/estimation/src/leg_kinematics.cpp:51:12: warning: unused variable ‘c2’ [-Wunused-variable]
[0.700s]    51 |     double c2 = std::cos(q(1));
[0.700s]       |            ^~
[0.855s] [ 40%] Linking CXX static library libestimation_kinematics.a
[0.902s] [ 40%] Built target estimation_kinematics
[0.936s] [ 60%] Building CXX object CMakeFiles/contact_detection_node.dir/src/gm_observer.cpp.o
[0.938s] [ 80%] Building CXX object CMakeFiles/contact_detection_node.dir/src/contact_detection_node.cpp.o
[1.564s] /home/lzh/VMC_Quadruped/src/estimation/src/gm_observer.cpp: In member function ‘void estimation::GMObserver::update(const Vector3d&, const Vector3d&, const Vector3d&, double)’:
[1.564s] /home/lzh/VMC_Quadruped/src/estimation/src/gm_observer.cpp:53:21: warning: variable ‘p_current’ set but not used [-Wunused-but-set-variable]
[1.564s]    53 |     Eigen::Vector3d p_current = M * q_dot;
[1.564s]       |                     ^~~~~~~~~
[1.564s] /home/lzh/VMC_Quadruped/src/estimation/src/gm_observer.cpp:15:33: warning: unused parameter ‘dt’ [-Wunused-parameter]
[1.564s]    15 |                          double dt) {
[1.564s]       |                          ~~~~~~~^~
[2.859s] /home/lzh/VMC_Quadruped/src/estimation/src/contact_detection_node.cpp: In member function ‘void estimation::ContactDetectionNode::on_motor_feedback(interfaces::msg::MotorFeedback12_<std::allocator<void> >::SharedPtr)’:
[2.859s] /home/lzh/VMC_Quadruped/src/estimation/src/contact_detection_node.cpp:52:19: error: no match for ‘operator-’ (operand types are ‘builtin_interfaces::msg::Time_<std::allocator<void> >’ and ‘rclcpp::Time’)
[2.859s]    52 |         dt = (now - prev_time_).seconds();
[2.859s]       |               ~~~ ^ ~~~~~~~~~~
[2.859s]       |               |     |
[2.860s]       |               |     rclcpp::Time
[2.860s]       |               builtin_interfaces::msg::Time_<std::allocator<void> >
[2.860s] In file included from /usr/include/c++/11/bits/stl_algobase.h:67,
[2.860s]                  from /usr/include/c++/11/memory:63,
[2.860s]                  from /home/lzh/VMC_Quadruped/src/estimation/include/estimation/contact_detection_node.hpp:4,
[2.860s]                  from /home/lzh/VMC_Quadruped/src/estimation/src/contact_detection_node.cpp:1:
[2.860s] /usr/include/c++/11/bits/stl_iterator.h:577:5: note: candidate: ‘template<class _IteratorL, class _IteratorR> constexpr decltype ((__y.base() - __x.base())) std::operator-(const std::reverse_iterator<_Iterator>&, const std::reverse_iterator<_IteratorR>&)’
[2.860s]   577 |     operator-(const reverse_iterator<_IteratorL>& __x,
[2.860s]       |     ^~~~~~~~
[2.860s] /usr/include/c++/11/bits/stl_iterator.h:577:5: note:   template argument deduction/substitution failed:
[2.860s] /home/lzh/VMC_Quadruped/src/estimation/src/contact_detection_node.cpp:52:21: note:   ‘builtin_interfaces::msg::Time_<std::allocator<void> >’ is not derived from ‘const std::reverse_iterator<_Iterator>’
[2.860s]    52 |         dt = (now - prev_time_).seconds();
[2.860s]       |                     ^~~~~~~~~~
[2.861s] In file included from /usr/include/c++/11/bits/stl_algobase.h:67,
[2.861s]                  from /usr/include/c++/11/memory:63,
[2.861s]                  from /home/lzh/VMC_Quadruped/src/estimation/include/estimation/contact_detection_node.hpp:4,
[2.861s]                  from /home/lzh/VMC_Quadruped/src/estimation/src/contact_detection_node.cpp:1:
[2.861s] /usr/include/c++/11/bits/stl_iterator.h:1693:5: note: candidate: ‘template<class _IteratorL, class _IteratorR> constexpr decltype ((__x.base() - __y.base())) std::operator-(const std::move_iterator<_IteratorL>&, const std::move_iterator<_IteratorR>&)’
[2.861s]  1693 |     operator-(const move_iterator<_IteratorL>& __x,
[2.861s]       |     ^~~~~~~~
[2.861s] /usr/include/c++/11/bits/stl_iterator.h:1693:5: note:   template argument deduction/substitution failed:
[2.861s] /home/lzh/VMC_Quadruped/src/estimation/src/contact_detection_node.cpp:52:21: note:   ‘builtin_interfaces::msg::Time_<std::allocator<void> >’ is not derived from ‘const std::move_iterator<_IteratorL>’
[2.861s]    52 |         dt = (now - prev_time_).seconds();
[2.861s]       |                     ^~~~~~~~~~
[2.861s] In file included from /usr/include/eigen3/Eigen/Core:50,
[2.861s]                  from /usr/include/eigen3/Eigen/Dense:1,
[2.862s]                  from /home/lzh/VMC_Quadruped/src/estimation/include/estimation/gm_observer.hpp:4,
[2.862s]                  from /home/lzh/VMC_Quadruped/src/estimation/include/estimation/contact_detection_node.hpp:16,
[2.862s]                  from /home/lzh/VMC_Quadruped/src/estimation/src/contact_detection_node.cpp:1:
[2.862s] /usr/include/c++/11/complex:362:5: note: candidate: ‘template<class _Tp> std::complex<_Tp> std::operator-(const std::complex<_Tp>&, const std::complex<_Tp>&)’
[2.862s]   362 |     operator-(const complex<_Tp>& __x, const complex<_Tp>& __y)
[2.862s]       |     ^~~~~~~~
[2.862s] /usr/include/c++/11/complex:362:5: note:   template argument deduction/substitution failed:
[2.862s] /home/lzh/VMC_Quadruped/src/estimation/src/contact_detection_node.cpp:52:21: note:   ‘builtin_interfaces::msg::Time_<std::allocator<void> >’ is not derived from ‘const std::complex<_Tp>’
[2.862s]    52 |         dt = (now - prev_time_).seconds();
[2.862s]       |                     ^~~~~~~~~~
[2.862s] In file included from /usr/include/eigen3/Eigen/Core:50,
[2.862s]                  from /usr/include/eigen3/Eigen/Dense:1,
[2.862s]                  from /home/lzh/VMC_Quadruped/src/estimation/include/estimation/gm_observer.hpp:4,
[2.862s]                  from /home/lzh/VMC_Quadruped/src/estimation/include/estimation/contact_detection_node.hpp:16,
[2.863s]                  from /home/lzh/VMC_Quadruped/src/estimation/src/contact_detection_node.cpp:1:
[2.863s] /usr/include/c++/11/complex:371:5: note: candidate: ‘template<class _Tp> std::complex<_Tp> std::operator-(const std::complex<_Tp>&, const _Tp&)’
[2.863s]   371 |     operator-(const complex<_Tp>& __x, const _Tp& __y)
[2.863s]       |     ^~~~~~~~
[2.863s] /usr/include/c++/11/complex:371:5: note:   template argument deduction/substitution failed:
[2.863s] /home/lzh/VMC_Quadruped/src/estimation/src/contact_detection_node.cpp:52:21: note:   ‘builtin_interfaces::msg::Time_<std::allocator<void> >’ is not derived from ‘const std::complex<_Tp>’
[2.863s]    52 |         dt = (now - prev_time_).seconds();
[2.863s]       |                     ^~~~~~~~~~
[2.863s] In file included from /usr/include/eigen3/Eigen/Core:50,
[2.863s]                  from /usr/include/eigen3/Eigen/Dense:1,
[2.863s]                  from /home/lzh/VMC_Quadruped/src/estimation/include/estimation/gm_observer.hpp:4,
[2.863s]                  from /home/lzh/VMC_Quadruped/src/estimation/include/estimation/contact_detection_node.hpp:16,
[2.863s]                  from /home/lzh/VMC_Quadruped/src/estimation/src/contact_detection_node.cpp:1:
[2.863s] /usr/include/c++/11/complex:380:5: note: candidate: ‘template<class _Tp> std::complex<_Tp> std::operator-(const _Tp&, const std::complex<_Tp>&)’
[2.863s]   380 |     operator-(const _Tp& __x, const complex<_Tp>& __y)
[2.863s]       |     ^~~~~~~~
[2.863s] /usr/include/c++/11/complex:380:5: note:   template argument deduction/substitution failed:
[2.864s] /home/lzh/VMC_Quadruped/src/estimation/src/contact_detection_node.cpp:52:21: note:   ‘rclcpp::Time’ is not derived from ‘const std::complex<_Tp>’
[2.864s]    52 |         dt = (now - prev_time_).seconds();
[2.864s]       |                     ^~~~~~~~~~
[2.864s] In file included from /usr/include/eigen3/Eigen/Core:50,
[2.864s]                  from /usr/include/eigen3/Eigen/Dense:1,
[2.864s]                  from /home/lzh/VMC_Quadruped/src/estimation/include/estimation/gm_observer.hpp:4,
[2.864s]                  from /home/lzh/VMC_Quadruped/src/estimation/include/estimation/contact_detection_node.hpp:16,
[2.864s]                  from /home/lzh/VMC_Quadruped/src/estimation/src/contact_detection_node.cpp:1:
[2.864s] /usr/include/c++/11/complex:457:5: note: candidate: ‘template<class _Tp> std::complex<_Tp> std::operator-(const std::complex<_Tp>&)’
[2.864s]   457 |     operator-(const complex<_Tp>& __x)
[2.864s]       |     ^~~~~~~~
[2.864s] /usr/include/c++/11/complex:457:5: note:   template argument deduction/substitution failed:
[2.864s] /home/lzh/VMC_Quadruped/src/estimation/src/contact_detection_node.cpp:52:21: note:   ‘builtin_interfaces::msg::Time_<std::allocator<void> >’ is not derived from ‘const std::complex<_Tp>’
[2.864s]    52 |         dt = (now - prev_time_).seconds();
[2.864s]       |                     ^~~~~~~~~~
[2.864s] /home/lzh/VMC_Quadruped/src/estimation/src/contact_detection_node.cpp:62:13: warning: unused variable ‘offset’ [-Wunused-variable]
[2.864s]    62 |         int offset = static_cast<int>(leg_idx) * LegConstants::JOINTS_PER_LEG;
[2.864s]       |             ^~~~~~
[4.956s] gmake[2]: *** [CMakeFiles/contact_detection_node.dir/build.make:76：CMakeFiles/contact_detection_node.dir/src/contact_detection_node.cpp.o] 错误 1
[4.956s] gmake[1]: *** [CMakeFiles/Makefile2:165：CMakeFiles/contact_detection_node.dir/all] 错误 2
[4.957s] gmake: *** [Makefile:146：all] 错误 2
[4.958s] Invoked command in '/home/lzh/VMC_Quadruped/build/estimation' returned '2': AMENT_PREFIX_PATH=/home/lzh/VMC_Quadruped/install/interfaces:${AMENT_PREFIX_PATH} CMAKE_PREFIX_PATH=/home/lzh/VMC_Quadruped/install/interfaces:/opt/ros/humble LD_LIBRARY_PATH=/home/lzh/VMC_Quadruped/install/interfaces/lib:${LD_LIBRARY_PATH} PYTHONPATH=/home/lzh/VMC_Quadruped/install/interfaces/local/lib/python3.10/dist-packages:${PYTHONPATH} /usr/bin/cmake --build /home/lzh/VMC_Quadruped/build/estimation -- -j16 -l16
