[0.013s] Invoking command in '/home/lzh/VMC_Quadruped/build/interfaces': CMAKE_PREFIX_PATH=${CMAKE_PREFIX_PATH}:/opt/ros/humble /usr/bin/cmake /home/lzh/VMC_Quadruped/src/interfaces -DCMAKE_INSTALL_PREFIX=/home/lzh/VMC_Quadruped/install/interfaces
[0.063s] -- The C compiler identification is GNU 11.4.0
[0.102s] -- The CXX compiler identification is GNU 11.4.0
[0.108s] -- Detecting C compiler ABI info
[0.168s] -- Detecting C compiler ABI info - done
[0.173s] -- Check for working C compiler: /usr/bin/cc - skipped
[0.174s] -- Detecting C compile features
[0.174s] -- Detecting C compile features - done
[0.176s] -- Detecting CXX compiler ABI info
[0.241s] -- Detecting CXX compiler ABI info - done
[0.246s] -- Check for working CXX compiler: /usr/bin/c++ - skipped
[0.246s] -- Detecting CXX compile features
[0.247s] -- Detecting CXX compile features - done
[0.248s] -- Found ament_cmake: 1.3.12 (/opt/ros/humble/share/ament_cmake/cmake)
[0.377s] -- Found Python3: /usr/bin/python3 (found version "3.10.12") found components: Interpreter 
[0.439s] -- Found rosidl_default_generators: 1.2.0 (/opt/ros/humble/share/rosidl_default_generators/cmake)
[0.441s] -- Using all available rosidl_typesupport_c: rosidl_typesupport_fastrtps_c;rosidl_typesupport_introspection_c
[0.445s] -- Found rosidl_adapter: 3.1.7 (/opt/ros/humble/share/rosidl_adapter/cmake)
[0.471s] -- Using all available rosidl_typesupport_cpp: rosidl_typesupport_fastrtps_cpp;rosidl_typesupport_introspection_cpp
[0.492s] -- Found std_msgs: 4.9.0 (/opt/ros/humble/share/std_msgs/cmake)
[0.509s] -- Found geometry_msgs: 4.9.0 (/opt/ros/humble/share/geometry_msgs/cmake)
[0.791s] -- Found ament_cmake_ros: 0.10.0 (/opt/ros/humble/share/ament_cmake_ros/cmake)
[1.011s] -- Using all available rosidl_typesupport_c: rosidl_typesupport_fastrtps_c;rosidl_typesupport_introspection_c
[1.290s] -- Using all available rosidl_typesupport_cpp: rosidl_typesupport_fastrtps_cpp;rosidl_typesupport_introspection_cpp
[1.320s] -- Found PythonInterp: /usr/bin/python3 (found suitable version "3.10.12", minimum required is "3.6") 
[1.321s] -- Found python_cmake_module: 0.10.0 (/opt/ros/humble/share/python_cmake_module/cmake)
[1.348s] -- Found PythonLibs: /usr/lib/x86_64-linux-gnu/libpython3.10.so (found suitable version "3.10.12", minimum required is "3.5") 
[1.348s] -- Using PYTHON_EXECUTABLE: /usr/bin/python3
[1.349s] -- Using PYTHON_INCLUDE_DIRS: /usr/include/python3.10
[1.349s] -- Using PYTHON_LIBRARIES: /usr/lib/x86_64-linux-gnu/libpython3.10.so
[1.375s] -- Found PythonExtra: .so  
[1.425s] -- Found ament_lint_auto: 0.12.14 (/opt/ros/humble/share/ament_lint_auto/cmake)
[1.436s] -- Added test 'lint_cmake' to check CMake code style
[1.437s] -- Added test 'xmllint' to check XML markup files
[1.438s] -- Configuring done
[1.467s] -- Generating done
[1.475s] -- Build files have been written to: /home/lzh/VMC_Quadruped/build/interfaces
[1.480s] Invoked command in '/home/lzh/VMC_Quadruped/build/interfaces' returned '0': CMAKE_PREFIX_PATH=${CMAKE_PREFIX_PATH}:/opt/ros/humble /usr/bin/cmake /home/lzh/VMC_Quadruped/src/interfaces -DCMAKE_INSTALL_PREFIX=/home/lzh/VMC_Quadruped/install/interfaces
[1.481s] Invoking command in '/home/lzh/VMC_Quadruped/build/interfaces': CMAKE_PREFIX_PATH=${CMAKE_PREFIX_PATH}:/opt/ros/humble /usr/bin/cmake --build /home/lzh/VMC_Quadruped/build/interfaces -- -j16 -l16
[1.519s] [  1%] [34m[1mGenerating C code for ROS interfaces[0m
[1.553s] [  1%] [34m[1mGenerating C++ code for ROS interfaces[0m
[1.557s] [  1%] Built target ament_cmake_python_copy_interfaces
[1.714s] running egg_info
[1.715s] creating interfaces.egg-info
[1.715s] writing interfaces.egg-info/PKG-INFO
[1.715s] writing dependency_links to interfaces.egg-info/dependency_links.txt
[1.715s] writing top-level names to interfaces.egg-info/top_level.txt
[1.715s] writing manifest file 'interfaces.egg-info/SOURCES.txt'
[1.716s] reading manifest file 'interfaces.egg-info/SOURCES.txt'
[1.717s] writing manifest file 'interfaces.egg-info/SOURCES.txt'
[1.744s] [  1%] Built target ament_cmake_python_build_interfaces_egg
[2.338s] [  2%] [32mBuilding C object CMakeFiles/interfaces__rosidl_generator_c.dir/rosidl_generator_c/interfaces/msg/detail/base_state__functions.c.o[0m
[2.342s] [  3%] [32mBuilding C object CMakeFiles/interfaces__rosidl_generator_c.dir/rosidl_generator_c/interfaces/msg/detail/contact_state__functions.c.o[0m
[2.344s] [  4%] [32mBuilding C object CMakeFiles/interfaces__rosidl_generator_c.dir/rosidl_generator_c/interfaces/msg/detail/gait_phase__functions.c.o[0m
[2.344s] [  5%] [32mBuilding C object CMakeFiles/interfaces__rosidl_generator_c.dir/rosidl_generator_c/interfaces/msg/detail/motion_command__functions.c.o[0m
[2.344s] [  6%] [32mBuilding C object CMakeFiles/interfaces__rosidl_generator_c.dir/rosidl_generator_c/interfaces/msg/detail/single_foot_state__functions.c.o[0m
[2.346s] [  7%] [32mBuilding C object CMakeFiles/interfaces__rosidl_generator_c.dir/rosidl_generator_c/interfaces/msg/detail/motor_command__functions.c.o[0m
[2.348s] [  8%] [32mBuilding C object CMakeFiles/interfaces__rosidl_generator_c.dir/rosidl_generator_c/interfaces/msg/detail/foot_state__functions.c.o[0m
[2.349s] [  9%] [32mBuilding C object CMakeFiles/interfaces__rosidl_generator_c.dir/rosidl_generator_c/interfaces/msg/detail/motor_command12__functions.c.o[0m
[2.353s] [ 10%] [32mBuilding C object CMakeFiles/interfaces__rosidl_generator_c.dir/rosidl_generator_c/interfaces/msg/detail/motor_feedback__functions.c.o[0m
[2.356s] [ 11%] [32mBuilding C object CMakeFiles/interfaces__rosidl_generator_c.dir/rosidl_generator_c/interfaces/msg/detail/motor_feedback12__functions.c.o[0m
[2.394s] [ 11%] Built target interfaces__cpp
[2.402s] [ 12%] [34m[1mGenerating C++ type support dispatch for ROS interfaces[0m
[2.403s] [ 13%] [34m[1mGenerating C++ type support for eProsima Fast-RTPS[0m
[2.407s] [ 14%] [34m[1mGenerating C++ introspection for ROS interfaces[0m
[2.415s] [ 15%] [32m[1mLinking C shared library libinterfaces__rosidl_generator_c.so[0m
[2.445s] [ 15%] Built target interfaces__rosidl_generator_c
[2.458s] [ 16%] [34m[1mGenerating C type support dispatch for ROS interfaces[0m
[2.458s] [ 17%] [34m[1mGenerating C type support for eProsima Fast-RTPS[0m
[2.458s] [ 18%] [34m[1mGenerating C introspection for ROS interfaces[0m
[3.032s] [ 19%] [32mBuilding CXX object CMakeFiles/interfaces__rosidl_typesupport_cpp.dir/rosidl_typesupport_cpp/interfaces/msg/base_state__type_support.cpp.o[0m
[3.033s] [ 20%] [32mBuilding CXX object CMakeFiles/interfaces__rosidl_typesupport_cpp.dir/rosidl_typesupport_cpp/interfaces/msg/motion_command__type_support.cpp.o[0m
[3.033s] [ 21%] [32mBuilding CXX object CMakeFiles/interfaces__rosidl_typesupport_cpp.dir/rosidl_typesupport_cpp/interfaces/msg/single_foot_state__type_support.cpp.o[0m
[3.035s] [ 23%] [32mBuilding CXX object CMakeFiles/interfaces__rosidl_typesupport_cpp.dir/rosidl_typesupport_cpp/interfaces/msg/gait_phase__type_support.cpp.o[0m
[3.035s] [ 24%] [32mBuilding CXX object CMakeFiles/interfaces__rosidl_typesupport_cpp.dir/rosidl_typesupport_cpp/interfaces/msg/motor_feedback__type_support.cpp.o[0m
[3.035s] [ 24%] [32mBuilding CXX object CMakeFiles/interfaces__rosidl_typesupport_cpp.dir/rosidl_typesupport_cpp/interfaces/msg/contact_state__type_support.cpp.o[0m
[3.036s] [ 25%] [32mBuilding CXX object CMakeFiles/interfaces__rosidl_typesupport_cpp.dir/rosidl_typesupport_cpp/interfaces/msg/motor_command__type_support.cpp.o[0m
[3.036s] [ 26%] [32mBuilding CXX object CMakeFiles/interfaces__rosidl_typesupport_cpp.dir/rosidl_typesupport_cpp/interfaces/msg/motor_feedback12__type_support.cpp.o[0m
[3.037s] [ 27%] [32mBuilding CXX object CMakeFiles/interfaces__rosidl_typesupport_cpp.dir/rosidl_typesupport_cpp/interfaces/msg/foot_state__type_support.cpp.o[0m
[3.038s] [ 28%] [32mBuilding CXX object CMakeFiles/interfaces__rosidl_typesupport_cpp.dir/rosidl_typesupport_cpp/interfaces/msg/motor_command12__type_support.cpp.o[0m
[3.150s] [ 30%] [32mBuilding CXX object CMakeFiles/interfaces__rosidl_typesupport_c.dir/rosidl_typesupport_c/interfaces/msg/contact_state__type_support.cpp.o[0m
[3.151s] [ 29%] [32mBuilding CXX object CMakeFiles/interfaces__rosidl_typesupport_c.dir/rosidl_typesupport_c/interfaces/msg/base_state__type_support.cpp.o[0m
[3.197s] [ 31%] [32mBuilding CXX object CMakeFiles/interfaces__rosidl_typesupport_c.dir/rosidl_typesupport_c/interfaces/msg/gait_phase__type_support.cpp.o[0m
[3.199s] [ 32%] [32mBuilding CXX object CMakeFiles/interfaces__rosidl_typesupport_c.dir/rosidl_typesupport_c/interfaces/msg/motion_command__type_support.cpp.o[0m
[3.231s] [ 33%] [32mBuilding CXX object CMakeFiles/interfaces__rosidl_typesupport_c.dir/rosidl_typesupport_c/interfaces/msg/single_foot_state__type_support.cpp.o[0m
[3.238s] [ 34%] [32mBuilding CXX object CMakeFiles/interfaces__rosidl_typesupport_c.dir/rosidl_typesupport_c/interfaces/msg/foot_state__type_support.cpp.o[0m
[3.269s] [ 35%] [32mBuilding CXX object CMakeFiles/interfaces__rosidl_typesupport_c.dir/rosidl_typesupport_c/interfaces/msg/motor_command__type_support.cpp.o[0m
[3.297s] [ 36%] [32mBuilding CXX object CMakeFiles/interfaces__rosidl_typesupport_c.dir/rosidl_typesupport_c/interfaces/msg/motor_command12__type_support.cpp.o[0m
[3.318s] [ 36%] [32mBuilding CXX object CMakeFiles/interfaces__rosidl_typesupport_c.dir/rosidl_typesupport_c/interfaces/msg/motor_feedback__type_support.cpp.o[0m
[3.324s] [ 37%] [32mBuilding CXX object CMakeFiles/interfaces__rosidl_typesupport_c.dir/rosidl_typesupport_c/interfaces/msg/motor_feedback12__type_support.cpp.o[0m
[3.363s] [ 39%] [32mBuilding CXX object CMakeFiles/interfaces__rosidl_typesupport_fastrtps_c.dir/rosidl_typesupport_fastrtps_c/interfaces/msg/detail/motion_command__type_support_c.cpp.o[0m
[3.365s] [ 39%] [32m[1mLinking CXX shared library libinterfaces__rosidl_typesupport_c.so[0m
[3.366s] [ 40%] [32mBuilding CXX object CMakeFiles/interfaces__rosidl_typesupport_fastrtps_c.dir/rosidl_typesupport_fastrtps_c/interfaces/msg/detail/single_foot_state__type_support_c.cpp.o[0m
[3.366s] [ 41%] [32mBuilding CXX object CMakeFiles/interfaces__rosidl_typesupport_fastrtps_c.dir/rosidl_typesupport_fastrtps_c/interfaces/msg/detail/base_state__type_support_c.cpp.o[0m
[3.366s] [ 42%] [32mBuilding CXX object CMakeFiles/interfaces__rosidl_typesupport_fastrtps_c.dir/rosidl_typesupport_fastrtps_c/interfaces/msg/detail/contact_state__type_support_c.cpp.o[0m
[3.366s] [ 43%] [32mBuilding CXX object CMakeFiles/interfaces__rosidl_typesupport_fastrtps_c.dir/rosidl_typesupport_fastrtps_c/interfaces/msg/detail/gait_phase__type_support_c.cpp.o[0m
[3.366s] [ 44%] [32mBuilding CXX object CMakeFiles/interfaces__rosidl_typesupport_fastrtps_c.dir/rosidl_typesupport_fastrtps_c/interfaces/msg/detail/motor_command__type_support_c.cpp.o[0m
[3.366s] [ 45%] [32mBuilding CXX object CMakeFiles/interfaces__rosidl_typesupport_fastrtps_c.dir/rosidl_typesupport_fastrtps_c/interfaces/msg/detail/foot_state__type_support_c.cpp.o[0m
[3.367s] [ 46%] [32mBuilding CXX object CMakeFiles/interfaces__rosidl_typesupport_fastrtps_c.dir/rosidl_typesupport_fastrtps_c/interfaces/msg/detail/motor_command12__type_support_c.cpp.o[0m
[3.375s] [ 47%] [32mBuilding CXX object CMakeFiles/interfaces__rosidl_typesupport_fastrtps_c.dir/rosidl_typesupport_fastrtps_c/interfaces/msg/detail/motor_feedback__type_support_c.cpp.o[0m
[3.378s] [ 48%] [32mBuilding CXX object CMakeFiles/interfaces__rosidl_typesupport_fastrtps_c.dir/rosidl_typesupport_fastrtps_c/interfaces/msg/detail/motor_feedback12__type_support_c.cpp.o[0m
[3.396s] [ 49%] [32mBuilding CXX object CMakeFiles/interfaces__rosidl_typesupport_fastrtps_cpp.dir/rosidl_typesupport_fastrtps_cpp/interfaces/msg/detail/dds_fastrtps/contact_state__type_support.cpp.o[0m
[3.397s] [ 49%] Built target interfaces__rosidl_typesupport_c
[3.401s] [ 50%] [32mBuilding CXX object CMakeFiles/interfaces__rosidl_typesupport_fastrtps_cpp.dir/rosidl_typesupport_fastrtps_cpp/interfaces/msg/detail/dds_fastrtps/base_state__type_support.cpp.o[0m
[3.404s] [ 50%] [32mBuilding CXX object CMakeFiles/interfaces__rosidl_typesupport_fastrtps_cpp.dir/rosidl_typesupport_fastrtps_cpp/interfaces/msg/detail/dds_fastrtps/gait_phase__type_support.cpp.o[0m
[3.444s] [ 51%] [32m[1mLinking CXX shared library libinterfaces__rosidl_typesupport_cpp.so[0m
[3.559s] [ 51%] Built target interfaces__rosidl_typesupport_cpp
[3.574s] [ 52%] [32mBuilding CXX object CMakeFiles/interfaces__rosidl_typesupport_fastrtps_cpp.dir/rosidl_typesupport_fastrtps_cpp/interfaces/msg/detail/dds_fastrtps/motion_command__type_support.cpp.o[0m
[3.699s] [ 53%] [32mBuilding CXX object CMakeFiles/interfaces__rosidl_typesupport_fastrtps_cpp.dir/rosidl_typesupport_fastrtps_cpp/interfaces/msg/detail/dds_fastrtps/single_foot_state__type_support.cpp.o[0m
[3.710s] [ 54%] [32mBuilding CXX object CMakeFiles/interfaces__rosidl_typesupport_fastrtps_cpp.dir/rosidl_typesupport_fastrtps_cpp/interfaces/msg/detail/dds_fastrtps/foot_state__type_support.cpp.o[0m
[3.732s] [ 55%] [32mBuilding CXX object CMakeFiles/interfaces__rosidl_typesupport_fastrtps_cpp.dir/rosidl_typesupport_fastrtps_cpp/interfaces/msg/detail/dds_fastrtps/motor_command__type_support.cpp.o[0m
[3.751s] [ 56%] [32mBuilding CXX object CMakeFiles/interfaces__rosidl_typesupport_fastrtps_cpp.dir/rosidl_typesupport_fastrtps_cpp/interfaces/msg/detail/dds_fastrtps/motor_command12__type_support.cpp.o[0m
[3.778s] [ 57%] [32mBuilding CXX object CMakeFiles/interfaces__rosidl_typesupport_fastrtps_cpp.dir/rosidl_typesupport_fastrtps_cpp/interfaces/msg/detail/dds_fastrtps/motor_feedback__type_support.cpp.o[0m
[3.811s] [ 58%] [32mBuilding CXX object CMakeFiles/interfaces__rosidl_typesupport_fastrtps_cpp.dir/rosidl_typesupport_fastrtps_cpp/interfaces/msg/detail/dds_fastrtps/motor_feedback12__type_support.cpp.o[0m
[3.819s] [ 59%] [32mBuilding CXX object CMakeFiles/interfaces__rosidl_typesupport_introspection_cpp.dir/rosidl_typesupport_introspection_cpp/interfaces/msg/detail/base_state__type_support.cpp.o[0m
[3.821s] [ 60%] [32mBuilding CXX object CMakeFiles/interfaces__rosidl_typesupport_introspection_cpp.dir/rosidl_typesupport_introspection_cpp/interfaces/msg/detail/contact_state__type_support.cpp.o[0m
[3.828s] [ 61%] [32mBuilding CXX object CMakeFiles/interfaces__rosidl_typesupport_introspection_cpp.dir/rosidl_typesupport_introspection_cpp/interfaces/msg/detail/gait_phase__type_support.cpp.o[0m
[3.866s] [ 62%] [32mBuilding CXX object CMakeFiles/interfaces__rosidl_typesupport_introspection_cpp.dir/rosidl_typesupport_introspection_cpp/interfaces/msg/detail/single_foot_state__type_support.cpp.o[0m
[3.866s] [ 63%] [32mBuilding CXX object CMakeFiles/interfaces__rosidl_typesupport_introspection_cpp.dir/rosidl_typesupport_introspection_cpp/interfaces/msg/detail/motion_command__type_support.cpp.o[0m
[3.898s] [ 64%] [32mBuilding CXX object CMakeFiles/interfaces__rosidl_typesupport_introspection_cpp.dir/rosidl_typesupport_introspection_cpp/interfaces/msg/detail/foot_state__type_support.cpp.o[0m
[3.934s] [ 65%] [32mBuilding CXX object CMakeFiles/interfaces__rosidl_typesupport_introspection_cpp.dir/rosidl_typesupport_introspection_cpp/interfaces/msg/detail/motor_command__type_support.cpp.o[0m
[3.966s] [ 66%] [32m[1mLinking CXX shared library libinterfaces__rosidl_typesupport_fastrtps_c.so[0m
[4.083s] [ 67%] [32mBuilding C object CMakeFiles/interfaces__rosidl_typesupport_introspection_c.dir/rosidl_typesupport_introspection_c/interfaces/msg/detail/base_state__type_support.c.o[0m
[4.124s] [ 68%] [32mBuilding C object CMakeFiles/interfaces__rosidl_typesupport_introspection_c.dir/rosidl_typesupport_introspection_c/interfaces/msg/detail/contact_state__type_support.c.o[0m
[4.146s] [ 68%] Built target interfaces__rosidl_typesupport_fastrtps_c
[4.156s] [ 69%] [32mBuilding CXX object CMakeFiles/interfaces__rosidl_typesupport_introspection_cpp.dir/rosidl_typesupport_introspection_cpp/interfaces/msg/detail/motor_command12__type_support.cpp.o[0m
[4.166s] [ 70%] [32mBuilding C object CMakeFiles/interfaces__rosidl_typesupport_introspection_c.dir/rosidl_typesupport_introspection_c/interfaces/msg/detail/gait_phase__type_support.c.o[0m
[4.166s] [ 71%] [32mBuilding CXX object CMakeFiles/interfaces__rosidl_typesupport_introspection_cpp.dir/rosidl_typesupport_introspection_cpp/interfaces/msg/detail/motor_feedback__type_support.cpp.o[0m
[4.175s] [ 72%] [32mBuilding C object CMakeFiles/interfaces__rosidl_typesupport_introspection_c.dir/rosidl_typesupport_introspection_c/interfaces/msg/detail/motion_command__type_support.c.o[0m
[4.208s] [ 73%] [32mBuilding CXX object CMakeFiles/interfaces__rosidl_typesupport_introspection_cpp.dir/rosidl_typesupport_introspection_cpp/interfaces/msg/detail/motor_feedback12__type_support.cpp.o[0m
[4.210s] [ 74%] [32mBuilding C object CMakeFiles/interfaces__rosidl_typesupport_introspection_c.dir/rosidl_typesupport_introspection_c/interfaces/msg/detail/single_foot_state__type_support.c.o[0m
[4.225s] [ 75%] [32mBuilding C object CMakeFiles/interfaces__rosidl_typesupport_introspection_c.dir/rosidl_typesupport_introspection_c/interfaces/msg/detail/foot_state__type_support.c.o[0m
[4.230s] [ 76%] [32mBuilding C object CMakeFiles/interfaces__rosidl_typesupport_introspection_c.dir/rosidl_typesupport_introspection_c/interfaces/msg/detail/motor_command__type_support.c.o[0m
[4.249s] [ 77%] [32mBuilding C object CMakeFiles/interfaces__rosidl_typesupport_introspection_c.dir/rosidl_typesupport_introspection_c/interfaces/msg/detail/motor_command12__type_support.c.o[0m
[4.251s] [ 78%] [32mBuilding C object CMakeFiles/interfaces__rosidl_typesupport_introspection_c.dir/rosidl_typesupport_introspection_c/interfaces/msg/detail/motor_feedback__type_support.c.o[0m
[4.264s] [ 79%] [32mBuilding C object CMakeFiles/interfaces__rosidl_typesupport_introspection_c.dir/rosidl_typesupport_introspection_c/interfaces/msg/detail/motor_feedback12__type_support.c.o[0m
[4.307s] [ 80%] [32m[1mLinking CXX shared library libinterfaces__rosidl_typesupport_fastrtps_cpp.so[0m
[4.308s] [ 81%] [32m[1mLinking C shared library libinterfaces__rosidl_typesupport_introspection_c.so[0m
[4.341s] [ 81%] Built target interfaces__rosidl_typesupport_introspection_c
[4.375s] [ 81%] Built target interfaces__rosidl_typesupport_fastrtps_cpp
[4.540s] [ 82%] [32m[1mLinking CXX shared library libinterfaces__rosidl_typesupport_introspection_cpp.so[0m
[4.596s] [ 82%] Built target interfaces__rosidl_typesupport_introspection_cpp
[4.619s] [ 82%] Built target interfaces
[4.642s] [ 83%] [34m[1mGenerating Python code for ROS interfaces[0m
[5.963s] [ 83%] Built target interfaces__py
[5.982s] [ 84%] [32mBuilding C object CMakeFiles/interfaces__rosidl_generator_py.dir/rosidl_generator_py/interfaces/msg/_gait_phase_s.c.o[0m
[5.983s] [ 85%] [32mBuilding C object CMakeFiles/interfaces__rosidl_generator_py.dir/rosidl_generator_py/interfaces/msg/_motion_command_s.c.o[0m
[5.983s] [ 86%] [32mBuilding C object CMakeFiles/interfaces__rosidl_generator_py.dir/rosidl_generator_py/interfaces/msg/_foot_state_s.c.o[0m
[5.983s] [ 87%] [32mBuilding C object CMakeFiles/interfaces__rosidl_generator_py.dir/rosidl_generator_py/interfaces/msg/_base_state_s.c.o[0m
[5.984s] [ 88%] [32mBuilding C object CMakeFiles/interfaces__rosidl_generator_py.dir/rosidl_generator_py/interfaces/msg/_contact_state_s.c.o[0m
[5.985s] [ 89%] [32mBuilding C object CMakeFiles/interfaces__rosidl_generator_py.dir/rosidl_generator_py/interfaces/msg/_single_foot_state_s.c.o[0m
[5.985s] [ 90%] [32mBuilding C object CMakeFiles/interfaces__rosidl_generator_py.dir/rosidl_generator_py/interfaces/msg/_motor_command_s.c.o[0m
[5.986s] [ 91%] [32mBuilding C object CMakeFiles/interfaces__rosidl_generator_py.dir/rosidl_generator_py/interfaces/msg/_motor_command12_s.c.o[0m
[5.987s] [ 92%] [32mBuilding C object CMakeFiles/interfaces__rosidl_generator_py.dir/rosidl_generator_py/interfaces/msg/_motor_feedback12_s.c.o[0m
[5.987s] [ 93%] [32mBuilding C object CMakeFiles/interfaces__rosidl_generator_py.dir/rosidl_generator_py/interfaces/msg/_motor_feedback_s.c.o[0m
[6.114s] [ 94%] [32m[1mLinking C shared library rosidl_generator_py/interfaces/libinterfaces__rosidl_generator_py.so[0m
[6.155s] [ 94%] Built target interfaces__rosidl_generator_py
[6.198s] [ 95%] [32mBuilding C object CMakeFiles/interfaces__rosidl_typesupport_introspection_c__pyext.dir/rosidl_generator_py/interfaces/_interfaces_s.ep.rosidl_typesupport_introspection_c.c.o[0m
[6.205s] [ 96%] [32mBuilding C object CMakeFiles/interfaces__rosidl_typesupport_fastrtps_c__pyext.dir/rosidl_generator_py/interfaces/_interfaces_s.ep.rosidl_typesupport_fastrtps_c.c.o[0m
[6.206s] [ 97%] [32mBuilding C object CMakeFiles/interfaces__rosidl_typesupport_c__pyext.dir/rosidl_generator_py/interfaces/_interfaces_s.ep.rosidl_typesupport_c.c.o[0m
[6.298s] [ 98%] [32m[1mLinking C shared library rosidl_generator_py/interfaces/interfaces_s__rosidl_typesupport_fastrtps_c.cpython-310-x86_64-linux-gnu.so[0m
[6.299s] [ 99%] [32m[1mLinking C shared library rosidl_generator_py/interfaces/interfaces_s__rosidl_typesupport_introspection_c.cpython-310-x86_64-linux-gnu.so[0m
[6.325s] [100%] [32m[1mLinking C shared library rosidl_generator_py/interfaces/interfaces_s__rosidl_typesupport_c.cpython-310-x86_64-linux-gnu.so[0m
[6.333s] [100%] Built target interfaces__rosidl_typesupport_introspection_c__pyext
[6.333s] [100%] Built target interfaces__rosidl_typesupport_fastrtps_c__pyext
[6.364s] [100%] Built target interfaces__rosidl_typesupport_c__pyext
[6.375s] Invoked command in '/home/lzh/VMC_Quadruped/build/interfaces' returned '0': CMAKE_PREFIX_PATH=${CMAKE_PREFIX_PATH}:/opt/ros/humble /usr/bin/cmake --build /home/lzh/VMC_Quadruped/build/interfaces -- -j16 -l16
[6.376s] Invoking command in '/home/lzh/VMC_Quadruped/build/interfaces': CMAKE_PREFIX_PATH=${CMAKE_PREFIX_PATH}:/opt/ros/humble /usr/bin/cmake --install /home/lzh/VMC_Quadruped/build/interfaces
[6.384s] -- Install configuration: ""
[6.384s] -- Installing: /home/lzh/VMC_Quadruped/install/interfaces/share/ament_index/resource_index/rosidl_interfaces/interfaces
[6.385s] -- Installing: /home/lzh/VMC_Quadruped/install/interfaces/include/interfaces/interfaces
[6.385s] -- Installing: /home/lzh/VMC_Quadruped/install/interfaces/include/interfaces/interfaces/msg
[6.385s] -- Installing: /home/lzh/VMC_Quadruped/install/interfaces/include/interfaces/interfaces/msg/detail
[6.385s] -- Installing: /home/lzh/VMC_Quadruped/install/interfaces/include/interfaces/interfaces/msg/detail/base_state__functions.c
[6.385s] -- Installing: /home/lzh/VMC_Quadruped/install/interfaces/include/interfaces/interfaces/msg/detail/motor_command12__struct.h
[6.385s] -- Installing: /home/lzh/VMC_Quadruped/install/interfaces/include/interfaces/interfaces/msg/detail/single_foot_state__struct.h
[6.385s] -- Installing: /home/lzh/VMC_Quadruped/install/interfaces/include/interfaces/interfaces/msg/detail/motion_command__struct.h
[6.385s] -- Installing: /home/lzh/VMC_Quadruped/install/interfaces/include/interfaces/interfaces/msg/detail/gait_phase__functions.c
[6.385s] -- Installing: /home/lzh/VMC_Quadruped/install/interfaces/include/interfaces/interfaces/msg/detail/base_state__type_support.h
[6.385s] -- Installing: /home/lzh/VMC_Quadruped/install/interfaces/include/interfaces/interfaces/msg/detail/motor_feedback__functions.c
[6.385s] -- Installing: /home/lzh/VMC_Quadruped/install/interfaces/include/interfaces/interfaces/msg/detail/contact_state__type_support.h
[6.386s] -- Installing: /home/lzh/VMC_Quadruped/install/interfaces/include/interfaces/interfaces/msg/detail/motor_command12__functions.c
[6.386s] -- Installing: /home/lzh/VMC_Quadruped/install/interfaces/include/interfaces/interfaces/msg/detail/motor_feedback12__functions.h
[6.386s] -- Installing: /home/lzh/VMC_Quadruped/install/interfaces/include/interfaces/interfaces/msg/detail/base_state__struct.h
[6.386s] -- Installing: /home/lzh/VMC_Quadruped/install/interfaces/include/interfaces/interfaces/msg/detail/single_foot_state__functions.c
[6.386s] -- Installing: /home/lzh/VMC_Quadruped/install/interfaces/include/interfaces/interfaces/msg/detail/motion_command__functions.c
[6.386s] -- Installing: /home/lzh/VMC_Quadruped/install/interfaces/include/interfaces/interfaces/msg/detail/motor_command__struct.h
[6.386s] -- Installing: /home/lzh/VMC_Quadruped/install/interfaces/include/interfaces/interfaces/msg/detail/motor_feedback__type_support.h
[6.386s] -- Installing: /home/lzh/VMC_Quadruped/install/interfaces/include/interfaces/interfaces/msg/detail/foot_state__struct.h
[6.386s] -- Installing: /home/lzh/VMC_Quadruped/install/interfaces/include/interfaces/interfaces/msg/detail/motor_feedback12__functions.c
[6.386s] -- Installing: /home/lzh/VMC_Quadruped/install/interfaces/include/interfaces/interfaces/msg/detail/motor_command__functions.c
[6.386s] -- Installing: /home/lzh/VMC_Quadruped/install/interfaces/include/interfaces/interfaces/msg/detail/motor_command__type_support.h
[6.386s] -- Installing: /home/lzh/VMC_Quadruped/install/interfaces/include/interfaces/interfaces/msg/detail/single_foot_state__functions.h
[6.386s] -- Installing: /home/lzh/VMC_Quadruped/install/interfaces/include/interfaces/interfaces/msg/detail/foot_state__type_support.h
[6.386s] -- Installing: /home/lzh/VMC_Quadruped/install/interfaces/include/interfaces/interfaces/msg/detail/foot_state__functions.c
[6.387s] -- Installing: /home/lzh/VMC_Quadruped/install/interfaces/include/interfaces/interfaces/msg/detail/base_state__functions.h
[6.387s] -- Installing: /home/lzh/VMC_Quadruped/install/interfaces/include/interfaces/interfaces/msg/detail/contact_state__functions.c
[6.387s] -- Installing: /home/lzh/VMC_Quadruped/install/interfaces/include/interfaces/interfaces/msg/detail/motion_command__functions.h
[6.387s] -- Installing: /home/lzh/VMC_Quadruped/install/interfaces/include/interfaces/interfaces/msg/detail/motor_command12__type_support.h
[6.387s] -- Installing: /home/lzh/VMC_Quadruped/install/interfaces/include/interfaces/interfaces/msg/detail/gait_phase__functions.h
[6.387s] -- Installing: /home/lzh/VMC_Quadruped/install/interfaces/include/interfaces/interfaces/msg/detail/motor_feedback__functions.h
[6.387s] -- Installing: /home/lzh/VMC_Quadruped/install/interfaces/include/interfaces/interfaces/msg/detail/contact_state__functions.h
[6.387s] -- Installing: /home/lzh/VMC_Quadruped/install/interfaces/include/interfaces/interfaces/msg/detail/motor_feedback12__type_support.h
[6.387s] -- Installing: /home/lzh/VMC_Quadruped/install/interfaces/include/interfaces/interfaces/msg/detail/motor_feedback__struct.h
[6.387s] -- Installing: /home/lzh/VMC_Quadruped/install/interfaces/include/interfaces/interfaces/msg/detail/foot_state__functions.h
[6.387s] -- Installing: /home/lzh/VMC_Quadruped/install/interfaces/include/interfaces/interfaces/msg/detail/motor_command__functions.h
[6.387s] -- Installing: /home/lzh/VMC_Quadruped/install/interfaces/include/interfaces/interfaces/msg/detail/single_foot_state__type_support.h
[6.387s] -- Installing: /home/lzh/VMC_Quadruped/install/interfaces/include/interfaces/interfaces/msg/detail/contact_state__struct.h
[6.387s] -- Installing: /home/lzh/VMC_Quadruped/install/interfaces/include/interfaces/interfaces/msg/detail/motor_feedback12__struct.h
[6.388s] -- Installing: /home/lzh/VMC_Quadruped/install/interfaces/include/interfaces/interfaces/msg/detail/gait_phase__struct.h
[6.388s] -- Installing: /home/lzh/VMC_Quadruped/install/interfaces/include/interfaces/interfaces/msg/detail/motor_command12__functions.h
[6.388s] -- Installing: /home/lzh/VMC_Quadruped/install/interfaces/include/interfaces/interfaces/msg/detail/motion_command__type_support.h
[6.388s] -- Installing: /home/lzh/VMC_Quadruped/install/interfaces/include/interfaces/interfaces/msg/detail/gait_phase__type_support.h
[6.388s] -- Installing: /home/lzh/VMC_Quadruped/install/interfaces/include/interfaces/interfaces/msg/motor_feedback.h
[6.388s] -- Installing: /home/lzh/VMC_Quadruped/install/interfaces/include/interfaces/interfaces/msg/motor_command12.h
[6.388s] -- Installing: /home/lzh/VMC_Quadruped/install/interfaces/include/interfaces/interfaces/msg/single_foot_state.h
[6.388s] -- Installing: /home/lzh/VMC_Quadruped/install/interfaces/include/interfaces/interfaces/msg/rosidl_generator_c__visibility_control.h
[6.388s] -- Installing: /home/lzh/VMC_Quadruped/install/interfaces/include/interfaces/interfaces/msg/motor_feedback12.h
[6.388s] -- Installing: /home/lzh/VMC_Quadruped/install/interfaces/include/interfaces/interfaces/msg/contact_state.h
[6.388s] -- Installing: /home/lzh/VMC_Quadruped/install/interfaces/include/interfaces/interfaces/msg/foot_state.h
[6.388s] -- Installing: /home/lzh/VMC_Quadruped/install/interfaces/include/interfaces/interfaces/msg/motor_command.h
[6.388s] -- Installing: /home/lzh/VMC_Quadruped/install/interfaces/include/interfaces/interfaces/msg/motion_command.h
[6.388s] -- Installing: /home/lzh/VMC_Quadruped/install/interfaces/include/interfaces/interfaces/msg/gait_phase.h
[6.388s] -- Installing: /home/lzh/VMC_Quadruped/install/interfaces/include/interfaces/interfaces/msg/base_state.h
[6.388s] -- Installing: /home/lzh/VMC_Quadruped/install/interfaces/share/interfaces/environment/library_path.sh
[6.388s] -- Installing: /home/lzh/VMC_Quadruped/install/interfaces/share/interfaces/environment/library_path.dsv
[6.388s] -- Installing: /home/lzh/VMC_Quadruped/install/interfaces/lib/libinterfaces__rosidl_generator_c.so
[6.389s] -- Set runtime path of "/home/lzh/VMC_Quadruped/install/interfaces/lib/libinterfaces__rosidl_generator_c.so" to ""
[6.389s] -- Up-to-date: /home/lzh/VMC_Quadruped/install/interfaces/include/interfaces/interfaces
[6.389s] -- Up-to-date: /home/lzh/VMC_Quadruped/install/interfaces/include/interfaces/interfaces/msg
[6.389s] -- Up-to-date: /home/lzh/VMC_Quadruped/install/interfaces/include/interfaces/interfaces/msg/detail
[6.389s] -- Installing: /home/lzh/VMC_Quadruped/install/interfaces/include/interfaces/interfaces/msg/detail/motor_command12__rosidl_typesupport_fastrtps_c.h
[6.389s] -- Installing: /home/lzh/VMC_Quadruped/install/interfaces/include/interfaces/interfaces/msg/detail/motion_command__rosidl_typesupport_fastrtps_c.h
[6.389s] -- Installing: /home/lzh/VMC_Quadruped/install/interfaces/include/interfaces/interfaces/msg/detail/contact_state__rosidl_typesupport_fastrtps_c.h
[6.389s] -- Installing: /home/lzh/VMC_Quadruped/install/interfaces/include/interfaces/interfaces/msg/detail/single_foot_state__rosidl_typesupport_fastrtps_c.h
[6.389s] -- Installing: /home/lzh/VMC_Quadruped/install/interfaces/include/interfaces/interfaces/msg/detail/foot_state__rosidl_typesupport_fastrtps_c.h
[6.389s] -- Installing: /home/lzh/VMC_Quadruped/install/interfaces/include/interfaces/interfaces/msg/detail/motor_command__rosidl_typesupport_fastrtps_c.h
[6.389s] -- Installing: /home/lzh/VMC_Quadruped/install/interfaces/include/interfaces/interfaces/msg/detail/motor_feedback__rosidl_typesupport_fastrtps_c.h
[6.389s] -- Installing: /home/lzh/VMC_Quadruped/install/interfaces/include/interfaces/interfaces/msg/detail/motor_feedback12__rosidl_typesupport_fastrtps_c.h
[6.389s] -- Installing: /home/lzh/VMC_Quadruped/install/interfaces/include/interfaces/interfaces/msg/detail/base_state__rosidl_typesupport_fastrtps_c.h
[6.389s] -- Installing: /home/lzh/VMC_Quadruped/install/interfaces/include/interfaces/interfaces/msg/detail/gait_phase__rosidl_typesupport_fastrtps_c.h
[6.389s] -- Installing: /home/lzh/VMC_Quadruped/install/interfaces/include/interfaces/interfaces/msg/rosidl_typesupport_fastrtps_c__visibility_control.h
[6.389s] -- Installing: /home/lzh/VMC_Quadruped/install/interfaces/lib/libinterfaces__rosidl_typesupport_fastrtps_c.so
[6.390s] -- Set runtime path of "/home/lzh/VMC_Quadruped/install/interfaces/lib/libinterfaces__rosidl_typesupport_fastrtps_c.so" to ""
[6.390s] -- Up-to-date: /home/lzh/VMC_Quadruped/install/interfaces/include/interfaces/interfaces
[6.390s] -- Up-to-date: /home/lzh/VMC_Quadruped/install/interfaces/include/interfaces/interfaces/msg
[6.390s] -- Up-to-date: /home/lzh/VMC_Quadruped/install/interfaces/include/interfaces/interfaces/msg/detail
[6.390s] -- Installing: /home/lzh/VMC_Quadruped/install/interfaces/include/interfaces/interfaces/msg/detail/motor_feedback12__type_support.c
[6.390s] -- Installing: /home/lzh/VMC_Quadruped/install/interfaces/include/interfaces/interfaces/msg/detail/base_state__type_support.c
[6.390s] -- Installing: /home/lzh/VMC_Quadruped/install/interfaces/include/interfaces/interfaces/msg/detail/contact_state__rosidl_typesupport_introspection_c.h
[6.390s] -- Installing: /home/lzh/VMC_Quadruped/install/interfaces/include/interfaces/interfaces/msg/detail/foot_state__rosidl_typesupport_introspection_c.h
[6.390s] -- Installing: /home/lzh/VMC_Quadruped/install/interfaces/include/interfaces/interfaces/msg/detail/motion_command__type_support.c
[6.390s] -- Installing: /home/lzh/VMC_Quadruped/install/interfaces/include/interfaces/interfaces/msg/detail/gait_phase__type_support.c
[6.390s] -- Installing: /home/lzh/VMC_Quadruped/install/interfaces/include/interfaces/interfaces/msg/detail/motor_command__rosidl_typesupport_introspection_c.h
[6.390s] -- Installing: /home/lzh/VMC_Quadruped/install/interfaces/include/interfaces/interfaces/msg/detail/motor_command12__rosidl_typesupport_introspection_c.h
[6.390s] -- Installing: /home/lzh/VMC_Quadruped/install/interfaces/include/interfaces/interfaces/msg/detail/motor_command__type_support.c
[6.390s] -- Installing: /home/lzh/VMC_Quadruped/install/interfaces/include/interfaces/interfaces/msg/detail/single_foot_state__type_support.c
[6.390s] -- Installing: /home/lzh/VMC_Quadruped/install/interfaces/include/interfaces/interfaces/msg/detail/gait_phase__rosidl_typesupport_introspection_c.h
[6.390s] -- Installing: /home/lzh/VMC_Quadruped/install/interfaces/include/interfaces/interfaces/msg/detail/motor_feedback12__rosidl_typesupport_introspection_c.h
[6.390s] -- Installing: /home/lzh/VMC_Quadruped/install/interfaces/include/interfaces/interfaces/msg/detail/motion_command__rosidl_typesupport_introspection_c.h
[6.390s] -- Installing: /home/lzh/VMC_Quadruped/install/interfaces/include/interfaces/interfaces/msg/detail/motor_feedback__rosidl_typesupport_introspection_c.h
[6.390s] -- Installing: /home/lzh/VMC_Quadruped/install/interfaces/include/interfaces/interfaces/msg/detail/base_state__rosidl_typesupport_introspection_c.h
[6.390s] -- Installing: /home/lzh/VMC_Quadruped/install/interfaces/include/interfaces/interfaces/msg/detail/motor_feedback__type_support.c
[6.391s] -- Installing: /home/lzh/VMC_Quadruped/install/interfaces/include/interfaces/interfaces/msg/detail/foot_state__type_support.c
[6.391s] -- Installing: /home/lzh/VMC_Quadruped/install/interfaces/include/interfaces/interfaces/msg/detail/motor_command12__type_support.c
[6.391s] -- Installing: /home/lzh/VMC_Quadruped/install/interfaces/include/interfaces/interfaces/msg/detail/contact_state__type_support.c
[6.391s] -- Installing: /home/lzh/VMC_Quadruped/install/interfaces/include/interfaces/interfaces/msg/detail/single_foot_state__rosidl_typesupport_introspection_c.h
[6.391s] -- Installing: /home/lzh/VMC_Quadruped/install/interfaces/include/interfaces/interfaces/msg/rosidl_typesupport_introspection_c__visibility_control.h
[6.391s] -- Installing: /home/lzh/VMC_Quadruped/install/interfaces/lib/libinterfaces__rosidl_typesupport_introspection_c.so
[6.391s] -- Set runtime path of "/home/lzh/VMC_Quadruped/install/interfaces/lib/libinterfaces__rosidl_typesupport_introspection_c.so" to ""
[6.391s] -- Installing: /home/lzh/VMC_Quadruped/install/interfaces/lib/libinterfaces__rosidl_typesupport_c.so
[6.391s] -- Set runtime path of "/home/lzh/VMC_Quadruped/install/interfaces/lib/libinterfaces__rosidl_typesupport_c.so" to ""
[6.391s] -- Up-to-date: /home/lzh/VMC_Quadruped/install/interfaces/include/interfaces/interfaces
[6.391s] -- Up-to-date: /home/lzh/VMC_Quadruped/install/interfaces/include/interfaces/interfaces/msg
[6.391s] -- Up-to-date: /home/lzh/VMC_Quadruped/install/interfaces/include/interfaces/interfaces/msg/detail
[6.391s] -- Installing: /home/lzh/VMC_Quadruped/install/interfaces/include/interfaces/interfaces/msg/detail/foot_state__type_support.hpp
[6.391s] -- Installing: /home/lzh/VMC_Quadruped/install/interfaces/include/interfaces/interfaces/msg/detail/base_state__type_support.hpp
[6.391s] -- Installing: /home/lzh/VMC_Quadruped/install/interfaces/include/interfaces/interfaces/msg/detail/base_state__struct.hpp
[6.391s] -- Installing: /home/lzh/VMC_Quadruped/install/interfaces/include/interfaces/interfaces/msg/detail/motor_feedback12__builder.hpp
[6.392s] -- Installing: /home/lzh/VMC_Quadruped/install/interfaces/include/interfaces/interfaces/msg/detail/motor_command12__struct.hpp
[6.392s] -- Installing: /home/lzh/VMC_Quadruped/install/interfaces/include/interfaces/interfaces/msg/detail/gait_phase__struct.hpp
[6.392s] -- Installing: /home/lzh/VMC_Quadruped/install/interfaces/include/interfaces/interfaces/msg/detail/motor_feedback__struct.hpp
[6.392s] -- Installing: /home/lzh/VMC_Quadruped/install/interfaces/include/interfaces/interfaces/msg/detail/base_state__builder.hpp
[6.392s] -- Installing: /home/lzh/VMC_Quadruped/install/interfaces/include/interfaces/interfaces/msg/detail/motion_command__struct.hpp
[6.392s] -- Installing: /home/lzh/VMC_Quadruped/install/interfaces/include/interfaces/interfaces/msg/detail/gait_phase__traits.hpp
[6.392s] -- Installing: /home/lzh/VMC_Quadruped/install/interfaces/include/interfaces/interfaces/msg/detail/foot_state__builder.hpp
[6.392s] -- Installing: /home/lzh/VMC_Quadruped/install/interfaces/include/interfaces/interfaces/msg/detail/motor_command12__traits.hpp
[6.392s] -- Installing: /home/lzh/VMC_Quadruped/install/interfaces/include/interfaces/interfaces/msg/detail/motor_command__type_support.hpp
[6.392s] -- Installing: /home/lzh/VMC_Quadruped/install/interfaces/include/interfaces/interfaces/msg/detail/motor_feedback__traits.hpp
[6.392s] -- Installing: /home/lzh/VMC_Quadruped/install/interfaces/include/interfaces/interfaces/msg/detail/single_foot_state__type_support.hpp
[6.392s] -- Installing: /home/lzh/VMC_Quadruped/install/interfaces/include/interfaces/interfaces/msg/detail/motor_feedback12__struct.hpp
[6.392s] -- Installing: /home/lzh/VMC_Quadruped/install/interfaces/include/interfaces/interfaces/msg/detail/gait_phase__builder.hpp
[6.392s] -- Installing: /home/lzh/VMC_Quadruped/install/interfaces/include/interfaces/interfaces/msg/detail/motion_command__type_support.hpp
[6.392s] -- Installing: /home/lzh/VMC_Quadruped/install/interfaces/include/interfaces/interfaces/msg/detail/contact_state__struct.hpp
[6.392s] -- Installing: /home/lzh/VMC_Quadruped/install/interfaces/include/interfaces/interfaces/msg/detail/motor_command__struct.hpp
[6.392s] -- Installing: /home/lzh/VMC_Quadruped/install/interfaces/include/interfaces/interfaces/msg/detail/contact_state__traits.hpp
[6.392s] -- Installing: /home/lzh/VMC_Quadruped/install/interfaces/include/interfaces/interfaces/msg/detail/motor_feedback__builder.hpp
[6.392s] -- Installing: /home/lzh/VMC_Quadruped/install/interfaces/include/interfaces/interfaces/msg/detail/base_state__traits.hpp
[6.392s] -- Installing: /home/lzh/VMC_Quadruped/install/interfaces/include/interfaces/interfaces/msg/detail/foot_state__struct.hpp
[6.393s] -- Installing: /home/lzh/VMC_Quadruped/install/interfaces/include/interfaces/interfaces/msg/detail/single_foot_state__traits.hpp
[6.393s] -- Installing: /home/lzh/VMC_Quadruped/install/interfaces/include/interfaces/interfaces/msg/detail/motion_command__traits.hpp
[6.393s] -- Installing: /home/lzh/VMC_Quadruped/install/interfaces/include/interfaces/interfaces/msg/detail/motor_command__traits.hpp
[6.393s] -- Installing: /home/lzh/VMC_Quadruped/install/interfaces/include/interfaces/interfaces/msg/detail/motor_feedback12__traits.hpp
[6.393s] -- Installing: /home/lzh/VMC_Quadruped/install/interfaces/include/interfaces/interfaces/msg/detail/foot_state__traits.hpp
[6.393s] -- Installing: /home/lzh/VMC_Quadruped/install/interfaces/include/interfaces/interfaces/msg/detail/motor_command12__type_support.hpp
[6.393s] -- Installing: /home/lzh/VMC_Quadruped/install/interfaces/include/interfaces/interfaces/msg/detail/motion_command__builder.hpp
[6.393s] -- Installing: /home/lzh/VMC_Quadruped/install/interfaces/include/interfaces/interfaces/msg/detail/motor_command12__builder.hpp
[6.393s] -- Installing: /home/lzh/VMC_Quadruped/install/interfaces/include/interfaces/interfaces/msg/detail/gait_phase__type_support.hpp
[6.393s] -- Installing: /home/lzh/VMC_Quadruped/install/interfaces/include/interfaces/interfaces/msg/detail/motor_command__builder.hpp
[6.393s] -- Installing: /home/lzh/VMC_Quadruped/install/interfaces/include/interfaces/interfaces/msg/detail/single_foot_state__builder.hpp
[6.393s] -- Installing: /home/lzh/VMC_Quadruped/install/interfaces/include/interfaces/interfaces/msg/detail/motor_feedback12__type_support.hpp
[6.393s] -- Installing: /home/lzh/VMC_Quadruped/install/interfaces/include/interfaces/interfaces/msg/detail/motor_feedback__type_support.hpp
[6.393s] -- Installing: /home/lzh/VMC_Quadruped/install/interfaces/include/interfaces/interfaces/msg/detail/contact_state__builder.hpp
[6.393s] -- Installing: /home/lzh/VMC_Quadruped/install/interfaces/include/interfaces/interfaces/msg/detail/single_foot_state__struct.hpp
[6.393s] -- Installing: /home/lzh/VMC_Quadruped/install/interfaces/include/interfaces/interfaces/msg/detail/contact_state__type_support.hpp
[6.393s] -- Installing: /home/lzh/VMC_Quadruped/install/interfaces/include/interfaces/interfaces/msg/rosidl_generator_cpp__visibility_control.hpp
[6.393s] -- Installing: /home/lzh/VMC_Quadruped/install/interfaces/include/interfaces/interfaces/msg/foot_state.hpp
[6.393s] -- Installing: /home/lzh/VMC_Quadruped/install/interfaces/include/interfaces/interfaces/msg/motor_command.hpp
[6.394s] -- Installing: /home/lzh/VMC_Quadruped/install/interfaces/include/interfaces/interfaces/msg/single_foot_state.hpp
[6.394s] -- Installing: /home/lzh/VMC_Quadruped/install/interfaces/include/interfaces/interfaces/msg/base_state.hpp
[6.394s] -- Installing: /home/lzh/VMC_Quadruped/install/interfaces/include/interfaces/interfaces/msg/motor_feedback.hpp
[6.394s] -- Installing: /home/lzh/VMC_Quadruped/install/interfaces/include/interfaces/interfaces/msg/motor_command12.hpp
[6.394s] -- Installing: /home/lzh/VMC_Quadruped/install/interfaces/include/interfaces/interfaces/msg/gait_phase.hpp
[6.394s] -- Installing: /home/lzh/VMC_Quadruped/install/interfaces/include/interfaces/interfaces/msg/motor_feedback12.hpp
[6.394s] -- Installing: /home/lzh/VMC_Quadruped/install/interfaces/include/interfaces/interfaces/msg/contact_state.hpp
[6.394s] -- Installing: /home/lzh/VMC_Quadruped/install/interfaces/include/interfaces/interfaces/msg/motion_command.hpp
[6.394s] -- Up-to-date: /home/lzh/VMC_Quadruped/install/interfaces/include/interfaces/interfaces
[6.394s] -- Up-to-date: /home/lzh/VMC_Quadruped/install/interfaces/include/interfaces/interfaces/msg
[6.394s] -- Up-to-date: /home/lzh/VMC_Quadruped/install/interfaces/include/interfaces/interfaces/msg/detail
[6.394s] -- Installing: /home/lzh/VMC_Quadruped/install/interfaces/include/interfaces/interfaces/msg/detail/base_state__rosidl_typesupport_fastrtps_cpp.hpp
[6.394s] -- Installing: /home/lzh/VMC_Quadruped/install/interfaces/include/interfaces/interfaces/msg/detail/foot_state__rosidl_typesupport_fastrtps_cpp.hpp
[6.394s] -- Installing: /home/lzh/VMC_Quadruped/install/interfaces/include/interfaces/interfaces/msg/detail/gait_phase__rosidl_typesupport_fastrtps_cpp.hpp
[6.394s] -- Installing: /home/lzh/VMC_Quadruped/install/interfaces/include/interfaces/interfaces/msg/detail/dds_fastrtps
[6.394s] -- Installing: /home/lzh/VMC_Quadruped/install/interfaces/include/interfaces/interfaces/msg/detail/single_foot_state__rosidl_typesupport_fastrtps_cpp.hpp
[6.394s] -- Installing: /home/lzh/VMC_Quadruped/install/interfaces/include/interfaces/interfaces/msg/detail/motor_feedback12__rosidl_typesupport_fastrtps_cpp.hpp
[6.394s] -- Installing: /home/lzh/VMC_Quadruped/install/interfaces/include/interfaces/interfaces/msg/detail/motor_command12__rosidl_typesupport_fastrtps_cpp.hpp
[6.395s] -- Installing: /home/lzh/VMC_Quadruped/install/interfaces/include/interfaces/interfaces/msg/detail/motor_command__rosidl_typesupport_fastrtps_cpp.hpp
[6.395s] -- Installing: /home/lzh/VMC_Quadruped/install/interfaces/include/interfaces/interfaces/msg/detail/motion_command__rosidl_typesupport_fastrtps_cpp.hpp
[6.395s] -- Installing: /home/lzh/VMC_Quadruped/install/interfaces/include/interfaces/interfaces/msg/detail/contact_state__rosidl_typesupport_fastrtps_cpp.hpp
[6.395s] -- Installing: /home/lzh/VMC_Quadruped/install/interfaces/include/interfaces/interfaces/msg/detail/motor_feedback__rosidl_typesupport_fastrtps_cpp.hpp
[6.395s] -- Installing: /home/lzh/VMC_Quadruped/install/interfaces/include/interfaces/interfaces/msg/rosidl_typesupport_fastrtps_cpp__visibility_control.h
[6.395s] -- Installing: /home/lzh/VMC_Quadruped/install/interfaces/lib/libinterfaces__rosidl_typesupport_fastrtps_cpp.so
[6.395s] -- Set runtime path of "/home/lzh/VMC_Quadruped/install/interfaces/lib/libinterfaces__rosidl_typesupport_fastrtps_cpp.so" to ""
[6.395s] -- Up-to-date: /home/lzh/VMC_Quadruped/install/interfaces/include/interfaces/interfaces
[6.395s] -- Up-to-date: /home/lzh/VMC_Quadruped/install/interfaces/include/interfaces/interfaces/msg
[6.395s] -- Up-to-date: /home/lzh/VMC_Quadruped/install/interfaces/include/interfaces/interfaces/msg/detail
[6.395s] -- Installing: /home/lzh/VMC_Quadruped/install/interfaces/include/interfaces/interfaces/msg/detail/motion_command__type_support.cpp
[6.395s] -- Installing: /home/lzh/VMC_Quadruped/install/interfaces/include/interfaces/interfaces/msg/detail/single_foot_state__rosidl_typesupport_introspection_cpp.hpp
[6.395s] -- Installing: /home/lzh/VMC_Quadruped/install/interfaces/include/interfaces/interfaces/msg/detail/contact_state__rosidl_typesupport_introspection_cpp.hpp
[6.395s] -- Installing: /home/lzh/VMC_Quadruped/install/interfaces/include/interfaces/interfaces/msg/detail/gait_phase__rosidl_typesupport_introspection_cpp.hpp
[6.395s] -- Installing: /home/lzh/VMC_Quadruped/install/interfaces/include/interfaces/interfaces/msg/detail/motor_command__rosidl_typesupport_introspection_cpp.hpp
[6.395s] -- Installing: /home/lzh/VMC_Quadruped/install/interfaces/include/interfaces/interfaces/msg/detail/foot_state__rosidl_typesupport_introspection_cpp.hpp
[6.395s] -- Installing: /home/lzh/VMC_Quadruped/install/interfaces/include/interfaces/interfaces/msg/detail/contact_state__type_support.cpp
[6.395s] -- Installing: /home/lzh/VMC_Quadruped/install/interfaces/include/interfaces/interfaces/msg/detail/motor_feedback__rosidl_typesupport_introspection_cpp.hpp
[6.395s] -- Installing: /home/lzh/VMC_Quadruped/install/interfaces/include/interfaces/interfaces/msg/detail/motor_feedback__type_support.cpp
[6.395s] -- Installing: /home/lzh/VMC_Quadruped/install/interfaces/include/interfaces/interfaces/msg/detail/motor_command12__type_support.cpp
[6.395s] -- Installing: /home/lzh/VMC_Quadruped/install/interfaces/include/interfaces/interfaces/msg/detail/single_foot_state__type_support.cpp
[6.396s] -- Installing: /home/lzh/VMC_Quadruped/install/interfaces/include/interfaces/interfaces/msg/detail/motion_command__rosidl_typesupport_introspection_cpp.hpp
[6.396s] -- Installing: /home/lzh/VMC_Quadruped/install/interfaces/include/interfaces/interfaces/msg/detail/motor_feedback12__rosidl_typesupport_introspection_cpp.hpp
[6.396s] -- Installing: /home/lzh/VMC_Quadruped/install/interfaces/include/interfaces/interfaces/msg/detail/base_state__type_support.cpp
[6.396s] -- Installing: /home/lzh/VMC_Quadruped/install/interfaces/include/interfaces/interfaces/msg/detail/gait_phase__type_support.cpp
[6.396s] -- Installing: /home/lzh/VMC_Quadruped/install/interfaces/include/interfaces/interfaces/msg/detail/motor_command__type_support.cpp
[6.396s] -- Installing: /home/lzh/VMC_Quadruped/install/interfaces/include/interfaces/interfaces/msg/detail/foot_state__type_support.cpp
[6.396s] -- Installing: /home/lzh/VMC_Quadruped/install/interfaces/include/interfaces/interfaces/msg/detail/motor_feedback12__type_support.cpp
[6.396s] -- Installing: /home/lzh/VMC_Quadruped/install/interfaces/include/interfaces/interfaces/msg/detail/base_state__rosidl_typesupport_introspection_cpp.hpp
[6.396s] -- Installing: /home/lzh/VMC_Quadruped/install/interfaces/include/interfaces/interfaces/msg/detail/motor_command12__rosidl_typesupport_introspection_cpp.hpp
[6.396s] -- Installing: /home/lzh/VMC_Quadruped/install/interfaces/lib/libinterfaces__rosidl_typesupport_introspection_cpp.so
[6.396s] -- Set runtime path of "/home/lzh/VMC_Quadruped/install/interfaces/lib/libinterfaces__rosidl_typesupport_introspection_cpp.so" to ""
[6.396s] -- Installing: /home/lzh/VMC_Quadruped/install/interfaces/lib/libinterfaces__rosidl_typesupport_cpp.so
[6.396s] -- Set runtime path of "/home/lzh/VMC_Quadruped/install/interfaces/lib/libinterfaces__rosidl_typesupport_cpp.so" to ""
[6.396s] -- Installing: /home/lzh/VMC_Quadruped/install/interfaces/share/interfaces/environment/pythonpath.sh
[6.396s] -- Installing: /home/lzh/VMC_Quadruped/install/interfaces/share/interfaces/environment/pythonpath.dsv
[6.396s] -- Installing: /home/lzh/VMC_Quadruped/install/interfaces/local/lib/python3.10/dist-packages/interfaces-0.0.0-py3.10.egg-info
[6.396s] -- Installing: /home/lzh/VMC_Quadruped/install/interfaces/local/lib/python3.10/dist-packages/interfaces-0.0.0-py3.10.egg-info/PKG-INFO
[6.396s] -- Installing: /home/lzh/VMC_Quadruped/install/interfaces/local/lib/python3.10/dist-packages/interfaces-0.0.0-py3.10.egg-info/top_level.txt
[6.396s] -- Installing: /home/lzh/VMC_Quadruped/install/interfaces/local/lib/python3.10/dist-packages/interfaces-0.0.0-py3.10.egg-info/SOURCES.txt
[6.397s] -- Installing: /home/lzh/VMC_Quadruped/install/interfaces/local/lib/python3.10/dist-packages/interfaces-0.0.0-py3.10.egg-info/dependency_links.txt
[6.397s] -- Installing: /home/lzh/VMC_Quadruped/install/interfaces/local/lib/python3.10/dist-packages/interfaces
[6.397s] -- Installing: /home/lzh/VMC_Quadruped/install/interfaces/local/lib/python3.10/dist-packages/interfaces/libinterfaces__rosidl_generator_py.so
[6.397s] -- Installing: /home/lzh/VMC_Quadruped/install/interfaces/local/lib/python3.10/dist-packages/interfaces/__init__.py
[6.397s] -- Installing: /home/lzh/VMC_Quadruped/install/interfaces/local/lib/python3.10/dist-packages/interfaces/interfaces_s__rosidl_typesupport_c.cpython-310-x86_64-linux-gnu.so
[6.397s] -- Installing: /home/lzh/VMC_Quadruped/install/interfaces/local/lib/python3.10/dist-packages/interfaces/msg
[6.397s] -- Installing: /home/lzh/VMC_Quadruped/install/interfaces/local/lib/python3.10/dist-packages/interfaces/msg/_single_foot_state.py
[6.397s] -- Installing: /home/lzh/VMC_Quadruped/install/interfaces/local/lib/python3.10/dist-packages/interfaces/msg/__init__.py
[6.397s] -- Installing: /home/lzh/VMC_Quadruped/install/interfaces/local/lib/python3.10/dist-packages/interfaces/msg/_motor_feedback.py
[6.397s] -- Installing: /home/lzh/VMC_Quadruped/install/interfaces/local/lib/python3.10/dist-packages/interfaces/msg/_contact_state_s.c
[6.397s] -- Installing: /home/lzh/VMC_Quadruped/install/interfaces/local/lib/python3.10/dist-packages/interfaces/msg/_gait_phase_s.c
[6.397s] -- Installing: /home/lzh/VMC_Quadruped/install/interfaces/local/lib/python3.10/dist-packages/interfaces/msg/_base_state.py
[6.397s] -- Installing: /home/lzh/VMC_Quadruped/install/interfaces/local/lib/python3.10/dist-packages/interfaces/msg/_motor_feedback12.py
[6.397s] -- Installing: /home/lzh/VMC_Quadruped/install/interfaces/local/lib/python3.10/dist-packages/interfaces/msg/_gait_phase.py
[6.397s] -- Installing: /home/lzh/VMC_Quadruped/install/interfaces/local/lib/python3.10/dist-packages/interfaces/msg/_foot_state_s.c
[6.397s] -- Installing: /home/lzh/VMC_Quadruped/install/interfaces/local/lib/python3.10/dist-packages/interfaces/msg/_foot_state.py
[6.397s] -- Installing: /home/lzh/VMC_Quadruped/install/interfaces/local/lib/python3.10/dist-packages/interfaces/msg/_single_foot_state_s.c
[6.397s] -- Installing: /home/lzh/VMC_Quadruped/install/interfaces/local/lib/python3.10/dist-packages/interfaces/msg/_contact_state.py
[6.397s] -- Installing: /home/lzh/VMC_Quadruped/install/interfaces/local/lib/python3.10/dist-packages/interfaces/msg/_motion_command_s.c
[6.397s] -- Installing: /home/lzh/VMC_Quadruped/install/interfaces/local/lib/python3.10/dist-packages/interfaces/msg/_motor_command_s.c
[6.397s] -- Installing: /home/lzh/VMC_Quadruped/install/interfaces/local/lib/python3.10/dist-packages/interfaces/msg/_motor_command12_s.c
[6.398s] -- Installing: /home/lzh/VMC_Quadruped/install/interfaces/local/lib/python3.10/dist-packages/interfaces/msg/_motor_feedback_s.c
[6.398s] -- Installing: /home/lzh/VMC_Quadruped/install/interfaces/local/lib/python3.10/dist-packages/interfaces/msg/_motion_command.py
[6.398s] -- Installing: /home/lzh/VMC_Quadruped/install/interfaces/local/lib/python3.10/dist-packages/interfaces/msg/_motor_command.py
[6.398s] -- Installing: /home/lzh/VMC_Quadruped/install/interfaces/local/lib/python3.10/dist-packages/interfaces/msg/_motor_feedback12_s.c
[6.398s] -- Installing: /home/lzh/VMC_Quadruped/install/interfaces/local/lib/python3.10/dist-packages/interfaces/msg/_base_state_s.c
[6.398s] -- Installing: /home/lzh/VMC_Quadruped/install/interfaces/local/lib/python3.10/dist-packages/interfaces/msg/_motor_command12.py
[6.398s] -- Installing: /home/lzh/VMC_Quadruped/install/interfaces/local/lib/python3.10/dist-packages/interfaces/_interfaces_s.ep.rosidl_typesupport_fastrtps_c.c
[6.398s] -- Installing: /home/lzh/VMC_Quadruped/install/interfaces/local/lib/python3.10/dist-packages/interfaces/interfaces_s__rosidl_typesupport_introspection_c.cpython-310-x86_64-linux-gnu.so
[6.398s] -- Installing: /home/lzh/VMC_Quadruped/install/interfaces/local/lib/python3.10/dist-packages/interfaces/_interfaces_s.ep.rosidl_typesupport_introspection_c.c
[6.398s] -- Installing: /home/lzh/VMC_Quadruped/install/interfaces/local/lib/python3.10/dist-packages/interfaces/_interfaces_s.ep.rosidl_typesupport_c.c
[6.398s] -- Installing: /home/lzh/VMC_Quadruped/install/interfaces/local/lib/python3.10/dist-packages/interfaces/interfaces_s__rosidl_typesupport_fastrtps_c.cpython-310-x86_64-linux-gnu.so
[6.433s] Listing '/home/lzh/VMC_Quadruped/install/interfaces/local/lib/python3.10/dist-packages/interfaces'...
[6.433s] Compiling '/home/lzh/VMC_Quadruped/install/interfaces/local/lib/python3.10/dist-packages/interfaces/__init__.py'...
[6.433s] Listing '/home/lzh/VMC_Quadruped/install/interfaces/local/lib/python3.10/dist-packages/interfaces/msg'...
[6.433s] Compiling '/home/lzh/VMC_Quadruped/install/interfaces/local/lib/python3.10/dist-packages/interfaces/msg/__init__.py'...
[6.433s] Compiling '/home/lzh/VMC_Quadruped/install/interfaces/local/lib/python3.10/dist-packages/interfaces/msg/_base_state.py'...
[6.433s] Compiling '/home/lzh/VMC_Quadruped/install/interfaces/local/lib/python3.10/dist-packages/interfaces/msg/_contact_state.py'...
[6.433s] Compiling '/home/lzh/VMC_Quadruped/install/interfaces/local/lib/python3.10/dist-packages/interfaces/msg/_foot_state.py'...
[6.434s] Compiling '/home/lzh/VMC_Quadruped/install/interfaces/local/lib/python3.10/dist-packages/interfaces/msg/_gait_phase.py'...
[6.434s] Compiling '/home/lzh/VMC_Quadruped/install/interfaces/local/lib/python3.10/dist-packages/interfaces/msg/_motion_command.py'...
[6.434s] Compiling '/home/lzh/VMC_Quadruped/install/interfaces/local/lib/python3.10/dist-packages/interfaces/msg/_motor_command.py'...
[6.434s] Compiling '/home/lzh/VMC_Quadruped/install/interfaces/local/lib/python3.10/dist-packages/interfaces/msg/_motor_command12.py'...
[6.434s] Compiling '/home/lzh/VMC_Quadruped/install/interfaces/local/lib/python3.10/dist-packages/interfaces/msg/_motor_feedback.py'...
[6.434s] Compiling '/home/lzh/VMC_Quadruped/install/interfaces/local/lib/python3.10/dist-packages/interfaces/msg/_motor_feedback12.py'...
[6.434s] Compiling '/home/lzh/VMC_Quadruped/install/interfaces/local/lib/python3.10/dist-packages/interfaces/msg/_single_foot_state.py'...
[6.436s] -- Installing: /home/lzh/VMC_Quadruped/install/interfaces/local/lib/python3.10/dist-packages/interfaces/interfaces_s__rosidl_typesupport_fastrtps_c.cpython-310-x86_64-linux-gnu.so
[6.436s] -- Set runtime path of "/home/lzh/VMC_Quadruped/install/interfaces/local/lib/python3.10/dist-packages/interfaces/interfaces_s__rosidl_typesupport_fastrtps_c.cpython-310-x86_64-linux-gnu.so" to ""
[6.437s] -- Installing: /home/lzh/VMC_Quadruped/install/interfaces/local/lib/python3.10/dist-packages/interfaces/interfaces_s__rosidl_typesupport_introspection_c.cpython-310-x86_64-linux-gnu.so
[6.437s] -- Set runtime path of "/home/lzh/VMC_Quadruped/install/interfaces/local/lib/python3.10/dist-packages/interfaces/interfaces_s__rosidl_typesupport_introspection_c.cpython-310-x86_64-linux-gnu.so" to ""
[6.437s] -- Installing: /home/lzh/VMC_Quadruped/install/interfaces/local/lib/python3.10/dist-packages/interfaces/interfaces_s__rosidl_typesupport_c.cpython-310-x86_64-linux-gnu.so
[6.437s] -- Set runtime path of "/home/lzh/VMC_Quadruped/install/interfaces/local/lib/python3.10/dist-packages/interfaces/interfaces_s__rosidl_typesupport_c.cpython-310-x86_64-linux-gnu.so" to ""
[6.437s] -- Installing: /home/lzh/VMC_Quadruped/install/interfaces/lib/libinterfaces__rosidl_generator_py.so
[6.437s] -- Set runtime path of "/home/lzh/VMC_Quadruped/install/interfaces/lib/libinterfaces__rosidl_generator_py.so" to ""
[6.437s] -- Installing: /home/lzh/VMC_Quadruped/install/interfaces/share/interfaces/msg/BaseState.idl
[6.437s] -- Installing: /home/lzh/VMC_Quadruped/install/interfaces/share/interfaces/msg/ContactState.idl
[6.437s] -- Installing: /home/lzh/VMC_Quadruped/install/interfaces/share/interfaces/msg/GaitPhase.idl
[6.437s] -- Installing: /home/lzh/VMC_Quadruped/install/interfaces/share/interfaces/msg/MotionCommand.idl
[6.437s] -- Installing: /home/lzh/VMC_Quadruped/install/interfaces/share/interfaces/msg/SingleFootState.idl
[6.438s] -- Installing: /home/lzh/VMC_Quadruped/install/interfaces/share/interfaces/msg/FootState.idl
[6.438s] -- Installing: /home/lzh/VMC_Quadruped/install/interfaces/share/interfaces/msg/MotorCommand.idl
[6.438s] -- Installing: /home/lzh/VMC_Quadruped/install/interfaces/share/interfaces/msg/MotorCommand12.idl
[6.438s] -- Installing: /home/lzh/VMC_Quadruped/install/interfaces/share/interfaces/msg/MotorFeedback.idl
[6.438s] -- Installing: /home/lzh/VMC_Quadruped/install/interfaces/share/interfaces/msg/MotorFeedback12.idl
[6.438s] -- Installing: /home/lzh/VMC_Quadruped/install/interfaces/share/interfaces/msg/BaseState.msg
[6.438s] -- Installing: /home/lzh/VMC_Quadruped/install/interfaces/share/interfaces/msg/ContactState.msg
[6.438s] -- Installing: /home/lzh/VMC_Quadruped/install/interfaces/share/interfaces/msg/GaitPhase.msg
[6.438s] -- Installing: /home/lzh/VMC_Quadruped/install/interfaces/share/interfaces/msg/MotionCommand.msg
[6.438s] -- Installing: /home/lzh/VMC_Quadruped/install/interfaces/share/interfaces/msg/SingleFootState.msg
[6.438s] -- Installing: /home/lzh/VMC_Quadruped/install/interfaces/share/interfaces/msg/FootState.msg
[6.438s] -- Installing: /home/lzh/VMC_Quadruped/install/interfaces/share/interfaces/msg/MotorCommand.msg
[6.438s] -- Installing: /home/lzh/VMC_Quadruped/install/interfaces/share/interfaces/msg/MotorCommand12.msg
[6.438s] -- Installing: /home/lzh/VMC_Quadruped/install/interfaces/share/interfaces/msg/MotorFeedback.msg
[6.438s] -- Installing: /home/lzh/VMC_Quadruped/install/interfaces/share/interfaces/msg/MotorFeedback12.msg
[6.438s] -- Installing: /home/lzh/VMC_Quadruped/install/interfaces/share/ament_index/resource_index/package_run_dependencies/interfaces
[6.438s] -- Installing: /home/lzh/VMC_Quadruped/install/interfaces/share/ament_index/resource_index/parent_prefix_path/interfaces
[6.438s] -- Installing: /home/lzh/VMC_Quadruped/install/interfaces/share/interfaces/environment/ament_prefix_path.sh
[6.438s] -- Installing: /home/lzh/VMC_Quadruped/install/interfaces/share/interfaces/environment/ament_prefix_path.dsv
[6.439s] -- Installing: /home/lzh/VMC_Quadruped/install/interfaces/share/interfaces/environment/path.sh
[6.439s] -- Installing: /home/lzh/VMC_Quadruped/install/interfaces/share/interfaces/environment/path.dsv
[6.439s] -- Installing: /home/lzh/VMC_Quadruped/install/interfaces/share/interfaces/local_setup.bash
[6.439s] -- Installing: /home/lzh/VMC_Quadruped/install/interfaces/share/interfaces/local_setup.sh
[6.439s] -- Installing: /home/lzh/VMC_Quadruped/install/interfaces/share/interfaces/local_setup.zsh
[6.439s] -- Installing: /home/lzh/VMC_Quadruped/install/interfaces/share/interfaces/local_setup.dsv
[6.439s] -- Installing: /home/lzh/VMC_Quadruped/install/interfaces/share/interfaces/package.dsv
[6.439s] -- Installing: /home/lzh/VMC_Quadruped/install/interfaces/share/ament_index/resource_index/packages/interfaces
[6.439s] -- Installing: /home/lzh/VMC_Quadruped/install/interfaces/share/interfaces/cmake/export_interfaces__rosidl_generator_cExport.cmake
[6.439s] -- Installing: /home/lzh/VMC_Quadruped/install/interfaces/share/interfaces/cmake/export_interfaces__rosidl_generator_cExport-noconfig.cmake
[6.439s] -- Installing: /home/lzh/VMC_Quadruped/install/interfaces/share/interfaces/cmake/export_interfaces__rosidl_typesupport_fastrtps_cExport.cmake
[6.439s] -- Installing: /home/lzh/VMC_Quadruped/install/interfaces/share/interfaces/cmake/export_interfaces__rosidl_typesupport_fastrtps_cExport-noconfig.cmake
[6.439s] -- Installing: /home/lzh/VMC_Quadruped/install/interfaces/share/interfaces/cmake/interfaces__rosidl_typesupport_introspection_cExport.cmake
[6.439s] -- Installing: /home/lzh/VMC_Quadruped/install/interfaces/share/interfaces/cmake/interfaces__rosidl_typesupport_introspection_cExport-noconfig.cmake
[6.439s] -- Installing: /home/lzh/VMC_Quadruped/install/interfaces/share/interfaces/cmake/interfaces__rosidl_typesupport_cExport.cmake
[6.439s] -- Installing: /home/lzh/VMC_Quadruped/install/interfaces/share/interfaces/cmake/interfaces__rosidl_typesupport_cExport-noconfig.cmake
[6.440s] -- Installing: /home/lzh/VMC_Quadruped/install/interfaces/share/interfaces/cmake/export_interfaces__rosidl_generator_cppExport.cmake
[6.440s] -- Installing: /home/lzh/VMC_Quadruped/install/interfaces/share/interfaces/cmake/export_interfaces__rosidl_typesupport_fastrtps_cppExport.cmake
[6.440s] -- Installing: /home/lzh/VMC_Quadruped/install/interfaces/share/interfaces/cmake/export_interfaces__rosidl_typesupport_fastrtps_cppExport-noconfig.cmake
[6.440s] -- Installing: /home/lzh/VMC_Quadruped/install/interfaces/share/interfaces/cmake/interfaces__rosidl_typesupport_introspection_cppExport.cmake
[6.440s] -- Installing: /home/lzh/VMC_Quadruped/install/interfaces/share/interfaces/cmake/interfaces__rosidl_typesupport_introspection_cppExport-noconfig.cmake
[6.440s] -- Installing: /home/lzh/VMC_Quadruped/install/interfaces/share/interfaces/cmake/interfaces__rosidl_typesupport_cppExport.cmake
[6.440s] -- Installing: /home/lzh/VMC_Quadruped/install/interfaces/share/interfaces/cmake/interfaces__rosidl_typesupport_cppExport-noconfig.cmake
[6.440s] -- Installing: /home/lzh/VMC_Quadruped/install/interfaces/share/interfaces/cmake/export_interfaces__rosidl_generator_pyExport.cmake
[6.440s] -- Installing: /home/lzh/VMC_Quadruped/install/interfaces/share/interfaces/cmake/export_interfaces__rosidl_generator_pyExport-noconfig.cmake
[6.440s] -- Installing: /home/lzh/VMC_Quadruped/install/interfaces/share/interfaces/cmake/rosidl_cmake-extras.cmake
[6.440s] -- Installing: /home/lzh/VMC_Quadruped/install/interfaces/share/interfaces/cmake/ament_cmake_export_dependencies-extras.cmake
[6.440s] -- Installing: /home/lzh/VMC_Quadruped/install/interfaces/share/interfaces/cmake/ament_cmake_export_include_directories-extras.cmake
[6.440s] -- Installing: /home/lzh/VMC_Quadruped/install/interfaces/share/interfaces/cmake/ament_cmake_export_libraries-extras.cmake
[6.440s] -- Installing: /home/lzh/VMC_Quadruped/install/interfaces/share/interfaces/cmake/ament_cmake_export_targets-extras.cmake
[6.440s] -- Installing: /home/lzh/VMC_Quadruped/install/interfaces/share/interfaces/cmake/rosidl_cmake_export_typesupport_targets-extras.cmake
[6.440s] -- Installing: /home/lzh/VMC_Quadruped/install/interfaces/share/interfaces/cmake/rosidl_cmake_export_typesupport_libraries-extras.cmake
[6.440s] -- Installing: /home/lzh/VMC_Quadruped/install/interfaces/share/interfaces/cmake/interfacesConfig.cmake
[6.441s] -- Installing: /home/lzh/VMC_Quadruped/install/interfaces/share/interfaces/cmake/interfacesConfig-version.cmake
[6.441s] -- Installing: /home/lzh/VMC_Quadruped/install/interfaces/share/interfaces/package.xml
[6.443s] Invoked command in '/home/lzh/VMC_Quadruped/build/interfaces' returned '0': CMAKE_PREFIX_PATH=${CMAKE_PREFIX_PATH}:/opt/ros/humble /usr/bin/cmake --install /home/lzh/VMC_Quadruped/build/interfaces
