[0.022s] Invoking command in '/home/lzh/VMC_Quadruped/build/main_control': CMAKE_PREFIX_PATH=/opt/ros/humble /usr/bin/cmake --build /home/lzh/VMC_Quadruped/build/main_control -- -j16 -l16
[0.066s] Invoked command in '/home/lzh/VMC_Quadruped/build/main_control' returned '0': CMAKE_PREFIX_PATH=/opt/ros/humble /usr/bin/cmake --build /home/lzh/VMC_Quadruped/build/main_control -- -j16 -l16
[0.070s] Invoking command in '/home/lzh/VMC_Quadruped/build/main_control': CMAKE_PREFIX_PATH=/opt/ros/humble /usr/bin/cmake --install /home/lzh/VMC_Quadruped/build/main_control
[0.076s] -- Install configuration: ""
[0.076s] -- Up-to-date: /home/lzh/VMC_Quadruped/install/main_control/share/ament_index/resource_index/package_run_dependencies/main_control
[0.077s] -- Up-to-date: /home/lzh/VMC_Quadruped/install/main_control/share/ament_index/resource_index/parent_prefix_path/main_control
[0.077s] -- Installing: /home/lzh/VMC_Quadruped/install/main_control/share/main_control/environment/ament_prefix_path.sh
[0.077s] -- Up-to-date: /home/lzh/VMC_Quadruped/install/main_control/share/main_control/environment/ament_prefix_path.dsv
[0.077s] -- Installing: /home/lzh/VMC_Quadruped/install/main_control/share/main_control/environment/path.sh
[0.077s] -- Up-to-date: /home/lzh/VMC_Quadruped/install/main_control/share/main_control/environment/path.dsv
[0.077s] -- Up-to-date: /home/lzh/VMC_Quadruped/install/main_control/share/main_control/local_setup.bash
[0.077s] -- Up-to-date: /home/lzh/VMC_Quadruped/install/main_control/share/main_control/local_setup.sh
[0.077s] -- Up-to-date: /home/lzh/VMC_Quadruped/install/main_control/share/main_control/local_setup.zsh
[0.078s] -- Up-to-date: /home/lzh/VMC_Quadruped/install/main_control/share/main_control/local_setup.dsv
[0.078s] -- Up-to-date: /home/lzh/VMC_Quadruped/install/main_control/share/main_control/package.dsv
[0.078s] -- Up-to-date: /home/lzh/VMC_Quadruped/install/main_control/share/ament_index/resource_index/packages/main_control
[0.078s] -- Up-to-date: /home/lzh/VMC_Quadruped/install/main_control/share/main_control/cmake/main_controlConfig.cmake
[0.078s] -- Up-to-date: /home/lzh/VMC_Quadruped/install/main_control/share/main_control/cmake/main_controlConfig-version.cmake
[0.078s] -- Up-to-date: /home/lzh/VMC_Quadruped/install/main_control/share/main_control/package.xml
[0.088s] Invoked command in '/home/lzh/VMC_Quadruped/build/main_control' returned '0': CMAKE_PREFIX_PATH=/opt/ros/humble /usr/bin/cmake --install /home/lzh/VMC_Quadruped/build/main_control
