[0.008s] Invoking command in '/home/lzh/Quadruped_Uika/build/description': CMAKE_PREFIX_PATH=/opt/ros/humble /usr/bin/cmake --build /home/lzh/Quadruped_Uika/build/description -- -j16 -l16
[0.030s] -- Found ament_cmake: 1.3.14 (/opt/ros/humble/share/ament_cmake/cmake)
[0.138s] -- Found ament_lint_auto: 0.12.15 (/opt/ros/humble/share/ament_lint_auto/cmake)
[0.197s] -- Added test 'lint_cmake' to check CMake code style
[0.198s] -- Added test 'xmllint' to check XML markup files
[0.198s] -- Configuring done
[0.200s] -- Generating done
[0.201s] -- Build files have been written to: /home/lzh/Quadruped_Uika/build/description
[0.224s] Invoked command in '/home/lzh/Quadruped_Uika/build/description' returned '0': CMAKE_PREFIX_PATH=/opt/ros/humble /usr/bin/cmake --build /home/lzh/Quadruped_Uika/build/description -- -j16 -l16
[0.239s] Invoking command in '/home/lzh/Quadruped_Uika/build/description': CMAKE_PREFIX_PATH=/opt/ros/humble /usr/bin/cmake --install /home/lzh/Quadruped_Uika/build/description
[0.249s] -- Install configuration: ""
[0.249s] -- Installing: /home/lzh/Quadruped_Uika/install/description/share/ament_index/resource_index/package_run_dependencies/description
[0.249s] -- Up-to-date: /home/lzh/Quadruped_Uika/install/description/share/ament_index/resource_index/parent_prefix_path/description
[0.250s] -- Up-to-date: /home/lzh/Quadruped_Uika/install/description/share/description/environment/ament_prefix_path.sh
[0.250s] -- Installing: /home/lzh/Quadruped_Uika/install/description/share/description/environment/ament_prefix_path.dsv
[0.250s] -- Up-to-date: /home/lzh/Quadruped_Uika/install/description/share/description/environment/path.sh
[0.250s] -- Installing: /home/lzh/Quadruped_Uika/install/description/share/description/environment/path.dsv
[0.250s] -- Up-to-date: /home/lzh/Quadruped_Uika/install/description/share/description/local_setup.bash
[0.250s] -- Up-to-date: /home/lzh/Quadruped_Uika/install/description/share/description/local_setup.sh
[0.250s] -- Up-to-date: /home/lzh/Quadruped_Uika/install/description/share/description/local_setup.zsh
[0.250s] -- Installing: /home/lzh/Quadruped_Uika/install/description/share/description/local_setup.dsv
[0.251s] -- Installing: /home/lzh/Quadruped_Uika/install/description/share/description/package.dsv
[0.251s] -- Up-to-date: /home/lzh/Quadruped_Uika/install/description/share/ament_index/resource_index/packages/description
[0.251s] -- Installing: /home/lzh/Quadruped_Uika/install/description/share/description/cmake/descriptionConfig.cmake
[0.251s] -- Installing: /home/lzh/Quadruped_Uika/install/description/share/description/cmake/descriptionConfig-version.cmake
[0.251s] -- Installing: /home/lzh/Quadruped_Uika/install/description/share/description/package.xml
[0.252s] Invoked command in '/home/lzh/Quadruped_Uika/build/description' returned '0': CMAKE_PREFIX_PATH=/opt/ros/humble /usr/bin/cmake --install /home/lzh/Quadruped_Uika/build/description
