[ 16%] Building CXX object CMakeFiles/estimation_kinematics.dir/src/leg_dynamics.cpp.o
/home/lzh/VMC_Quadruped/src/estimation/src/leg_dynamics.cpp: In member function ‘Eigen::Matrix3d estimation::LegDynamics::computeInertiaMatrix(const Vector3d&) const’:
/home/lzh/VMC_Quadruped/src/estimation/src/leg_dynamics.cpp:8:12: warning: unused variable ‘l1’ [-Wunused-variable]
    8 |     double l1 = LegConstants::L_THIGH;
      |            ^~
/home/lzh/VMC_Quadruped/src/estimation/src/leg_dynamics.cpp:9:12: warning: unused variable ‘l2’ [-Wunused-variable]
    9 |     double l2 = LegConstants::L_CALF;
      |            ^~
/home/lzh/VMC_Quadruped/src/estimation/src/leg_dynamics.cpp:16:12: warning: unused variable ‘s12’ [-Wunused-variable]
   16 |     double s12 = std::sin(q(1) + q(2));  // sin(thigh + calf)
      |            ^~~
/home/lzh/VMC_Quadruped/src/estimation/src/leg_dynamics.cpp: In member function ‘Eigen::Vector3d estimation::LegDynamics::computeCoriolisTerm(const Vector3d&, const Vector3d&) const’:
/home/lzh/VMC_Quadruped/src/estimation/src/leg_dynamics.cpp:51:12: warning: unused variable ‘c2’ [-Wunused-variable]
   51 |     double c2 = std::cos(q(1));
      |            ^~
[ 33%] Linking CXX static library libestimation_kinematics.a
[ 33%] Built target estimation_kinematics
Consolidate compiler generated dependencies of target contact_detection_node
[ 50%] Building CXX object CMakeFiles/contact_detection_node.dir/src/contact_detection_node.cpp.o
[ 66%] Building CXX object CMakeFiles/contact_detection_node.dir/src/main.cpp.o
[ 83%] Building CXX object CMakeFiles/contact_detection_node.dir/src/gm_observer.cpp.o
/home/lzh/VMC_Quadruped/src/estimation/src/gm_observer.cpp: In member function ‘void estimation::GMObserver::update(const Vector3d&, const Vector3d&, const Vector3d&, double)’:
/home/lzh/VMC_Quadruped/src/estimation/src/gm_observer.cpp:53:21: warning: variable ‘p_current’ set but not used [-Wunused-but-set-variable]
   53 |     Eigen::Vector3d p_current = M * q_dot;
      |                     ^~~~~~~~~
/home/lzh/VMC_Quadruped/src/estimation/src/gm_observer.cpp:15:33: warning: unused parameter ‘dt’ [-Wunused-parameter]
   15 |                          double dt) {
      |                          ~~~~~~~^~
/home/lzh/VMC_Quadruped/src/estimation/src/contact_detection_node.cpp: In member function ‘void estimation::ContactDetectionNode::on_motor_feedback(interfaces::msg::MotorFeedback12_<std::allocator<void> >::SharedPtr)’:
/home/lzh/VMC_Quadruped/src/estimation/src/contact_detection_node.cpp:63:13: warning: unused variable ‘offset’ [-Wunused-variable]
   63 |         int offset = static_cast<int>(leg_idx) * LegConstants::JOINTS_PER_LEG;
      |             ^~~~~~
[100%] Linking CXX executable contact_detection_node
[100%] Built target contact_detection_node
-- Install configuration: ""
-- Installing: /home/lzh/VMC_Quadruped/install/estimation/lib/estimation/contact_detection_node
-- Set runtime path of "/home/lzh/VMC_Quadruped/install/estimation/lib/estimation/contact_detection_node" to ""
-- Installing: /home/lzh/VMC_Quadruped/install/estimation/lib/libestimation_kinematics.a
-- Up-to-date: /home/lzh/VMC_Quadruped/install/estimation/include/estimation
-- Up-to-date: /home/lzh/VMC_Quadruped/install/estimation/include/estimation/gm_observer.hpp
-- Up-to-date: /home/lzh/VMC_Quadruped/install/estimation/include/estimation/contact_detection_node.hpp
-- Installing: /home/lzh/VMC_Quadruped/install/estimation/include/estimation/types.hpp
-- Up-to-date: /home/lzh/VMC_Quadruped/install/estimation/include/estimation/leg_dynamics.hpp
-- Up-to-date: /home/lzh/VMC_Quadruped/install/estimation/share/ament_index/resource_index/package_run_dependencies/estimation
-- Up-to-date: /home/lzh/VMC_Quadruped/install/estimation/share/ament_index/resource_index/parent_prefix_path/estimation
-- Up-to-date: /home/lzh/VMC_Quadruped/install/estimation/share/estimation/environment/ament_prefix_path.sh
-- Up-to-date: /home/lzh/VMC_Quadruped/install/estimation/share/estimation/environment/ament_prefix_path.dsv
-- Up-to-date: /home/lzh/VMC_Quadruped/install/estimation/share/estimation/environment/path.sh
-- Up-to-date: /home/lzh/VMC_Quadruped/install/estimation/share/estimation/environment/path.dsv
-- Up-to-date: /home/lzh/VMC_Quadruped/install/estimation/share/estimation/local_setup.bash
-- Up-to-date: /home/lzh/VMC_Quadruped/install/estimation/share/estimation/local_setup.sh
-- Up-to-date: /home/lzh/VMC_Quadruped/install/estimation/share/estimation/local_setup.zsh
-- Up-to-date: /home/lzh/VMC_Quadruped/install/estimation/share/estimation/local_setup.dsv
-- Installing: /home/lzh/VMC_Quadruped/install/estimation/share/estimation/package.dsv
-- Up-to-date: /home/lzh/VMC_Quadruped/install/estimation/share/ament_index/resource_index/packages/estimation
-- Up-to-date: /home/lzh/VMC_Quadruped/install/estimation/share/estimation/cmake/estimationConfig.cmake
-- Up-to-date: /home/lzh/VMC_Quadruped/install/estimation/share/estimation/cmake/estimationConfig-version.cmake
-- Up-to-date: /home/lzh/VMC_Quadruped/install/estimation/share/estimation/package.xml
