[0.007s] Invoking command in '/home/lzh/Quadruped_Uika/build/xbox': CMAKE_PREFIX_PATH=/opt/ros/humble /usr/bin/cmake --build /home/lzh/Quadruped_Uika/build/xbox -- -j16 -l16
[0.023s] -- Found ament_cmake: 1.3.14 (/opt/ros/humble/share/ament_cmake/cmake)
[0.102s] -- Found rclcpp: 16.0.19 (/opt/ros/humble/share/rclcpp/cmake)
[0.117s] -- Found rosidl_generator_c: 3.1.8 (/opt/ros/humble/share/rosidl_generator_c/cmake)
[0.118s] -- Found rosidl_adapter: 3.1.8 (/opt/ros/humble/share/rosidl_adapter/cmake)
[0.121s] -- Found rosidl_generator_cpp: 3.1.8 (/opt/ros/humble/share/rosidl_generator_cpp/cmake)
[0.126s] -- Using all available rosidl_typesupport_c: rosidl_typesupport_fastrtps_c;rosidl_typesupport_introspection_c
[0.132s] -- Using all available rosidl_typesupport_cpp: rosidl_typesupport_fastrtps_cpp;rosidl_typesupport_introspection_cpp
[0.149s] -- Found rmw_implementation_cmake: 6.1.2 (/opt/ros/humble/share/rmw_implementation_cmake/cmake)
[0.149s] -- Found rmw_fastrtps_cpp: 6.2.10 (/opt/ros/humble/share/rmw_fastrtps_cpp/cmake)
[0.204s] -- Using RMW implementation 'rmw_fastrtps_cpp' as default
[0.230s] -- Found geometry_msgs: 4.9.1 (/opt/ros/humble/share/geometry_msgs/cmake)
[0.236s] -- Found sensor_msgs: 4.9.1 (/opt/ros/humble/share/sensor_msgs/cmake)
[0.282s] -- Configuring done
[0.286s] -- Generating done
[0.288s] -- Build files have been written to: /home/lzh/Quadruped_Uika/build/xbox
[0.305s] Consolidate compiler generated dependencies of target xbox_vel_publisher
[0.315s] [100%] Built target xbox_vel_publisher
[0.321s] Invoked command in '/home/lzh/Quadruped_Uika/build/xbox' returned '0': CMAKE_PREFIX_PATH=/opt/ros/humble /usr/bin/cmake --build /home/lzh/Quadruped_Uika/build/xbox -- -j16 -l16
[0.326s] Invoking command in '/home/lzh/Quadruped_Uika/build/xbox': CMAKE_PREFIX_PATH=/opt/ros/humble /usr/bin/cmake --install /home/lzh/Quadruped_Uika/build/xbox
[0.332s] -- Install configuration: ""
[0.332s] -- Up-to-date: /home/lzh/Quadruped_Uika/install/xbox/lib/xbox/xbox_vel_publisher
[0.332s] -- Installing: /home/lzh/Quadruped_Uika/install/xbox/share/xbox/launch
[0.333s] -- Installing: /home/lzh/Quadruped_Uika/install/xbox/share/xbox/launch/xbox.launch.py
[0.333s] -- Installing: /home/lzh/Quadruped_Uika/install/xbox/share/ament_index/resource_index/package_run_dependencies/xbox
[0.333s] -- Up-to-date: /home/lzh/Quadruped_Uika/install/xbox/share/ament_index/resource_index/parent_prefix_path/xbox
[0.333s] -- Up-to-date: /home/lzh/Quadruped_Uika/install/xbox/share/xbox/environment/ament_prefix_path.sh
[0.333s] -- Installing: /home/lzh/Quadruped_Uika/install/xbox/share/xbox/environment/ament_prefix_path.dsv
[0.333s] -- Up-to-date: /home/lzh/Quadruped_Uika/install/xbox/share/xbox/environment/path.sh
[0.333s] -- Installing: /home/lzh/Quadruped_Uika/install/xbox/share/xbox/environment/path.dsv
[0.333s] -- Up-to-date: /home/lzh/Quadruped_Uika/install/xbox/share/xbox/local_setup.bash
[0.333s] -- Up-to-date: /home/lzh/Quadruped_Uika/install/xbox/share/xbox/local_setup.sh
[0.333s] -- Up-to-date: /home/lzh/Quadruped_Uika/install/xbox/share/xbox/local_setup.zsh
[0.333s] -- Installing: /home/lzh/Quadruped_Uika/install/xbox/share/xbox/local_setup.dsv
[0.333s] -- Installing: /home/lzh/Quadruped_Uika/install/xbox/share/xbox/package.dsv
[0.333s] -- Up-to-date: /home/lzh/Quadruped_Uika/install/xbox/share/ament_index/resource_index/packages/xbox
[0.333s] -- Up-to-date: /home/lzh/Quadruped_Uika/install/xbox/share/xbox/cmake/xboxConfig.cmake
[0.333s] -- Up-to-date: /home/lzh/Quadruped_Uika/install/xbox/share/xbox/cmake/xboxConfig-version.cmake
[0.333s] -- Installing: /home/lzh/Quadruped_Uika/install/xbox/share/xbox/package.xml
[0.334s] Invoked command in '/home/lzh/Quadruped_Uika/build/xbox' returned '0': CMAKE_PREFIX_PATH=/opt/ros/humble /usr/bin/cmake --install /home/lzh/Quadruped_Uika/build/xbox
