-- The C compiler identification is GNU 11.4.0
-- The CXX compiler identification is GNU 11.4.0
-- Detecting C compiler ABI info
-- Detecting C compiler ABI info - done
-- Check for working C compiler: /usr/bin/cc - skipped
-- Detecting C compile features
-- Detecting C compile features - done
-- Detecting CXX compiler ABI info
-- Detecting CXX compiler ABI info - done
-- Check for working CXX compiler: /usr/bin/c++ - skipped
-- Detecting CXX compile features
-- Detecting CXX compile features - done
-- Found ament_cmake: 1.3.12 (/opt/ros/humble/share/ament_cmake/cmake)
-- Found Python3: /usr/bin/python3 (found version "3.10.12") found components: Interpreter 
-- Found ament_lint_auto: 0.12.14 (/opt/ros/humble/share/ament_lint_auto/cmake)
-- Added test 'lint_cmake' to check CMake code style
-- Added test 'xmllint' to check XML markup files
-- Configuring done
-- Generating done
-- Build files have been written to: /home/lzh/VMC_Quadruped/build/main_control
-- Install configuration: ""
-- Installing: /home/lzh/VMC_Quadruped/install/main_control/share/ament_index/resource_index/package_run_dependencies/main_control
-- Installing: /home/lzh/VMC_Quadruped/install/main_control/share/ament_index/resource_index/parent_prefix_path/main_control
-- Installing: /home/lzh/VMC_Quadruped/install/main_control/share/main_control/environment/ament_prefix_path.sh
-- Installing: /home/lzh/VMC_Quadruped/install/main_control/share/main_control/environment/ament_prefix_path.dsv
-- Installing: /home/lzh/VMC_Quadruped/install/main_control/share/main_control/environment/path.sh
-- Installing: /home/lzh/VMC_Quadruped/install/main_control/share/main_control/environment/path.dsv
-- Installing: /home/lzh/VMC_Quadruped/install/main_control/share/main_control/local_setup.bash
-- Installing: /home/lzh/VMC_Quadruped/install/main_control/share/main_control/local_setup.sh
-- Installing: /home/lzh/VMC_Quadruped/install/main_control/share/main_control/local_setup.zsh
-- Installing: /home/lzh/VMC_Quadruped/install/main_control/share/main_control/local_setup.dsv
-- Installing: /home/lzh/VMC_Quadruped/install/main_control/share/main_control/package.dsv
-- Installing: /home/lzh/VMC_Quadruped/install/main_control/share/ament_index/resource_index/packages/main_control
-- Installing: /home/lzh/VMC_Quadruped/install/main_control/share/main_control/cmake/main_controlConfig.cmake
-- Installing: /home/lzh/VMC_Quadruped/install/main_control/share/main_control/cmake/main_controlConfig-version.cmake
-- Installing: /home/lzh/VMC_Quadruped/install/main_control/share/main_control/package.xml
