[0.011s] Invoking command in '/home/lzh/VMC_Quadruped/build/main_control': CMAKE_PREFIX_PATH=${CMAKE_PREFIX_PATH}:/opt/ros/humble /usr/bin/cmake /home/lzh/VMC_Quadruped/src/main_control -DCMAKE_INSTALL_PREFIX=/home/lzh/VMC_Quadruped/install/main_control
[0.060s] -- The C compiler identification is GNU 11.4.0
[0.119s] -- The CXX compiler identification is GNU 11.4.0
[0.125s] -- Detecting C compiler ABI info
[0.181s] -- Detecting C compiler ABI info - done
[0.186s] -- Check for working C compiler: /usr/bin/cc - skipped
[0.187s] -- Detecting C compile features
[0.187s] -- Detecting C compile features - done
[0.188s] -- Detecting CXX compiler ABI info
[0.258s] -- Detecting CXX compiler ABI info - done
[0.263s] -- Check for working CXX compiler: /usr/bin/c++ - skipped
[0.263s] -- Detecting CXX compile features
[0.263s] -- Detecting CXX compile features - done
[0.265s] -- Found ament_cmake: 1.3.12 (/opt/ros/humble/share/ament_cmake/cmake)
[0.409s] -- Found Python3: /usr/bin/python3 (found version "3.10.12") found components: Interpreter 
[0.488s] -- Found ament_lint_auto: 0.12.14 (/opt/ros/humble/share/ament_lint_auto/cmake)
[0.552s] -- Added test 'lint_cmake' to check CMake code style
[0.553s] -- Added test 'xmllint' to check XML markup files
[0.554s] -- Configuring done
[0.557s] -- Generating done
[0.558s] -- Build files have been written to: /home/lzh/VMC_Quadruped/build/main_control
[0.563s] Invoked command in '/home/lzh/VMC_Quadruped/build/main_control' returned '0': CMAKE_PREFIX_PATH=${CMAKE_PREFIX_PATH}:/opt/ros/humble /usr/bin/cmake /home/lzh/VMC_Quadruped/src/main_control -DCMAKE_INSTALL_PREFIX=/home/lzh/VMC_Quadruped/install/main_control
[0.563s] Invoking command in '/home/lzh/VMC_Quadruped/build/main_control': CMAKE_PREFIX_PATH=${CMAKE_PREFIX_PATH}:/opt/ros/humble /usr/bin/cmake --build /home/lzh/VMC_Quadruped/build/main_control -- -j16 -l16
[0.599s] Invoked command in '/home/lzh/VMC_Quadruped/build/main_control' returned '0': CMAKE_PREFIX_PATH=${CMAKE_PREFIX_PATH}:/opt/ros/humble /usr/bin/cmake --build /home/lzh/VMC_Quadruped/build/main_control -- -j16 -l16
[0.601s] Invoking command in '/home/lzh/VMC_Quadruped/build/main_control': CMAKE_PREFIX_PATH=${CMAKE_PREFIX_PATH}:/opt/ros/humble /usr/bin/cmake --install /home/lzh/VMC_Quadruped/build/main_control
[0.607s] -- Install configuration: ""
[0.607s] -- Installing: /home/lzh/VMC_Quadruped/install/main_control/share/ament_index/resource_index/package_run_dependencies/main_control
[0.607s] -- Installing: /home/lzh/VMC_Quadruped/install/main_control/share/ament_index/resource_index/parent_prefix_path/main_control
[0.608s] -- Installing: /home/lzh/VMC_Quadruped/install/main_control/share/main_control/environment/ament_prefix_path.sh
[0.608s] -- Installing: /home/lzh/VMC_Quadruped/install/main_control/share/main_control/environment/ament_prefix_path.dsv
[0.609s] -- Installing: /home/lzh/VMC_Quadruped/install/main_control/share/main_control/environment/path.sh
[0.609s] -- Installing: /home/lzh/VMC_Quadruped/install/main_control/share/main_control/environment/path.dsv
[0.609s] -- Installing: /home/lzh/VMC_Quadruped/install/main_control/share/main_control/local_setup.bash
[0.609s] -- Installing: /home/lzh/VMC_Quadruped/install/main_control/share/main_control/local_setup.sh
[0.609s] -- Installing: /home/lzh/VMC_Quadruped/install/main_control/share/main_control/local_setup.zsh
[0.609s] -- Installing: /home/lzh/VMC_Quadruped/install/main_control/share/main_control/local_setup.dsv
[0.609s] -- Installing: /home/lzh/VMC_Quadruped/install/main_control/share/main_control/package.dsv
[0.609s] -- Installing: /home/lzh/VMC_Quadruped/install/main_control/share/ament_index/resource_index/packages/main_control
[0.609s] -- Installing: /home/lzh/VMC_Quadruped/install/main_control/share/main_control/cmake/main_controlConfig.cmake
[0.609s] -- Installing: /home/lzh/VMC_Quadruped/install/main_control/share/main_control/cmake/main_controlConfig-version.cmake
[0.609s] -- Installing: /home/lzh/VMC_Quadruped/install/main_control/share/main_control/package.xml
[0.621s] Invoked command in '/home/lzh/VMC_Quadruped/build/main_control' returned '0': CMAKE_PREFIX_PATH=${CMAKE_PREFIX_PATH}:/opt/ros/humble /usr/bin/cmake --install /home/lzh/VMC_Quadruped/build/main_control
