[0.010s] Invoking command in '/home/lzh/VMC_Quadruped/build/rs_motor_ros2': AMENT_PREFIX_PATH=/home/lzh/VMC_Quadruped/install/interfaces:${AMENT_PREFIX_PATH} CMAKE_PREFIX_PATH=/home/lzh/VMC_Quadruped/install/interfaces:/opt/ros/humble LD_LIBRARY_PATH=/home/lzh/VMC_Quadruped/install/interfaces/lib:${LD_LIBRARY_PATH} PYTHONPATH=/home/lzh/VMC_Quadruped/install/interfaces/local/lib/python3.10/dist-packages:${PYTHONPATH} /usr/bin/cmake /home/lzh/VMC_Quadruped/src/robstride_ros_sample -DCMAKE_INSTALL_PREFIX=/home/lzh/VMC_Quadruped/install/rs_motor_ros2
[0.059s] -- The C compiler identification is GNU 11.4.0
[0.104s] -- The CXX compiler identification is GNU 11.4.0
[0.108s] -- Detecting C compiler ABI info
[0.176s] -- Detecting C compiler ABI info - done
[0.185s] -- Check for working C compiler: /usr/bin/cc - skipped
[0.186s] -- Detecting C compile features
[0.186s] -- Detecting C compile features - done
[0.189s] -- Detecting CXX compiler ABI info
[0.259s] -- Detecting CXX compiler ABI info - done
[0.269s] -- Check for working CXX compiler: /usr/bin/c++ - skipped
[0.269s] -- Detecting CXX compile features
[0.270s] -- Detecting CXX compile features - done
[0.272s] -- Found ament_cmake: 1.3.12 (/opt/ros/humble/share/ament_cmake/cmake)
[0.408s] -- Found Python3: /usr/bin/python3 (found version "3.10.12") found components: Interpreter 
[0.480s] -- Found rclcpp: 16.0.14 (/opt/ros/humble/share/rclcpp/cmake)
[0.508s] -- Found rosidl_generator_c: 3.1.7 (/opt/ros/humble/share/rosidl_generator_c/cmake)
[0.511s] -- Found rosidl_adapter: 3.1.7 (/opt/ros/humble/share/rosidl_adapter/cmake)
[0.516s] -- Found rosidl_generator_cpp: 3.1.7 (/opt/ros/humble/share/rosidl_generator_cpp/cmake)
[0.524s] -- Using all available rosidl_typesupport_c: rosidl_typesupport_fastrtps_c;rosidl_typesupport_introspection_c
[0.535s] -- Using all available rosidl_typesupport_cpp: rosidl_typesupport_fastrtps_cpp;rosidl_typesupport_introspection_cpp
[0.565s] -- Found rmw_implementation_cmake: 6.1.2 (/opt/ros/humble/share/rmw_implementation_cmake/cmake)
[0.566s] -- Found rmw_fastrtps_cpp: 6.2.8 (/opt/ros/humble/share/rmw_fastrtps_cpp/cmake)
[0.638s] -- Found OpenSSL: /usr/lib/x86_64-linux-gnu/libcrypto.so (found version "3.0.2")  
[0.660s] -- Found FastRTPS: /opt/ros/humble/include  
[0.695s] -- Using RMW implementation 'rmw_fastrtps_cpp' as default
[0.701s] -- Looking for pthread.h
[0.761s] -- Looking for pthread.h - found
[0.761s] -- Performing Test CMAKE_HAVE_LIBC_PTHREAD
[0.821s] -- Performing Test CMAKE_HAVE_LIBC_PTHREAD - Success
[0.823s] -- Found Threads: TRUE  
[0.857s] -- Found sensor_msgs: 4.9.0 (/opt/ros/humble/share/sensor_msgs/cmake)
[0.876s] -- Found rosidl_default_generators: 1.2.0 (/opt/ros/humble/share/rosidl_default_generators/cmake)
[0.882s] -- Found interfaces: 0.0.0 (/home/lzh/VMC_Quadruped/install/interfaces/share/interfaces/cmake)
[0.939s] -- Configuring done
[0.947s] -- Generating done
[0.950s] -- Build files have been written to: /home/lzh/VMC_Quadruped/build/rs_motor_ros2
[0.955s] Invoked command in '/home/lzh/VMC_Quadruped/build/rs_motor_ros2' returned '0': AMENT_PREFIX_PATH=/home/lzh/VMC_Quadruped/install/interfaces:${AMENT_PREFIX_PATH} CMAKE_PREFIX_PATH=/home/lzh/VMC_Quadruped/install/interfaces:/opt/ros/humble LD_LIBRARY_PATH=/home/lzh/VMC_Quadruped/install/interfaces/lib:${LD_LIBRARY_PATH} PYTHONPATH=/home/lzh/VMC_Quadruped/install/interfaces/local/lib/python3.10/dist-packages:${PYTHONPATH} /usr/bin/cmake /home/lzh/VMC_Quadruped/src/robstride_ros_sample -DCMAKE_INSTALL_PREFIX=/home/lzh/VMC_Quadruped/install/rs_motor_ros2
[0.957s] Invoking command in '/home/lzh/VMC_Quadruped/build/rs_motor_ros2': AMENT_PREFIX_PATH=/home/lzh/VMC_Quadruped/install/interfaces:${AMENT_PREFIX_PATH} CMAKE_PREFIX_PATH=/home/lzh/VMC_Quadruped/install/interfaces:/opt/ros/humble LD_LIBRARY_PATH=/home/lzh/VMC_Quadruped/install/interfaces/lib:${LD_LIBRARY_PATH} PYTHONPATH=/home/lzh/VMC_Quadruped/install/interfaces/local/lib/python3.10/dist-packages:${PYTHONPATH} /usr/bin/cmake --build /home/lzh/VMC_Quadruped/build/rs_motor_ros2 -- -j16 -l16
[0.996s] Consolidate compiler generated dependencies of target rs_motor_ros2_lib
[1.004s] [ 50%] Built target rs_motor_ros2_lib
[1.017s] Consolidate compiler generated dependencies of target rs_motor_ros2
[1.031s] [ 75%] Building CXX object CMakeFiles/rs_motor_ros2.dir/src/main.cpp.o
[6.731s] [100%] Linking CXX executable rs_motor_ros2
[7.049s] [100%] Built target rs_motor_ros2
[7.057s] Invoked command in '/home/lzh/VMC_Quadruped/build/rs_motor_ros2' returned '0': AMENT_PREFIX_PATH=/home/lzh/VMC_Quadruped/install/interfaces:${AMENT_PREFIX_PATH} CMAKE_PREFIX_PATH=/home/lzh/VMC_Quadruped/install/interfaces:/opt/ros/humble LD_LIBRARY_PATH=/home/lzh/VMC_Quadruped/install/interfaces/lib:${LD_LIBRARY_PATH} PYTHONPATH=/home/lzh/VMC_Quadruped/install/interfaces/local/lib/python3.10/dist-packages:${PYTHONPATH} /usr/bin/cmake --build /home/lzh/VMC_Quadruped/build/rs_motor_ros2 -- -j16 -l16
[7.064s] Invoking command in '/home/lzh/VMC_Quadruped/build/rs_motor_ros2': AMENT_PREFIX_PATH=/home/lzh/VMC_Quadruped/install/interfaces:${AMENT_PREFIX_PATH} CMAKE_PREFIX_PATH=/home/lzh/VMC_Quadruped/install/interfaces:/opt/ros/humble LD_LIBRARY_PATH=/home/lzh/VMC_Quadruped/install/interfaces/lib:${LD_LIBRARY_PATH} PYTHONPATH=/home/lzh/VMC_Quadruped/install/interfaces/local/lib/python3.10/dist-packages:${PYTHONPATH} /usr/bin/cmake --install /home/lzh/VMC_Quadruped/build/rs_motor_ros2
[7.069s] -- Install configuration: ""
[7.069s] -- Up-to-date: /home/lzh/VMC_Quadruped/install/rs_motor_ros2/include
[7.070s] -- Up-to-date: /home/lzh/VMC_Quadruped/install/rs_motor_ros2/include/motor_ros2
[7.070s] -- Up-to-date: /home/lzh/VMC_Quadruped/install/rs_motor_ros2/include/motor_ros2/motor_cfg.h
[7.070s] -- Up-to-date: /home/lzh/VMC_Quadruped/install/rs_motor_ros2/lib/librs_motor_ros2.a
[7.070s] -- Installing: /home/lzh/VMC_Quadruped/install/rs_motor_ros2/lib/rs_motor_ros2/rs_motor_ros2
[7.072s] -- Set runtime path of "/home/lzh/VMC_Quadruped/install/rs_motor_ros2/lib/rs_motor_ros2/rs_motor_ros2" to ""
[7.072s] -- Up-to-date: /home/lzh/VMC_Quadruped/install/rs_motor_ros2/share/ament_index/resource_index/package_run_dependencies/rs_motor_ros2
[7.072s] -- Installing: /home/lzh/VMC_Quadruped/install/rs_motor_ros2/share/ament_index/resource_index/parent_prefix_path/rs_motor_ros2
[7.072s] -- Up-to-date: /home/lzh/VMC_Quadruped/install/rs_motor_ros2/share/rs_motor_ros2/environment/ament_prefix_path.sh
[7.072s] -- Installing: /home/lzh/VMC_Quadruped/install/rs_motor_ros2/share/rs_motor_ros2/environment/ament_prefix_path.dsv
[7.072s] -- Up-to-date: /home/lzh/VMC_Quadruped/install/rs_motor_ros2/share/rs_motor_ros2/environment/path.sh
[7.072s] -- Installing: /home/lzh/VMC_Quadruped/install/rs_motor_ros2/share/rs_motor_ros2/environment/path.dsv
[7.072s] -- Up-to-date: /home/lzh/VMC_Quadruped/install/rs_motor_ros2/share/rs_motor_ros2/local_setup.bash
[7.072s] -- Up-to-date: /home/lzh/VMC_Quadruped/install/rs_motor_ros2/share/rs_motor_ros2/local_setup.sh
[7.072s] -- Up-to-date: /home/lzh/VMC_Quadruped/install/rs_motor_ros2/share/rs_motor_ros2/local_setup.zsh
[7.072s] -- Installing: /home/lzh/VMC_Quadruped/install/rs_motor_ros2/share/rs_motor_ros2/local_setup.dsv
[7.072s] -- Installing: /home/lzh/VMC_Quadruped/install/rs_motor_ros2/share/rs_motor_ros2/package.dsv
[7.072s] -- Up-to-date: /home/lzh/VMC_Quadruped/install/rs_motor_ros2/share/ament_index/resource_index/packages/rs_motor_ros2
[7.073s] -- Up-to-date: /home/lzh/VMC_Quadruped/install/rs_motor_ros2/share/rs_motor_ros2/cmake/ament_cmake_export_dependencies-extras.cmake
[7.073s] -- Up-to-date: /home/lzh/VMC_Quadruped/install/rs_motor_ros2/share/rs_motor_ros2/cmake/rs_motor_ros2Config.cmake
[7.073s] -- Up-to-date: /home/lzh/VMC_Quadruped/install/rs_motor_ros2/share/rs_motor_ros2/cmake/rs_motor_ros2Config-version.cmake
[7.073s] -- Up-to-date: /home/lzh/VMC_Quadruped/install/rs_motor_ros2/share/rs_motor_ros2/package.xml
[7.073s] Invoked command in '/home/lzh/VMC_Quadruped/build/rs_motor_ros2' returned '0': AMENT_PREFIX_PATH=/home/lzh/VMC_Quadruped/install/interfaces:${AMENT_PREFIX_PATH} CMAKE_PREFIX_PATH=/home/lzh/VMC_Quadruped/install/interfaces:/opt/ros/humble LD_LIBRARY_PATH=/home/lzh/VMC_Quadruped/install/interfaces/lib:${LD_LIBRARY_PATH} PYTHONPATH=/home/lzh/VMC_Quadruped/install/interfaces/local/lib/python3.10/dist-packages:${PYTHONPATH} /usr/bin/cmake --install /home/lzh/VMC_Quadruped/build/rs_motor_ros2
