[0.010s] Invoking command in '/home/lzh/VMC_Quadruped/build/estimation': CMAKE_PREFIX_PATH=${CMAKE_PREFIX_PATH}:/opt/ros/humble /usr/bin/cmake /home/lzh/VMC_Quadruped/src/estimation -DCMAKE_INSTALL_PREFIX=/home/lzh/VMC_Quadruped/install/estimation
[0.058s] -- The C compiler identification is GNU 11.4.0
[0.111s] -- The CXX compiler identification is GNU 11.4.0
[0.116s] -- Detecting C compiler ABI info
[0.168s] -- Detecting C compiler ABI info - done
[0.173s] -- Check for working C compiler: /usr/bin/cc - skipped
[0.174s] -- Detecting C compile features
[0.174s] -- Detecting C compile features - done
[0.176s] -- Detecting CXX compiler ABI info
[0.238s] -- Detecting CXX compiler ABI info - done
[0.243s] -- Check for working CXX compiler: /usr/bin/c++ - skipped
[0.244s] -- Detecting CXX compile features
[0.244s] -- Detecting CXX compile features - done
[0.245s] -- Found ament_cmake: 1.3.12 (/opt/ros/humble/share/ament_cmake/cmake)
[0.389s] -- Found Python3: /usr/bin/python3 (found version "3.10.12") found components: Interpreter 
[0.460s] -- Found ament_lint_auto: 0.12.14 (/opt/ros/humble/share/ament_lint_auto/cmake)
[0.521s] -- Added test 'lint_cmake' to check CMake code style
[0.522s] -- Added test 'xmllint' to check XML markup files
[0.524s] -- Configuring done
[0.526s] -- Generating done
[0.527s] -- Build files have been written to: /home/lzh/VMC_Quadruped/build/estimation
[0.530s] Invoked command in '/home/lzh/VMC_Quadruped/build/estimation' returned '0': CMAKE_PREFIX_PATH=${CMAKE_PREFIX_PATH}:/opt/ros/humble /usr/bin/cmake /home/lzh/VMC_Quadruped/src/estimation -DCMAKE_INSTALL_PREFIX=/home/lzh/VMC_Quadruped/install/estimation
[0.533s] Invoking command in '/home/lzh/VMC_Quadruped/build/estimation': CMAKE_PREFIX_PATH=${CMAKE_PREFIX_PATH}:/opt/ros/humble /usr/bin/cmake --build /home/lzh/VMC_Quadruped/build/estimation -- -j16 -l16
[0.568s] Invoked command in '/home/lzh/VMC_Quadruped/build/estimation' returned '0': CMAKE_PREFIX_PATH=${CMAKE_PREFIX_PATH}:/opt/ros/humble /usr/bin/cmake --build /home/lzh/VMC_Quadruped/build/estimation -- -j16 -l16
[0.579s] Invoking command in '/home/lzh/VMC_Quadruped/build/estimation': CMAKE_PREFIX_PATH=${CMAKE_PREFIX_PATH}:/opt/ros/humble /usr/bin/cmake --install /home/lzh/VMC_Quadruped/build/estimation
[0.585s] -- Install configuration: ""
[0.585s] -- Installing: /home/lzh/VMC_Quadruped/install/estimation/share/ament_index/resource_index/package_run_dependencies/estimation
[0.585s] -- Installing: /home/lzh/VMC_Quadruped/install/estimation/share/ament_index/resource_index/parent_prefix_path/estimation
[0.585s] -- Installing: /home/lzh/VMC_Quadruped/install/estimation/share/estimation/environment/ament_prefix_path.sh
[0.585s] -- Installing: /home/lzh/VMC_Quadruped/install/estimation/share/estimation/environment/ament_prefix_path.dsv
[0.585s] -- Installing: /home/lzh/VMC_Quadruped/install/estimation/share/estimation/environment/path.sh
[0.585s] -- Installing: /home/lzh/VMC_Quadruped/install/estimation/share/estimation/environment/path.dsv
[0.586s] -- Installing: /home/lzh/VMC_Quadruped/install/estimation/share/estimation/local_setup.bash
[0.586s] -- Installing: /home/lzh/VMC_Quadruped/install/estimation/share/estimation/local_setup.sh
[0.586s] -- Installing: /home/lzh/VMC_Quadruped/install/estimation/share/estimation/local_setup.zsh
[0.586s] -- Installing: /home/lzh/VMC_Quadruped/install/estimation/share/estimation/local_setup.dsv
[0.586s] -- Installing: /home/lzh/VMC_Quadruped/install/estimation/share/estimation/package.dsv
[0.586s] -- Installing: /home/lzh/VMC_Quadruped/install/estimation/share/ament_index/resource_index/packages/estimation
[0.586s] -- Installing: /home/lzh/VMC_Quadruped/install/estimation/share/estimation/cmake/estimationConfig.cmake
[0.586s] -- Installing: /home/lzh/VMC_Quadruped/install/estimation/share/estimation/cmake/estimationConfig-version.cmake
[0.586s] -- Installing: /home/lzh/VMC_Quadruped/install/estimation/share/estimation/package.xml
[0.588s] Invoked command in '/home/lzh/VMC_Quadruped/build/estimation' returned '0': CMAKE_PREFIX_PATH=${CMAKE_PREFIX_PATH}:/opt/ros/humble /usr/bin/cmake --install /home/lzh/VMC_Quadruped/build/estimation
