[0.064s] DEBUG:colcon:Command line arguments: ['/usr/bin/colcon', 'build', '--packages-select', 'rs_motor_ros2']
[0.064s] DEBUG:colcon:Parsed command line arguments: Namespace(log_base=None, log_level=None, verb_name='build', build_base='build', install_base='install', merge_install=False, symlink_install=False, test_result_base=None, continue_on_error=False, executor='parallel', parallel_workers=16, event_handlers=None, ignore_user_meta=False, metas=['./colcon.meta'], base_paths=['.'], packages_ignore=None, packages_ignore_regex=None, paths=None, packages_up_to=None, packages_up_to_regex=None, packages_above=None, packages_above_and_dependencies=None, packages_above_depth=None, packages_select_by_dep=None, packages_skip_by_dep=None, packages_skip_up_to=None, packages_select_build_failed=False, packages_skip_build_finished=False, packages_select_test_failures=False, packages_skip_test_passed=False, packages_select=['rs_motor_ros2'], packages_skip=None, packages_select_regex=None, packages_skip_regex=None, packages_start=None, packages_end=None, allow_overriding=[], cmake_args=None, cmake_target=None, cmake_target_skip_unavailable=False, cmake_clean_cache=False, cmake_clean_first=False, cmake_force_configure=False, ament_cmake_args=None, catkin_cmake_args=None, catkin_skip_building_tests=False, verb_parser=<colcon_defaults.argument_parser.defaults.DefaultArgumentsDecorator object at 0x7f28ef66ca90>, verb_extension=<colcon_core.verb.build.BuildVerb object at 0x7f28ef66c580>, main=<bound method BuildVerb.main of <colcon_core.verb.build.BuildVerb object at 0x7f28ef66c580>>)
[0.160s] Level 1:colcon.colcon_core.package_discovery:discover_packages(colcon_meta) check parameters
[0.161s] Level 1:colcon.colcon_core.package_discovery:discover_packages(recursive) check parameters
[0.161s] Level 1:colcon.colcon_core.package_discovery:discover_packages(ignore) check parameters
[0.161s] Level 1:colcon.colcon_core.package_discovery:discover_packages(path) check parameters
[0.161s] Level 1:colcon.colcon_core.package_discovery:discover_packages(colcon_meta) discover
[0.161s] Level 1:colcon.colcon_core.package_discovery:discover_packages(recursive) discover
[0.161s] INFO:colcon.colcon_core.package_discovery:Crawling recursively for packages in '/home/lzh/VMC_Quadruped'
[0.161s] Level 1:colcon.colcon_core.package_identification:_identify(.) by extensions ['ignore', 'ignore_ament_install']
[0.161s] Level 1:colcon.colcon_core.package_identification:_identify(.) by extension 'ignore'
[0.161s] Level 1:colcon.colcon_core.package_identification:_identify(.) by extension 'ignore_ament_install'
[0.161s] Level 1:colcon.colcon_core.package_identification:_identify(.) by extensions ['colcon_pkg']
[0.161s] Level 1:colcon.colcon_core.package_identification:_identify(.) by extension 'colcon_pkg'
[0.161s] Level 1:colcon.colcon_core.package_identification:_identify(.) by extensions ['colcon_meta']
[0.161s] Level 1:colcon.colcon_core.package_identification:_identify(.) by extension 'colcon_meta'
[0.161s] Level 1:colcon.colcon_core.package_identification:_identify(.) by extensions ['ros']
[0.161s] Level 1:colcon.colcon_core.package_identification:_identify(.) by extension 'ros'
[0.168s] Level 1:colcon.colcon_core.package_identification:_identify(.) by extensions ['cmake', 'python']
[0.168s] Level 1:colcon.colcon_core.package_identification:_identify(.) by extension 'cmake'
[0.168s] Level 1:colcon.colcon_core.package_identification:_identify(.) by extension 'python'
[0.168s] Level 1:colcon.colcon_core.package_identification:_identify(.) by extensions ['python_setup_py']
[0.168s] Level 1:colcon.colcon_core.package_identification:_identify(.) by extension 'python_setup_py'
[0.168s] Level 1:colcon.colcon_core.package_identification:_identify(build) by extensions ['ignore', 'ignore_ament_install']
[0.168s] Level 1:colcon.colcon_core.package_identification:_identify(build) by extension 'ignore'
[0.168s] Level 1:colcon.colcon_core.package_identification:_identify(build) ignored
[0.168s] Level 1:colcon.colcon_core.package_identification:_identify(install) by extensions ['ignore', 'ignore_ament_install']
[0.169s] Level 1:colcon.colcon_core.package_identification:_identify(install) by extension 'ignore'
[0.169s] Level 1:colcon.colcon_core.package_identification:_identify(install) ignored
[0.169s] Level 1:colcon.colcon_core.package_identification:_identify(log) by extensions ['ignore', 'ignore_ament_install']
[0.169s] Level 1:colcon.colcon_core.package_identification:_identify(log) by extension 'ignore'
[0.169s] Level 1:colcon.colcon_core.package_identification:_identify(log) ignored
[0.169s] Level 1:colcon.colcon_core.package_identification:_identify(src) by extensions ['ignore', 'ignore_ament_install']
[0.169s] Level 1:colcon.colcon_core.package_identification:_identify(src) by extension 'ignore'
[0.169s] Level 1:colcon.colcon_core.package_identification:_identify(src) by extension 'ignore_ament_install'
[0.169s] Level 1:colcon.colcon_core.package_identification:_identify(src) by extensions ['colcon_pkg']
[0.169s] Level 1:colcon.colcon_core.package_identification:_identify(src) by extension 'colcon_pkg'
[0.169s] Level 1:colcon.colcon_core.package_identification:_identify(src) by extensions ['colcon_meta']
[0.169s] Level 1:colcon.colcon_core.package_identification:_identify(src) by extension 'colcon_meta'
[0.169s] Level 1:colcon.colcon_core.package_identification:_identify(src) by extensions ['ros']
[0.169s] Level 1:colcon.colcon_core.package_identification:_identify(src) by extension 'ros'
[0.169s] Level 1:colcon.colcon_core.package_identification:_identify(src) by extensions ['cmake', 'python']
[0.169s] Level 1:colcon.colcon_core.package_identification:_identify(src) by extension 'cmake'
[0.169s] Level 1:colcon.colcon_core.package_identification:_identify(src) by extension 'python'
[0.169s] Level 1:colcon.colcon_core.package_identification:_identify(src) by extensions ['python_setup_py']
[0.169s] Level 1:colcon.colcon_core.package_identification:_identify(src) by extension 'python_setup_py'
[0.169s] Level 1:colcon.colcon_core.package_identification:_identify(src/build) by extensions ['ignore', 'ignore_ament_install']
[0.169s] Level 1:colcon.colcon_core.package_identification:_identify(src/build) by extension 'ignore'
[0.169s] Level 1:colcon.colcon_core.package_identification:_identify(src/build) ignored
[0.169s] Level 1:colcon.colcon_core.package_identification:_identify(src/description) by extensions ['ignore', 'ignore_ament_install']
[0.169s] Level 1:colcon.colcon_core.package_identification:_identify(src/description) by extension 'ignore'
[0.169s] Level 1:colcon.colcon_core.package_identification:_identify(src/description) by extension 'ignore_ament_install'
[0.169s] Level 1:colcon.colcon_core.package_identification:_identify(src/description) by extensions ['colcon_pkg']
[0.169s] Level 1:colcon.colcon_core.package_identification:_identify(src/description) by extension 'colcon_pkg'
[0.169s] Level 1:colcon.colcon_core.package_identification:_identify(src/description) by extensions ['colcon_meta']
[0.169s] Level 1:colcon.colcon_core.package_identification:_identify(src/description) by extension 'colcon_meta'
[0.169s] Level 1:colcon.colcon_core.package_identification:_identify(src/description) by extensions ['ros']
[0.169s] Level 1:colcon.colcon_core.package_identification:_identify(src/description) by extension 'ros'
[0.171s] DEBUG:colcon.colcon_core.package_identification:Package 'src/description' with type 'ros.ament_cmake' and name 'description'
[0.171s] Level 1:colcon.colcon_core.package_identification:_identify(src/estimation) by extensions ['ignore', 'ignore_ament_install']
[0.171s] Level 1:colcon.colcon_core.package_identification:_identify(src/estimation) by extension 'ignore'
[0.171s] Level 1:colcon.colcon_core.package_identification:_identify(src/estimation) by extension 'ignore_ament_install'
[0.171s] Level 1:colcon.colcon_core.package_identification:_identify(src/estimation) by extensions ['colcon_pkg']
[0.171s] Level 1:colcon.colcon_core.package_identification:_identify(src/estimation) by extension 'colcon_pkg'
[0.171s] Level 1:colcon.colcon_core.package_identification:_identify(src/estimation) by extensions ['colcon_meta']
[0.171s] Level 1:colcon.colcon_core.package_identification:_identify(src/estimation) by extension 'colcon_meta'
[0.171s] Level 1:colcon.colcon_core.package_identification:_identify(src/estimation) by extensions ['ros']
[0.171s] Level 1:colcon.colcon_core.package_identification:_identify(src/estimation) by extension 'ros'
[0.172s] DEBUG:colcon.colcon_core.package_identification:Package 'src/estimation' with type 'ros.ament_cmake' and name 'estimation'
[0.172s] Level 1:colcon.colcon_core.package_identification:_identify(src/install) by extensions ['ignore', 'ignore_ament_install']
[0.172s] Level 1:colcon.colcon_core.package_identification:_identify(src/install) by extension 'ignore'
[0.172s] Level 1:colcon.colcon_core.package_identification:_identify(src/install) ignored
[0.172s] Level 1:colcon.colcon_core.package_identification:_identify(src/interfaces) by extensions ['ignore', 'ignore_ament_install']
[0.172s] Level 1:colcon.colcon_core.package_identification:_identify(src/interfaces) by extension 'ignore'
[0.172s] Level 1:colcon.colcon_core.package_identification:_identify(src/interfaces) by extension 'ignore_ament_install'
[0.172s] Level 1:colcon.colcon_core.package_identification:_identify(src/interfaces) by extensions ['colcon_pkg']
[0.172s] Level 1:colcon.colcon_core.package_identification:_identify(src/interfaces) by extension 'colcon_pkg'
[0.172s] Level 1:colcon.colcon_core.package_identification:_identify(src/interfaces) by extensions ['colcon_meta']
[0.172s] Level 1:colcon.colcon_core.package_identification:_identify(src/interfaces) by extension 'colcon_meta'
[0.172s] Level 1:colcon.colcon_core.package_identification:_identify(src/interfaces) by extensions ['ros']
[0.172s] Level 1:colcon.colcon_core.package_identification:_identify(src/interfaces) by extension 'ros'
[0.172s] DEBUG:colcon.colcon_core.package_identification:Package 'src/interfaces' with type 'ros.ament_cmake' and name 'interfaces'
[0.172s] Level 1:colcon.colcon_core.package_identification:_identify(src/log) by extensions ['ignore', 'ignore_ament_install']
[0.172s] Level 1:colcon.colcon_core.package_identification:_identify(src/log) by extension 'ignore'
[0.173s] Level 1:colcon.colcon_core.package_identification:_identify(src/log) ignored
[0.173s] Level 1:colcon.colcon_core.package_identification:_identify(src/main_control) by extensions ['ignore', 'ignore_ament_install']
[0.173s] Level 1:colcon.colcon_core.package_identification:_identify(src/main_control) by extension 'ignore'
[0.173s] Level 1:colcon.colcon_core.package_identification:_identify(src/main_control) by extension 'ignore_ament_install'
[0.173s] Level 1:colcon.colcon_core.package_identification:_identify(src/main_control) by extensions ['colcon_pkg']
[0.173s] Level 1:colcon.colcon_core.package_identification:_identify(src/main_control) by extension 'colcon_pkg'
[0.173s] Level 1:colcon.colcon_core.package_identification:_identify(src/main_control) by extensions ['colcon_meta']
[0.173s] Level 1:colcon.colcon_core.package_identification:_identify(src/main_control) by extension 'colcon_meta'
[0.173s] Level 1:colcon.colcon_core.package_identification:_identify(src/main_control) by extensions ['ros']
[0.173s] Level 1:colcon.colcon_core.package_identification:_identify(src/main_control) by extension 'ros'
[0.173s] DEBUG:colcon.colcon_core.package_identification:Package 'src/main_control' with type 'ros.ament_cmake' and name 'main_control'
[0.173s] Level 1:colcon.colcon_core.package_identification:_identify(src/robstride_ros_sample) by extensions ['ignore', 'ignore_ament_install']
[0.173s] Level 1:colcon.colcon_core.package_identification:_identify(src/robstride_ros_sample) by extension 'ignore'
[0.173s] Level 1:colcon.colcon_core.package_identification:_identify(src/robstride_ros_sample) by extension 'ignore_ament_install'
[0.173s] Level 1:colcon.colcon_core.package_identification:_identify(src/robstride_ros_sample) by extensions ['colcon_pkg']
[0.173s] Level 1:colcon.colcon_core.package_identification:_identify(src/robstride_ros_sample) by extension 'colcon_pkg'
[0.173s] Level 1:colcon.colcon_core.package_identification:_identify(src/robstride_ros_sample) by extensions ['colcon_meta']
[0.173s] Level 1:colcon.colcon_core.package_identification:_identify(src/robstride_ros_sample) by extension 'colcon_meta'
[0.173s] Level 1:colcon.colcon_core.package_identification:_identify(src/robstride_ros_sample) by extensions ['ros']
[0.173s] Level 1:colcon.colcon_core.package_identification:_identify(src/robstride_ros_sample) by extension 'ros'
[0.174s] DEBUG:colcon.colcon_core.package_identification:Package 'src/robstride_ros_sample' with type 'ros.ament_cmake' and name 'rs_motor_ros2'
[0.174s] Level 1:colcon.colcon_core.package_discovery:discover_packages(recursive) using defaults
[0.174s] Level 1:colcon.colcon_core.package_discovery:discover_packages(ignore) discover
[0.174s] Level 1:colcon.colcon_core.package_discovery:discover_packages(ignore) using defaults
[0.174s] Level 1:colcon.colcon_core.package_discovery:discover_packages(path) discover
[0.174s] Level 1:colcon.colcon_core.package_discovery:discover_packages(path) using defaults
[0.194s] INFO:colcon.colcon_core.package_selection:Skipping not selected package 'description' in 'src/description'
[0.194s] INFO:colcon.colcon_core.package_selection:Skipping not selected package 'estimation' in 'src/estimation'
[0.194s] INFO:colcon.colcon_core.package_selection:Skipping not selected package 'interfaces' in 'src/interfaces'
[0.194s] INFO:colcon.colcon_core.package_selection:Skipping not selected package 'main_control' in 'src/main_control'
[0.194s] Level 1:colcon.colcon_core.package_discovery:discover_packages(prefix_path) check parameters
[0.194s] Level 1:colcon.colcon_core.package_discovery:discover_packages(prefix_path) discover
[0.195s] WARNING:colcon.colcon_ros.prefix_path.ament:The path '/home/lzh/VMC_Quadruped/install/rs_motor_ros2' in the environment variable AMENT_PREFIX_PATH doesn't exist
[0.195s] WARNING:colcon.colcon_ros.prefix_path.catkin:The path '/home/lzh/VMC_Quadruped/install/rs_motor_ros2' in the environment variable CMAKE_PREFIX_PATH doesn't exist
[0.195s] DEBUG:colcon.colcon_installed_package_information.package_discovery:Found 4 installed packages in /home/lzh/VMC_Quadruped/install
[0.196s] DEBUG:colcon.colcon_installed_package_information.package_discovery:Found 1 installed packages in /home/lzh/VMC_Quadruped/src/robstride_ros_sample/install
[0.196s] DEBUG:colcon.colcon_installed_package_information.package_discovery:Found 339 installed packages in /opt/ros/humble
[0.197s] Level 1:colcon.colcon_core.package_discovery:discover_packages(prefix_path) using defaults
[0.222s] Level 5:colcon.colcon_core.verb:set package 'rs_motor_ros2' build argument 'cmake_args' from command line to 'None'
[0.222s] Level 5:colcon.colcon_core.verb:set package 'rs_motor_ros2' build argument 'cmake_target' from command line to 'None'
[0.222s] Level 5:colcon.colcon_core.verb:set package 'rs_motor_ros2' build argument 'cmake_target_skip_unavailable' from command line to 'False'
[0.222s] Level 5:colcon.colcon_core.verb:set package 'rs_motor_ros2' build argument 'cmake_clean_cache' from command line to 'False'
[0.222s] Level 5:colcon.colcon_core.verb:set package 'rs_motor_ros2' build argument 'cmake_clean_first' from command line to 'False'
[0.222s] Level 5:colcon.colcon_core.verb:set package 'rs_motor_ros2' build argument 'cmake_force_configure' from command line to 'False'
[0.222s] Level 5:colcon.colcon_core.verb:set package 'rs_motor_ros2' build argument 'ament_cmake_args' from command line to 'None'
[0.222s] Level 5:colcon.colcon_core.verb:set package 'rs_motor_ros2' build argument 'catkin_cmake_args' from command line to 'None'
[0.222s] Level 5:colcon.colcon_core.verb:set package 'rs_motor_ros2' build argument 'catkin_skip_building_tests' from command line to 'False'
[0.222s] DEBUG:colcon.colcon_core.verb:Building package 'rs_motor_ros2' with the following arguments: {'ament_cmake_args': None, 'build_base': '/home/lzh/VMC_Quadruped/build/rs_motor_ros2', 'catkin_cmake_args': None, 'catkin_skip_building_tests': False, 'cmake_args': None, 'cmake_clean_cache': False, 'cmake_clean_first': False, 'cmake_force_configure': False, 'cmake_target': None, 'cmake_target_skip_unavailable': False, 'install_base': '/home/lzh/VMC_Quadruped/install/rs_motor_ros2', 'merge_install': False, 'path': '/home/lzh/VMC_Quadruped/src/robstride_ros_sample', 'symlink_install': False, 'test_result_base': None}
[0.222s] INFO:colcon.colcon_core.executor:Executing jobs using 'parallel' executor
[0.223s] DEBUG:colcon.colcon_parallel_executor.executor.parallel:run_until_complete
[0.223s] INFO:colcon.colcon_ros.task.ament_cmake.build:Building ROS package in '/home/lzh/VMC_Quadruped/src/robstride_ros_sample' with build type 'ament_cmake'
[0.223s] INFO:colcon.colcon_cmake.task.cmake.build:Building CMake package in '/home/lzh/VMC_Quadruped/src/robstride_ros_sample'
[0.225s] INFO:colcon.colcon_core.plugin_system:Skipping extension 'colcon_core.shell.bat': Not used on non-Windows systems
[0.225s] INFO:colcon.colcon_core.shell:Skip shell extension 'powershell' for command environment: Not usable outside of PowerShell
[0.225s] DEBUG:colcon.colcon_core.shell:Skip shell extension 'dsv' for command environment
[0.234s] DEBUG:colcon.colcon_core.event_handler.log_command:Invoking command in '/home/lzh/VMC_Quadruped/build/rs_motor_ros2': CMAKE_PREFIX_PATH=/home/lzh/VMC_Quadruped/install/interfaces:/home/lzh/VMC_Quadruped/src/robstride_ros_sample/install/rs_motor_ros2:/home/lzh/VMC_Quadruped/install/rs_motor_ros2:/home/lzh/VMC_Quadruped/install/main_control:/home/lzh/VMC_Quadruped/install/estimation:/home/lzh/VMC_Quadruped/install/description:/opt/ros/humble /usr/bin/cmake /home/lzh/VMC_Quadruped/src/robstride_ros_sample -DCMAKE_INSTALL_PREFIX=/home/lzh/VMC_Quadruped/install/rs_motor_ros2
[1.314s] DEBUG:colcon.colcon_core.event_handler.log_command:Invoked command in '/home/lzh/VMC_Quadruped/build/rs_motor_ros2' returned '0': CMAKE_PREFIX_PATH=/home/lzh/VMC_Quadruped/install/interfaces:/home/lzh/VMC_Quadruped/src/robstride_ros_sample/install/rs_motor_ros2:/home/lzh/VMC_Quadruped/install/rs_motor_ros2:/home/lzh/VMC_Quadruped/install/main_control:/home/lzh/VMC_Quadruped/install/estimation:/home/lzh/VMC_Quadruped/install/description:/opt/ros/humble /usr/bin/cmake /home/lzh/VMC_Quadruped/src/robstride_ros_sample -DCMAKE_INSTALL_PREFIX=/home/lzh/VMC_Quadruped/install/rs_motor_ros2
[1.315s] DEBUG:colcon.colcon_core.event_handler.log_command:Invoking command in '/home/lzh/VMC_Quadruped/build/rs_motor_ros2': CMAKE_PREFIX_PATH=/home/lzh/VMC_Quadruped/install/interfaces:/home/lzh/VMC_Quadruped/src/robstride_ros_sample/install/rs_motor_ros2:/home/lzh/VMC_Quadruped/install/rs_motor_ros2:/home/lzh/VMC_Quadruped/install/main_control:/home/lzh/VMC_Quadruped/install/estimation:/home/lzh/VMC_Quadruped/install/description:/opt/ros/humble /usr/bin/cmake --build /home/lzh/VMC_Quadruped/build/rs_motor_ros2 -- -j16 -l16
[7.739s] DEBUG:colcon.colcon_core.event_handler.log_command:Invoked command in '/home/lzh/VMC_Quadruped/build/rs_motor_ros2' returned '0': CMAKE_PREFIX_PATH=/home/lzh/VMC_Quadruped/install/interfaces:/home/lzh/VMC_Quadruped/src/robstride_ros_sample/install/rs_motor_ros2:/home/lzh/VMC_Quadruped/install/rs_motor_ros2:/home/lzh/VMC_Quadruped/install/main_control:/home/lzh/VMC_Quadruped/install/estimation:/home/lzh/VMC_Quadruped/install/description:/opt/ros/humble /usr/bin/cmake --build /home/lzh/VMC_Quadruped/build/rs_motor_ros2 -- -j16 -l16
[7.752s] DEBUG:colcon.colcon_core.event_handler.log_command:Invoking command in '/home/lzh/VMC_Quadruped/build/rs_motor_ros2': CMAKE_PREFIX_PATH=/home/lzh/VMC_Quadruped/install/interfaces:/home/lzh/VMC_Quadruped/src/robstride_ros_sample/install/rs_motor_ros2:/home/lzh/VMC_Quadruped/install/rs_motor_ros2:/home/lzh/VMC_Quadruped/install/main_control:/home/lzh/VMC_Quadruped/install/estimation:/home/lzh/VMC_Quadruped/install/description:/opt/ros/humble /usr/bin/cmake --install /home/lzh/VMC_Quadruped/build/rs_motor_ros2
[7.766s] Level 1:colcon.colcon_core.environment:create_environment_scripts_only(rs_motor_ros2)
[7.766s] DEBUG:colcon.colcon_core.event_handler.log_command:Invoked command in '/home/lzh/VMC_Quadruped/build/rs_motor_ros2' returned '0': CMAKE_PREFIX_PATH=/home/lzh/VMC_Quadruped/install/interfaces:/home/lzh/VMC_Quadruped/src/robstride_ros_sample/install/rs_motor_ros2:/home/lzh/VMC_Quadruped/install/rs_motor_ros2:/home/lzh/VMC_Quadruped/install/main_control:/home/lzh/VMC_Quadruped/install/estimation:/home/lzh/VMC_Quadruped/install/description:/opt/ros/humble /usr/bin/cmake --install /home/lzh/VMC_Quadruped/build/rs_motor_ros2
[7.769s] Level 1:colcon.colcon_core.environment:checking '/home/lzh/VMC_Quadruped/install/rs_motor_ros2' for CMake module files
[7.770s] Level 1:colcon.colcon_core.environment:checking '/home/lzh/VMC_Quadruped/install/rs_motor_ros2' for CMake config files
[7.770s] Level 1:colcon.colcon_core.shell:create_environment_hook('rs_motor_ros2', 'cmake_prefix_path')
[7.770s] INFO:colcon.colcon_core.shell:Creating environment hook '/home/lzh/VMC_Quadruped/install/rs_motor_ros2/share/rs_motor_ros2/hook/cmake_prefix_path.ps1'
[7.771s] INFO:colcon.colcon_core.shell:Creating environment descriptor '/home/lzh/VMC_Quadruped/install/rs_motor_ros2/share/rs_motor_ros2/hook/cmake_prefix_path.dsv'
[7.771s] INFO:colcon.colcon_core.shell:Creating environment hook '/home/lzh/VMC_Quadruped/install/rs_motor_ros2/share/rs_motor_ros2/hook/cmake_prefix_path.sh'
[7.771s] Level 1:colcon.colcon_core.environment:checking '/home/lzh/VMC_Quadruped/install/rs_motor_ros2/lib'
[7.771s] Level 1:colcon.colcon_core.environment:checking '/home/lzh/VMC_Quadruped/install/rs_motor_ros2/bin'
[7.772s] Level 1:colcon.colcon_core.environment:checking '/home/lzh/VMC_Quadruped/install/rs_motor_ros2/lib/pkgconfig/rs_motor_ros2.pc'
[7.772s] Level 1:colcon.colcon_core.environment:checking '/home/lzh/VMC_Quadruped/install/rs_motor_ros2/lib/python3.10/site-packages'
[7.772s] Level 1:colcon.colcon_core.environment:checking '/home/lzh/VMC_Quadruped/install/rs_motor_ros2/bin'
[7.772s] INFO:colcon.colcon_core.shell:Creating package script '/home/lzh/VMC_Quadruped/install/rs_motor_ros2/share/rs_motor_ros2/package.ps1'
[7.772s] INFO:colcon.colcon_core.shell:Creating package descriptor '/home/lzh/VMC_Quadruped/install/rs_motor_ros2/share/rs_motor_ros2/package.dsv'
[7.773s] INFO:colcon.colcon_core.shell:Creating package script '/home/lzh/VMC_Quadruped/install/rs_motor_ros2/share/rs_motor_ros2/package.sh'
[7.773s] INFO:colcon.colcon_core.shell:Creating package script '/home/lzh/VMC_Quadruped/install/rs_motor_ros2/share/rs_motor_ros2/package.bash'
[7.773s] INFO:colcon.colcon_core.shell:Creating package script '/home/lzh/VMC_Quadruped/install/rs_motor_ros2/share/rs_motor_ros2/package.zsh'
[7.774s] Level 1:colcon.colcon_core.environment:create_file_with_runtime_dependencies(/home/lzh/VMC_Quadruped/install/rs_motor_ros2/share/colcon-core/packages/rs_motor_ros2)
[7.774s] Level 1:colcon.colcon_core.environment:create_environment_scripts_only(rs_motor_ros2)
[7.774s] Level 1:colcon.colcon_core.environment:checking '/home/lzh/VMC_Quadruped/install/rs_motor_ros2' for CMake module files
[7.775s] Level 1:colcon.colcon_core.environment:checking '/home/lzh/VMC_Quadruped/install/rs_motor_ros2' for CMake config files
[7.775s] Level 1:colcon.colcon_core.shell:create_environment_hook('rs_motor_ros2', 'cmake_prefix_path')
[7.775s] INFO:colcon.colcon_core.shell:Creating environment hook '/home/lzh/VMC_Quadruped/install/rs_motor_ros2/share/rs_motor_ros2/hook/cmake_prefix_path.ps1'
[7.775s] INFO:colcon.colcon_core.shell:Creating environment descriptor '/home/lzh/VMC_Quadruped/install/rs_motor_ros2/share/rs_motor_ros2/hook/cmake_prefix_path.dsv'
[7.775s] INFO:colcon.colcon_core.shell:Creating environment hook '/home/lzh/VMC_Quadruped/install/rs_motor_ros2/share/rs_motor_ros2/hook/cmake_prefix_path.sh'
[7.776s] Level 1:colcon.colcon_core.environment:checking '/home/lzh/VMC_Quadruped/install/rs_motor_ros2/lib'
[7.776s] Level 1:colcon.colcon_core.environment:checking '/home/lzh/VMC_Quadruped/install/rs_motor_ros2/bin'
[7.776s] Level 1:colcon.colcon_core.environment:checking '/home/lzh/VMC_Quadruped/install/rs_motor_ros2/lib/pkgconfig/rs_motor_ros2.pc'
[7.776s] Level 1:colcon.colcon_core.environment:checking '/home/lzh/VMC_Quadruped/install/rs_motor_ros2/lib/python3.10/site-packages'
[7.776s] Level 1:colcon.colcon_core.environment:checking '/home/lzh/VMC_Quadruped/install/rs_motor_ros2/bin'
[7.776s] INFO:colcon.colcon_core.shell:Creating package script '/home/lzh/VMC_Quadruped/install/rs_motor_ros2/share/rs_motor_ros2/package.ps1'
[7.776s] INFO:colcon.colcon_core.shell:Creating package descriptor '/home/lzh/VMC_Quadruped/install/rs_motor_ros2/share/rs_motor_ros2/package.dsv'
[7.777s] INFO:colcon.colcon_core.shell:Creating package script '/home/lzh/VMC_Quadruped/install/rs_motor_ros2/share/rs_motor_ros2/package.sh'
[7.777s] INFO:colcon.colcon_core.shell:Creating package script '/home/lzh/VMC_Quadruped/install/rs_motor_ros2/share/rs_motor_ros2/package.bash'
[7.777s] INFO:colcon.colcon_core.shell:Creating package script '/home/lzh/VMC_Quadruped/install/rs_motor_ros2/share/rs_motor_ros2/package.zsh'
[7.777s] Level 1:colcon.colcon_core.environment:create_file_with_runtime_dependencies(/home/lzh/VMC_Quadruped/install/rs_motor_ros2/share/colcon-core/packages/rs_motor_ros2)
[7.777s] DEBUG:colcon.colcon_parallel_executor.executor.parallel:closing loop
[7.778s] DEBUG:colcon.colcon_parallel_executor.executor.parallel:loop closed
[7.778s] DEBUG:colcon.colcon_parallel_executor.executor.parallel:run_until_complete finished with '0'
[7.778s] DEBUG:colcon.colcon_core.event_reactor:joining thread
[7.781s] INFO:colcon.colcon_core.plugin_system:Skipping extension 'colcon_notification.desktop_notification.terminal_notifier': Not used on non-Darwin systems
[7.781s] INFO:colcon.colcon_core.plugin_system:Skipping extension 'colcon_notification.desktop_notification.win32': Not used on non-Windows systems
[7.781s] INFO:colcon.colcon_notification.desktop_notification:Sending desktop notification using 'notify2'
[7.790s] DEBUG:colcon.colcon_core.event_reactor:joined thread
[7.791s] INFO:colcon.colcon_core.shell:Creating prefix script '/home/lzh/VMC_Quadruped/install/local_setup.ps1'
[7.792s] INFO:colcon.colcon_core.shell:Creating prefix util module '/home/lzh/VMC_Quadruped/install/_local_setup_util_ps1.py'
[7.794s] INFO:colcon.colcon_core.shell:Creating prefix chain script '/home/lzh/VMC_Quadruped/install/setup.ps1'
[7.796s] INFO:colcon.colcon_core.shell:Creating prefix script '/home/lzh/VMC_Quadruped/install/local_setup.sh'
[7.796s] INFO:colcon.colcon_core.shell:Creating prefix util module '/home/lzh/VMC_Quadruped/install/_local_setup_util_sh.py'
[7.797s] INFO:colcon.colcon_core.shell:Creating prefix chain script '/home/lzh/VMC_Quadruped/install/setup.sh'
[7.799s] INFO:colcon.colcon_core.shell:Creating prefix script '/home/lzh/VMC_Quadruped/install/local_setup.bash'
[7.799s] INFO:colcon.colcon_core.shell:Creating prefix chain script '/home/lzh/VMC_Quadruped/install/setup.bash'
[7.801s] INFO:colcon.colcon_core.shell:Creating prefix script '/home/lzh/VMC_Quadruped/install/local_setup.zsh'
[7.801s] INFO:colcon.colcon_core.shell:Creating prefix chain script '/home/lzh/VMC_Quadruped/install/setup.zsh'
