[0.051s] DEBUG:colcon:Command line arguments: ['/usr/bin/colcon', 'build', '--packages-select', 'xbox']
[0.051s] DEBUG:colcon:Parsed command line arguments: Namespace(log_base=None, log_level=None, verb_name='build', build_base='build', install_base='install', merge_install=False, symlink_install=False, test_result_base=None, continue_on_error=False, executor='parallel', parallel_workers=16, event_handlers=None, ignore_user_meta=False, metas=['./colcon.meta'], base_paths=['.'], packages_ignore=None, packages_ignore_regex=None, paths=None, packages_up_to=None, packages_up_to_regex=None, packages_above=None, packages_above_and_dependencies=None, packages_above_depth=None, packages_select_by_dep=None, packages_skip_by_dep=None, packages_skip_up_to=None, packages_select_build_failed=False, packages_skip_build_finished=False, packages_select_test_failures=False, packages_skip_test_passed=False, packages_select=['xbox'], packages_skip=None, packages_select_regex=None, packages_skip_regex=None, packages_start=None, packages_end=None, allow_overriding=[], cmake_args=None, cmake_target=None, cmake_target_skip_unavailable=False, cmake_clean_cache=False, cmake_clean_first=False, cmake_force_configure=False, ament_cmake_args=None, catkin_cmake_args=None, catkin_skip_building_tests=False, verb_parser=<colcon_defaults.argument_parser.defaults.DefaultArgumentsDecorator object at 0x78a4f7350ac0>, verb_extension=<colcon_core.verb.build.BuildVerb object at 0x78a4f73505b0>, main=<bound method BuildVerb.main of <colcon_core.verb.build.BuildVerb object at 0x78a4f73505b0>>)
[0.129s] Level 1:colcon.colcon_core.package_discovery:discover_packages(colcon_meta) check parameters
[0.129s] Level 1:colcon.colcon_core.package_discovery:discover_packages(recursive) check parameters
[0.129s] Level 1:colcon.colcon_core.package_discovery:discover_packages(ignore) check parameters
[0.129s] Level 1:colcon.colcon_core.package_discovery:discover_packages(path) check parameters
[0.129s] Level 1:colcon.colcon_core.package_discovery:discover_packages(colcon_meta) discover
[0.129s] Level 1:colcon.colcon_core.package_discovery:discover_packages(recursive) discover
[0.129s] INFO:colcon.colcon_core.package_discovery:Crawling recursively for packages in '/home/lzh/Quadruped_Uika'
[0.129s] Level 1:colcon.colcon_core.package_identification:_identify(.) by extensions ['ignore', 'ignore_ament_install']
[0.129s] Level 1:colcon.colcon_core.package_identification:_identify(.) by extension 'ignore'
[0.129s] Level 1:colcon.colcon_core.package_identification:_identify(.) by extension 'ignore_ament_install'
[0.129s] Level 1:colcon.colcon_core.package_identification:_identify(.) by extensions ['colcon_pkg']
[0.129s] Level 1:colcon.colcon_core.package_identification:_identify(.) by extension 'colcon_pkg'
[0.130s] Level 1:colcon.colcon_core.package_identification:_identify(.) by extensions ['colcon_meta']
[0.130s] Level 1:colcon.colcon_core.package_identification:_identify(.) by extension 'colcon_meta'
[0.130s] Level 1:colcon.colcon_core.package_identification:_identify(.) by extensions ['ros']
[0.130s] Level 1:colcon.colcon_core.package_identification:_identify(.) by extension 'ros'
[0.135s] Level 1:colcon.colcon_core.package_identification:_identify(.) by extensions ['cmake', 'python']
[0.135s] Level 1:colcon.colcon_core.package_identification:_identify(.) by extension 'cmake'
[0.135s] Level 1:colcon.colcon_core.package_identification:_identify(.) by extension 'python'
[0.135s] Level 1:colcon.colcon_core.package_identification:_identify(.) by extensions ['python_setup_py']
[0.135s] Level 1:colcon.colcon_core.package_identification:_identify(.) by extension 'python_setup_py'
[0.135s] Level 1:colcon.colcon_core.package_identification:_identify(build) by extensions ['ignore', 'ignore_ament_install']
[0.136s] Level 1:colcon.colcon_core.package_identification:_identify(build) by extension 'ignore'
[0.136s] Level 1:colcon.colcon_core.package_identification:_identify(build) ignored
[0.136s] Level 1:colcon.colcon_core.package_identification:_identify(install) by extensions ['ignore', 'ignore_ament_install']
[0.136s] Level 1:colcon.colcon_core.package_identification:_identify(install) by extension 'ignore'
[0.136s] Level 1:colcon.colcon_core.package_identification:_identify(install) ignored
[0.136s] Level 1:colcon.colcon_core.package_identification:_identify(log) by extensions ['ignore', 'ignore_ament_install']
[0.136s] Level 1:colcon.colcon_core.package_identification:_identify(log) by extension 'ignore'
[0.136s] Level 1:colcon.colcon_core.package_identification:_identify(log) ignored
[0.136s] Level 1:colcon.colcon_core.package_identification:_identify(src) by extensions ['ignore', 'ignore_ament_install']
[0.136s] Level 1:colcon.colcon_core.package_identification:_identify(src) by extension 'ignore'
[0.136s] Level 1:colcon.colcon_core.package_identification:_identify(src) by extension 'ignore_ament_install'
[0.136s] Level 1:colcon.colcon_core.package_identification:_identify(src) by extensions ['colcon_pkg']
[0.136s] Level 1:colcon.colcon_core.package_identification:_identify(src) by extension 'colcon_pkg'
[0.136s] Level 1:colcon.colcon_core.package_identification:_identify(src) by extensions ['colcon_meta']
[0.136s] Level 1:colcon.colcon_core.package_identification:_identify(src) by extension 'colcon_meta'
[0.136s] Level 1:colcon.colcon_core.package_identification:_identify(src) by extensions ['ros']
[0.136s] Level 1:colcon.colcon_core.package_identification:_identify(src) by extension 'ros'
[0.136s] Level 1:colcon.colcon_core.package_identification:_identify(src) by extensions ['cmake', 'python']
[0.136s] Level 1:colcon.colcon_core.package_identification:_identify(src) by extension 'cmake'
[0.136s] Level 1:colcon.colcon_core.package_identification:_identify(src) by extension 'python'
[0.136s] Level 1:colcon.colcon_core.package_identification:_identify(src) by extensions ['python_setup_py']
[0.136s] Level 1:colcon.colcon_core.package_identification:_identify(src) by extension 'python_setup_py'
[0.136s] Level 1:colcon.colcon_core.package_identification:_identify(src/build) by extensions ['ignore', 'ignore_ament_install']
[0.136s] Level 1:colcon.colcon_core.package_identification:_identify(src/build) by extension 'ignore'
[0.136s] Level 1:colcon.colcon_core.package_identification:_identify(src/build) ignored
[0.136s] Level 1:colcon.colcon_core.package_identification:_identify(src/description) by extensions ['ignore', 'ignore_ament_install']
[0.136s] Level 1:colcon.colcon_core.package_identification:_identify(src/description) by extension 'ignore'
[0.136s] Level 1:colcon.colcon_core.package_identification:_identify(src/description) by extension 'ignore_ament_install'
[0.136s] Level 1:colcon.colcon_core.package_identification:_identify(src/description) by extensions ['colcon_pkg']
[0.136s] Level 1:colcon.colcon_core.package_identification:_identify(src/description) by extension 'colcon_pkg'
[0.136s] Level 1:colcon.colcon_core.package_identification:_identify(src/description) by extensions ['colcon_meta']
[0.136s] Level 1:colcon.colcon_core.package_identification:_identify(src/description) by extension 'colcon_meta'
[0.136s] Level 1:colcon.colcon_core.package_identification:_identify(src/description) by extensions ['ros']
[0.136s] Level 1:colcon.colcon_core.package_identification:_identify(src/description) by extension 'ros'
[0.138s] DEBUG:colcon.colcon_core.package_identification:Package 'src/description' with type 'ros.ament_cmake' and name 'description'
[0.138s] Level 1:colcon.colcon_core.package_identification:_identify(src/estimation) by extensions ['ignore', 'ignore_ament_install']
[0.138s] Level 1:colcon.colcon_core.package_identification:_identify(src/estimation) by extension 'ignore'
[0.138s] Level 1:colcon.colcon_core.package_identification:_identify(src/estimation) by extension 'ignore_ament_install'
[0.138s] Level 1:colcon.colcon_core.package_identification:_identify(src/estimation) by extensions ['colcon_pkg']
[0.138s] Level 1:colcon.colcon_core.package_identification:_identify(src/estimation) by extension 'colcon_pkg'
[0.138s] Level 1:colcon.colcon_core.package_identification:_identify(src/estimation) by extensions ['colcon_meta']
[0.138s] Level 1:colcon.colcon_core.package_identification:_identify(src/estimation) by extension 'colcon_meta'
[0.138s] Level 1:colcon.colcon_core.package_identification:_identify(src/estimation) by extensions ['ros']
[0.138s] Level 1:colcon.colcon_core.package_identification:_identify(src/estimation) by extension 'ros'
[0.138s] DEBUG:colcon.colcon_core.package_identification:Package 'src/estimation' with type 'ros.ament_cmake' and name 'estimation'
[0.139s] Level 1:colcon.colcon_core.package_identification:_identify(src/install) by extensions ['ignore', 'ignore_ament_install']
[0.139s] Level 1:colcon.colcon_core.package_identification:_identify(src/install) by extension 'ignore'
[0.139s] Level 1:colcon.colcon_core.package_identification:_identify(src/install) ignored
[0.139s] Level 1:colcon.colcon_core.package_identification:_identify(src/interfaces) by extensions ['ignore', 'ignore_ament_install']
[0.139s] Level 1:colcon.colcon_core.package_identification:_identify(src/interfaces) by extension 'ignore'
[0.139s] Level 1:colcon.colcon_core.package_identification:_identify(src/interfaces) by extension 'ignore_ament_install'
[0.139s] Level 1:colcon.colcon_core.package_identification:_identify(src/interfaces) by extensions ['colcon_pkg']
[0.139s] Level 1:colcon.colcon_core.package_identification:_identify(src/interfaces) by extension 'colcon_pkg'
[0.139s] Level 1:colcon.colcon_core.package_identification:_identify(src/interfaces) by extensions ['colcon_meta']
[0.139s] Level 1:colcon.colcon_core.package_identification:_identify(src/interfaces) by extension 'colcon_meta'
[0.139s] Level 1:colcon.colcon_core.package_identification:_identify(src/interfaces) by extensions ['ros']
[0.139s] Level 1:colcon.colcon_core.package_identification:_identify(src/interfaces) by extension 'ros'
[0.139s] DEBUG:colcon.colcon_core.package_identification:Package 'src/interfaces' with type 'ros.ament_cmake' and name 'interfaces'
[0.139s] Level 1:colcon.colcon_core.package_identification:_identify(src/log) by extensions ['ignore', 'ignore_ament_install']
[0.139s] Level 1:colcon.colcon_core.package_identification:_identify(src/log) by extension 'ignore'
[0.139s] Level 1:colcon.colcon_core.package_identification:_identify(src/log) ignored
[0.139s] Level 1:colcon.colcon_core.package_identification:_identify(src/main_control) by extensions ['ignore', 'ignore_ament_install']
[0.139s] Level 1:colcon.colcon_core.package_identification:_identify(src/main_control) by extension 'ignore'
[0.139s] Level 1:colcon.colcon_core.package_identification:_identify(src/main_control) by extension 'ignore_ament_install'
[0.139s] Level 1:colcon.colcon_core.package_identification:_identify(src/main_control) by extensions ['colcon_pkg']
[0.140s] Level 1:colcon.colcon_core.package_identification:_identify(src/main_control) by extension 'colcon_pkg'
[0.140s] Level 1:colcon.colcon_core.package_identification:_identify(src/main_control) by extensions ['colcon_meta']
[0.140s] Level 1:colcon.colcon_core.package_identification:_identify(src/main_control) by extension 'colcon_meta'
[0.140s] Level 1:colcon.colcon_core.package_identification:_identify(src/main_control) by extensions ['ros']
[0.140s] Level 1:colcon.colcon_core.package_identification:_identify(src/main_control) by extension 'ros'
[0.140s] DEBUG:colcon.colcon_core.package_identification:Package 'src/main_control' with type 'ros.ament_cmake' and name 'main_control'
[0.140s] Level 1:colcon.colcon_core.package_identification:_identify(src/robstride_ros_sample) by extensions ['ignore', 'ignore_ament_install']
[0.140s] Level 1:colcon.colcon_core.package_identification:_identify(src/robstride_ros_sample) by extension 'ignore'
[0.140s] Level 1:colcon.colcon_core.package_identification:_identify(src/robstride_ros_sample) by extension 'ignore_ament_install'
[0.140s] Level 1:colcon.colcon_core.package_identification:_identify(src/robstride_ros_sample) by extensions ['colcon_pkg']
[0.140s] Level 1:colcon.colcon_core.package_identification:_identify(src/robstride_ros_sample) by extension 'colcon_pkg'
[0.140s] Level 1:colcon.colcon_core.package_identification:_identify(src/robstride_ros_sample) by extensions ['colcon_meta']
[0.140s] Level 1:colcon.colcon_core.package_identification:_identify(src/robstride_ros_sample) by extension 'colcon_meta'
[0.140s] Level 1:colcon.colcon_core.package_identification:_identify(src/robstride_ros_sample) by extensions ['ros']
[0.140s] Level 1:colcon.colcon_core.package_identification:_identify(src/robstride_ros_sample) by extension 'ros'
[0.140s] DEBUG:colcon.colcon_core.package_identification:Package 'src/robstride_ros_sample' with type 'ros.ament_cmake' and name 'rs_motor_ros2'
[0.141s] Level 1:colcon.colcon_core.package_identification:_identify(src/xbox) by extensions ['ignore', 'ignore_ament_install']
[0.141s] Level 1:colcon.colcon_core.package_identification:_identify(src/xbox) by extension 'ignore'
[0.141s] Level 1:colcon.colcon_core.package_identification:_identify(src/xbox) by extension 'ignore_ament_install'
[0.141s] Level 1:colcon.colcon_core.package_identification:_identify(src/xbox) by extensions ['colcon_pkg']
[0.141s] Level 1:colcon.colcon_core.package_identification:_identify(src/xbox) by extension 'colcon_pkg'
[0.141s] Level 1:colcon.colcon_core.package_identification:_identify(src/xbox) by extensions ['colcon_meta']
[0.141s] Level 1:colcon.colcon_core.package_identification:_identify(src/xbox) by extension 'colcon_meta'
[0.141s] Level 1:colcon.colcon_core.package_identification:_identify(src/xbox) by extensions ['ros']
[0.141s] Level 1:colcon.colcon_core.package_identification:_identify(src/xbox) by extension 'ros'
[0.141s] DEBUG:colcon.colcon_core.package_identification:Package 'src/xbox' with type 'ros.ament_cmake' and name 'xbox'
[0.141s] Level 1:colcon.colcon_core.package_discovery:discover_packages(recursive) using defaults
[0.141s] Level 1:colcon.colcon_core.package_discovery:discover_packages(ignore) discover
[0.141s] Level 1:colcon.colcon_core.package_discovery:discover_packages(ignore) using defaults
[0.141s] Level 1:colcon.colcon_core.package_discovery:discover_packages(path) discover
[0.141s] Level 1:colcon.colcon_core.package_discovery:discover_packages(path) using defaults
[0.157s] INFO:colcon.colcon_core.package_selection:Skipping not selected package 'description' in 'src/description'
[0.157s] INFO:colcon.colcon_core.package_selection:Skipping not selected package 'interfaces' in 'src/interfaces'
[0.157s] INFO:colcon.colcon_core.package_selection:Skipping not selected package 'main_control' in 'src/main_control'
[0.157s] INFO:colcon.colcon_core.package_selection:Skipping not selected package 'estimation' in 'src/estimation'
[0.157s] INFO:colcon.colcon_core.package_selection:Skipping not selected package 'rs_motor_ros2' in 'src/robstride_ros_sample'
[0.157s] Level 1:colcon.colcon_core.package_discovery:discover_packages(prefix_path) check parameters
[0.157s] Level 1:colcon.colcon_core.package_discovery:discover_packages(prefix_path) discover
[0.158s] DEBUG:colcon.colcon_installed_package_information.package_discovery:Found 351 installed packages in /opt/ros/humble
[0.159s] Level 1:colcon.colcon_core.package_discovery:discover_packages(prefix_path) using defaults
[0.179s] Level 5:colcon.colcon_core.verb:set package 'xbox' build argument 'cmake_args' from command line to 'None'
[0.179s] Level 5:colcon.colcon_core.verb:set package 'xbox' build argument 'cmake_target' from command line to 'None'
[0.179s] Level 5:colcon.colcon_core.verb:set package 'xbox' build argument 'cmake_target_skip_unavailable' from command line to 'False'
[0.179s] Level 5:colcon.colcon_core.verb:set package 'xbox' build argument 'cmake_clean_cache' from command line to 'False'
[0.179s] Level 5:colcon.colcon_core.verb:set package 'xbox' build argument 'cmake_clean_first' from command line to 'False'
[0.179s] Level 5:colcon.colcon_core.verb:set package 'xbox' build argument 'cmake_force_configure' from command line to 'False'
[0.179s] Level 5:colcon.colcon_core.verb:set package 'xbox' build argument 'ament_cmake_args' from command line to 'None'
[0.179s] Level 5:colcon.colcon_core.verb:set package 'xbox' build argument 'catkin_cmake_args' from command line to 'None'
[0.179s] Level 5:colcon.colcon_core.verb:set package 'xbox' build argument 'catkin_skip_building_tests' from command line to 'False'
[0.179s] DEBUG:colcon.colcon_core.verb:Building package 'xbox' with the following arguments: {'ament_cmake_args': None, 'build_base': '/home/lzh/Quadruped_Uika/build/xbox', 'catkin_cmake_args': None, 'catkin_skip_building_tests': False, 'cmake_args': None, 'cmake_clean_cache': False, 'cmake_clean_first': False, 'cmake_force_configure': False, 'cmake_target': None, 'cmake_target_skip_unavailable': False, 'install_base': '/home/lzh/Quadruped_Uika/install/xbox', 'merge_install': False, 'path': '/home/lzh/Quadruped_Uika/src/xbox', 'symlink_install': False, 'test_result_base': None}
[0.179s] INFO:colcon.colcon_core.executor:Executing jobs using 'parallel' executor
[0.180s] DEBUG:colcon.colcon_parallel_executor.executor.parallel:run_until_complete
[0.180s] INFO:colcon.colcon_ros.task.ament_cmake.build:Building ROS package in '/home/lzh/Quadruped_Uika/src/xbox' with build type 'ament_cmake'
[0.180s] INFO:colcon.colcon_cmake.task.cmake.build:Building CMake package in '/home/lzh/Quadruped_Uika/src/xbox'
[0.181s] INFO:colcon.colcon_core.plugin_system:Skipping extension 'colcon_core.shell.bat': Not used on non-Windows systems
[0.181s] INFO:colcon.colcon_core.shell:Skip shell extension 'powershell' for command environment: Not usable outside of PowerShell
[0.181s] DEBUG:colcon.colcon_core.shell:Skip shell extension 'dsv' for command environment
[0.186s] DEBUG:colcon.colcon_core.event_handler.log_command:Invoking command in '/home/lzh/Quadruped_Uika/build/xbox': CMAKE_PREFIX_PATH=/opt/ros/humble /usr/bin/cmake --build /home/lzh/Quadruped_Uika/build/xbox -- -j16 -l16
[0.230s] DEBUG:colcon.colcon_core.event_handler.log_command:Invoked command in '/home/lzh/Quadruped_Uika/build/xbox' returned '0': CMAKE_PREFIX_PATH=/opt/ros/humble /usr/bin/cmake --build /home/lzh/Quadruped_Uika/build/xbox -- -j16 -l16
[0.236s] DEBUG:colcon.colcon_core.event_handler.log_command:Invoking command in '/home/lzh/Quadruped_Uika/build/xbox': CMAKE_PREFIX_PATH=/opt/ros/humble /usr/bin/cmake --install /home/lzh/Quadruped_Uika/build/xbox
[0.241s] Level 1:colcon.colcon_core.environment:create_environment_scripts_only(xbox)
[0.241s] DEBUG:colcon.colcon_core.event_handler.log_command:Invoked command in '/home/lzh/Quadruped_Uika/build/xbox' returned '0': CMAKE_PREFIX_PATH=/opt/ros/humble /usr/bin/cmake --install /home/lzh/Quadruped_Uika/build/xbox
[0.243s] Level 1:colcon.colcon_core.environment:checking '/home/lzh/Quadruped_Uika/install/xbox' for CMake module files
[0.243s] Level 1:colcon.colcon_core.environment:checking '/home/lzh/Quadruped_Uika/install/xbox' for CMake config files
[0.243s] Level 1:colcon.colcon_core.shell:create_environment_hook('xbox', 'cmake_prefix_path')
[0.243s] INFO:colcon.colcon_core.shell:Creating environment hook '/home/lzh/Quadruped_Uika/install/xbox/share/xbox/hook/cmake_prefix_path.ps1'
[0.244s] INFO:colcon.colcon_core.shell:Creating environment descriptor '/home/lzh/Quadruped_Uika/install/xbox/share/xbox/hook/cmake_prefix_path.dsv'
[0.244s] INFO:colcon.colcon_core.shell:Creating environment hook '/home/lzh/Quadruped_Uika/install/xbox/share/xbox/hook/cmake_prefix_path.sh'
[0.244s] Level 1:colcon.colcon_core.environment:checking '/home/lzh/Quadruped_Uika/install/xbox/lib'
[0.244s] Level 1:colcon.colcon_core.environment:checking '/home/lzh/Quadruped_Uika/install/xbox/bin'
[0.245s] Level 1:colcon.colcon_core.environment:checking '/home/lzh/Quadruped_Uika/install/xbox/lib/pkgconfig/xbox.pc'
[0.245s] Level 1:colcon.colcon_core.environment:checking '/home/lzh/Quadruped_Uika/install/xbox/lib/python3.10/site-packages'
[0.245s] Level 1:colcon.colcon_core.environment:checking '/home/lzh/Quadruped_Uika/install/xbox/bin'
[0.245s] INFO:colcon.colcon_core.shell:Creating package script '/home/lzh/Quadruped_Uika/install/xbox/share/xbox/package.ps1'
[0.245s] INFO:colcon.colcon_core.shell:Creating package descriptor '/home/lzh/Quadruped_Uika/install/xbox/share/xbox/package.dsv'
[0.246s] INFO:colcon.colcon_core.shell:Creating package script '/home/lzh/Quadruped_Uika/install/xbox/share/xbox/package.sh'
[0.246s] INFO:colcon.colcon_core.shell:Creating package script '/home/lzh/Quadruped_Uika/install/xbox/share/xbox/package.bash'
[0.246s] INFO:colcon.colcon_core.shell:Creating package script '/home/lzh/Quadruped_Uika/install/xbox/share/xbox/package.zsh'
[0.247s] Level 1:colcon.colcon_core.environment:create_file_with_runtime_dependencies(/home/lzh/Quadruped_Uika/install/xbox/share/colcon-core/packages/xbox)
[0.247s] Level 1:colcon.colcon_core.environment:create_environment_scripts_only(xbox)
[0.247s] Level 1:colcon.colcon_core.environment:checking '/home/lzh/Quadruped_Uika/install/xbox' for CMake module files
[0.247s] Level 1:colcon.colcon_core.environment:checking '/home/lzh/Quadruped_Uika/install/xbox' for CMake config files
[0.247s] Level 1:colcon.colcon_core.shell:create_environment_hook('xbox', 'cmake_prefix_path')
[0.247s] INFO:colcon.colcon_core.shell:Creating environment hook '/home/lzh/Quadruped_Uika/install/xbox/share/xbox/hook/cmake_prefix_path.ps1'
[0.248s] INFO:colcon.colcon_core.shell:Creating environment descriptor '/home/lzh/Quadruped_Uika/install/xbox/share/xbox/hook/cmake_prefix_path.dsv'
[0.248s] INFO:colcon.colcon_core.shell:Creating environment hook '/home/lzh/Quadruped_Uika/install/xbox/share/xbox/hook/cmake_prefix_path.sh'
[0.248s] Level 1:colcon.colcon_core.environment:checking '/home/lzh/Quadruped_Uika/install/xbox/lib'
[0.248s] Level 1:colcon.colcon_core.environment:checking '/home/lzh/Quadruped_Uika/install/xbox/bin'
[0.248s] Level 1:colcon.colcon_core.environment:checking '/home/lzh/Quadruped_Uika/install/xbox/lib/pkgconfig/xbox.pc'
[0.248s] Level 1:colcon.colcon_core.environment:checking '/home/lzh/Quadruped_Uika/install/xbox/lib/python3.10/site-packages'
[0.248s] Level 1:colcon.colcon_core.environment:checking '/home/lzh/Quadruped_Uika/install/xbox/bin'
[0.248s] INFO:colcon.colcon_core.shell:Creating package script '/home/lzh/Quadruped_Uika/install/xbox/share/xbox/package.ps1'
[0.249s] INFO:colcon.colcon_core.shell:Creating package descriptor '/home/lzh/Quadruped_Uika/install/xbox/share/xbox/package.dsv'
[0.249s] INFO:colcon.colcon_core.shell:Creating package script '/home/lzh/Quadruped_Uika/install/xbox/share/xbox/package.sh'
[0.249s] INFO:colcon.colcon_core.shell:Creating package script '/home/lzh/Quadruped_Uika/install/xbox/share/xbox/package.bash'
[0.249s] INFO:colcon.colcon_core.shell:Creating package script '/home/lzh/Quadruped_Uika/install/xbox/share/xbox/package.zsh'
[0.249s] Level 1:colcon.colcon_core.environment:create_file_with_runtime_dependencies(/home/lzh/Quadruped_Uika/install/xbox/share/colcon-core/packages/xbox)
[0.250s] DEBUG:colcon.colcon_parallel_executor.executor.parallel:closing loop
[0.250s] DEBUG:colcon.colcon_parallel_executor.executor.parallel:loop closed
[0.250s] DEBUG:colcon.colcon_parallel_executor.executor.parallel:run_until_complete finished with '0'
[0.250s] DEBUG:colcon.colcon_core.event_reactor:joining thread
[0.252s] INFO:colcon.colcon_core.plugin_system:Skipping extension 'colcon_notification.desktop_notification.terminal_notifier': Not used on non-Darwin systems
[0.252s] INFO:colcon.colcon_core.plugin_system:Skipping extension 'colcon_notification.desktop_notification.win32': Not used on non-Windows systems
[0.252s] INFO:colcon.colcon_notification.desktop_notification:Sending desktop notification using 'notify2'
[0.260s] DEBUG:colcon.colcon_core.event_reactor:joined thread
[0.260s] INFO:colcon.colcon_core.shell:Creating prefix script '/home/lzh/Quadruped_Uika/install/local_setup.ps1'
[0.260s] INFO:colcon.colcon_core.shell:Creating prefix util module '/home/lzh/Quadruped_Uika/install/_local_setup_util_ps1.py'
[0.261s] INFO:colcon.colcon_core.shell:Creating prefix chain script '/home/lzh/Quadruped_Uika/install/setup.ps1'
[0.262s] INFO:colcon.colcon_core.shell:Creating prefix script '/home/lzh/Quadruped_Uika/install/local_setup.sh'
[0.262s] INFO:colcon.colcon_core.shell:Creating prefix util module '/home/lzh/Quadruped_Uika/install/_local_setup_util_sh.py'
[0.262s] INFO:colcon.colcon_core.shell:Creating prefix chain script '/home/lzh/Quadruped_Uika/install/setup.sh'
[0.263s] INFO:colcon.colcon_core.shell:Creating prefix script '/home/lzh/Quadruped_Uika/install/local_setup.bash'
[0.263s] INFO:colcon.colcon_core.shell:Creating prefix chain script '/home/lzh/Quadruped_Uika/install/setup.bash'
[0.263s] INFO:colcon.colcon_core.shell:Creating prefix script '/home/lzh/Quadruped_Uika/install/local_setup.zsh'
[0.264s] INFO:colcon.colcon_core.shell:Creating prefix chain script '/home/lzh/Quadruped_Uika/install/setup.zsh'
