[35m[1mConsolidate compiler generated dependencies of target interfaces__rosidl_generator_c[0m
[  0%] Built target interfaces__cpp
[  0%] Built target ament_cmake_python_copy_interfaces
[ 12%] Built target interfaces__rosidl_generator_c
[35m[1mConsolidate compiler generated dependencies of target interfaces__rosidl_typesupport_cpp[0m
[35m[1mConsolidate compiler generated dependencies of target interfaces__rosidl_typesupport_introspection_cpp[0m
[35m[1mConsolidate compiler generated dependencies of target interfaces__rosidl_typesupport_fastrtps_cpp[0m
[35m[1mConsolidate compiler generated dependencies of target interfaces__rosidl_typesupport_introspection_c[0m
[35m[1mConsolidate compiler generated dependencies of target interfaces__rosidl_typesupport_fastrtps_c[0m
[35m[1mConsolidate compiler generated dependencies of target interfaces__rosidl_typesupport_c[0m
[ 23%] Built target interfaces__rosidl_typesupport_fastrtps_cpp
[ 35%] Built target interfaces__rosidl_typesupport_cpp
[ 47%] Built target interfaces__rosidl_typesupport_introspection_cpp
[ 58%] Built target interfaces__rosidl_typesupport_c
[ 70%] Built target interfaces__rosidl_typesupport_introspection_c
[ 82%] Built target interfaces__rosidl_typesupport_fastrtps_c
[ 82%] Built target interfaces
[ 83%] Built target interfaces__py
[35m[1mConsolidate compiler generated dependencies of target interfaces__rosidl_generator_py[0m
[ 94%] Built target interfaces__rosidl_generator_py
[35m[1mConsolidate compiler generated dependencies of target interfaces__rosidl_typesupport_introspection_c__pyext[0m
[35m[1mConsolidate compiler generated dependencies of target interfaces__rosidl_typesupport_fastrtps_c__pyext[0m
[35m[1mConsolidate compiler generated dependencies of target interfaces__rosidl_typesupport_c__pyext[0m
[ 96%] Built target interfaces__rosidl_typesupport_c__pyext
[100%] Built target interfaces__rosidl_typesupport_fastrtps_c__pyext
[100%] Built target interfaces__rosidl_typesupport_introspection_c__pyext
running egg_info
writing interfaces.egg-info/PKG-INFO
writing dependency_links to interfaces.egg-info/dependency_links.txt
writing top-level names to interfaces.egg-info/top_level.txt
reading manifest file 'interfaces.egg-info/SOURCES.txt'
writing manifest file 'interfaces.egg-info/SOURCES.txt'
[100%] Built target ament_cmake_python_build_interfaces_egg
-- Install configuration: ""
-- Up-to-date: /home/lzh/VMC_Quadruped/install/interfaces/share/ament_index/resource_index/rosidl_interfaces/interfaces
-- Up-to-date: /home/lzh/VMC_Quadruped/install/interfaces/include/interfaces/interfaces
-- Up-to-date: /home/lzh/VMC_Quadruped/install/interfaces/include/interfaces/interfaces/msg
-- Up-to-date: /home/lzh/VMC_Quadruped/install/interfaces/include/interfaces/interfaces/msg/detail
-- Up-to-date: /home/lzh/VMC_Quadruped/install/interfaces/include/interfaces/interfaces/msg/detail/base_state__functions.c
-- Up-to-date: /home/lzh/VMC_Quadruped/install/interfaces/include/interfaces/interfaces/msg/detail/motor_command12__struct.h
-- Up-to-date: /home/lzh/VMC_Quadruped/install/interfaces/include/interfaces/interfaces/msg/detail/single_foot_state__struct.h
-- Up-to-date: /home/lzh/VMC_Quadruped/install/interfaces/include/interfaces/interfaces/msg/detail/motion_command__struct.h
-- Up-to-date: /home/lzh/VMC_Quadruped/install/interfaces/include/interfaces/interfaces/msg/detail/gait_phase__functions.c
-- Up-to-date: /home/lzh/VMC_Quadruped/install/interfaces/include/interfaces/interfaces/msg/detail/base_state__type_support.h
-- Up-to-date: /home/lzh/VMC_Quadruped/install/interfaces/include/interfaces/interfaces/msg/detail/motor_feedback__functions.c
-- Up-to-date: /home/lzh/VMC_Quadruped/install/interfaces/include/interfaces/interfaces/msg/detail/contact_state__type_support.h
-- Up-to-date: /home/lzh/VMC_Quadruped/install/interfaces/include/interfaces/interfaces/msg/detail/motor_command12__functions.c
-- Up-to-date: /home/lzh/VMC_Quadruped/install/interfaces/include/interfaces/interfaces/msg/detail/motor_feedback12__functions.h
-- Up-to-date: /home/lzh/VMC_Quadruped/install/interfaces/include/interfaces/interfaces/msg/detail/base_state__struct.h
-- Up-to-date: /home/lzh/VMC_Quadruped/install/interfaces/include/interfaces/interfaces/msg/detail/single_foot_state__functions.c
-- Up-to-date: /home/lzh/VMC_Quadruped/install/interfaces/include/interfaces/interfaces/msg/detail/motion_command__functions.c
-- Up-to-date: /home/lzh/VMC_Quadruped/install/interfaces/include/interfaces/interfaces/msg/detail/motor_command__struct.h
-- Up-to-date: /home/lzh/VMC_Quadruped/install/interfaces/include/interfaces/interfaces/msg/detail/motor_feedback__type_support.h
-- Up-to-date: /home/lzh/VMC_Quadruped/install/interfaces/include/interfaces/interfaces/msg/detail/foot_state__struct.h
-- Up-to-date: /home/lzh/VMC_Quadruped/install/interfaces/include/interfaces/interfaces/msg/detail/motor_feedback12__functions.c
-- Up-to-date: /home/lzh/VMC_Quadruped/install/interfaces/include/interfaces/interfaces/msg/detail/motor_command__functions.c
-- Up-to-date: /home/lzh/VMC_Quadruped/install/interfaces/include/interfaces/interfaces/msg/detail/motor_command__type_support.h
-- Up-to-date: /home/lzh/VMC_Quadruped/install/interfaces/include/interfaces/interfaces/msg/detail/single_foot_state__functions.h
-- Up-to-date: /home/lzh/VMC_Quadruped/install/interfaces/include/interfaces/interfaces/msg/detail/foot_state__type_support.h
-- Up-to-date: /home/lzh/VMC_Quadruped/install/interfaces/include/interfaces/interfaces/msg/detail/foot_state__functions.c
-- Up-to-date: /home/lzh/VMC_Quadruped/install/interfaces/include/interfaces/interfaces/msg/detail/base_state__functions.h
-- Up-to-date: /home/lzh/VMC_Quadruped/install/interfaces/include/interfaces/interfaces/msg/detail/contact_state__functions.c
-- Up-to-date: /home/lzh/VMC_Quadruped/install/interfaces/include/interfaces/interfaces/msg/detail/motion_command__functions.h
-- Up-to-date: /home/lzh/VMC_Quadruped/install/interfaces/include/interfaces/interfaces/msg/detail/motor_command12__type_support.h
-- Up-to-date: /home/lzh/VMC_Quadruped/install/interfaces/include/interfaces/interfaces/msg/detail/gait_phase__functions.h
-- Up-to-date: /home/lzh/VMC_Quadruped/install/interfaces/include/interfaces/interfaces/msg/detail/motor_feedback__functions.h
-- Up-to-date: /home/lzh/VMC_Quadruped/install/interfaces/include/interfaces/interfaces/msg/detail/contact_state__functions.h
-- Up-to-date: /home/lzh/VMC_Quadruped/install/interfaces/include/interfaces/interfaces/msg/detail/motor_feedback12__type_support.h
-- Up-to-date: /home/lzh/VMC_Quadruped/install/interfaces/include/interfaces/interfaces/msg/detail/motor_feedback__struct.h
-- Up-to-date: /home/lzh/VMC_Quadruped/install/interfaces/include/interfaces/interfaces/msg/detail/foot_state__functions.h
-- Up-to-date: /home/lzh/VMC_Quadruped/install/interfaces/include/interfaces/interfaces/msg/detail/motor_command__functions.h
-- Up-to-date: /home/lzh/VMC_Quadruped/install/interfaces/include/interfaces/interfaces/msg/detail/single_foot_state__type_support.h
-- Up-to-date: /home/lzh/VMC_Quadruped/install/interfaces/include/interfaces/interfaces/msg/detail/contact_state__struct.h
-- Up-to-date: /home/lzh/VMC_Quadruped/install/interfaces/include/interfaces/interfaces/msg/detail/motor_feedback12__struct.h
-- Up-to-date: /home/lzh/VMC_Quadruped/install/interfaces/include/interfaces/interfaces/msg/detail/gait_phase__struct.h
-- Up-to-date: /home/lzh/VMC_Quadruped/install/interfaces/include/interfaces/interfaces/msg/detail/motor_command12__functions.h
-- Up-to-date: /home/lzh/VMC_Quadruped/install/interfaces/include/interfaces/interfaces/msg/detail/motion_command__type_support.h
-- Up-to-date: /home/lzh/VMC_Quadruped/install/interfaces/include/interfaces/interfaces/msg/detail/gait_phase__type_support.h
-- Up-to-date: /home/lzh/VMC_Quadruped/install/interfaces/include/interfaces/interfaces/msg/motor_feedback.h
-- Up-to-date: /home/lzh/VMC_Quadruped/install/interfaces/include/interfaces/interfaces/msg/motor_command12.h
-- Up-to-date: /home/lzh/VMC_Quadruped/install/interfaces/include/interfaces/interfaces/msg/single_foot_state.h
-- Up-to-date: /home/lzh/VMC_Quadruped/install/interfaces/include/interfaces/interfaces/msg/rosidl_generator_c__visibility_control.h
-- Up-to-date: /home/lzh/VMC_Quadruped/install/interfaces/include/interfaces/interfaces/msg/motor_feedback12.h
-- Up-to-date: /home/lzh/VMC_Quadruped/install/interfaces/include/interfaces/interfaces/msg/contact_state.h
-- Up-to-date: /home/lzh/VMC_Quadruped/install/interfaces/include/interfaces/interfaces/msg/foot_state.h
-- Up-to-date: /home/lzh/VMC_Quadruped/install/interfaces/include/interfaces/interfaces/msg/motor_command.h
-- Up-to-date: /home/lzh/VMC_Quadruped/install/interfaces/include/interfaces/interfaces/msg/motion_command.h
-- Up-to-date: /home/lzh/VMC_Quadruped/install/interfaces/include/interfaces/interfaces/msg/gait_phase.h
-- Up-to-date: /home/lzh/VMC_Quadruped/install/interfaces/include/interfaces/interfaces/msg/base_state.h
-- Up-to-date: /home/lzh/VMC_Quadruped/install/interfaces/share/interfaces/environment/library_path.sh
-- Up-to-date: /home/lzh/VMC_Quadruped/install/interfaces/share/interfaces/environment/library_path.dsv
-- Up-to-date: /home/lzh/VMC_Quadruped/install/interfaces/lib/libinterfaces__rosidl_generator_c.so
-- Up-to-date: /home/lzh/VMC_Quadruped/install/interfaces/include/interfaces/interfaces
-- Up-to-date: /home/lzh/VMC_Quadruped/install/interfaces/include/interfaces/interfaces/msg
-- Up-to-date: /home/lzh/VMC_Quadruped/install/interfaces/include/interfaces/interfaces/msg/detail
-- Up-to-date: /home/lzh/VMC_Quadruped/install/interfaces/include/interfaces/interfaces/msg/detail/motor_command12__rosidl_typesupport_fastrtps_c.h
-- Up-to-date: /home/lzh/VMC_Quadruped/install/interfaces/include/interfaces/interfaces/msg/detail/motion_command__rosidl_typesupport_fastrtps_c.h
-- Up-to-date: /home/lzh/VMC_Quadruped/install/interfaces/include/interfaces/interfaces/msg/detail/contact_state__rosidl_typesupport_fastrtps_c.h
-- Up-to-date: /home/lzh/VMC_Quadruped/install/interfaces/include/interfaces/interfaces/msg/detail/single_foot_state__rosidl_typesupport_fastrtps_c.h
-- Up-to-date: /home/lzh/VMC_Quadruped/install/interfaces/include/interfaces/interfaces/msg/detail/foot_state__rosidl_typesupport_fastrtps_c.h
-- Up-to-date: /home/lzh/VMC_Quadruped/install/interfaces/include/interfaces/interfaces/msg/detail/motor_command__rosidl_typesupport_fastrtps_c.h
-- Up-to-date: /home/lzh/VMC_Quadruped/install/interfaces/include/interfaces/interfaces/msg/detail/motor_feedback__rosidl_typesupport_fastrtps_c.h
-- Up-to-date: /home/lzh/VMC_Quadruped/install/interfaces/include/interfaces/interfaces/msg/detail/motor_feedback12__rosidl_typesupport_fastrtps_c.h
-- Up-to-date: /home/lzh/VMC_Quadruped/install/interfaces/include/interfaces/interfaces/msg/detail/base_state__rosidl_typesupport_fastrtps_c.h
-- Up-to-date: /home/lzh/VMC_Quadruped/install/interfaces/include/interfaces/interfaces/msg/detail/gait_phase__rosidl_typesupport_fastrtps_c.h
-- Up-to-date: /home/lzh/VMC_Quadruped/install/interfaces/include/interfaces/interfaces/msg/rosidl_typesupport_fastrtps_c__visibility_control.h
-- Up-to-date: /home/lzh/VMC_Quadruped/install/interfaces/lib/libinterfaces__rosidl_typesupport_fastrtps_c.so
-- Up-to-date: /home/lzh/VMC_Quadruped/install/interfaces/include/interfaces/interfaces
-- Up-to-date: /home/lzh/VMC_Quadruped/install/interfaces/include/interfaces/interfaces/msg
-- Up-to-date: /home/lzh/VMC_Quadruped/install/interfaces/include/interfaces/interfaces/msg/detail
-- Up-to-date: /home/lzh/VMC_Quadruped/install/interfaces/include/interfaces/interfaces/msg/detail/motor_feedback12__type_support.c
-- Up-to-date: /home/lzh/VMC_Quadruped/install/interfaces/include/interfaces/interfaces/msg/detail/base_state__type_support.c
-- Up-to-date: /home/lzh/VMC_Quadruped/install/interfaces/include/interfaces/interfaces/msg/detail/contact_state__rosidl_typesupport_introspection_c.h
-- Up-to-date: /home/lzh/VMC_Quadruped/install/interfaces/include/interfaces/interfaces/msg/detail/foot_state__rosidl_typesupport_introspection_c.h
-- Up-to-date: /home/lzh/VMC_Quadruped/install/interfaces/include/interfaces/interfaces/msg/detail/motion_command__type_support.c
-- Up-to-date: /home/lzh/VMC_Quadruped/install/interfaces/include/interfaces/interfaces/msg/detail/gait_phase__type_support.c
-- Up-to-date: /home/lzh/VMC_Quadruped/install/interfaces/include/interfaces/interfaces/msg/detail/motor_command__rosidl_typesupport_introspection_c.h
-- Up-to-date: /home/lzh/VMC_Quadruped/install/interfaces/include/interfaces/interfaces/msg/detail/motor_command12__rosidl_typesupport_introspection_c.h
-- Up-to-date: /home/lzh/VMC_Quadruped/install/interfaces/include/interfaces/interfaces/msg/detail/motor_command__type_support.c
-- Up-to-date: /home/lzh/VMC_Quadruped/install/interfaces/include/interfaces/interfaces/msg/detail/single_foot_state__type_support.c
-- Up-to-date: /home/lzh/VMC_Quadruped/install/interfaces/include/interfaces/interfaces/msg/detail/gait_phase__rosidl_typesupport_introspection_c.h
-- Up-to-date: /home/lzh/VMC_Quadruped/install/interfaces/include/interfaces/interfaces/msg/detail/motor_feedback12__rosidl_typesupport_introspection_c.h
-- Up-to-date: /home/lzh/VMC_Quadruped/install/interfaces/include/interfaces/interfaces/msg/detail/motion_command__rosidl_typesupport_introspection_c.h
-- Up-to-date: /home/lzh/VMC_Quadruped/install/interfaces/include/interfaces/interfaces/msg/detail/motor_feedback__rosidl_typesupport_introspection_c.h
-- Up-to-date: /home/lzh/VMC_Quadruped/install/interfaces/include/interfaces/interfaces/msg/detail/base_state__rosidl_typesupport_introspection_c.h
-- Up-to-date: /home/lzh/VMC_Quadruped/install/interfaces/include/interfaces/interfaces/msg/detail/motor_feedback__type_support.c
-- Up-to-date: /home/lzh/VMC_Quadruped/install/interfaces/include/interfaces/interfaces/msg/detail/foot_state__type_support.c
-- Up-to-date: /home/lzh/VMC_Quadruped/install/interfaces/include/interfaces/interfaces/msg/detail/motor_command12__type_support.c
-- Up-to-date: /home/lzh/VMC_Quadruped/install/interfaces/include/interfaces/interfaces/msg/detail/contact_state__type_support.c
-- Up-to-date: /home/lzh/VMC_Quadruped/install/interfaces/include/interfaces/interfaces/msg/detail/single_foot_state__rosidl_typesupport_introspection_c.h
-- Up-to-date: /home/lzh/VMC_Quadruped/install/interfaces/include/interfaces/interfaces/msg/rosidl_typesupport_introspection_c__visibility_control.h
-- Up-to-date: /home/lzh/VMC_Quadruped/install/interfaces/lib/libinterfaces__rosidl_typesupport_introspection_c.so
-- Up-to-date: /home/lzh/VMC_Quadruped/install/interfaces/lib/libinterfaces__rosidl_typesupport_c.so
-- Up-to-date: /home/lzh/VMC_Quadruped/install/interfaces/include/interfaces/interfaces
-- Up-to-date: /home/lzh/VMC_Quadruped/install/interfaces/include/interfaces/interfaces/msg
-- Up-to-date: /home/lzh/VMC_Quadruped/install/interfaces/include/interfaces/interfaces/msg/detail
-- Up-to-date: /home/lzh/VMC_Quadruped/install/interfaces/include/interfaces/interfaces/msg/detail/foot_state__type_support.hpp
-- Up-to-date: /home/lzh/VMC_Quadruped/install/interfaces/include/interfaces/interfaces/msg/detail/base_state__type_support.hpp
-- Up-to-date: /home/lzh/VMC_Quadruped/install/interfaces/include/interfaces/interfaces/msg/detail/base_state__struct.hpp
-- Up-to-date: /home/lzh/VMC_Quadruped/install/interfaces/include/interfaces/interfaces/msg/detail/motor_feedback12__builder.hpp
-- Up-to-date: /home/lzh/VMC_Quadruped/install/interfaces/include/interfaces/interfaces/msg/detail/motor_command12__struct.hpp
-- Up-to-date: /home/lzh/VMC_Quadruped/install/interfaces/include/interfaces/interfaces/msg/detail/gait_phase__struct.hpp
-- Up-to-date: /home/lzh/VMC_Quadruped/install/interfaces/include/interfaces/interfaces/msg/detail/motor_feedback__struct.hpp
-- Up-to-date: /home/lzh/VMC_Quadruped/install/interfaces/include/interfaces/interfaces/msg/detail/base_state__builder.hpp
-- Up-to-date: /home/lzh/VMC_Quadruped/install/interfaces/include/interfaces/interfaces/msg/detail/motion_command__struct.hpp
-- Up-to-date: /home/lzh/VMC_Quadruped/install/interfaces/include/interfaces/interfaces/msg/detail/gait_phase__traits.hpp
-- Up-to-date: /home/lzh/VMC_Quadruped/install/interfaces/include/interfaces/interfaces/msg/detail/foot_state__builder.hpp
-- Up-to-date: /home/lzh/VMC_Quadruped/install/interfaces/include/interfaces/interfaces/msg/detail/motor_command12__traits.hpp
-- Up-to-date: /home/lzh/VMC_Quadruped/install/interfaces/include/interfaces/interfaces/msg/detail/motor_command__type_support.hpp
-- Up-to-date: /home/lzh/VMC_Quadruped/install/interfaces/include/interfaces/interfaces/msg/detail/motor_feedback__traits.hpp
-- Up-to-date: /home/lzh/VMC_Quadruped/install/interfaces/include/interfaces/interfaces/msg/detail/single_foot_state__type_support.hpp
-- Up-to-date: /home/lzh/VMC_Quadruped/install/interfaces/include/interfaces/interfaces/msg/detail/motor_feedback12__struct.hpp
-- Up-to-date: /home/lzh/VMC_Quadruped/install/interfaces/include/interfaces/interfaces/msg/detail/gait_phase__builder.hpp
-- Up-to-date: /home/lzh/VMC_Quadruped/install/interfaces/include/interfaces/interfaces/msg/detail/motion_command__type_support.hpp
-- Up-to-date: /home/lzh/VMC_Quadruped/install/interfaces/include/interfaces/interfaces/msg/detail/contact_state__struct.hpp
-- Up-to-date: /home/lzh/VMC_Quadruped/install/interfaces/include/interfaces/interfaces/msg/detail/motor_command__struct.hpp
-- Up-to-date: /home/lzh/VMC_Quadruped/install/interfaces/include/interfaces/interfaces/msg/detail/contact_state__traits.hpp
-- Up-to-date: /home/lzh/VMC_Quadruped/install/interfaces/include/interfaces/interfaces/msg/detail/motor_feedback__builder.hpp
-- Up-to-date: /home/lzh/VMC_Quadruped/install/interfaces/include/interfaces/interfaces/msg/detail/base_state__traits.hpp
-- Up-to-date: /home/lzh/VMC_Quadruped/install/interfaces/include/interfaces/interfaces/msg/detail/foot_state__struct.hpp
-- Up-to-date: /home/lzh/VMC_Quadruped/install/interfaces/include/interfaces/interfaces/msg/detail/single_foot_state__traits.hpp
-- Up-to-date: /home/lzh/VMC_Quadruped/install/interfaces/include/interfaces/interfaces/msg/detail/motion_command__traits.hpp
-- Up-to-date: /home/lzh/VMC_Quadruped/install/interfaces/include/interfaces/interfaces/msg/detail/motor_command__traits.hpp
-- Up-to-date: /home/lzh/VMC_Quadruped/install/interfaces/include/interfaces/interfaces/msg/detail/motor_feedback12__traits.hpp
-- Up-to-date: /home/lzh/VMC_Quadruped/install/interfaces/include/interfaces/interfaces/msg/detail/foot_state__traits.hpp
-- Up-to-date: /home/lzh/VMC_Quadruped/install/interfaces/include/interfaces/interfaces/msg/detail/motor_command12__type_support.hpp
-- Up-to-date: /home/lzh/VMC_Quadruped/install/interfaces/include/interfaces/interfaces/msg/detail/motion_command__builder.hpp
-- Up-to-date: /home/lzh/VMC_Quadruped/install/interfaces/include/interfaces/interfaces/msg/detail/motor_command12__builder.hpp
-- Up-to-date: /home/lzh/VMC_Quadruped/install/interfaces/include/interfaces/interfaces/msg/detail/gait_phase__type_support.hpp
-- Up-to-date: /home/lzh/VMC_Quadruped/install/interfaces/include/interfaces/interfaces/msg/detail/motor_command__builder.hpp
-- Up-to-date: /home/lzh/VMC_Quadruped/install/interfaces/include/interfaces/interfaces/msg/detail/single_foot_state__builder.hpp
-- Up-to-date: /home/lzh/VMC_Quadruped/install/interfaces/include/interfaces/interfaces/msg/detail/motor_feedback12__type_support.hpp
-- Up-to-date: /home/lzh/VMC_Quadruped/install/interfaces/include/interfaces/interfaces/msg/detail/motor_feedback__type_support.hpp
-- Up-to-date: /home/lzh/VMC_Quadruped/install/interfaces/include/interfaces/interfaces/msg/detail/contact_state__builder.hpp
-- Up-to-date: /home/lzh/VMC_Quadruped/install/interfaces/include/interfaces/interfaces/msg/detail/single_foot_state__struct.hpp
-- Up-to-date: /home/lzh/VMC_Quadruped/install/interfaces/include/interfaces/interfaces/msg/detail/contact_state__type_support.hpp
-- Up-to-date: /home/lzh/VMC_Quadruped/install/interfaces/include/interfaces/interfaces/msg/rosidl_generator_cpp__visibility_control.hpp
-- Up-to-date: /home/lzh/VMC_Quadruped/install/interfaces/include/interfaces/interfaces/msg/foot_state.hpp
-- Up-to-date: /home/lzh/VMC_Quadruped/install/interfaces/include/interfaces/interfaces/msg/motor_command.hpp
-- Up-to-date: /home/lzh/VMC_Quadruped/install/interfaces/include/interfaces/interfaces/msg/single_foot_state.hpp
-- Up-to-date: /home/lzh/VMC_Quadruped/install/interfaces/include/interfaces/interfaces/msg/base_state.hpp
-- Up-to-date: /home/lzh/VMC_Quadruped/install/interfaces/include/interfaces/interfaces/msg/motor_feedback.hpp
-- Up-to-date: /home/lzh/VMC_Quadruped/install/interfaces/include/interfaces/interfaces/msg/motor_command12.hpp
-- Up-to-date: /home/lzh/VMC_Quadruped/install/interfaces/include/interfaces/interfaces/msg/gait_phase.hpp
-- Up-to-date: /home/lzh/VMC_Quadruped/install/interfaces/include/interfaces/interfaces/msg/motor_feedback12.hpp
-- Up-to-date: /home/lzh/VMC_Quadruped/install/interfaces/include/interfaces/interfaces/msg/contact_state.hpp
-- Up-to-date: /home/lzh/VMC_Quadruped/install/interfaces/include/interfaces/interfaces/msg/motion_command.hpp
-- Up-to-date: /home/lzh/VMC_Quadruped/install/interfaces/include/interfaces/interfaces
-- Up-to-date: /home/lzh/VMC_Quadruped/install/interfaces/include/interfaces/interfaces/msg
-- Up-to-date: /home/lzh/VMC_Quadruped/install/interfaces/include/interfaces/interfaces/msg/detail
-- Up-to-date: /home/lzh/VMC_Quadruped/install/interfaces/include/interfaces/interfaces/msg/detail/base_state__rosidl_typesupport_fastrtps_cpp.hpp
-- Up-to-date: /home/lzh/VMC_Quadruped/install/interfaces/include/interfaces/interfaces/msg/detail/foot_state__rosidl_typesupport_fastrtps_cpp.hpp
-- Up-to-date: /home/lzh/VMC_Quadruped/install/interfaces/include/interfaces/interfaces/msg/detail/gait_phase__rosidl_typesupport_fastrtps_cpp.hpp
-- Up-to-date: /home/lzh/VMC_Quadruped/install/interfaces/include/interfaces/interfaces/msg/detail/dds_fastrtps
-- Up-to-date: /home/lzh/VMC_Quadruped/install/interfaces/include/interfaces/interfaces/msg/detail/single_foot_state__rosidl_typesupport_fastrtps_cpp.hpp
-- Up-to-date: /home/lzh/VMC_Quadruped/install/interfaces/include/interfaces/interfaces/msg/detail/motor_feedback12__rosidl_typesupport_fastrtps_cpp.hpp
-- Up-to-date: /home/lzh/VMC_Quadruped/install/interfaces/include/interfaces/interfaces/msg/detail/motor_command12__rosidl_typesupport_fastrtps_cpp.hpp
-- Up-to-date: /home/lzh/VMC_Quadruped/install/interfaces/include/interfaces/interfaces/msg/detail/motor_command__rosidl_typesupport_fastrtps_cpp.hpp
-- Up-to-date: /home/lzh/VMC_Quadruped/install/interfaces/include/interfaces/interfaces/msg/detail/motion_command__rosidl_typesupport_fastrtps_cpp.hpp
-- Up-to-date: /home/lzh/VMC_Quadruped/install/interfaces/include/interfaces/interfaces/msg/detail/contact_state__rosidl_typesupport_fastrtps_cpp.hpp
-- Up-to-date: /home/lzh/VMC_Quadruped/install/interfaces/include/interfaces/interfaces/msg/detail/motor_feedback__rosidl_typesupport_fastrtps_cpp.hpp
-- Up-to-date: /home/lzh/VMC_Quadruped/install/interfaces/include/interfaces/interfaces/msg/rosidl_typesupport_fastrtps_cpp__visibility_control.h
-- Up-to-date: /home/lzh/VMC_Quadruped/install/interfaces/lib/libinterfaces__rosidl_typesupport_fastrtps_cpp.so
-- Up-to-date: /home/lzh/VMC_Quadruped/install/interfaces/include/interfaces/interfaces
-- Up-to-date: /home/lzh/VMC_Quadruped/install/interfaces/include/interfaces/interfaces/msg
-- Up-to-date: /home/lzh/VMC_Quadruped/install/interfaces/include/interfaces/interfaces/msg/detail
-- Up-to-date: /home/lzh/VMC_Quadruped/install/interfaces/include/interfaces/interfaces/msg/detail/motion_command__type_support.cpp
-- Up-to-date: /home/lzh/VMC_Quadruped/install/interfaces/include/interfaces/interfaces/msg/detail/single_foot_state__rosidl_typesupport_introspection_cpp.hpp
-- Up-to-date: /home/lzh/VMC_Quadruped/install/interfaces/include/interfaces/interfaces/msg/detail/contact_state__rosidl_typesupport_introspection_cpp.hpp
-- Up-to-date: /home/lzh/VMC_Quadruped/install/interfaces/include/interfaces/interfaces/msg/detail/gait_phase__rosidl_typesupport_introspection_cpp.hpp
-- Up-to-date: /home/lzh/VMC_Quadruped/install/interfaces/include/interfaces/interfaces/msg/detail/motor_command__rosidl_typesupport_introspection_cpp.hpp
-- Up-to-date: /home/lzh/VMC_Quadruped/install/interfaces/include/interfaces/interfaces/msg/detail/foot_state__rosidl_typesupport_introspection_cpp.hpp
-- Up-to-date: /home/lzh/VMC_Quadruped/install/interfaces/include/interfaces/interfaces/msg/detail/contact_state__type_support.cpp
-- Up-to-date: /home/lzh/VMC_Quadruped/install/interfaces/include/interfaces/interfaces/msg/detail/motor_feedback__rosidl_typesupport_introspection_cpp.hpp
-- Up-to-date: /home/lzh/VMC_Quadruped/install/interfaces/include/interfaces/interfaces/msg/detail/motor_feedback__type_support.cpp
-- Up-to-date: /home/lzh/VMC_Quadruped/install/interfaces/include/interfaces/interfaces/msg/detail/motor_command12__type_support.cpp
-- Up-to-date: /home/lzh/VMC_Quadruped/install/interfaces/include/interfaces/interfaces/msg/detail/single_foot_state__type_support.cpp
-- Up-to-date: /home/lzh/VMC_Quadruped/install/interfaces/include/interfaces/interfaces/msg/detail/motion_command__rosidl_typesupport_introspection_cpp.hpp
-- Up-to-date: /home/lzh/VMC_Quadruped/install/interfaces/include/interfaces/interfaces/msg/detail/motor_feedback12__rosidl_typesupport_introspection_cpp.hpp
-- Up-to-date: /home/lzh/VMC_Quadruped/install/interfaces/include/interfaces/interfaces/msg/detail/base_state__type_support.cpp
-- Up-to-date: /home/lzh/VMC_Quadruped/install/interfaces/include/interfaces/interfaces/msg/detail/gait_phase__type_support.cpp
-- Up-to-date: /home/lzh/VMC_Quadruped/install/interfaces/include/interfaces/interfaces/msg/detail/motor_command__type_support.cpp
-- Up-to-date: /home/lzh/VMC_Quadruped/install/interfaces/include/interfaces/interfaces/msg/detail/foot_state__type_support.cpp
-- Up-to-date: /home/lzh/VMC_Quadruped/install/interfaces/include/interfaces/interfaces/msg/detail/motor_feedback12__type_support.cpp
-- Up-to-date: /home/lzh/VMC_Quadruped/install/interfaces/include/interfaces/interfaces/msg/detail/base_state__rosidl_typesupport_introspection_cpp.hpp
-- Up-to-date: /home/lzh/VMC_Quadruped/install/interfaces/include/interfaces/interfaces/msg/detail/motor_command12__rosidl_typesupport_introspection_cpp.hpp
-- Up-to-date: /home/lzh/VMC_Quadruped/install/interfaces/lib/libinterfaces__rosidl_typesupport_introspection_cpp.so
-- Up-to-date: /home/lzh/VMC_Quadruped/install/interfaces/lib/libinterfaces__rosidl_typesupport_cpp.so
-- Up-to-date: /home/lzh/VMC_Quadruped/install/interfaces/share/interfaces/environment/pythonpath.sh
-- Up-to-date: /home/lzh/VMC_Quadruped/install/interfaces/share/interfaces/environment/pythonpath.dsv
-- Up-to-date: /home/lzh/VMC_Quadruped/install/interfaces/local/lib/python3.10/dist-packages/interfaces-0.0.0-py3.10.egg-info
-- Installing: /home/lzh/VMC_Quadruped/install/interfaces/local/lib/python3.10/dist-packages/interfaces-0.0.0-py3.10.egg-info/PKG-INFO
-- Installing: /home/lzh/VMC_Quadruped/install/interfaces/local/lib/python3.10/dist-packages/interfaces-0.0.0-py3.10.egg-info/top_level.txt
-- Installing: /home/lzh/VMC_Quadruped/install/interfaces/local/lib/python3.10/dist-packages/interfaces-0.0.0-py3.10.egg-info/SOURCES.txt
-- Installing: /home/lzh/VMC_Quadruped/install/interfaces/local/lib/python3.10/dist-packages/interfaces-0.0.0-py3.10.egg-info/dependency_links.txt
-- Up-to-date: /home/lzh/VMC_Quadruped/install/interfaces/local/lib/python3.10/dist-packages/interfaces
-- Up-to-date: /home/lzh/VMC_Quadruped/install/interfaces/local/lib/python3.10/dist-packages/interfaces/libinterfaces__rosidl_generator_py.so
-- Up-to-date: /home/lzh/VMC_Quadruped/install/interfaces/local/lib/python3.10/dist-packages/interfaces/__init__.py
-- Up-to-date: /home/lzh/VMC_Quadruped/install/interfaces/local/lib/python3.10/dist-packages/interfaces/interfaces_s__rosidl_typesupport_c.cpython-310-x86_64-linux-gnu.so
-- Up-to-date: /home/lzh/VMC_Quadruped/install/interfaces/local/lib/python3.10/dist-packages/interfaces/msg
-- Up-to-date: /home/lzh/VMC_Quadruped/install/interfaces/local/lib/python3.10/dist-packages/interfaces/msg/_single_foot_state.py
-- Up-to-date: /home/lzh/VMC_Quadruped/install/interfaces/local/lib/python3.10/dist-packages/interfaces/msg/__init__.py
-- Up-to-date: /home/lzh/VMC_Quadruped/install/interfaces/local/lib/python3.10/dist-packages/interfaces/msg/_motor_feedback.py
-- Up-to-date: /home/lzh/VMC_Quadruped/install/interfaces/local/lib/python3.10/dist-packages/interfaces/msg/_contact_state_s.c
-- Up-to-date: /home/lzh/VMC_Quadruped/install/interfaces/local/lib/python3.10/dist-packages/interfaces/msg/_gait_phase_s.c
-- Up-to-date: /home/lzh/VMC_Quadruped/install/interfaces/local/lib/python3.10/dist-packages/interfaces/msg/_base_state.py
-- Up-to-date: /home/lzh/VMC_Quadruped/install/interfaces/local/lib/python3.10/dist-packages/interfaces/msg/_motor_feedback12.py
-- Up-to-date: /home/lzh/VMC_Quadruped/install/interfaces/local/lib/python3.10/dist-packages/interfaces/msg/_gait_phase.py
-- Up-to-date: /home/lzh/VMC_Quadruped/install/interfaces/local/lib/python3.10/dist-packages/interfaces/msg/_foot_state_s.c
-- Up-to-date: /home/lzh/VMC_Quadruped/install/interfaces/local/lib/python3.10/dist-packages/interfaces/msg/_foot_state.py
-- Up-to-date: /home/lzh/VMC_Quadruped/install/interfaces/local/lib/python3.10/dist-packages/interfaces/msg/_single_foot_state_s.c
-- Up-to-date: /home/lzh/VMC_Quadruped/install/interfaces/local/lib/python3.10/dist-packages/interfaces/msg/_contact_state.py
-- Up-to-date: /home/lzh/VMC_Quadruped/install/interfaces/local/lib/python3.10/dist-packages/interfaces/msg/_motion_command_s.c
-- Up-to-date: /home/lzh/VMC_Quadruped/install/interfaces/local/lib/python3.10/dist-packages/interfaces/msg/_motor_command_s.c
-- Up-to-date: /home/lzh/VMC_Quadruped/install/interfaces/local/lib/python3.10/dist-packages/interfaces/msg/_motor_command12_s.c
-- Up-to-date: /home/lzh/VMC_Quadruped/install/interfaces/local/lib/python3.10/dist-packages/interfaces/msg/_motor_feedback_s.c
-- Up-to-date: /home/lzh/VMC_Quadruped/install/interfaces/local/lib/python3.10/dist-packages/interfaces/msg/_motion_command.py
-- Up-to-date: /home/lzh/VMC_Quadruped/install/interfaces/local/lib/python3.10/dist-packages/interfaces/msg/_motor_command.py
-- Up-to-date: /home/lzh/VMC_Quadruped/install/interfaces/local/lib/python3.10/dist-packages/interfaces/msg/_motor_feedback12_s.c
-- Up-to-date: /home/lzh/VMC_Quadruped/install/interfaces/local/lib/python3.10/dist-packages/interfaces/msg/_base_state_s.c
-- Up-to-date: /home/lzh/VMC_Quadruped/install/interfaces/local/lib/python3.10/dist-packages/interfaces/msg/_motor_command12.py
-- Up-to-date: /home/lzh/VMC_Quadruped/install/interfaces/local/lib/python3.10/dist-packages/interfaces/_interfaces_s.ep.rosidl_typesupport_fastrtps_c.c
-- Up-to-date: /home/lzh/VMC_Quadruped/install/interfaces/local/lib/python3.10/dist-packages/interfaces/interfaces_s__rosidl_typesupport_introspection_c.cpython-310-x86_64-linux-gnu.so
-- Up-to-date: /home/lzh/VMC_Quadruped/install/interfaces/local/lib/python3.10/dist-packages/interfaces/_interfaces_s.ep.rosidl_typesupport_introspection_c.c
-- Up-to-date: /home/lzh/VMC_Quadruped/install/interfaces/local/lib/python3.10/dist-packages/interfaces/_interfaces_s.ep.rosidl_typesupport_c.c
-- Up-to-date: /home/lzh/VMC_Quadruped/install/interfaces/local/lib/python3.10/dist-packages/interfaces/interfaces_s__rosidl_typesupport_fastrtps_c.cpython-310-x86_64-linux-gnu.so
Listing '/home/lzh/VMC_Quadruped/install/interfaces/local/lib/python3.10/dist-packages/interfaces'...
Listing '/home/lzh/VMC_Quadruped/install/interfaces/local/lib/python3.10/dist-packages/interfaces/msg'...
-- Up-to-date: /home/lzh/VMC_Quadruped/install/interfaces/local/lib/python3.10/dist-packages/interfaces/interfaces_s__rosidl_typesupport_fastrtps_c.cpython-310-x86_64-linux-gnu.so
-- Up-to-date: /home/lzh/VMC_Quadruped/install/interfaces/local/lib/python3.10/dist-packages/interfaces/interfaces_s__rosidl_typesupport_introspection_c.cpython-310-x86_64-linux-gnu.so
-- Up-to-date: /home/lzh/VMC_Quadruped/install/interfaces/local/lib/python3.10/dist-packages/interfaces/interfaces_s__rosidl_typesupport_c.cpython-310-x86_64-linux-gnu.so
-- Up-to-date: /home/lzh/VMC_Quadruped/install/interfaces/lib/libinterfaces__rosidl_generator_py.so
-- Up-to-date: /home/lzh/VMC_Quadruped/install/interfaces/share/interfaces/msg/BaseState.idl
-- Up-to-date: /home/lzh/VMC_Quadruped/install/interfaces/share/interfaces/msg/ContactState.idl
-- Up-to-date: /home/lzh/VMC_Quadruped/install/interfaces/share/interfaces/msg/GaitPhase.idl
-- Up-to-date: /home/lzh/VMC_Quadruped/install/interfaces/share/interfaces/msg/MotionCommand.idl
-- Up-to-date: /home/lzh/VMC_Quadruped/install/interfaces/share/interfaces/msg/SingleFootState.idl
-- Up-to-date: /home/lzh/VMC_Quadruped/install/interfaces/share/interfaces/msg/FootState.idl
-- Up-to-date: /home/lzh/VMC_Quadruped/install/interfaces/share/interfaces/msg/MotorCommand.idl
-- Up-to-date: /home/lzh/VMC_Quadruped/install/interfaces/share/interfaces/msg/MotorCommand12.idl
-- Up-to-date: /home/lzh/VMC_Quadruped/install/interfaces/share/interfaces/msg/MotorFeedback.idl
-- Up-to-date: /home/lzh/VMC_Quadruped/install/interfaces/share/interfaces/msg/MotorFeedback12.idl
-- Up-to-date: /home/lzh/VMC_Quadruped/install/interfaces/share/interfaces/msg/BaseState.msg
-- Up-to-date: /home/lzh/VMC_Quadruped/install/interfaces/share/interfaces/msg/ContactState.msg
-- Up-to-date: /home/lzh/VMC_Quadruped/install/interfaces/share/interfaces/msg/GaitPhase.msg
-- Up-to-date: /home/lzh/VMC_Quadruped/install/interfaces/share/interfaces/msg/MotionCommand.msg
-- Up-to-date: /home/lzh/VMC_Quadruped/install/interfaces/share/interfaces/msg/SingleFootState.msg
-- Up-to-date: /home/lzh/VMC_Quadruped/install/interfaces/share/interfaces/msg/FootState.msg
-- Up-to-date: /home/lzh/VMC_Quadruped/install/interfaces/share/interfaces/msg/MotorCommand.msg
-- Up-to-date: /home/lzh/VMC_Quadruped/install/interfaces/share/interfaces/msg/MotorCommand12.msg
-- Up-to-date: /home/lzh/VMC_Quadruped/install/interfaces/share/interfaces/msg/MotorFeedback.msg
-- Up-to-date: /home/lzh/VMC_Quadruped/install/interfaces/share/interfaces/msg/MotorFeedback12.msg
-- Up-to-date: /home/lzh/VMC_Quadruped/install/interfaces/share/ament_index/resource_index/package_run_dependencies/interfaces
-- Up-to-date: /home/lzh/VMC_Quadruped/install/interfaces/share/ament_index/resource_index/parent_prefix_path/interfaces
-- Up-to-date: /home/lzh/VMC_Quadruped/install/interfaces/share/interfaces/environment/ament_prefix_path.sh
-- Up-to-date: /home/lzh/VMC_Quadruped/install/interfaces/share/interfaces/environment/ament_prefix_path.dsv
-- Up-to-date: /home/lzh/VMC_Quadruped/install/interfaces/share/interfaces/environment/path.sh
-- Up-to-date: /home/lzh/VMC_Quadruped/install/interfaces/share/interfaces/environment/path.dsv
-- Up-to-date: /home/lzh/VMC_Quadruped/install/interfaces/share/interfaces/local_setup.bash
-- Up-to-date: /home/lzh/VMC_Quadruped/install/interfaces/share/interfaces/local_setup.sh
-- Up-to-date: /home/lzh/VMC_Quadruped/install/interfaces/share/interfaces/local_setup.zsh
-- Up-to-date: /home/lzh/VMC_Quadruped/install/interfaces/share/interfaces/local_setup.dsv
-- Installing: /home/lzh/VMC_Quadruped/install/interfaces/share/interfaces/package.dsv
-- Up-to-date: /home/lzh/VMC_Quadruped/install/interfaces/share/ament_index/resource_index/packages/interfaces
-- Up-to-date: /home/lzh/VMC_Quadruped/install/interfaces/share/interfaces/cmake/export_interfaces__rosidl_generator_cExport.cmake
-- Up-to-date: /home/lzh/VMC_Quadruped/install/interfaces/share/interfaces/cmake/export_interfaces__rosidl_generator_cExport-noconfig.cmake
-- Up-to-date: /home/lzh/VMC_Quadruped/install/interfaces/share/interfaces/cmake/export_interfaces__rosidl_typesupport_fastrtps_cExport.cmake
-- Up-to-date: /home/lzh/VMC_Quadruped/install/interfaces/share/interfaces/cmake/export_interfaces__rosidl_typesupport_fastrtps_cExport-noconfig.cmake
-- Up-to-date: /home/lzh/VMC_Quadruped/install/interfaces/share/interfaces/cmake/interfaces__rosidl_typesupport_introspection_cExport.cmake
-- Up-to-date: /home/lzh/VMC_Quadruped/install/interfaces/share/interfaces/cmake/interfaces__rosidl_typesupport_introspection_cExport-noconfig.cmake
-- Up-to-date: /home/lzh/VMC_Quadruped/install/interfaces/share/interfaces/cmake/interfaces__rosidl_typesupport_cExport.cmake
-- Up-to-date: /home/lzh/VMC_Quadruped/install/interfaces/share/interfaces/cmake/interfaces__rosidl_typesupport_cExport-noconfig.cmake
-- Up-to-date: /home/lzh/VMC_Quadruped/install/interfaces/share/interfaces/cmake/export_interfaces__rosidl_generator_cppExport.cmake
-- Up-to-date: /home/lzh/VMC_Quadruped/install/interfaces/share/interfaces/cmake/export_interfaces__rosidl_typesupport_fastrtps_cppExport.cmake
-- Up-to-date: /home/lzh/VMC_Quadruped/install/interfaces/share/interfaces/cmake/export_interfaces__rosidl_typesupport_fastrtps_cppExport-noconfig.cmake
-- Up-to-date: /home/lzh/VMC_Quadruped/install/interfaces/share/interfaces/cmake/interfaces__rosidl_typesupport_introspection_cppExport.cmake
-- Up-to-date: /home/lzh/VMC_Quadruped/install/interfaces/share/interfaces/cmake/interfaces__rosidl_typesupport_introspection_cppExport-noconfig.cmake
-- Up-to-date: /home/lzh/VMC_Quadruped/install/interfaces/share/interfaces/cmake/interfaces__rosidl_typesupport_cppExport.cmake
-- Up-to-date: /home/lzh/VMC_Quadruped/install/interfaces/share/interfaces/cmake/interfaces__rosidl_typesupport_cppExport-noconfig.cmake
-- Up-to-date: /home/lzh/VMC_Quadruped/install/interfaces/share/interfaces/cmake/export_interfaces__rosidl_generator_pyExport.cmake
-- Up-to-date: /home/lzh/VMC_Quadruped/install/interfaces/share/interfaces/cmake/export_interfaces__rosidl_generator_pyExport-noconfig.cmake
-- Up-to-date: /home/lzh/VMC_Quadruped/install/interfaces/share/interfaces/cmake/rosidl_cmake-extras.cmake
-- Up-to-date: /home/lzh/VMC_Quadruped/install/interfaces/share/interfaces/cmake/ament_cmake_export_dependencies-extras.cmake
-- Up-to-date: /home/lzh/VMC_Quadruped/install/interfaces/share/interfaces/cmake/ament_cmake_export_include_directories-extras.cmake
-- Up-to-date: /home/lzh/VMC_Quadruped/install/interfaces/share/interfaces/cmake/ament_cmake_export_libraries-extras.cmake
-- Up-to-date: /home/lzh/VMC_Quadruped/install/interfaces/share/interfaces/cmake/ament_cmake_export_targets-extras.cmake
-- Up-to-date: /home/lzh/VMC_Quadruped/install/interfaces/share/interfaces/cmake/rosidl_cmake_export_typesupport_targets-extras.cmake
-- Up-to-date: /home/lzh/VMC_Quadruped/install/interfaces/share/interfaces/cmake/rosidl_cmake_export_typesupport_libraries-extras.cmake
-- Up-to-date: /home/lzh/VMC_Quadruped/install/interfaces/share/interfaces/cmake/interfacesConfig.cmake
-- Up-to-date: /home/lzh/VMC_Quadruped/install/interfaces/share/interfaces/cmake/interfacesConfig-version.cmake
-- Up-to-date: /home/lzh/VMC_Quadruped/install/interfaces/share/interfaces/package.xml
