[0.014s] Invoking command in '/home/lzh/VMC_Quadruped/build/interfaces': CMAKE_PREFIX_PATH=/opt/ros/humble /usr/bin/cmake --build /home/lzh/VMC_Quadruped/build/interfaces -- -j16 -l16
[0.063s] [35m[1mConsolidate compiler generated dependencies of target interfaces__rosidl_generator_c[0m
[0.074s] [  0%] Built target interfaces__cpp
[0.091s] [  0%] Built target ament_cmake_python_copy_interfaces
[0.092s] [ 12%] Built target interfaces__rosidl_generator_c
[0.096s] [35m[1mConsolidate compiler generated dependencies of target interfaces__rosidl_typesupport_cpp[0m
[0.099s] [35m[1mConsolidate compiler generated dependencies of target interfaces__rosidl_typesupport_introspection_cpp[0m
[0.101s] [35m[1mConsolidate compiler generated dependencies of target interfaces__rosidl_typesupport_fastrtps_cpp[0m
[0.109s] [35m[1mConsolidate compiler generated dependencies of target interfaces__rosidl_typesupport_introspection_c[0m
[0.109s] [35m[1mConsolidate compiler generated dependencies of target interfaces__rosidl_typesupport_fastrtps_c[0m
[0.110s] [35m[1mConsolidate compiler generated dependencies of target interfaces__rosidl_typesupport_c[0m
[0.117s] [ 23%] Built target interfaces__rosidl_typesupport_fastrtps_cpp
[0.118s] [ 35%] Built target interfaces__rosidl_typesupport_cpp
[0.119s] [ 47%] Built target interfaces__rosidl_typesupport_introspection_cpp
[0.119s] [ 58%] Built target interfaces__rosidl_typesupport_c
[0.121s] [ 70%] Built target interfaces__rosidl_typesupport_introspection_c
[0.126s] [ 82%] Built target interfaces__rosidl_typesupport_fastrtps_c
[0.148s] [ 82%] Built target interfaces
[0.172s] [ 83%] Built target interfaces__py
[0.186s] [35m[1mConsolidate compiler generated dependencies of target interfaces__rosidl_generator_py[0m
[0.203s] [ 94%] Built target interfaces__rosidl_generator_py
[0.215s] [35m[1mConsolidate compiler generated dependencies of target interfaces__rosidl_typesupport_introspection_c__pyext[0m
[0.215s] [35m[1mConsolidate compiler generated dependencies of target interfaces__rosidl_typesupport_fastrtps_c__pyext[0m
[0.215s] [35m[1mConsolidate compiler generated dependencies of target interfaces__rosidl_typesupport_c__pyext[0m
[0.229s] [ 96%] Built target interfaces__rosidl_typesupport_c__pyext
[0.229s] [100%] Built target interfaces__rosidl_typesupport_fastrtps_c__pyext
[0.230s] [100%] Built target interfaces__rosidl_typesupport_introspection_c__pyext
[0.256s] running egg_info
[0.257s] writing interfaces.egg-info/PKG-INFO
[0.257s] writing dependency_links to interfaces.egg-info/dependency_links.txt
[0.257s] writing top-level names to interfaces.egg-info/top_level.txt
[0.259s] reading manifest file 'interfaces.egg-info/SOURCES.txt'
[0.259s] writing manifest file 'interfaces.egg-info/SOURCES.txt'
[0.279s] [100%] Built target ament_cmake_python_build_interfaces_egg
[0.291s] Invoked command in '/home/lzh/VMC_Quadruped/build/interfaces' returned '0': CMAKE_PREFIX_PATH=/opt/ros/humble /usr/bin/cmake --build /home/lzh/VMC_Quadruped/build/interfaces -- -j16 -l16
[0.293s] Invoking command in '/home/lzh/VMC_Quadruped/build/interfaces': CMAKE_PREFIX_PATH=/opt/ros/humble /usr/bin/cmake --install /home/lzh/VMC_Quadruped/build/interfaces
[0.298s] -- Install configuration: ""
[0.298s] -- Up-to-date: /home/lzh/VMC_Quadruped/install/interfaces/share/ament_index/resource_index/rosidl_interfaces/interfaces
[0.298s] -- Up-to-date: /home/lzh/VMC_Quadruped/install/interfaces/include/interfaces/interfaces
[0.298s] -- Up-to-date: /home/lzh/VMC_Quadruped/install/interfaces/include/interfaces/interfaces/msg
[0.298s] -- Up-to-date: /home/lzh/VMC_Quadruped/install/interfaces/include/interfaces/interfaces/msg/detail
[0.298s] -- Up-to-date: /home/lzh/VMC_Quadruped/install/interfaces/include/interfaces/interfaces/msg/detail/base_state__functions.c
[0.298s] -- Up-to-date: /home/lzh/VMC_Quadruped/install/interfaces/include/interfaces/interfaces/msg/detail/motor_command12__struct.h
[0.298s] -- Up-to-date: /home/lzh/VMC_Quadruped/install/interfaces/include/interfaces/interfaces/msg/detail/single_foot_state__struct.h
[0.298s] -- Up-to-date: /home/lzh/VMC_Quadruped/install/interfaces/include/interfaces/interfaces/msg/detail/motion_command__struct.h
[0.298s] -- Up-to-date: /home/lzh/VMC_Quadruped/install/interfaces/include/interfaces/interfaces/msg/detail/gait_phase__functions.c
[0.298s] -- Up-to-date: /home/lzh/VMC_Quadruped/install/interfaces/include/interfaces/interfaces/msg/detail/base_state__type_support.h
[0.298s] -- Up-to-date: /home/lzh/VMC_Quadruped/install/interfaces/include/interfaces/interfaces/msg/detail/motor_feedback__functions.c
[0.298s] -- Up-to-date: /home/lzh/VMC_Quadruped/install/interfaces/include/interfaces/interfaces/msg/detail/contact_state__type_support.h
[0.298s] -- Up-to-date: /home/lzh/VMC_Quadruped/install/interfaces/include/interfaces/interfaces/msg/detail/motor_command12__functions.c
[0.298s] -- Up-to-date: /home/lzh/VMC_Quadruped/install/interfaces/include/interfaces/interfaces/msg/detail/motor_feedback12__functions.h
[0.298s] -- Up-to-date: /home/lzh/VMC_Quadruped/install/interfaces/include/interfaces/interfaces/msg/detail/base_state__struct.h
[0.298s] -- Up-to-date: /home/lzh/VMC_Quadruped/install/interfaces/include/interfaces/interfaces/msg/detail/single_foot_state__functions.c
[0.298s] -- Up-to-date: /home/lzh/VMC_Quadruped/install/interfaces/include/interfaces/interfaces/msg/detail/motion_command__functions.c
[0.298s] -- Up-to-date: /home/lzh/VMC_Quadruped/install/interfaces/include/interfaces/interfaces/msg/detail/motor_command__struct.h
[0.298s] -- Up-to-date: /home/lzh/VMC_Quadruped/install/interfaces/include/interfaces/interfaces/msg/detail/motor_feedback__type_support.h
[0.298s] -- Up-to-date: /home/lzh/VMC_Quadruped/install/interfaces/include/interfaces/interfaces/msg/detail/foot_state__struct.h
[0.298s] -- Up-to-date: /home/lzh/VMC_Quadruped/install/interfaces/include/interfaces/interfaces/msg/detail/motor_feedback12__functions.c
[0.298s] -- Up-to-date: /home/lzh/VMC_Quadruped/install/interfaces/include/interfaces/interfaces/msg/detail/motor_command__functions.c
[0.298s] -- Up-to-date: /home/lzh/VMC_Quadruped/install/interfaces/include/interfaces/interfaces/msg/detail/motor_command__type_support.h
[0.299s] -- Up-to-date: /home/lzh/VMC_Quadruped/install/interfaces/include/interfaces/interfaces/msg/detail/single_foot_state__functions.h
[0.299s] -- Up-to-date: /home/lzh/VMC_Quadruped/install/interfaces/include/interfaces/interfaces/msg/detail/foot_state__type_support.h
[0.299s] -- Up-to-date: /home/lzh/VMC_Quadruped/install/interfaces/include/interfaces/interfaces/msg/detail/foot_state__functions.c
[0.299s] -- Up-to-date: /home/lzh/VMC_Quadruped/install/interfaces/include/interfaces/interfaces/msg/detail/base_state__functions.h
[0.299s] -- Up-to-date: /home/lzh/VMC_Quadruped/install/interfaces/include/interfaces/interfaces/msg/detail/contact_state__functions.c
[0.299s] -- Up-to-date: /home/lzh/VMC_Quadruped/install/interfaces/include/interfaces/interfaces/msg/detail/motion_command__functions.h
[0.299s] -- Up-to-date: /home/lzh/VMC_Quadruped/install/interfaces/include/interfaces/interfaces/msg/detail/motor_command12__type_support.h
[0.299s] -- Up-to-date: /home/lzh/VMC_Quadruped/install/interfaces/include/interfaces/interfaces/msg/detail/gait_phase__functions.h
[0.299s] -- Up-to-date: /home/lzh/VMC_Quadruped/install/interfaces/include/interfaces/interfaces/msg/detail/motor_feedback__functions.h
[0.299s] -- Up-to-date: /home/lzh/VMC_Quadruped/install/interfaces/include/interfaces/interfaces/msg/detail/contact_state__functions.h
[0.299s] -- Up-to-date: /home/lzh/VMC_Quadruped/install/interfaces/include/interfaces/interfaces/msg/detail/motor_feedback12__type_support.h
[0.299s] -- Up-to-date: /home/lzh/VMC_Quadruped/install/interfaces/include/interfaces/interfaces/msg/detail/motor_feedback__struct.h
[0.299s] -- Up-to-date: /home/lzh/VMC_Quadruped/install/interfaces/include/interfaces/interfaces/msg/detail/foot_state__functions.h
[0.299s] -- Up-to-date: /home/lzh/VMC_Quadruped/install/interfaces/include/interfaces/interfaces/msg/detail/motor_command__functions.h
[0.299s] -- Up-to-date: /home/lzh/VMC_Quadruped/install/interfaces/include/interfaces/interfaces/msg/detail/single_foot_state__type_support.h
[0.299s] -- Up-to-date: /home/lzh/VMC_Quadruped/install/interfaces/include/interfaces/interfaces/msg/detail/contact_state__struct.h
[0.299s] -- Up-to-date: /home/lzh/VMC_Quadruped/install/interfaces/include/interfaces/interfaces/msg/detail/motor_feedback12__struct.h
[0.299s] -- Up-to-date: /home/lzh/VMC_Quadruped/install/interfaces/include/interfaces/interfaces/msg/detail/gait_phase__struct.h
[0.299s] -- Up-to-date: /home/lzh/VMC_Quadruped/install/interfaces/include/interfaces/interfaces/msg/detail/motor_command12__functions.h
[0.299s] -- Up-to-date: /home/lzh/VMC_Quadruped/install/interfaces/include/interfaces/interfaces/msg/detail/motion_command__type_support.h
[0.299s] -- Up-to-date: /home/lzh/VMC_Quadruped/install/interfaces/include/interfaces/interfaces/msg/detail/gait_phase__type_support.h
[0.299s] -- Up-to-date: /home/lzh/VMC_Quadruped/install/interfaces/include/interfaces/interfaces/msg/motor_feedback.h
[0.299s] -- Up-to-date: /home/lzh/VMC_Quadruped/install/interfaces/include/interfaces/interfaces/msg/motor_command12.h
[0.299s] -- Up-to-date: /home/lzh/VMC_Quadruped/install/interfaces/include/interfaces/interfaces/msg/single_foot_state.h
[0.299s] -- Up-to-date: /home/lzh/VMC_Quadruped/install/interfaces/include/interfaces/interfaces/msg/rosidl_generator_c__visibility_control.h
[0.299s] -- Up-to-date: /home/lzh/VMC_Quadruped/install/interfaces/include/interfaces/interfaces/msg/motor_feedback12.h
[0.299s] -- Up-to-date: /home/lzh/VMC_Quadruped/install/interfaces/include/interfaces/interfaces/msg/contact_state.h
[0.299s] -- Up-to-date: /home/lzh/VMC_Quadruped/install/interfaces/include/interfaces/interfaces/msg/foot_state.h
[0.300s] -- Up-to-date: /home/lzh/VMC_Quadruped/install/interfaces/include/interfaces/interfaces/msg/motor_command.h
[0.300s] -- Up-to-date: /home/lzh/VMC_Quadruped/install/interfaces/include/interfaces/interfaces/msg/motion_command.h
[0.300s] -- Up-to-date: /home/lzh/VMC_Quadruped/install/interfaces/include/interfaces/interfaces/msg/gait_phase.h
[0.300s] -- Up-to-date: /home/lzh/VMC_Quadruped/install/interfaces/include/interfaces/interfaces/msg/base_state.h
[0.300s] -- Up-to-date: /home/lzh/VMC_Quadruped/install/interfaces/share/interfaces/environment/library_path.sh
[0.300s] -- Up-to-date: /home/lzh/VMC_Quadruped/install/interfaces/share/interfaces/environment/library_path.dsv
[0.300s] -- Up-to-date: /home/lzh/VMC_Quadruped/install/interfaces/lib/libinterfaces__rosidl_generator_c.so
[0.300s] -- Up-to-date: /home/lzh/VMC_Quadruped/install/interfaces/include/interfaces/interfaces
[0.300s] -- Up-to-date: /home/lzh/VMC_Quadruped/install/interfaces/include/interfaces/interfaces/msg
[0.300s] -- Up-to-date: /home/lzh/VMC_Quadruped/install/interfaces/include/interfaces/interfaces/msg/detail
[0.300s] -- Up-to-date: /home/lzh/VMC_Quadruped/install/interfaces/include/interfaces/interfaces/msg/detail/motor_command12__rosidl_typesupport_fastrtps_c.h
[0.300s] -- Up-to-date: /home/lzh/VMC_Quadruped/install/interfaces/include/interfaces/interfaces/msg/detail/motion_command__rosidl_typesupport_fastrtps_c.h
[0.300s] -- Up-to-date: /home/lzh/VMC_Quadruped/install/interfaces/include/interfaces/interfaces/msg/detail/contact_state__rosidl_typesupport_fastrtps_c.h
[0.300s] -- Up-to-date: /home/lzh/VMC_Quadruped/install/interfaces/include/interfaces/interfaces/msg/detail/single_foot_state__rosidl_typesupport_fastrtps_c.h
[0.300s] -- Up-to-date: /home/lzh/VMC_Quadruped/install/interfaces/include/interfaces/interfaces/msg/detail/foot_state__rosidl_typesupport_fastrtps_c.h
[0.300s] -- Up-to-date: /home/lzh/VMC_Quadruped/install/interfaces/include/interfaces/interfaces/msg/detail/motor_command__rosidl_typesupport_fastrtps_c.h
[0.300s] -- Up-to-date: /home/lzh/VMC_Quadruped/install/interfaces/include/interfaces/interfaces/msg/detail/motor_feedback__rosidl_typesupport_fastrtps_c.h
[0.300s] -- Up-to-date: /home/lzh/VMC_Quadruped/install/interfaces/include/interfaces/interfaces/msg/detail/motor_feedback12__rosidl_typesupport_fastrtps_c.h
[0.300s] -- Up-to-date: /home/lzh/VMC_Quadruped/install/interfaces/include/interfaces/interfaces/msg/detail/base_state__rosidl_typesupport_fastrtps_c.h
[0.300s] -- Up-to-date: /home/lzh/VMC_Quadruped/install/interfaces/include/interfaces/interfaces/msg/detail/gait_phase__rosidl_typesupport_fastrtps_c.h
[0.300s] -- Up-to-date: /home/lzh/VMC_Quadruped/install/interfaces/include/interfaces/interfaces/msg/rosidl_typesupport_fastrtps_c__visibility_control.h
[0.300s] -- Up-to-date: /home/lzh/VMC_Quadruped/install/interfaces/lib/libinterfaces__rosidl_typesupport_fastrtps_c.so
[0.300s] -- Up-to-date: /home/lzh/VMC_Quadruped/install/interfaces/include/interfaces/interfaces
[0.300s] -- Up-to-date: /home/lzh/VMC_Quadruped/install/interfaces/include/interfaces/interfaces/msg
[0.300s] -- Up-to-date: /home/lzh/VMC_Quadruped/install/interfaces/include/interfaces/interfaces/msg/detail
[0.300s] -- Up-to-date: /home/lzh/VMC_Quadruped/install/interfaces/include/interfaces/interfaces/msg/detail/motor_feedback12__type_support.c
[0.300s] -- Up-to-date: /home/lzh/VMC_Quadruped/install/interfaces/include/interfaces/interfaces/msg/detail/base_state__type_support.c
[0.300s] -- Up-to-date: /home/lzh/VMC_Quadruped/install/interfaces/include/interfaces/interfaces/msg/detail/contact_state__rosidl_typesupport_introspection_c.h
[0.300s] -- Up-to-date: /home/lzh/VMC_Quadruped/install/interfaces/include/interfaces/interfaces/msg/detail/foot_state__rosidl_typesupport_introspection_c.h
[0.300s] -- Up-to-date: /home/lzh/VMC_Quadruped/install/interfaces/include/interfaces/interfaces/msg/detail/motion_command__type_support.c
[0.300s] -- Up-to-date: /home/lzh/VMC_Quadruped/install/interfaces/include/interfaces/interfaces/msg/detail/gait_phase__type_support.c
[0.301s] -- Up-to-date: /home/lzh/VMC_Quadruped/install/interfaces/include/interfaces/interfaces/msg/detail/motor_command__rosidl_typesupport_introspection_c.h
[0.301s] -- Up-to-date: /home/lzh/VMC_Quadruped/install/interfaces/include/interfaces/interfaces/msg/detail/motor_command12__rosidl_typesupport_introspection_c.h
[0.301s] -- Up-to-date: /home/lzh/VMC_Quadruped/install/interfaces/include/interfaces/interfaces/msg/detail/motor_command__type_support.c
[0.301s] -- Up-to-date: /home/lzh/VMC_Quadruped/install/interfaces/include/interfaces/interfaces/msg/detail/single_foot_state__type_support.c
[0.301s] -- Up-to-date: /home/lzh/VMC_Quadruped/install/interfaces/include/interfaces/interfaces/msg/detail/gait_phase__rosidl_typesupport_introspection_c.h
[0.301s] -- Up-to-date: /home/lzh/VMC_Quadruped/install/interfaces/include/interfaces/interfaces/msg/detail/motor_feedback12__rosidl_typesupport_introspection_c.h
[0.301s] -- Up-to-date: /home/lzh/VMC_Quadruped/install/interfaces/include/interfaces/interfaces/msg/detail/motion_command__rosidl_typesupport_introspection_c.h
[0.301s] -- Up-to-date: /home/lzh/VMC_Quadruped/install/interfaces/include/interfaces/interfaces/msg/detail/motor_feedback__rosidl_typesupport_introspection_c.h
[0.301s] -- Up-to-date: /home/lzh/VMC_Quadruped/install/interfaces/include/interfaces/interfaces/msg/detail/base_state__rosidl_typesupport_introspection_c.h
[0.301s] -- Up-to-date: /home/lzh/VMC_Quadruped/install/interfaces/include/interfaces/interfaces/msg/detail/motor_feedback__type_support.c
[0.301s] -- Up-to-date: /home/lzh/VMC_Quadruped/install/interfaces/include/interfaces/interfaces/msg/detail/foot_state__type_support.c
[0.301s] -- Up-to-date: /home/lzh/VMC_Quadruped/install/interfaces/include/interfaces/interfaces/msg/detail/motor_command12__type_support.c
[0.301s] -- Up-to-date: /home/lzh/VMC_Quadruped/install/interfaces/include/interfaces/interfaces/msg/detail/contact_state__type_support.c
[0.301s] -- Up-to-date: /home/lzh/VMC_Quadruped/install/interfaces/include/interfaces/interfaces/msg/detail/single_foot_state__rosidl_typesupport_introspection_c.h
[0.301s] -- Up-to-date: /home/lzh/VMC_Quadruped/install/interfaces/include/interfaces/interfaces/msg/rosidl_typesupport_introspection_c__visibility_control.h
[0.301s] -- Up-to-date: /home/lzh/VMC_Quadruped/install/interfaces/lib/libinterfaces__rosidl_typesupport_introspection_c.so
[0.302s] -- Up-to-date: /home/lzh/VMC_Quadruped/install/interfaces/lib/libinterfaces__rosidl_typesupport_c.so
[0.302s] -- Up-to-date: /home/lzh/VMC_Quadruped/install/interfaces/include/interfaces/interfaces
[0.302s] -- Up-to-date: /home/lzh/VMC_Quadruped/install/interfaces/include/interfaces/interfaces/msg
[0.302s] -- Up-to-date: /home/lzh/VMC_Quadruped/install/interfaces/include/interfaces/interfaces/msg/detail
[0.302s] -- Up-to-date: /home/lzh/VMC_Quadruped/install/interfaces/include/interfaces/interfaces/msg/detail/foot_state__type_support.hpp
[0.302s] -- Up-to-date: /home/lzh/VMC_Quadruped/install/interfaces/include/interfaces/interfaces/msg/detail/base_state__type_support.hpp
[0.302s] -- Up-to-date: /home/lzh/VMC_Quadruped/install/interfaces/include/interfaces/interfaces/msg/detail/base_state__struct.hpp
[0.302s] -- Up-to-date: /home/lzh/VMC_Quadruped/install/interfaces/include/interfaces/interfaces/msg/detail/motor_feedback12__builder.hpp
[0.302s] -- Up-to-date: /home/lzh/VMC_Quadruped/install/interfaces/include/interfaces/interfaces/msg/detail/motor_command12__struct.hpp
[0.302s] -- Up-to-date: /home/lzh/VMC_Quadruped/install/interfaces/include/interfaces/interfaces/msg/detail/gait_phase__struct.hpp
[0.302s] -- Up-to-date: /home/lzh/VMC_Quadruped/install/interfaces/include/interfaces/interfaces/msg/detail/motor_feedback__struct.hpp
[0.302s] -- Up-to-date: /home/lzh/VMC_Quadruped/install/interfaces/include/interfaces/interfaces/msg/detail/base_state__builder.hpp
[0.302s] -- Up-to-date: /home/lzh/VMC_Quadruped/install/interfaces/include/interfaces/interfaces/msg/detail/motion_command__struct.hpp
[0.302s] -- Up-to-date: /home/lzh/VMC_Quadruped/install/interfaces/include/interfaces/interfaces/msg/detail/gait_phase__traits.hpp
[0.302s] -- Up-to-date: /home/lzh/VMC_Quadruped/install/interfaces/include/interfaces/interfaces/msg/detail/foot_state__builder.hpp
[0.302s] -- Up-to-date: /home/lzh/VMC_Quadruped/install/interfaces/include/interfaces/interfaces/msg/detail/motor_command12__traits.hpp
[0.302s] -- Up-to-date: /home/lzh/VMC_Quadruped/install/interfaces/include/interfaces/interfaces/msg/detail/motor_command__type_support.hpp
[0.302s] -- Up-to-date: /home/lzh/VMC_Quadruped/install/interfaces/include/interfaces/interfaces/msg/detail/motor_feedback__traits.hpp
[0.302s] -- Up-to-date: /home/lzh/VMC_Quadruped/install/interfaces/include/interfaces/interfaces/msg/detail/single_foot_state__type_support.hpp
[0.302s] -- Up-to-date: /home/lzh/VMC_Quadruped/install/interfaces/include/interfaces/interfaces/msg/detail/motor_feedback12__struct.hpp
[0.302s] -- Up-to-date: /home/lzh/VMC_Quadruped/install/interfaces/include/interfaces/interfaces/msg/detail/gait_phase__builder.hpp
[0.303s] -- Up-to-date: /home/lzh/VMC_Quadruped/install/interfaces/include/interfaces/interfaces/msg/detail/motion_command__type_support.hpp
[0.303s] -- Up-to-date: /home/lzh/VMC_Quadruped/install/interfaces/include/interfaces/interfaces/msg/detail/contact_state__struct.hpp
[0.303s] -- Up-to-date: /home/lzh/VMC_Quadruped/install/interfaces/include/interfaces/interfaces/msg/detail/motor_command__struct.hpp
[0.303s] -- Up-to-date: /home/lzh/VMC_Quadruped/install/interfaces/include/interfaces/interfaces/msg/detail/contact_state__traits.hpp
[0.303s] -- Up-to-date: /home/lzh/VMC_Quadruped/install/interfaces/include/interfaces/interfaces/msg/detail/motor_feedback__builder.hpp
[0.303s] -- Up-to-date: /home/lzh/VMC_Quadruped/install/interfaces/include/interfaces/interfaces/msg/detail/base_state__traits.hpp
[0.303s] -- Up-to-date: /home/lzh/VMC_Quadruped/install/interfaces/include/interfaces/interfaces/msg/detail/foot_state__struct.hpp
[0.303s] -- Up-to-date: /home/lzh/VMC_Quadruped/install/interfaces/include/interfaces/interfaces/msg/detail/single_foot_state__traits.hpp
[0.303s] -- Up-to-date: /home/lzh/VMC_Quadruped/install/interfaces/include/interfaces/interfaces/msg/detail/motion_command__traits.hpp
[0.303s] -- Up-to-date: /home/lzh/VMC_Quadruped/install/interfaces/include/interfaces/interfaces/msg/detail/motor_command__traits.hpp
[0.303s] -- Up-to-date: /home/lzh/VMC_Quadruped/install/interfaces/include/interfaces/interfaces/msg/detail/motor_feedback12__traits.hpp
[0.303s] -- Up-to-date: /home/lzh/VMC_Quadruped/install/interfaces/include/interfaces/interfaces/msg/detail/foot_state__traits.hpp
[0.303s] -- Up-to-date: /home/lzh/VMC_Quadruped/install/interfaces/include/interfaces/interfaces/msg/detail/motor_command12__type_support.hpp
[0.303s] -- Up-to-date: /home/lzh/VMC_Quadruped/install/interfaces/include/interfaces/interfaces/msg/detail/motion_command__builder.hpp
[0.303s] -- Up-to-date: /home/lzh/VMC_Quadruped/install/interfaces/include/interfaces/interfaces/msg/detail/motor_command12__builder.hpp
[0.303s] -- Up-to-date: /home/lzh/VMC_Quadruped/install/interfaces/include/interfaces/interfaces/msg/detail/gait_phase__type_support.hpp
[0.304s] -- Up-to-date: /home/lzh/VMC_Quadruped/install/interfaces/include/interfaces/interfaces/msg/detail/motor_command__builder.hpp
[0.304s] -- Up-to-date: /home/lzh/VMC_Quadruped/install/interfaces/include/interfaces/interfaces/msg/detail/single_foot_state__builder.hpp
[0.304s] -- Up-to-date: /home/lzh/VMC_Quadruped/install/interfaces/include/interfaces/interfaces/msg/detail/motor_feedback12__type_support.hpp
[0.304s] -- Up-to-date: /home/lzh/VMC_Quadruped/install/interfaces/include/interfaces/interfaces/msg/detail/motor_feedback__type_support.hpp
[0.304s] -- Up-to-date: /home/lzh/VMC_Quadruped/install/interfaces/include/interfaces/interfaces/msg/detail/contact_state__builder.hpp
[0.304s] -- Up-to-date: /home/lzh/VMC_Quadruped/install/interfaces/include/interfaces/interfaces/msg/detail/single_foot_state__struct.hpp
[0.304s] -- Up-to-date: /home/lzh/VMC_Quadruped/install/interfaces/include/interfaces/interfaces/msg/detail/contact_state__type_support.hpp
[0.304s] -- Up-to-date: /home/lzh/VMC_Quadruped/install/interfaces/include/interfaces/interfaces/msg/rosidl_generator_cpp__visibility_control.hpp
[0.304s] -- Up-to-date: /home/lzh/VMC_Quadruped/install/interfaces/include/interfaces/interfaces/msg/foot_state.hpp
[0.304s] -- Up-to-date: /home/lzh/VMC_Quadruped/install/interfaces/include/interfaces/interfaces/msg/motor_command.hpp
[0.304s] -- Up-to-date: /home/lzh/VMC_Quadruped/install/interfaces/include/interfaces/interfaces/msg/single_foot_state.hpp
[0.304s] -- Up-to-date: /home/lzh/VMC_Quadruped/install/interfaces/include/interfaces/interfaces/msg/base_state.hpp
[0.304s] -- Up-to-date: /home/lzh/VMC_Quadruped/install/interfaces/include/interfaces/interfaces/msg/motor_feedback.hpp
[0.304s] -- Up-to-date: /home/lzh/VMC_Quadruped/install/interfaces/include/interfaces/interfaces/msg/motor_command12.hpp
[0.304s] -- Up-to-date: /home/lzh/VMC_Quadruped/install/interfaces/include/interfaces/interfaces/msg/gait_phase.hpp
[0.304s] -- Up-to-date: /home/lzh/VMC_Quadruped/install/interfaces/include/interfaces/interfaces/msg/motor_feedback12.hpp
[0.304s] -- Up-to-date: /home/lzh/VMC_Quadruped/install/interfaces/include/interfaces/interfaces/msg/contact_state.hpp
[0.304s] -- Up-to-date: /home/lzh/VMC_Quadruped/install/interfaces/include/interfaces/interfaces/msg/motion_command.hpp
[0.304s] -- Up-to-date: /home/lzh/VMC_Quadruped/install/interfaces/include/interfaces/interfaces
[0.304s] -- Up-to-date: /home/lzh/VMC_Quadruped/install/interfaces/include/interfaces/interfaces/msg
[0.304s] -- Up-to-date: /home/lzh/VMC_Quadruped/install/interfaces/include/interfaces/interfaces/msg/detail
[0.305s] -- Up-to-date: /home/lzh/VMC_Quadruped/install/interfaces/include/interfaces/interfaces/msg/detail/base_state__rosidl_typesupport_fastrtps_cpp.hpp
[0.305s] -- Up-to-date: /home/lzh/VMC_Quadruped/install/interfaces/include/interfaces/interfaces/msg/detail/foot_state__rosidl_typesupport_fastrtps_cpp.hpp
[0.305s] -- Up-to-date: /home/lzh/VMC_Quadruped/install/interfaces/include/interfaces/interfaces/msg/detail/gait_phase__rosidl_typesupport_fastrtps_cpp.hpp
[0.305s] -- Up-to-date: /home/lzh/VMC_Quadruped/install/interfaces/include/interfaces/interfaces/msg/detail/dds_fastrtps
[0.305s] -- Up-to-date: /home/lzh/VMC_Quadruped/install/interfaces/include/interfaces/interfaces/msg/detail/single_foot_state__rosidl_typesupport_fastrtps_cpp.hpp
[0.305s] -- Up-to-date: /home/lzh/VMC_Quadruped/install/interfaces/include/interfaces/interfaces/msg/detail/motor_feedback12__rosidl_typesupport_fastrtps_cpp.hpp
[0.305s] -- Up-to-date: /home/lzh/VMC_Quadruped/install/interfaces/include/interfaces/interfaces/msg/detail/motor_command12__rosidl_typesupport_fastrtps_cpp.hpp
[0.305s] -- Up-to-date: /home/lzh/VMC_Quadruped/install/interfaces/include/interfaces/interfaces/msg/detail/motor_command__rosidl_typesupport_fastrtps_cpp.hpp
[0.305s] -- Up-to-date: /home/lzh/VMC_Quadruped/install/interfaces/include/interfaces/interfaces/msg/detail/motion_command__rosidl_typesupport_fastrtps_cpp.hpp
[0.305s] -- Up-to-date: /home/lzh/VMC_Quadruped/install/interfaces/include/interfaces/interfaces/msg/detail/contact_state__rosidl_typesupport_fastrtps_cpp.hpp
[0.305s] -- Up-to-date: /home/lzh/VMC_Quadruped/install/interfaces/include/interfaces/interfaces/msg/detail/motor_feedback__rosidl_typesupport_fastrtps_cpp.hpp
[0.305s] -- Up-to-date: /home/lzh/VMC_Quadruped/install/interfaces/include/interfaces/interfaces/msg/rosidl_typesupport_fastrtps_cpp__visibility_control.h
[0.305s] -- Up-to-date: /home/lzh/VMC_Quadruped/install/interfaces/lib/libinterfaces__rosidl_typesupport_fastrtps_cpp.so
[0.305s] -- Up-to-date: /home/lzh/VMC_Quadruped/install/interfaces/include/interfaces/interfaces
[0.305s] -- Up-to-date: /home/lzh/VMC_Quadruped/install/interfaces/include/interfaces/interfaces/msg
[0.305s] -- Up-to-date: /home/lzh/VMC_Quadruped/install/interfaces/include/interfaces/interfaces/msg/detail
[0.305s] -- Up-to-date: /home/lzh/VMC_Quadruped/install/interfaces/include/interfaces/interfaces/msg/detail/motion_command__type_support.cpp
[0.305s] -- Up-to-date: /home/lzh/VMC_Quadruped/install/interfaces/include/interfaces/interfaces/msg/detail/single_foot_state__rosidl_typesupport_introspection_cpp.hpp
[0.305s] -- Up-to-date: /home/lzh/VMC_Quadruped/install/interfaces/include/interfaces/interfaces/msg/detail/contact_state__rosidl_typesupport_introspection_cpp.hpp
[0.305s] -- Up-to-date: /home/lzh/VMC_Quadruped/install/interfaces/include/interfaces/interfaces/msg/detail/gait_phase__rosidl_typesupport_introspection_cpp.hpp
[0.305s] -- Up-to-date: /home/lzh/VMC_Quadruped/install/interfaces/include/interfaces/interfaces/msg/detail/motor_command__rosidl_typesupport_introspection_cpp.hpp
[0.305s] -- Up-to-date: /home/lzh/VMC_Quadruped/install/interfaces/include/interfaces/interfaces/msg/detail/foot_state__rosidl_typesupport_introspection_cpp.hpp
[0.305s] -- Up-to-date: /home/lzh/VMC_Quadruped/install/interfaces/include/interfaces/interfaces/msg/detail/contact_state__type_support.cpp
[0.305s] -- Up-to-date: /home/lzh/VMC_Quadruped/install/interfaces/include/interfaces/interfaces/msg/detail/motor_feedback__rosidl_typesupport_introspection_cpp.hpp
[0.305s] -- Up-to-date: /home/lzh/VMC_Quadruped/install/interfaces/include/interfaces/interfaces/msg/detail/motor_feedback__type_support.cpp
[0.305s] -- Up-to-date: /home/lzh/VMC_Quadruped/install/interfaces/include/interfaces/interfaces/msg/detail/motor_command12__type_support.cpp
[0.306s] -- Up-to-date: /home/lzh/VMC_Quadruped/install/interfaces/include/interfaces/interfaces/msg/detail/single_foot_state__type_support.cpp
[0.306s] -- Up-to-date: /home/lzh/VMC_Quadruped/install/interfaces/include/interfaces/interfaces/msg/detail/motion_command__rosidl_typesupport_introspection_cpp.hpp
[0.306s] -- Up-to-date: /home/lzh/VMC_Quadruped/install/interfaces/include/interfaces/interfaces/msg/detail/motor_feedback12__rosidl_typesupport_introspection_cpp.hpp
[0.306s] -- Up-to-date: /home/lzh/VMC_Quadruped/install/interfaces/include/interfaces/interfaces/msg/detail/base_state__type_support.cpp
[0.306s] -- Up-to-date: /home/lzh/VMC_Quadruped/install/interfaces/include/interfaces/interfaces/msg/detail/gait_phase__type_support.cpp
[0.306s] -- Up-to-date: /home/lzh/VMC_Quadruped/install/interfaces/include/interfaces/interfaces/msg/detail/motor_command__type_support.cpp
[0.306s] -- Up-to-date: /home/lzh/VMC_Quadruped/install/interfaces/include/interfaces/interfaces/msg/detail/foot_state__type_support.cpp
[0.306s] -- Up-to-date: /home/lzh/VMC_Quadruped/install/interfaces/include/interfaces/interfaces/msg/detail/motor_feedback12__type_support.cpp
[0.306s] -- Up-to-date: /home/lzh/VMC_Quadruped/install/interfaces/include/interfaces/interfaces/msg/detail/base_state__rosidl_typesupport_introspection_cpp.hpp
[0.306s] -- Up-to-date: /home/lzh/VMC_Quadruped/install/interfaces/include/interfaces/interfaces/msg/detail/motor_command12__rosidl_typesupport_introspection_cpp.hpp
[0.306s] -- Up-to-date: /home/lzh/VMC_Quadruped/install/interfaces/lib/libinterfaces__rosidl_typesupport_introspection_cpp.so
[0.306s] -- Up-to-date: /home/lzh/VMC_Quadruped/install/interfaces/lib/libinterfaces__rosidl_typesupport_cpp.so
[0.306s] -- Up-to-date: /home/lzh/VMC_Quadruped/install/interfaces/share/interfaces/environment/pythonpath.sh
[0.306s] -- Up-to-date: /home/lzh/VMC_Quadruped/install/interfaces/share/interfaces/environment/pythonpath.dsv
[0.306s] -- Up-to-date: /home/lzh/VMC_Quadruped/install/interfaces/local/lib/python3.10/dist-packages/interfaces-0.0.0-py3.10.egg-info
[0.306s] -- Installing: /home/lzh/VMC_Quadruped/install/interfaces/local/lib/python3.10/dist-packages/interfaces-0.0.0-py3.10.egg-info/PKG-INFO
[0.306s] -- Installing: /home/lzh/VMC_Quadruped/install/interfaces/local/lib/python3.10/dist-packages/interfaces-0.0.0-py3.10.egg-info/top_level.txt
[0.306s] -- Installing: /home/lzh/VMC_Quadruped/install/interfaces/local/lib/python3.10/dist-packages/interfaces-0.0.0-py3.10.egg-info/SOURCES.txt
[0.306s] -- Installing: /home/lzh/VMC_Quadruped/install/interfaces/local/lib/python3.10/dist-packages/interfaces-0.0.0-py3.10.egg-info/dependency_links.txt
[0.306s] -- Up-to-date: /home/lzh/VMC_Quadruped/install/interfaces/local/lib/python3.10/dist-packages/interfaces
[0.306s] -- Up-to-date: /home/lzh/VMC_Quadruped/install/interfaces/local/lib/python3.10/dist-packages/interfaces/libinterfaces__rosidl_generator_py.so
[0.306s] -- Up-to-date: /home/lzh/VMC_Quadruped/install/interfaces/local/lib/python3.10/dist-packages/interfaces/__init__.py
[0.306s] -- Up-to-date: /home/lzh/VMC_Quadruped/install/interfaces/local/lib/python3.10/dist-packages/interfaces/interfaces_s__rosidl_typesupport_c.cpython-310-x86_64-linux-gnu.so
[0.306s] -- Up-to-date: /home/lzh/VMC_Quadruped/install/interfaces/local/lib/python3.10/dist-packages/interfaces/msg
[0.306s] -- Up-to-date: /home/lzh/VMC_Quadruped/install/interfaces/local/lib/python3.10/dist-packages/interfaces/msg/_single_foot_state.py
[0.306s] -- Up-to-date: /home/lzh/VMC_Quadruped/install/interfaces/local/lib/python3.10/dist-packages/interfaces/msg/__init__.py
[0.306s] -- Up-to-date: /home/lzh/VMC_Quadruped/install/interfaces/local/lib/python3.10/dist-packages/interfaces/msg/_motor_feedback.py
[0.306s] -- Up-to-date: /home/lzh/VMC_Quadruped/install/interfaces/local/lib/python3.10/dist-packages/interfaces/msg/_contact_state_s.c
[0.306s] -- Up-to-date: /home/lzh/VMC_Quadruped/install/interfaces/local/lib/python3.10/dist-packages/interfaces/msg/_gait_phase_s.c
[0.306s] -- Up-to-date: /home/lzh/VMC_Quadruped/install/interfaces/local/lib/python3.10/dist-packages/interfaces/msg/_base_state.py
[0.306s] -- Up-to-date: /home/lzh/VMC_Quadruped/install/interfaces/local/lib/python3.10/dist-packages/interfaces/msg/_motor_feedback12.py
[0.306s] -- Up-to-date: /home/lzh/VMC_Quadruped/install/interfaces/local/lib/python3.10/dist-packages/interfaces/msg/_gait_phase.py
[0.306s] -- Up-to-date: /home/lzh/VMC_Quadruped/install/interfaces/local/lib/python3.10/dist-packages/interfaces/msg/_foot_state_s.c
[0.306s] -- Up-to-date: /home/lzh/VMC_Quadruped/install/interfaces/local/lib/python3.10/dist-packages/interfaces/msg/_foot_state.py
[0.306s] -- Up-to-date: /home/lzh/VMC_Quadruped/install/interfaces/local/lib/python3.10/dist-packages/interfaces/msg/_single_foot_state_s.c
[0.306s] -- Up-to-date: /home/lzh/VMC_Quadruped/install/interfaces/local/lib/python3.10/dist-packages/interfaces/msg/_contact_state.py
[0.306s] -- Up-to-date: /home/lzh/VMC_Quadruped/install/interfaces/local/lib/python3.10/dist-packages/interfaces/msg/_motion_command_s.c
[0.307s] -- Up-to-date: /home/lzh/VMC_Quadruped/install/interfaces/local/lib/python3.10/dist-packages/interfaces/msg/_motor_command_s.c
[0.307s] -- Up-to-date: /home/lzh/VMC_Quadruped/install/interfaces/local/lib/python3.10/dist-packages/interfaces/msg/_motor_command12_s.c
[0.307s] -- Up-to-date: /home/lzh/VMC_Quadruped/install/interfaces/local/lib/python3.10/dist-packages/interfaces/msg/_motor_feedback_s.c
[0.307s] -- Up-to-date: /home/lzh/VMC_Quadruped/install/interfaces/local/lib/python3.10/dist-packages/interfaces/msg/_motion_command.py
[0.307s] -- Up-to-date: /home/lzh/VMC_Quadruped/install/interfaces/local/lib/python3.10/dist-packages/interfaces/msg/_motor_command.py
[0.307s] -- Up-to-date: /home/lzh/VMC_Quadruped/install/interfaces/local/lib/python3.10/dist-packages/interfaces/msg/_motor_feedback12_s.c
[0.307s] -- Up-to-date: /home/lzh/VMC_Quadruped/install/interfaces/local/lib/python3.10/dist-packages/interfaces/msg/_base_state_s.c
[0.307s] -- Up-to-date: /home/lzh/VMC_Quadruped/install/interfaces/local/lib/python3.10/dist-packages/interfaces/msg/_motor_command12.py
[0.307s] -- Up-to-date: /home/lzh/VMC_Quadruped/install/interfaces/local/lib/python3.10/dist-packages/interfaces/_interfaces_s.ep.rosidl_typesupport_fastrtps_c.c
[0.307s] -- Up-to-date: /home/lzh/VMC_Quadruped/install/interfaces/local/lib/python3.10/dist-packages/interfaces/interfaces_s__rosidl_typesupport_introspection_c.cpython-310-x86_64-linux-gnu.so
[0.307s] -- Up-to-date: /home/lzh/VMC_Quadruped/install/interfaces/local/lib/python3.10/dist-packages/interfaces/_interfaces_s.ep.rosidl_typesupport_introspection_c.c
[0.307s] -- Up-to-date: /home/lzh/VMC_Quadruped/install/interfaces/local/lib/python3.10/dist-packages/interfaces/_interfaces_s.ep.rosidl_typesupport_c.c
[0.307s] -- Up-to-date: /home/lzh/VMC_Quadruped/install/interfaces/local/lib/python3.10/dist-packages/interfaces/interfaces_s__rosidl_typesupport_fastrtps_c.cpython-310-x86_64-linux-gnu.so
[0.334s] Listing '/home/lzh/VMC_Quadruped/install/interfaces/local/lib/python3.10/dist-packages/interfaces'...
[0.334s] Listing '/home/lzh/VMC_Quadruped/install/interfaces/local/lib/python3.10/dist-packages/interfaces/msg'...
[0.337s] -- Up-to-date: /home/lzh/VMC_Quadruped/install/interfaces/local/lib/python3.10/dist-packages/interfaces/interfaces_s__rosidl_typesupport_fastrtps_c.cpython-310-x86_64-linux-gnu.so
[0.338s] -- Up-to-date: /home/lzh/VMC_Quadruped/install/interfaces/local/lib/python3.10/dist-packages/interfaces/interfaces_s__rosidl_typesupport_introspection_c.cpython-310-x86_64-linux-gnu.so
[0.338s] -- Up-to-date: /home/lzh/VMC_Quadruped/install/interfaces/local/lib/python3.10/dist-packages/interfaces/interfaces_s__rosidl_typesupport_c.cpython-310-x86_64-linux-gnu.so
[0.338s] -- Up-to-date: /home/lzh/VMC_Quadruped/install/interfaces/lib/libinterfaces__rosidl_generator_py.so
[0.339s] -- Up-to-date: /home/lzh/VMC_Quadruped/install/interfaces/share/interfaces/msg/BaseState.idl
[0.339s] -- Up-to-date: /home/lzh/VMC_Quadruped/install/interfaces/share/interfaces/msg/ContactState.idl
[0.339s] -- Up-to-date: /home/lzh/VMC_Quadruped/install/interfaces/share/interfaces/msg/GaitPhase.idl
[0.339s] -- Up-to-date: /home/lzh/VMC_Quadruped/install/interfaces/share/interfaces/msg/MotionCommand.idl
[0.339s] -- Up-to-date: /home/lzh/VMC_Quadruped/install/interfaces/share/interfaces/msg/SingleFootState.idl
[0.339s] -- Up-to-date: /home/lzh/VMC_Quadruped/install/interfaces/share/interfaces/msg/FootState.idl
[0.339s] -- Up-to-date: /home/lzh/VMC_Quadruped/install/interfaces/share/interfaces/msg/MotorCommand.idl
[0.339s] -- Up-to-date: /home/lzh/VMC_Quadruped/install/interfaces/share/interfaces/msg/MotorCommand12.idl
[0.339s] -- Up-to-date: /home/lzh/VMC_Quadruped/install/interfaces/share/interfaces/msg/MotorFeedback.idl
[0.339s] -- Up-to-date: /home/lzh/VMC_Quadruped/install/interfaces/share/interfaces/msg/MotorFeedback12.idl
[0.340s] -- Up-to-date: /home/lzh/VMC_Quadruped/install/interfaces/share/interfaces/msg/BaseState.msg
[0.340s] -- Up-to-date: /home/lzh/VMC_Quadruped/install/interfaces/share/interfaces/msg/ContactState.msg
[0.340s] -- Up-to-date: /home/lzh/VMC_Quadruped/install/interfaces/share/interfaces/msg/GaitPhase.msg
[0.340s] -- Up-to-date: /home/lzh/VMC_Quadruped/install/interfaces/share/interfaces/msg/MotionCommand.msg
[0.340s] -- Up-to-date: /home/lzh/VMC_Quadruped/install/interfaces/share/interfaces/msg/SingleFootState.msg
[0.340s] -- Up-to-date: /home/lzh/VMC_Quadruped/install/interfaces/share/interfaces/msg/FootState.msg
[0.340s] -- Up-to-date: /home/lzh/VMC_Quadruped/install/interfaces/share/interfaces/msg/MotorCommand.msg
[0.340s] -- Up-to-date: /home/lzh/VMC_Quadruped/install/interfaces/share/interfaces/msg/MotorCommand12.msg
[0.340s] -- Up-to-date: /home/lzh/VMC_Quadruped/install/interfaces/share/interfaces/msg/MotorFeedback.msg
[0.340s] -- Up-to-date: /home/lzh/VMC_Quadruped/install/interfaces/share/interfaces/msg/MotorFeedback12.msg
[0.341s] -- Up-to-date: /home/lzh/VMC_Quadruped/install/interfaces/share/ament_index/resource_index/package_run_dependencies/interfaces
[0.341s] -- Up-to-date: /home/lzh/VMC_Quadruped/install/interfaces/share/ament_index/resource_index/parent_prefix_path/interfaces
[0.341s] -- Up-to-date: /home/lzh/VMC_Quadruped/install/interfaces/share/interfaces/environment/ament_prefix_path.sh
[0.341s] -- Up-to-date: /home/lzh/VMC_Quadruped/install/interfaces/share/interfaces/environment/ament_prefix_path.dsv
[0.341s] -- Up-to-date: /home/lzh/VMC_Quadruped/install/interfaces/share/interfaces/environment/path.sh
[0.341s] -- Up-to-date: /home/lzh/VMC_Quadruped/install/interfaces/share/interfaces/environment/path.dsv
[0.341s] -- Up-to-date: /home/lzh/VMC_Quadruped/install/interfaces/share/interfaces/local_setup.bash
[0.341s] -- Up-to-date: /home/lzh/VMC_Quadruped/install/interfaces/share/interfaces/local_setup.sh
[0.341s] -- Up-to-date: /home/lzh/VMC_Quadruped/install/interfaces/share/interfaces/local_setup.zsh
[0.341s] -- Up-to-date: /home/lzh/VMC_Quadruped/install/interfaces/share/interfaces/local_setup.dsv
[0.341s] -- Installing: /home/lzh/VMC_Quadruped/install/interfaces/share/interfaces/package.dsv
[0.342s] -- Up-to-date: /home/lzh/VMC_Quadruped/install/interfaces/share/ament_index/resource_index/packages/interfaces
[0.342s] -- Up-to-date: /home/lzh/VMC_Quadruped/install/interfaces/share/interfaces/cmake/export_interfaces__rosidl_generator_cExport.cmake
[0.342s] -- Up-to-date: /home/lzh/VMC_Quadruped/install/interfaces/share/interfaces/cmake/export_interfaces__rosidl_generator_cExport-noconfig.cmake
[0.342s] -- Up-to-date: /home/lzh/VMC_Quadruped/install/interfaces/share/interfaces/cmake/export_interfaces__rosidl_typesupport_fastrtps_cExport.cmake
[0.342s] -- Up-to-date: /home/lzh/VMC_Quadruped/install/interfaces/share/interfaces/cmake/export_interfaces__rosidl_typesupport_fastrtps_cExport-noconfig.cmake
[0.342s] -- Up-to-date: /home/lzh/VMC_Quadruped/install/interfaces/share/interfaces/cmake/interfaces__rosidl_typesupport_introspection_cExport.cmake
[0.342s] -- Up-to-date: /home/lzh/VMC_Quadruped/install/interfaces/share/interfaces/cmake/interfaces__rosidl_typesupport_introspection_cExport-noconfig.cmake
[0.342s] -- Up-to-date: /home/lzh/VMC_Quadruped/install/interfaces/share/interfaces/cmake/interfaces__rosidl_typesupport_cExport.cmake
[0.342s] -- Up-to-date: /home/lzh/VMC_Quadruped/install/interfaces/share/interfaces/cmake/interfaces__rosidl_typesupport_cExport-noconfig.cmake
[0.342s] -- Up-to-date: /home/lzh/VMC_Quadruped/install/interfaces/share/interfaces/cmake/export_interfaces__rosidl_generator_cppExport.cmake
[0.342s] -- Up-to-date: /home/lzh/VMC_Quadruped/install/interfaces/share/interfaces/cmake/export_interfaces__rosidl_typesupport_fastrtps_cppExport.cmake
[0.343s] -- Up-to-date: /home/lzh/VMC_Quadruped/install/interfaces/share/interfaces/cmake/export_interfaces__rosidl_typesupport_fastrtps_cppExport-noconfig.cmake
[0.343s] -- Up-to-date: /home/lzh/VMC_Quadruped/install/interfaces/share/interfaces/cmake/interfaces__rosidl_typesupport_introspection_cppExport.cmake
[0.343s] -- Up-to-date: /home/lzh/VMC_Quadruped/install/interfaces/share/interfaces/cmake/interfaces__rosidl_typesupport_introspection_cppExport-noconfig.cmake
[0.343s] -- Up-to-date: /home/lzh/VMC_Quadruped/install/interfaces/share/interfaces/cmake/interfaces__rosidl_typesupport_cppExport.cmake
[0.343s] -- Up-to-date: /home/lzh/VMC_Quadruped/install/interfaces/share/interfaces/cmake/interfaces__rosidl_typesupport_cppExport-noconfig.cmake
[0.343s] -- Up-to-date: /home/lzh/VMC_Quadruped/install/interfaces/share/interfaces/cmake/export_interfaces__rosidl_generator_pyExport.cmake
[0.343s] -- Up-to-date: /home/lzh/VMC_Quadruped/install/interfaces/share/interfaces/cmake/export_interfaces__rosidl_generator_pyExport-noconfig.cmake
[0.343s] -- Up-to-date: /home/lzh/VMC_Quadruped/install/interfaces/share/interfaces/cmake/rosidl_cmake-extras.cmake
[0.343s] -- Up-to-date: /home/lzh/VMC_Quadruped/install/interfaces/share/interfaces/cmake/ament_cmake_export_dependencies-extras.cmake
[0.344s] -- Up-to-date: /home/lzh/VMC_Quadruped/install/interfaces/share/interfaces/cmake/ament_cmake_export_include_directories-extras.cmake
[0.344s] -- Up-to-date: /home/lzh/VMC_Quadruped/install/interfaces/share/interfaces/cmake/ament_cmake_export_libraries-extras.cmake
[0.344s] -- Up-to-date: /home/lzh/VMC_Quadruped/install/interfaces/share/interfaces/cmake/ament_cmake_export_targets-extras.cmake
[0.344s] -- Up-to-date: /home/lzh/VMC_Quadruped/install/interfaces/share/interfaces/cmake/rosidl_cmake_export_typesupport_targets-extras.cmake
[0.344s] -- Up-to-date: /home/lzh/VMC_Quadruped/install/interfaces/share/interfaces/cmake/rosidl_cmake_export_typesupport_libraries-extras.cmake
[0.344s] -- Up-to-date: /home/lzh/VMC_Quadruped/install/interfaces/share/interfaces/cmake/interfacesConfig.cmake
[0.344s] -- Up-to-date: /home/lzh/VMC_Quadruped/install/interfaces/share/interfaces/cmake/interfacesConfig-version.cmake
[0.345s] -- Up-to-date: /home/lzh/VMC_Quadruped/install/interfaces/share/interfaces/package.xml
[0.345s] Invoked command in '/home/lzh/VMC_Quadruped/build/interfaces' returned '0': CMAKE_PREFIX_PATH=/opt/ros/humble /usr/bin/cmake --install /home/lzh/VMC_Quadruped/build/interfaces
