[0.063s] DEBUG:colcon:Command line arguments: ['/usr/bin/colcon', 'build', '--packages-select', 'interfaces']
[0.063s] DEBUG:colcon:Parsed command line arguments: Namespace(log_base=None, log_level=None, verb_name='build', build_base='build', install_base='install', merge_install=False, symlink_install=False, test_result_base=None, continue_on_error=False, executor='parallel', parallel_workers=16, event_handlers=None, ignore_user_meta=False, metas=['./colcon.meta'], base_paths=['.'], packages_ignore=None, packages_ignore_regex=None, paths=None, packages_up_to=None, packages_up_to_regex=None, packages_above=None, packages_above_and_dependencies=None, packages_above_depth=None, packages_select_by_dep=None, packages_skip_by_dep=None, packages_skip_up_to=None, packages_select_build_failed=False, packages_skip_build_finished=False, packages_select_test_failures=False, packages_skip_test_passed=False, packages_select=['interfaces'], packages_skip=None, packages_select_regex=None, packages_skip_regex=None, packages_start=None, packages_end=None, allow_overriding=[], cmake_args=None, cmake_target=None, cmake_target_skip_unavailable=False, cmake_clean_cache=False, cmake_clean_first=False, cmake_force_configure=False, ament_cmake_args=None, catkin_cmake_args=None, catkin_skip_building_tests=False, verb_parser=<colcon_defaults.argument_parser.defaults.DefaultArgumentsDecorator object at 0x7cfd994647c0>, verb_extension=<colcon_core.verb.build.BuildVerb object at 0x7cfd99464250>, main=<bound method BuildVerb.main of <colcon_core.verb.build.BuildVerb object at 0x7cfd99464250>>)
[0.159s] Level 1:colcon.colcon_core.package_discovery:discover_packages(colcon_meta) check parameters
[0.159s] Level 1:colcon.colcon_core.package_discovery:discover_packages(recursive) check parameters
[0.159s] Level 1:colcon.colcon_core.package_discovery:discover_packages(ignore) check parameters
[0.159s] Level 1:colcon.colcon_core.package_discovery:discover_packages(path) check parameters
[0.159s] Level 1:colcon.colcon_core.package_discovery:discover_packages(colcon_meta) discover
[0.159s] Level 1:colcon.colcon_core.package_discovery:discover_packages(recursive) discover
[0.159s] INFO:colcon.colcon_core.package_discovery:Crawling recursively for packages in '/home/lzh/VMC_Quadruped/src/interfaces'
[0.159s] Level 1:colcon.colcon_core.package_identification:_identify(.) by extensions ['ignore', 'ignore_ament_install']
[0.160s] Level 1:colcon.colcon_core.package_identification:_identify(.) by extension 'ignore'
[0.160s] Level 1:colcon.colcon_core.package_identification:_identify(.) by extension 'ignore_ament_install'
[0.160s] Level 1:colcon.colcon_core.package_identification:_identify(.) by extensions ['colcon_pkg']
[0.160s] Level 1:colcon.colcon_core.package_identification:_identify(.) by extension 'colcon_pkg'
[0.160s] Level 1:colcon.colcon_core.package_identification:_identify(.) by extensions ['colcon_meta']
[0.160s] Level 1:colcon.colcon_core.package_identification:_identify(.) by extension 'colcon_meta'
[0.160s] Level 1:colcon.colcon_core.package_identification:_identify(.) by extensions ['ros']
[0.160s] Level 1:colcon.colcon_core.package_identification:_identify(.) by extension 'ros'
[0.168s] DEBUG:colcon.colcon_core.package_identification:Package '.' with type 'ros.ament_cmake' and name 'interfaces'
[0.169s] Level 1:colcon.colcon_core.package_discovery:discover_packages(recursive) using defaults
[0.169s] Level 1:colcon.colcon_core.package_discovery:discover_packages(ignore) discover
[0.169s] Level 1:colcon.colcon_core.package_discovery:discover_packages(ignore) using defaults
[0.169s] Level 1:colcon.colcon_core.package_discovery:discover_packages(path) discover
[0.169s] Level 1:colcon.colcon_core.package_discovery:discover_packages(path) using defaults
[0.187s] Level 1:colcon.colcon_core.package_discovery:discover_packages(prefix_path) check parameters
[0.187s] Level 1:colcon.colcon_core.package_discovery:discover_packages(prefix_path) discover
[0.187s] WARNING:colcon.colcon_core.prefix_path.colcon:The path '/home/lzh/VMC_Quadruped/src/Interfaces/install' in the environment variable COLCON_PREFIX_PATH doesn't exist
[0.188s] DEBUG:colcon.colcon_installed_package_information.package_discovery:Found 339 installed packages in /opt/ros/humble
[0.189s] Level 1:colcon.colcon_core.package_discovery:discover_packages(prefix_path) using defaults
[0.214s] Level 5:colcon.colcon_core.verb:set package 'interfaces' build argument 'cmake_args' from command line to 'None'
[0.214s] Level 5:colcon.colcon_core.verb:set package 'interfaces' build argument 'cmake_target' from command line to 'None'
[0.214s] Level 5:colcon.colcon_core.verb:set package 'interfaces' build argument 'cmake_target_skip_unavailable' from command line to 'False'
[0.214s] Level 5:colcon.colcon_core.verb:set package 'interfaces' build argument 'cmake_clean_cache' from command line to 'False'
[0.214s] Level 5:colcon.colcon_core.verb:set package 'interfaces' build argument 'cmake_clean_first' from command line to 'False'
[0.214s] Level 5:colcon.colcon_core.verb:set package 'interfaces' build argument 'cmake_force_configure' from command line to 'False'
[0.214s] Level 5:colcon.colcon_core.verb:set package 'interfaces' build argument 'ament_cmake_args' from command line to 'None'
[0.214s] Level 5:colcon.colcon_core.verb:set package 'interfaces' build argument 'catkin_cmake_args' from command line to 'None'
[0.214s] Level 5:colcon.colcon_core.verb:set package 'interfaces' build argument 'catkin_skip_building_tests' from command line to 'False'
[0.214s] DEBUG:colcon.colcon_core.verb:Building package 'interfaces' with the following arguments: {'ament_cmake_args': None, 'build_base': '/home/lzh/VMC_Quadruped/src/interfaces/build/interfaces', 'catkin_cmake_args': None, 'catkin_skip_building_tests': False, 'cmake_args': None, 'cmake_clean_cache': False, 'cmake_clean_first': False, 'cmake_force_configure': False, 'cmake_target': None, 'cmake_target_skip_unavailable': False, 'install_base': '/home/lzh/VMC_Quadruped/src/interfaces/install/interfaces', 'merge_install': False, 'path': '/home/lzh/VMC_Quadruped/src/interfaces', 'symlink_install': False, 'test_result_base': None}
[0.214s] INFO:colcon.colcon_core.executor:Executing jobs using 'parallel' executor
[0.215s] DEBUG:colcon.colcon_parallel_executor.executor.parallel:run_until_complete
[0.215s] INFO:colcon.colcon_ros.task.ament_cmake.build:Building ROS package in '/home/lzh/VMC_Quadruped/src/interfaces' with build type 'ament_cmake'
[0.215s] INFO:colcon.colcon_cmake.task.cmake.build:Building CMake package in '/home/lzh/VMC_Quadruped/src/interfaces'
[0.218s] INFO:colcon.colcon_core.plugin_system:Skipping extension 'colcon_core.shell.bat': Not used on non-Windows systems
[0.218s] INFO:colcon.colcon_core.shell:Skip shell extension 'powershell' for command environment: Not usable outside of PowerShell
[0.218s] DEBUG:colcon.colcon_core.shell:Skip shell extension 'dsv' for command environment
[0.227s] DEBUG:colcon.colcon_core.event_handler.log_command:Invoking command in '/home/lzh/VMC_Quadruped/src/interfaces/build/interfaces': CMAKE_PREFIX_PATH=/opt/ros/humble /usr/bin/cmake --build /home/lzh/VMC_Quadruped/src/interfaces/build/interfaces -- -j16 -l16
[0.493s] DEBUG:colcon.colcon_core.event_handler.log_command:Invoked command in '/home/lzh/VMC_Quadruped/src/interfaces/build/interfaces' returned '0': CMAKE_PREFIX_PATH=/opt/ros/humble /usr/bin/cmake --build /home/lzh/VMC_Quadruped/src/interfaces/build/interfaces -- -j16 -l16
[0.504s] DEBUG:colcon.colcon_core.event_handler.log_command:Invoking command in '/home/lzh/VMC_Quadruped/src/interfaces/build/interfaces': CMAKE_PREFIX_PATH=/opt/ros/humble /usr/bin/cmake --install /home/lzh/VMC_Quadruped/src/interfaces/build/interfaces
[0.565s] Level 1:colcon.colcon_core.environment:create_environment_scripts_only(interfaces)
[0.565s] DEBUG:colcon.colcon_core.event_handler.log_command:Invoked command in '/home/lzh/VMC_Quadruped/src/interfaces/build/interfaces' returned '0': CMAKE_PREFIX_PATH=/opt/ros/humble /usr/bin/cmake --install /home/lzh/VMC_Quadruped/src/interfaces/build/interfaces
[0.568s] Level 1:colcon.colcon_core.environment:checking '/home/lzh/VMC_Quadruped/src/interfaces/install/interfaces' for CMake module files
[0.569s] Level 1:colcon.colcon_core.environment:checking '/home/lzh/VMC_Quadruped/src/interfaces/install/interfaces' for CMake config files
[0.569s] Level 1:colcon.colcon_core.shell:create_environment_hook('interfaces', 'cmake_prefix_path')
[0.570s] INFO:colcon.colcon_core.shell:Creating environment hook '/home/lzh/VMC_Quadruped/src/interfaces/install/interfaces/share/interfaces/hook/cmake_prefix_path.ps1'
[0.570s] INFO:colcon.colcon_core.shell:Creating environment descriptor '/home/lzh/VMC_Quadruped/src/interfaces/install/interfaces/share/interfaces/hook/cmake_prefix_path.dsv'
[0.571s] INFO:colcon.colcon_core.shell:Creating environment hook '/home/lzh/VMC_Quadruped/src/interfaces/install/interfaces/share/interfaces/hook/cmake_prefix_path.sh'
[0.572s] Level 1:colcon.colcon_core.environment:checking '/home/lzh/VMC_Quadruped/src/interfaces/install/interfaces/lib'
[0.572s] Level 1:colcon.colcon_core.shell:create_environment_hook('interfaces', 'ld_library_path_lib')
[0.572s] INFO:colcon.colcon_core.shell:Creating environment hook '/home/lzh/VMC_Quadruped/src/interfaces/install/interfaces/share/interfaces/hook/ld_library_path_lib.ps1'
[0.573s] INFO:colcon.colcon_core.shell:Creating environment descriptor '/home/lzh/VMC_Quadruped/src/interfaces/install/interfaces/share/interfaces/hook/ld_library_path_lib.dsv'
[0.573s] INFO:colcon.colcon_core.shell:Creating environment hook '/home/lzh/VMC_Quadruped/src/interfaces/install/interfaces/share/interfaces/hook/ld_library_path_lib.sh'
[0.574s] Level 1:colcon.colcon_core.environment:checking '/home/lzh/VMC_Quadruped/src/interfaces/install/interfaces/bin'
[0.574s] Level 1:colcon.colcon_core.environment:checking '/home/lzh/VMC_Quadruped/src/interfaces/install/interfaces/lib/pkgconfig/interfaces.pc'
[0.574s] Level 1:colcon.colcon_core.environment:checking '/home/lzh/VMC_Quadruped/src/interfaces/install/interfaces/lib/python3.10/site-packages'
[0.574s] Level 1:colcon.colcon_core.environment:checking '/home/lzh/VMC_Quadruped/src/interfaces/install/interfaces/bin'
[0.575s] INFO:colcon.colcon_core.shell:Creating package script '/home/lzh/VMC_Quadruped/src/interfaces/install/interfaces/share/interfaces/package.ps1'
[0.576s] INFO:colcon.colcon_core.shell:Creating package descriptor '/home/lzh/VMC_Quadruped/src/interfaces/install/interfaces/share/interfaces/package.dsv'
[0.577s] INFO:colcon.colcon_core.shell:Creating package script '/home/lzh/VMC_Quadruped/src/interfaces/install/interfaces/share/interfaces/package.sh'
[0.578s] INFO:colcon.colcon_core.shell:Creating package script '/home/lzh/VMC_Quadruped/src/interfaces/install/interfaces/share/interfaces/package.bash'
[0.578s] INFO:colcon.colcon_core.shell:Creating package script '/home/lzh/VMC_Quadruped/src/interfaces/install/interfaces/share/interfaces/package.zsh'
[0.579s] Level 1:colcon.colcon_core.environment:create_file_with_runtime_dependencies(/home/lzh/VMC_Quadruped/src/interfaces/install/interfaces/share/colcon-core/packages/interfaces)
[0.579s] Level 1:colcon.colcon_core.environment:create_environment_scripts_only(interfaces)
[0.580s] Level 1:colcon.colcon_core.environment:checking '/home/lzh/VMC_Quadruped/src/interfaces/install/interfaces' for CMake module files
[0.580s] Level 1:colcon.colcon_core.environment:checking '/home/lzh/VMC_Quadruped/src/interfaces/install/interfaces' for CMake config files
[0.580s] Level 1:colcon.colcon_core.shell:create_environment_hook('interfaces', 'cmake_prefix_path')
[0.580s] INFO:colcon.colcon_core.shell:Creating environment hook '/home/lzh/VMC_Quadruped/src/interfaces/install/interfaces/share/interfaces/hook/cmake_prefix_path.ps1'
[0.581s] INFO:colcon.colcon_core.shell:Creating environment descriptor '/home/lzh/VMC_Quadruped/src/interfaces/install/interfaces/share/interfaces/hook/cmake_prefix_path.dsv'
[0.581s] INFO:colcon.colcon_core.shell:Creating environment hook '/home/lzh/VMC_Quadruped/src/interfaces/install/interfaces/share/interfaces/hook/cmake_prefix_path.sh'
[0.581s] Level 1:colcon.colcon_core.environment:checking '/home/lzh/VMC_Quadruped/src/interfaces/install/interfaces/lib'
[0.581s] Level 1:colcon.colcon_core.shell:create_environment_hook('interfaces', 'ld_library_path_lib')
[0.582s] INFO:colcon.colcon_core.shell:Creating environment hook '/home/lzh/VMC_Quadruped/src/interfaces/install/interfaces/share/interfaces/hook/ld_library_path_lib.ps1'
[0.582s] INFO:colcon.colcon_core.shell:Creating environment descriptor '/home/lzh/VMC_Quadruped/src/interfaces/install/interfaces/share/interfaces/hook/ld_library_path_lib.dsv'
[0.582s] INFO:colcon.colcon_core.shell:Creating environment hook '/home/lzh/VMC_Quadruped/src/interfaces/install/interfaces/share/interfaces/hook/ld_library_path_lib.sh'
[0.582s] Level 1:colcon.colcon_core.environment:checking '/home/lzh/VMC_Quadruped/src/interfaces/install/interfaces/bin'
[0.582s] Level 1:colcon.colcon_core.environment:checking '/home/lzh/VMC_Quadruped/src/interfaces/install/interfaces/lib/pkgconfig/interfaces.pc'
[0.583s] Level 1:colcon.colcon_core.environment:checking '/home/lzh/VMC_Quadruped/src/interfaces/install/interfaces/lib/python3.10/site-packages'
[0.583s] Level 1:colcon.colcon_core.environment:checking '/home/lzh/VMC_Quadruped/src/interfaces/install/interfaces/bin'
[0.583s] INFO:colcon.colcon_core.shell:Creating package script '/home/lzh/VMC_Quadruped/src/interfaces/install/interfaces/share/interfaces/package.ps1'
[0.584s] INFO:colcon.colcon_core.shell:Creating package descriptor '/home/lzh/VMC_Quadruped/src/interfaces/install/interfaces/share/interfaces/package.dsv'
[0.584s] INFO:colcon.colcon_core.shell:Creating package script '/home/lzh/VMC_Quadruped/src/interfaces/install/interfaces/share/interfaces/package.sh'
[0.584s] INFO:colcon.colcon_core.shell:Creating package script '/home/lzh/VMC_Quadruped/src/interfaces/install/interfaces/share/interfaces/package.bash'
[0.585s] INFO:colcon.colcon_core.shell:Creating package script '/home/lzh/VMC_Quadruped/src/interfaces/install/interfaces/share/interfaces/package.zsh'
[0.585s] Level 1:colcon.colcon_core.environment:create_file_with_runtime_dependencies(/home/lzh/VMC_Quadruped/src/interfaces/install/interfaces/share/colcon-core/packages/interfaces)
[0.586s] DEBUG:colcon.colcon_parallel_executor.executor.parallel:closing loop
[0.586s] DEBUG:colcon.colcon_parallel_executor.executor.parallel:loop closed
[0.586s] DEBUG:colcon.colcon_parallel_executor.executor.parallel:run_until_complete finished with '0'
[0.586s] DEBUG:colcon.colcon_core.event_reactor:joining thread
[0.591s] INFO:colcon.colcon_core.plugin_system:Skipping extension 'colcon_notification.desktop_notification.terminal_notifier': Not used on non-Darwin systems
[0.591s] INFO:colcon.colcon_core.plugin_system:Skipping extension 'colcon_notification.desktop_notification.win32': Not used on non-Windows systems
[0.592s] INFO:colcon.colcon_notification.desktop_notification:Sending desktop notification using 'notify2'
[0.611s] DEBUG:colcon.colcon_core.event_reactor:joined thread
[0.611s] INFO:colcon.colcon_core.shell:Creating prefix script '/home/lzh/VMC_Quadruped/src/interfaces/install/local_setup.ps1'
[0.612s] INFO:colcon.colcon_core.shell:Creating prefix util module '/home/lzh/VMC_Quadruped/src/interfaces/install/_local_setup_util_ps1.py'
[0.613s] INFO:colcon.colcon_core.shell:Creating prefix chain script '/home/lzh/VMC_Quadruped/src/interfaces/install/setup.ps1'
[0.614s] INFO:colcon.colcon_core.shell:Creating prefix script '/home/lzh/VMC_Quadruped/src/interfaces/install/local_setup.sh'
[0.615s] INFO:colcon.colcon_core.shell:Creating prefix util module '/home/lzh/VMC_Quadruped/src/interfaces/install/_local_setup_util_sh.py'
[0.615s] INFO:colcon.colcon_core.shell:Creating prefix chain script '/home/lzh/VMC_Quadruped/src/interfaces/install/setup.sh'
[0.616s] INFO:colcon.colcon_core.shell:Creating prefix script '/home/lzh/VMC_Quadruped/src/interfaces/install/local_setup.bash'
[0.617s] INFO:colcon.colcon_core.shell:Creating prefix chain script '/home/lzh/VMC_Quadruped/src/interfaces/install/setup.bash'
[0.617s] INFO:colcon.colcon_core.shell:Creating prefix script '/home/lzh/VMC_Quadruped/src/interfaces/install/local_setup.zsh'
[0.618s] INFO:colcon.colcon_core.shell:Creating prefix chain script '/home/lzh/VMC_Quadruped/src/interfaces/install/setup.zsh'
