[0.010s] Invoking command in '/home/lzh/VMC_Quadruped/build/estimation': AMENT_PREFIX_PATH=/home/lzh/VMC_Quadruped/install/interfaces:${AMENT_PREFIX_PATH} CMAKE_PREFIX_PATH=/home/lzh/VMC_Quadruped/install/interfaces:/opt/ros/humble LD_LIBRARY_PATH=/home/lzh/VMC_Quadruped/install/interfaces/lib:${LD_LIBRARY_PATH} PYTHONPATH=/home/lzh/VMC_Quadruped/install/interfaces/local/lib/python3.10/dist-packages:${PYTHONPATH} /usr/bin/cmake --build /home/lzh/VMC_Quadruped/build/estimation -- -j16 -l16
[0.062s] Consolidate compiler generated dependencies of target estimation_kinematics
[0.080s] [ 16%] Building CXX object CMakeFiles/estimation_kinematics.dir/src/leg_dynamics.cpp.o
[0.658s] /home/lzh/VMC_Quadruped/src/estimation/src/leg_dynamics.cpp: In member function ‘Eigen::Matrix3d estimation::LegDynamics::computeInertiaMatrix(const Vector3d&) const’:
[0.658s] /home/lzh/VMC_Quadruped/src/estimation/src/leg_dynamics.cpp:8:12: warning: unused variable ‘l1’ [-Wunused-variable]
[0.658s]     8 |     double l1 = LegConstants::L_THIGH;
[0.658s]       |            ^~
[0.658s] /home/lzh/VMC_Quadruped/src/estimation/src/leg_dynamics.cpp:9:12: warning: unused variable ‘l2’ [-Wunused-variable]
[0.658s]     9 |     double l2 = LegConstants::L_CALF;
[0.659s]       |            ^~
[0.659s] /home/lzh/VMC_Quadruped/src/estimation/src/leg_dynamics.cpp:16:12: warning: unused variable ‘s12’ [-Wunused-variable]
[0.659s]    16 |     double s12 = std::sin(q(1) + q(2));  // sin(thigh + calf)
[0.659s]       |            ^~~
[0.659s] /home/lzh/VMC_Quadruped/src/estimation/src/leg_dynamics.cpp: In member function ‘Eigen::Vector3d estimation::LegDynamics::computeCoriolisTerm(const Vector3d&, const Vector3d&) const’:
[0.659s] /home/lzh/VMC_Quadruped/src/estimation/src/leg_dynamics.cpp:51:12: warning: unused variable ‘c2’ [-Wunused-variable]
[0.659s]    51 |     double c2 = std::cos(q(1));
[0.659s]       |            ^~
[0.786s] [ 33%] Linking CXX static library libestimation_kinematics.a
[0.826s] [ 33%] Built target estimation_kinematics
[0.856s] Consolidate compiler generated dependencies of target contact_detection_node
[0.879s] [ 50%] Building CXX object CMakeFiles/contact_detection_node.dir/src/main.cpp.o
[0.879s] [ 66%] Building CXX object CMakeFiles/contact_detection_node.dir/src/gm_observer.cpp.o
[0.880s] [ 83%] Building CXX object CMakeFiles/contact_detection_node.dir/src/contact_detection_node.cpp.o
[1.535s] /home/lzh/VMC_Quadruped/src/estimation/src/gm_observer.cpp: In member function ‘void estimation::GMObserver::update(const Vector3d&, const Vector3d&, const Vector3d&, double)’:
[1.535s] /home/lzh/VMC_Quadruped/src/estimation/src/gm_observer.cpp:53:21: warning: variable ‘p_current’ set but not used [-Wunused-but-set-variable]
[1.535s]    53 |     Eigen::Vector3d p_current = M * q_dot;
[1.535s]       |                     ^~~~~~~~~
[1.536s] /home/lzh/VMC_Quadruped/src/estimation/src/gm_observer.cpp:15:33: warning: unused parameter ‘dt’ [-Wunused-parameter]
[1.536s]    15 |                          double dt) {
[1.536s]       |                          ~~~~~~~^~
[2.754s] /home/lzh/VMC_Quadruped/src/estimation/src/contact_detection_node.cpp: In member function ‘void estimation::ContactDetectionNode::on_motor_feedback(interfaces::msg::MotorFeedback12_<std::allocator<void> >::SharedPtr)’:
[2.755s] /home/lzh/VMC_Quadruped/src/estimation/src/contact_detection_node.cpp:63:13: warning: unused variable ‘offset’ [-Wunused-variable]
[2.755s]    63 |         int offset = static_cast<int>(leg_idx) * LegConstants::JOINTS_PER_LEG;
[2.755s]       |             ^~~~~~
[8.210s] [100%] Linking CXX executable contact_detection_node
[8.582s] [100%] Built target contact_detection_node
[8.591s] Invoked command in '/home/lzh/VMC_Quadruped/build/estimation' returned '0': AMENT_PREFIX_PATH=/home/lzh/VMC_Quadruped/install/interfaces:${AMENT_PREFIX_PATH} CMAKE_PREFIX_PATH=/home/lzh/VMC_Quadruped/install/interfaces:/opt/ros/humble LD_LIBRARY_PATH=/home/lzh/VMC_Quadruped/install/interfaces/lib:${LD_LIBRARY_PATH} PYTHONPATH=/home/lzh/VMC_Quadruped/install/interfaces/local/lib/python3.10/dist-packages:${PYTHONPATH} /usr/bin/cmake --build /home/lzh/VMC_Quadruped/build/estimation -- -j16 -l16
[8.601s] Invoking command in '/home/lzh/VMC_Quadruped/build/estimation': AMENT_PREFIX_PATH=/home/lzh/VMC_Quadruped/install/interfaces:${AMENT_PREFIX_PATH} CMAKE_PREFIX_PATH=/home/lzh/VMC_Quadruped/install/interfaces:/opt/ros/humble LD_LIBRARY_PATH=/home/lzh/VMC_Quadruped/install/interfaces/lib:${LD_LIBRARY_PATH} PYTHONPATH=/home/lzh/VMC_Quadruped/install/interfaces/local/lib/python3.10/dist-packages:${PYTHONPATH} /usr/bin/cmake --install /home/lzh/VMC_Quadruped/build/estimation
[8.609s] -- Install configuration: ""
[8.609s] -- Installing: /home/lzh/VMC_Quadruped/install/estimation/lib/estimation/contact_detection_node
[8.613s] -- Set runtime path of "/home/lzh/VMC_Quadruped/install/estimation/lib/estimation/contact_detection_node" to ""
[8.613s] -- Installing: /home/lzh/VMC_Quadruped/install/estimation/lib/libestimation_kinematics.a
[8.613s] -- Up-to-date: /home/lzh/VMC_Quadruped/install/estimation/include/estimation
[8.614s] -- Up-to-date: /home/lzh/VMC_Quadruped/install/estimation/include/estimation/gm_observer.hpp
[8.614s] -- Up-to-date: /home/lzh/VMC_Quadruped/install/estimation/include/estimation/contact_detection_node.hpp
[8.614s] -- Installing: /home/lzh/VMC_Quadruped/install/estimation/include/estimation/types.hpp
[8.614s] -- Up-to-date: /home/lzh/VMC_Quadruped/install/estimation/include/estimation/leg_dynamics.hpp
[8.614s] -- Up-to-date: /home/lzh/VMC_Quadruped/install/estimation/share/ament_index/resource_index/package_run_dependencies/estimation
[8.614s] -- Up-to-date: /home/lzh/VMC_Quadruped/install/estimation/share/ament_index/resource_index/parent_prefix_path/estimation
[8.614s] -- Up-to-date: /home/lzh/VMC_Quadruped/install/estimation/share/estimation/environment/ament_prefix_path.sh
[8.614s] -- Up-to-date: /home/lzh/VMC_Quadruped/install/estimation/share/estimation/environment/ament_prefix_path.dsv
[8.614s] -- Up-to-date: /home/lzh/VMC_Quadruped/install/estimation/share/estimation/environment/path.sh
[8.614s] -- Up-to-date: /home/lzh/VMC_Quadruped/install/estimation/share/estimation/environment/path.dsv
[8.615s] -- Up-to-date: /home/lzh/VMC_Quadruped/install/estimation/share/estimation/local_setup.bash
[8.615s] -- Up-to-date: /home/lzh/VMC_Quadruped/install/estimation/share/estimation/local_setup.sh
[8.615s] -- Up-to-date: /home/lzh/VMC_Quadruped/install/estimation/share/estimation/local_setup.zsh
[8.615s] -- Up-to-date: /home/lzh/VMC_Quadruped/install/estimation/share/estimation/local_setup.dsv
[8.615s] -- Installing: /home/lzh/VMC_Quadruped/install/estimation/share/estimation/package.dsv
[8.616s] -- Up-to-date: /home/lzh/VMC_Quadruped/install/estimation/share/ament_index/resource_index/packages/estimation
[8.616s] -- Up-to-date: /home/lzh/VMC_Quadruped/install/estimation/share/estimation/cmake/estimationConfig.cmake
[8.616s] -- Up-to-date: /home/lzh/VMC_Quadruped/install/estimation/share/estimation/cmake/estimationConfig-version.cmake
[8.616s] -- Up-to-date: /home/lzh/VMC_Quadruped/install/estimation/share/estimation/package.xml
[8.616s] Invoked command in '/home/lzh/VMC_Quadruped/build/estimation' returned '0': AMENT_PREFIX_PATH=/home/lzh/VMC_Quadruped/install/interfaces:${AMENT_PREFIX_PATH} CMAKE_PREFIX_PATH=/home/lzh/VMC_Quadruped/install/interfaces:/opt/ros/humble LD_LIBRARY_PATH=/home/lzh/VMC_Quadruped/install/interfaces/lib:${LD_LIBRARY_PATH} PYTHONPATH=/home/lzh/VMC_Quadruped/install/interfaces/local/lib/python3.10/dist-packages:${PYTHONPATH} /usr/bin/cmake --install /home/lzh/VMC_Quadruped/build/estimation
