[0.013s] Invoking command in '/home/lzh/VMC_Quadruped/build/estimation': AMENT_PREFIX_PATH=/home/lzh/VMC_Quadruped/install/interfaces:${AMENT_PREFIX_PATH} CMAKE_PREFIX_PATH=/home/lzh/VMC_Quadruped/install/interfaces:/opt/ros/humble LD_LIBRARY_PATH=/home/lzh/VMC_Quadruped/install/interfaces/lib:${LD_LIBRARY_PATH} PYTHONPATH=/home/lzh/VMC_Quadruped/install/interfaces/local/lib/python3.10/dist-packages:${PYTHONPATH} /usr/bin/cmake --build /home/lzh/VMC_Quadruped/build/estimation -- -j16 -l16
[0.055s] -- Found ament_cmake: 1.3.14 (/opt/ros/humble/share/ament_cmake/cmake)
[0.160s] -- Found rclcpp: 16.0.19 (/opt/ros/humble/share/rclcpp/cmake)
[0.192s] -- Found rosidl_generator_c: 3.1.8 (/opt/ros/humble/share/rosidl_generator_c/cmake)
[0.195s] -- Found rosidl_adapter: 3.1.8 (/opt/ros/humble/share/rosidl_adapter/cmake)
[0.202s] -- Found rosidl_generator_cpp: 3.1.8 (/opt/ros/humble/share/rosidl_generator_cpp/cmake)
[0.211s] -- Using all available rosidl_typesupport_c: rosidl_typesupport_fastrtps_c;rosidl_typesupport_introspection_c
[0.223s] -- Using all available rosidl_typesupport_cpp: rosidl_typesupport_fastrtps_cpp;rosidl_typesupport_introspection_cpp
[0.255s] -- Found rmw_implementation_cmake: 6.1.2 (/opt/ros/humble/share/rmw_implementation_cmake/cmake)
[0.257s] -- Found rmw_fastrtps_cpp: 6.2.10 (/opt/ros/humble/share/rmw_fastrtps_cpp/cmake)
[0.340s] -- Found OpenSSL: /usr/lib/x86_64-linux-gnu/libcrypto.so (found version "3.0.2")  
[0.373s] -- Found FastRTPS: /opt/ros/humble/include  
[0.413s] -- Using RMW implementation 'rmw_fastrtps_cpp' as default
[0.424s] -- Looking for pthread.h
[0.548s] -- Looking for pthread.h - found
[0.550s] -- Performing Test CMAKE_HAVE_LIBC_PTHREAD
[0.649s] -- Performing Test CMAKE_HAVE_LIBC_PTHREAD - Success
[0.651s] -- Found Threads: TRUE  
[0.693s] -- Found geometry_msgs: 4.9.1 (/opt/ros/humble/share/geometry_msgs/cmake)
[0.703s] -- Found interfaces: 0.0.0 (/home/lzh/VMC_Quadruped/install/interfaces/share/interfaces/cmake)
[0.714s] -- Found ament_lint_auto: 0.12.15 (/opt/ros/humble/share/ament_lint_auto/cmake)
[0.774s] -- Added test 'cppcheck' to perform static code analysis on C / C++ code
[0.774s] -- Configured cppcheck include dirs: /home/lzh/VMC_Quadruped/src/estimation/include
[0.774s] -- Configured cppcheck exclude dirs and/or files: 
[0.774s] -- Added test 'lint_cmake' to check CMake code style
[0.776s] -- Added test 'uncrustify' to check C / C++ code style
[0.776s] -- Configured uncrustify additional arguments: 
[0.776s] -- Added test 'xmllint' to check XML markup files
[0.778s] -- Configuring done
[0.790s] -- Generating done
[0.793s] -- Build files have been written to: /home/lzh/VMC_Quadruped/build/estimation
[0.825s] [ 20%] Building CXX object CMakeFiles/estimation_kinematics.dir/src/leg_kinematics.cpp.o
[1.463s] /home/lzh/VMC_Quadruped/src/estimation/src/leg_kinematics.cpp: In member function ‘Eigen::Matrix3d estimation::LegKinematics::computeInertiaMatrix(const Vector3d&) const’:
[1.463s] /home/lzh/VMC_Quadruped/src/estimation/src/leg_kinematics.cpp:8:21: error: ‘LegConstants’ is not a namespace-name
[1.463s]     8 |     using namespace LegConstants;
[1.463s]       |                     ^~~~~~~~~~~~
[1.467s] /home/lzh/VMC_Quadruped/src/estimation/src/leg_kinematics.cpp:10:17: error: ‘L_THIGH’ was not declared in this scope
[1.467s]    10 |     double l1 = L_THIGH;
[1.467s]       |                 ^~~~~~~
[1.470s] /home/lzh/VMC_Quadruped/src/estimation/src/leg_kinematics.cpp:11:17: error: ‘L_CALF’ was not declared in this scope; did you mean ‘LC_ALL’?
[1.470s]    11 |     double l2 = L_CALF;
[1.470s]       |                 ^~~~~~
[1.470s]       |                 LC_ALL
[1.473s] /home/lzh/VMC_Quadruped/src/estimation/src/leg_kinematics.cpp:12:17: error: ‘M_THIGH’ was not declared in this scope
[1.473s]    12 |     double m1 = M_THIGH;
[1.473s]       |                 ^~~~~~~
[1.476s] /home/lzh/VMC_Quadruped/src/estimation/src/leg_kinematics.cpp:13:17: error: ‘M_CALF’ was not declared in this scope
[1.476s]    13 |     double m2 = M_CALF;
[1.476s]       |                 ^~~~~~
[1.480s] /home/lzh/VMC_Quadruped/src/estimation/src/leg_kinematics.cpp:14:18: error: ‘THIGH_COM’ was not declared in this scope
[1.480s]    14 |     double l1c = THIGH_COM;  // 0.5 * L_THIGH
[1.480s]       |                  ^~~~~~~~~
[1.483s] /home/lzh/VMC_Quadruped/src/estimation/src/leg_kinematics.cpp:15:18: error: ‘CALF_COM’ was not declared in this scope
[1.483s]    15 |     double l2c = CALF_COM;    // 0.5 * L_CALF
[1.483s]       |                  ^~~~~~~~
[1.495s] /home/lzh/VMC_Quadruped/src/estimation/src/leg_kinematics.cpp:20:20: error: ‘I_THIGH_XX’ was not declared in this scope
[1.495s]    20 |     double I1_xx = I_THIGH_XX;
[1.495s]       |                    ^~~~~~~~~~
[1.499s] /home/lzh/VMC_Quadruped/src/estimation/src/leg_kinematics.cpp:21:20: error: ‘I_THIGH_ZZ’ was not declared in this scope
[1.499s]    21 |     double I1_zz = I_THIGH_ZZ;
[1.499s]       |                    ^~~~~~~~~~
[1.502s] /home/lzh/VMC_Quadruped/src/estimation/src/leg_kinematics.cpp:22:20: error: ‘I_CALF_XX’ was not declared in this scope
[1.502s]    22 |     double I2_xx = I_CALF_XX;
[1.502s]       |                    ^~~~~~~~~
[1.505s] /home/lzh/VMC_Quadruped/src/estimation/src/leg_kinematics.cpp:23:20: error: ‘I_CALF_ZZ’ was not declared in this scope
[1.506s]    23 |     double I2_zz = I_CALF_ZZ;
[1.506s]       |                    ^~~~~~~~~
[1.507s] /home/lzh/VMC_Quadruped/src/estimation/src/leg_kinematics.cpp:10:12: warning: unused variable ‘l1’ [-Wunused-variable]
[1.507s]    10 |     double l1 = L_THIGH;
[1.507s]       |            ^~
[1.507s] /home/lzh/VMC_Quadruped/src/estimation/src/leg_kinematics.cpp:11:12: warning: unused variable ‘l2’ [-Wunused-variable]
[1.507s]    11 |     double l2 = L_CALF;
[1.507s]       |            ^~
[1.507s] /home/lzh/VMC_Quadruped/src/estimation/src/leg_kinematics.cpp:18:12: warning: unused variable ‘s12’ [-Wunused-variable]
[1.508s]    18 |     double s12 = std::sin(q(1) + q(2));  // sin(thigh + calf)
[1.508s]       |            ^~~
[1.508s] /home/lzh/VMC_Quadruped/src/estimation/src/leg_kinematics.cpp: In member function ‘Eigen::Vector3d estimation::LegKinematics::computeCoriolisTerm(const Vector3d&, const Vector3d&) const’:
[1.508s] /home/lzh/VMC_Quadruped/src/estimation/src/leg_kinematics.cpp:48:21: error: ‘LegConstants’ is not a namespace-name
[1.508s]    48 |     using namespace LegConstants;
[1.508s]       |                     ^~~~~~~~~~~~
[1.511s] /home/lzh/VMC_Quadruped/src/estimation/src/leg_kinematics.cpp:50:18: error: ‘THIGH_COM’ was not declared in this scope
[1.511s]    50 |     double l1c = THIGH_COM;
[1.511s]       |                  ^~~~~~~~~
[1.514s] /home/lzh/VMC_Quadruped/src/estimation/src/leg_kinematics.cpp:51:18: error: ‘CALF_COM’ was not declared in this scope
[1.514s]    51 |     double l2c = CALF_COM;
[1.514s]       |                  ^~~~~~~~
[1.517s] /home/lzh/VMC_Quadruped/src/estimation/src/leg_kinematics.cpp:52:17: error: ‘M_CALF’ was not declared in this scope
[1.518s]    52 |     double m2 = M_CALF;
[1.518s]       |                 ^~~~~~
[1.518s] /home/lzh/VMC_Quadruped/src/estimation/src/leg_kinematics.cpp:55:12: warning: unused variable ‘c2’ [-Wunused-variable]
[1.518s]    55 |     double c2 = std::cos(q(1));
[1.518s]       |            ^~
[1.519s] /home/lzh/VMC_Quadruped/src/estimation/src/leg_kinematics.cpp: In member function ‘Eigen::Vector3d estimation::LegKinematics::computeGravityTerm(const Vector3d&) const’:
[1.519s] /home/lzh/VMC_Quadruped/src/estimation/src/leg_kinematics.cpp:75:21: error: ‘LegConstants’ is not a namespace-name
[1.519s]    75 |     using namespace LegConstants;
[1.519s]       |                     ^~~~~~~~~~~~
[1.522s] /home/lzh/VMC_Quadruped/src/estimation/src/leg_kinematics.cpp:77:17: error: ‘M_THIGH’ was not declared in this scope
[1.522s]    77 |     double m1 = M_THIGH;
[1.522s]       |                 ^~~~~~~
[1.525s] /home/lzh/VMC_Quadruped/src/estimation/src/leg_kinematics.cpp:78:17: error: ‘M_CALF’ was not declared in this scope
[1.525s]    78 |     double m2 = M_CALF;
[1.525s]       |                 ^~~~~~
[1.529s] /home/lzh/VMC_Quadruped/src/estimation/src/leg_kinematics.cpp:79:18: error: ‘THIGH_COM’ was not declared in this scope
[1.529s]    79 |     double l1c = THIGH_COM;
[1.529s]       |                  ^~~~~~~~~
[1.533s] /home/lzh/VMC_Quadruped/src/estimation/src/leg_kinematics.cpp:80:18: error: ‘CALF_COM’ was not declared in this scope
[1.533s]    80 |     double l2c = CALF_COM;
[1.533s]       |                  ^~~~~~~~
[1.535s] /home/lzh/VMC_Quadruped/src/estimation/src/leg_kinematics.cpp:81:16: error: ‘G’ was not declared in this scope
[1.535s]    81 |     double g = G;
[1.535s]       |                ^
[1.618s] gmake[2]: *** [CMakeFiles/estimation_kinematics.dir/build.make:76：CMakeFiles/estimation_kinematics.dir/src/leg_kinematics.cpp.o] 错误 1
[1.618s] gmake[1]: *** [CMakeFiles/Makefile2:139：CMakeFiles/estimation_kinematics.dir/all] 错误 2
[1.618s] gmake: *** [Makefile:146：all] 错误 2
[1.619s] Invoked command in '/home/lzh/VMC_Quadruped/build/estimation' returned '2': AMENT_PREFIX_PATH=/home/lzh/VMC_Quadruped/install/interfaces:${AMENT_PREFIX_PATH} CMAKE_PREFIX_PATH=/home/lzh/VMC_Quadruped/install/interfaces:/opt/ros/humble LD_LIBRARY_PATH=/home/lzh/VMC_Quadruped/install/interfaces/lib:${LD_LIBRARY_PATH} PYTHONPATH=/home/lzh/VMC_Quadruped/install/interfaces/local/lib/python3.10/dist-packages:${PYTHONPATH} /usr/bin/cmake --build /home/lzh/VMC_Quadruped/build/estimation -- -j16 -l16
