[0.011s] Invoking command in '/home/lzh/VMC_Quadruped/build/estimation': AMENT_PREFIX_PATH=/home/lzh/VMC_Quadruped/install/interfaces:${AMENT_PREFIX_PATH} CMAKE_PREFIX_PATH=/home/lzh/VMC_Quadruped/install/interfaces:/opt/ros/humble LD_LIBRARY_PATH=/home/lzh/VMC_Quadruped/install/interfaces/lib:${LD_LIBRARY_PATH} PYTHONPATH=/home/lzh/VMC_Quadruped/install/interfaces/local/lib/python3.10/dist-packages:${PYTHONPATH} /usr/bin/cmake --build /home/lzh/VMC_Quadruped/build/estimation -- -j16 -l16
[0.080s] [ 33%] Built target estimation_kinematics
[0.111s] Consolidate compiler generated dependencies of target contact_detection_node
[0.123s] [100%] Built target contact_detection_node
[0.135s] Invoked command in '/home/lzh/VMC_Quadruped/build/estimation' returned '0': AMENT_PREFIX_PATH=/home/lzh/VMC_Quadruped/install/interfaces:${AMENT_PREFIX_PATH} CMAKE_PREFIX_PATH=/home/lzh/VMC_Quadruped/install/interfaces:/opt/ros/humble LD_LIBRARY_PATH=/home/lzh/VMC_Quadruped/install/interfaces/lib:${LD_LIBRARY_PATH} PYTHONPATH=/home/lzh/VMC_Quadruped/install/interfaces/local/lib/python3.10/dist-packages:${PYTHONPATH} /usr/bin/cmake --build /home/lzh/VMC_Quadruped/build/estimation -- -j16 -l16
[0.146s] Invoking command in '/home/lzh/VMC_Quadruped/build/estimation': AMENT_PREFIX_PATH=/home/lzh/VMC_Quadruped/install/interfaces:${AMENT_PREFIX_PATH} CMAKE_PREFIX_PATH=/home/lzh/VMC_Quadruped/install/interfaces:/opt/ros/humble LD_LIBRARY_PATH=/home/lzh/VMC_Quadruped/install/interfaces/lib:${LD_LIBRARY_PATH} PYTHONPATH=/home/lzh/VMC_Quadruped/install/interfaces/local/lib/python3.10/dist-packages:${PYTHONPATH} /usr/bin/cmake --install /home/lzh/VMC_Quadruped/build/estimation
[0.153s] -- Install configuration: ""
[0.154s] -- Up-to-date: /home/lzh/VMC_Quadruped/install/estimation/lib/estimation/contact_detection_node
[0.154s] -- Up-to-date: /home/lzh/VMC_Quadruped/install/estimation/lib/libestimation_kinematics.a
[0.154s] -- Up-to-date: /home/lzh/VMC_Quadruped/install/estimation/include/estimation
[0.154s] -- Up-to-date: /home/lzh/VMC_Quadruped/install/estimation/include/estimation/gm_observer.hpp
[0.154s] -- Up-to-date: /home/lzh/VMC_Quadruped/install/estimation/include/estimation/contact_detection_node.hpp
[0.154s] -- Up-to-date: /home/lzh/VMC_Quadruped/install/estimation/include/estimation/leg_kinematics.hpp
[0.154s] -- Up-to-date: /home/lzh/VMC_Quadruped/install/estimation/include/estimation/types.hpp
[0.154s] -- Up-to-date: /home/lzh/VMC_Quadruped/install/estimation/share/ament_index/resource_index/package_run_dependencies/estimation
[0.154s] -- Up-to-date: /home/lzh/VMC_Quadruped/install/estimation/share/ament_index/resource_index/parent_prefix_path/estimation
[0.154s] -- Up-to-date: /home/lzh/VMC_Quadruped/install/estimation/share/estimation/environment/ament_prefix_path.sh
[0.154s] -- Up-to-date: /home/lzh/VMC_Quadruped/install/estimation/share/estimation/environment/ament_prefix_path.dsv
[0.154s] -- Up-to-date: /home/lzh/VMC_Quadruped/install/estimation/share/estimation/environment/path.sh
[0.155s] -- Up-to-date: /home/lzh/VMC_Quadruped/install/estimation/share/estimation/environment/path.dsv
[0.155s] -- Up-to-date: /home/lzh/VMC_Quadruped/install/estimation/share/estimation/local_setup.bash
[0.155s] -- Up-to-date: /home/lzh/VMC_Quadruped/install/estimation/share/estimation/local_setup.sh
[0.155s] -- Up-to-date: /home/lzh/VMC_Quadruped/install/estimation/share/estimation/local_setup.zsh
[0.155s] -- Up-to-date: /home/lzh/VMC_Quadruped/install/estimation/share/estimation/local_setup.dsv
[0.155s] -- Installing: /home/lzh/VMC_Quadruped/install/estimation/share/estimation/package.dsv
[0.155s] -- Up-to-date: /home/lzh/VMC_Quadruped/install/estimation/share/ament_index/resource_index/packages/estimation
[0.155s] -- Up-to-date: /home/lzh/VMC_Quadruped/install/estimation/share/estimation/cmake/estimationConfig.cmake
[0.155s] -- Up-to-date: /home/lzh/VMC_Quadruped/install/estimation/share/estimation/cmake/estimationConfig-version.cmake
[0.155s] -- Up-to-date: /home/lzh/VMC_Quadruped/install/estimation/share/estimation/package.xml
[0.156s] Invoked command in '/home/lzh/VMC_Quadruped/build/estimation' returned '0': AMENT_PREFIX_PATH=/home/lzh/VMC_Quadruped/install/interfaces:${AMENT_PREFIX_PATH} CMAKE_PREFIX_PATH=/home/lzh/VMC_Quadruped/install/interfaces:/opt/ros/humble LD_LIBRARY_PATH=/home/lzh/VMC_Quadruped/install/interfaces/lib:${LD_LIBRARY_PATH} PYTHONPATH=/home/lzh/VMC_Quadruped/install/interfaces/local/lib/python3.10/dist-packages:${PYTHONPATH} /usr/bin/cmake --install /home/lzh/VMC_Quadruped/build/estimation
