-- Found ament_cmake: 1.3.14 (/opt/ros/humble/share/ament_cmake/cmake)
-- Found rclcpp: 16.0.19 (/opt/ros/humble/share/rclcpp/cmake)
-- Found rosidl_generator_c: 3.1.8 (/opt/ros/humble/share/rosidl_generator_c/cmake)
-- Found rosidl_adapter: 3.1.8 (/opt/ros/humble/share/rosidl_adapter/cmake)
-- Found rosidl_generator_cpp: 3.1.8 (/opt/ros/humble/share/rosidl_generator_cpp/cmake)
-- Using all available rosidl_typesupport_c: rosidl_typesupport_fastrtps_c;rosidl_typesupport_introspection_c
-- Using all available rosidl_typesupport_cpp: rosidl_typesupport_fastrtps_cpp;rosidl_typesupport_introspection_cpp
-- Found rmw_implementation_cmake: 6.1.2 (/opt/ros/humble/share/rmw_implementation_cmake/cmake)
-- Found rmw_fastrtps_cpp: 6.2.10 (/opt/ros/humble/share/rmw_fastrtps_cpp/cmake)
-- Using RMW implementation 'rmw_fastrtps_cpp' as default
-- Found geometry_msgs: 4.9.1 (/opt/ros/humble/share/geometry_msgs/cmake)
-- Found sensor_msgs: 4.9.1 (/opt/ros/humble/share/sensor_msgs/cmake)
-- Configuring done
-- Generating done
-- Build files have been written to: /home/lzh/Quadruped_Uika/build/xbox
[ 50%] Building CXX object CMakeFiles/xbox_vel_publisher.dir/src/xbox_vel_publisher.cpp.o
[100%] Linking CXX executable xbox_vel_publisher
[100%] Built target xbox_vel_publisher
-- Install configuration: ""
-- Installing: /home/lzh/Quadruped_Uika/install/xbox/lib/xbox/xbox_vel_publisher
-- Set runtime path of "/home/lzh/Quadruped_Uika/install/xbox/lib/xbox/xbox_vel_publisher" to ""
-- Installing: /home/lzh/Quadruped_Uika/install/xbox/share/ament_index/resource_index/package_run_dependencies/xbox
-- Installing: /home/lzh/Quadruped_Uika/install/xbox/share/ament_index/resource_index/parent_prefix_path/xbox
-- Installing: /home/lzh/Quadruped_Uika/install/xbox/share/xbox/environment/ament_prefix_path.sh
-- Installing: /home/lzh/Quadruped_Uika/install/xbox/share/xbox/environment/ament_prefix_path.dsv
-- Installing: /home/lzh/Quadruped_Uika/install/xbox/share/xbox/environment/path.sh
-- Installing: /home/lzh/Quadruped_Uika/install/xbox/share/xbox/environment/path.dsv
-- Installing: /home/lzh/Quadruped_Uika/install/xbox/share/xbox/local_setup.bash
-- Installing: /home/lzh/Quadruped_Uika/install/xbox/share/xbox/local_setup.sh
-- Installing: /home/lzh/Quadruped_Uika/install/xbox/share/xbox/local_setup.zsh
-- Installing: /home/lzh/Quadruped_Uika/install/xbox/share/xbox/local_setup.dsv
-- Installing: /home/lzh/Quadruped_Uika/install/xbox/share/xbox/package.dsv
-- Installing: /home/lzh/Quadruped_Uika/install/xbox/share/ament_index/resource_index/packages/xbox
-- Installing: /home/lzh/Quadruped_Uika/install/xbox/share/xbox/cmake/xboxConfig.cmake
-- Installing: /home/lzh/Quadruped_Uika/install/xbox/share/xbox/cmake/xboxConfig-version.cmake
-- Installing: /home/lzh/Quadruped_Uika/install/xbox/share/xbox/package.xml
