[0.005s] Invoking command in '/home/lzh/Quadruped_Uika/build/xbox': CMAKE_PREFIX_PATH=/opt/ros/humble /usr/bin/cmake /home/lzh/Quadruped_Uika/src/xbox -DCMAKE_INSTALL_PREFIX=/home/lzh/Quadruped_Uika/install/xbox
[0.015s] -- Found ament_cmake: 1.3.14 (/opt/ros/humble/share/ament_cmake/cmake)
[0.093s] -- Found rclcpp: 16.0.19 (/opt/ros/humble/share/rclcpp/cmake)
[0.108s] -- Found rosidl_generator_c: 3.1.8 (/opt/ros/humble/share/rosidl_generator_c/cmake)
[0.109s] -- Found rosidl_adapter: 3.1.8 (/opt/ros/humble/share/rosidl_adapter/cmake)
[0.112s] -- Found rosidl_generator_cpp: 3.1.8 (/opt/ros/humble/share/rosidl_generator_cpp/cmake)
[0.117s] -- Using all available rosidl_typesupport_c: rosidl_typesupport_fastrtps_c;rosidl_typesupport_introspection_c
[0.124s] -- Using all available rosidl_typesupport_cpp: rosidl_typesupport_fastrtps_cpp;rosidl_typesupport_introspection_cpp
[0.140s] -- Found rmw_implementation_cmake: 6.1.2 (/opt/ros/humble/share/rmw_implementation_cmake/cmake)
[0.141s] -- Found rmw_fastrtps_cpp: 6.2.10 (/opt/ros/humble/share/rmw_fastrtps_cpp/cmake)
[0.197s] -- Using RMW implementation 'rmw_fastrtps_cpp' as default
[0.223s] -- Found geometry_msgs: 4.9.1 (/opt/ros/humble/share/geometry_msgs/cmake)
[0.229s] -- Found sensor_msgs: 4.9.1 (/opt/ros/humble/share/sensor_msgs/cmake)
[0.289s] -- Configuring done
[0.293s] -- Generating done
[0.295s] -- Build files have been written to: /home/lzh/Quadruped_Uika/build/xbox
[0.299s] Invoked command in '/home/lzh/Quadruped_Uika/build/xbox' returned '0': CMAKE_PREFIX_PATH=/opt/ros/humble /usr/bin/cmake /home/lzh/Quadruped_Uika/src/xbox -DCMAKE_INSTALL_PREFIX=/home/lzh/Quadruped_Uika/install/xbox
[0.300s] Invoking command in '/home/lzh/Quadruped_Uika/build/xbox': CMAKE_PREFIX_PATH=/opt/ros/humble /usr/bin/cmake --build /home/lzh/Quadruped_Uika/build/xbox -- -j16 -l16
[0.334s] [ 50%] Building CXX object CMakeFiles/xbox_vel_publisher.dir/src/xbox_vel_publisher.cpp.o
[4.805s] [100%] Linking CXX executable xbox_vel_publisher
[5.102s] [100%] Built target xbox_vel_publisher
[5.108s] Invoked command in '/home/lzh/Quadruped_Uika/build/xbox' returned '0': CMAKE_PREFIX_PATH=/opt/ros/humble /usr/bin/cmake --build /home/lzh/Quadruped_Uika/build/xbox -- -j16 -l16
[5.114s] Invoking command in '/home/lzh/Quadruped_Uika/build/xbox': CMAKE_PREFIX_PATH=/opt/ros/humble /usr/bin/cmake --install /home/lzh/Quadruped_Uika/build/xbox
[5.120s] -- Install configuration: ""
[5.120s] -- Installing: /home/lzh/Quadruped_Uika/install/xbox/lib/xbox/xbox_vel_publisher
[5.121s] -- Set runtime path of "/home/lzh/Quadruped_Uika/install/xbox/lib/xbox/xbox_vel_publisher" to ""
[5.121s] -- Installing: /home/lzh/Quadruped_Uika/install/xbox/share/ament_index/resource_index/package_run_dependencies/xbox
[5.121s] -- Installing: /home/lzh/Quadruped_Uika/install/xbox/share/ament_index/resource_index/parent_prefix_path/xbox
[5.121s] -- Installing: /home/lzh/Quadruped_Uika/install/xbox/share/xbox/environment/ament_prefix_path.sh
[5.121s] -- Installing: /home/lzh/Quadruped_Uika/install/xbox/share/xbox/environment/ament_prefix_path.dsv
[5.121s] -- Installing: /home/lzh/Quadruped_Uika/install/xbox/share/xbox/environment/path.sh
[5.121s] -- Installing: /home/lzh/Quadruped_Uika/install/xbox/share/xbox/environment/path.dsv
[5.121s] -- Installing: /home/lzh/Quadruped_Uika/install/xbox/share/xbox/local_setup.bash
[5.121s] -- Installing: /home/lzh/Quadruped_Uika/install/xbox/share/xbox/local_setup.sh
[5.121s] -- Installing: /home/lzh/Quadruped_Uika/install/xbox/share/xbox/local_setup.zsh
[5.121s] -- Installing: /home/lzh/Quadruped_Uika/install/xbox/share/xbox/local_setup.dsv
[5.121s] -- Installing: /home/lzh/Quadruped_Uika/install/xbox/share/xbox/package.dsv
[5.122s] -- Installing: /home/lzh/Quadruped_Uika/install/xbox/share/ament_index/resource_index/packages/xbox
[5.122s] -- Installing: /home/lzh/Quadruped_Uika/install/xbox/share/xbox/cmake/xboxConfig.cmake
[5.122s] -- Installing: /home/lzh/Quadruped_Uika/install/xbox/share/xbox/cmake/xboxConfig-version.cmake
[5.122s] -- Installing: /home/lzh/Quadruped_Uika/install/xbox/share/xbox/package.xml
[5.122s] Invoked command in '/home/lzh/Quadruped_Uika/build/xbox' returned '0': CMAKE_PREFIX_PATH=/opt/ros/humble /usr/bin/cmake --install /home/lzh/Quadruped_Uika/build/xbox
