[0.010s] Invoking command in '/home/lzh/VMC_Quadruped/build/estimation': AMENT_PREFIX_PATH=/home/lzh/VMC_Quadruped/install/interfaces:${AMENT_PREFIX_PATH} CMAKE_PREFIX_PATH=/home/lzh/VMC_Quadruped/install/interfaces:/opt/ros/humble LD_LIBRARY_PATH=/home/lzh/VMC_Quadruped/install/interfaces/lib:${LD_LIBRARY_PATH} PYTHONPATH=/home/lzh/VMC_Quadruped/install/interfaces/local/lib/python3.10/dist-packages:${PYTHONPATH} /usr/bin/cmake --build /home/lzh/VMC_Quadruped/build/estimation -- -j16 -l16
[0.035s] -- Found ament_cmake: 1.3.14 (/opt/ros/humble/share/ament_cmake/cmake)
[0.148s] -- Found rclcpp: 16.0.19 (/opt/ros/humble/share/rclcpp/cmake)
[0.167s] -- Found rosidl_generator_c: 3.1.8 (/opt/ros/humble/share/rosidl_generator_c/cmake)
[0.169s] -- Found rosidl_adapter: 3.1.8 (/opt/ros/humble/share/rosidl_adapter/cmake)
[0.173s] -- Found rosidl_generator_cpp: 3.1.8 (/opt/ros/humble/share/rosidl_generator_cpp/cmake)
[0.179s] -- Using all available rosidl_typesupport_c: rosidl_typesupport_fastrtps_c;rosidl_typesupport_introspection_c
[0.187s] -- Using all available rosidl_typesupport_cpp: rosidl_typesupport_fastrtps_cpp;rosidl_typesupport_introspection_cpp
[0.208s] -- Found rmw_implementation_cmake: 6.1.2 (/opt/ros/humble/share/rmw_implementation_cmake/cmake)
[0.209s] -- Found rmw_fastrtps_cpp: 6.2.10 (/opt/ros/humble/share/rmw_fastrtps_cpp/cmake)
[0.285s] -- Using RMW implementation 'rmw_fastrtps_cpp' as default
[0.317s] -- Found geometry_msgs: 4.9.1 (/opt/ros/humble/share/geometry_msgs/cmake)
[0.325s] -- Found interfaces: 0.0.0 (/home/lzh/VMC_Quadruped/install/interfaces/share/interfaces/cmake)
[0.338s] -- Found ament_lint_auto: 0.12.15 (/opt/ros/humble/share/ament_lint_auto/cmake)
[0.408s] -- Added test 'cppcheck' to perform static code analysis on C / C++ code
[0.409s] -- Configured cppcheck include dirs: /home/lzh/VMC_Quadruped/src/estimation/include
[0.409s] -- Configured cppcheck exclude dirs and/or files: 
[0.409s] -- Added test 'lint_cmake' to check CMake code style
[0.409s] -- Added test 'uncrustify' to check C / C++ code style
[0.409s] -- Configured uncrustify additional arguments: 
[0.409s] -- Added test 'xmllint' to check XML markup files
[0.410s] -- Configuring done
[0.417s] -- Generating done
[0.419s] -- Build files have been written to: /home/lzh/VMC_Quadruped/build/estimation
[0.441s] Consolidate compiler generated dependencies of target estimation_kinematics
[0.451s] [ 33%] Built target estimation_kinematics
[0.464s] Consolidate compiler generated dependencies of target contact_detection_node
[0.479s] [ 50%] Building CXX object CMakeFiles/contact_detection_node.dir/src/main.cpp.o
[2.726s] [ 66%] Linking CXX executable contact_detection_node
[3.115s] [100%] Built target contact_detection_node
[3.124s] Invoked command in '/home/lzh/VMC_Quadruped/build/estimation' returned '0': AMENT_PREFIX_PATH=/home/lzh/VMC_Quadruped/install/interfaces:${AMENT_PREFIX_PATH} CMAKE_PREFIX_PATH=/home/lzh/VMC_Quadruped/install/interfaces:/opt/ros/humble LD_LIBRARY_PATH=/home/lzh/VMC_Quadruped/install/interfaces/lib:${LD_LIBRARY_PATH} PYTHONPATH=/home/lzh/VMC_Quadruped/install/interfaces/local/lib/python3.10/dist-packages:${PYTHONPATH} /usr/bin/cmake --build /home/lzh/VMC_Quadruped/build/estimation -- -j16 -l16
[3.135s] Invoking command in '/home/lzh/VMC_Quadruped/build/estimation': AMENT_PREFIX_PATH=/home/lzh/VMC_Quadruped/install/interfaces:${AMENT_PREFIX_PATH} CMAKE_PREFIX_PATH=/home/lzh/VMC_Quadruped/install/interfaces:/opt/ros/humble LD_LIBRARY_PATH=/home/lzh/VMC_Quadruped/install/interfaces/lib:${LD_LIBRARY_PATH} PYTHONPATH=/home/lzh/VMC_Quadruped/install/interfaces/local/lib/python3.10/dist-packages:${PYTHONPATH} /usr/bin/cmake --install /home/lzh/VMC_Quadruped/build/estimation
[3.146s] -- Install configuration: ""
[3.146s] -- Installing: /home/lzh/VMC_Quadruped/install/estimation/lib/estimation/contact_detection_node
[3.150s] -- Set runtime path of "/home/lzh/VMC_Quadruped/install/estimation/lib/estimation/contact_detection_node" to ""
[3.150s] -- Installing: /home/lzh/VMC_Quadruped/install/estimation/lib/libestimation_kinematics.a
[3.150s] -- Installing: /home/lzh/VMC_Quadruped/install/estimation/include/estimation
[3.151s] -- Installing: /home/lzh/VMC_Quadruped/install/estimation/include/estimation/gm_observer.hpp
[3.151s] -- Installing: /home/lzh/VMC_Quadruped/install/estimation/include/estimation/contact_detection_node.hpp
[3.151s] -- Installing: /home/lzh/VMC_Quadruped/install/estimation/include/estimation/leg_kinematics.hpp
[3.151s] -- Installing: /home/lzh/VMC_Quadruped/install/estimation/include/estimation/types.hpp
[3.151s] -- Installing: /home/lzh/VMC_Quadruped/install/estimation/share/ament_index/resource_index/package_run_dependencies/estimation
[3.151s] -- Installing: /home/lzh/VMC_Quadruped/install/estimation/share/ament_index/resource_index/parent_prefix_path/estimation
[3.151s] -- Installing: /home/lzh/VMC_Quadruped/install/estimation/share/estimation/environment/ament_prefix_path.sh
[3.151s] -- Installing: /home/lzh/VMC_Quadruped/install/estimation/share/estimation/environment/ament_prefix_path.dsv
[3.151s] -- Installing: /home/lzh/VMC_Quadruped/install/estimation/share/estimation/environment/path.sh
[3.152s] -- Installing: /home/lzh/VMC_Quadruped/install/estimation/share/estimation/environment/path.dsv
[3.152s] -- Up-to-date: /home/lzh/VMC_Quadruped/install/estimation/share/estimation/local_setup.bash
[3.152s] -- Up-to-date: /home/lzh/VMC_Quadruped/install/estimation/share/estimation/local_setup.sh
[3.152s] -- Up-to-date: /home/lzh/VMC_Quadruped/install/estimation/share/estimation/local_setup.zsh
[3.152s] -- Installing: /home/lzh/VMC_Quadruped/install/estimation/share/estimation/local_setup.dsv
[3.153s] -- Installing: /home/lzh/VMC_Quadruped/install/estimation/share/estimation/package.dsv
[3.153s] -- Up-to-date: /home/lzh/VMC_Quadruped/install/estimation/share/ament_index/resource_index/packages/estimation
[3.153s] -- Up-to-date: /home/lzh/VMC_Quadruped/install/estimation/share/estimation/cmake/estimationConfig.cmake
[3.153s] -- Up-to-date: /home/lzh/VMC_Quadruped/install/estimation/share/estimation/cmake/estimationConfig-version.cmake
[3.153s] -- Installing: /home/lzh/VMC_Quadruped/install/estimation/share/estimation/package.xml
[3.155s] Invoked command in '/home/lzh/VMC_Quadruped/build/estimation' returned '0': AMENT_PREFIX_PATH=/home/lzh/VMC_Quadruped/install/interfaces:${AMENT_PREFIX_PATH} CMAKE_PREFIX_PATH=/home/lzh/VMC_Quadruped/install/interfaces:/opt/ros/humble LD_LIBRARY_PATH=/home/lzh/VMC_Quadruped/install/interfaces/lib:${LD_LIBRARY_PATH} PYTHONPATH=/home/lzh/VMC_Quadruped/install/interfaces/local/lib/python3.10/dist-packages:${PYTHONPATH} /usr/bin/cmake --install /home/lzh/VMC_Quadruped/build/estimation
