-- The C compiler identification is GNU 11.4.0
-- The CXX compiler identification is GNU 11.4.0
-- Detecting C compiler ABI info
-- Detecting C compiler ABI info - done
-- Check for working C compiler: /usr/bin/cc - skipped
-- Detecting C compile features
-- Detecting C compile features - done
-- Detecting CXX compiler ABI info
-- Detecting CXX compiler ABI info - done
-- Check for working CXX compiler: /usr/bin/c++ - skipped
-- Detecting CXX compile features
-- Detecting CXX compile features - done
-- Found ament_cmake: 1.3.12 (/opt/ros/humble/share/ament_cmake/cmake)
-- Found Python3: /usr/bin/python3 (found version "3.10.12") found components: Interpreter 
-- Found rosidl_default_generators: 1.2.0 (/opt/ros/humble/share/rosidl_default_generators/cmake)
-- Using all available rosidl_typesupport_c: rosidl_typesupport_fastrtps_c;rosidl_typesupport_introspection_c
-- Found rosidl_adapter: 3.1.7 (/opt/ros/humble/share/rosidl_adapter/cmake)
-- Using all available rosidl_typesupport_cpp: rosidl_typesupport_fastrtps_cpp;rosidl_typesupport_introspection_cpp
-- Found std_msgs: 4.9.0 (/opt/ros/humble/share/std_msgs/cmake)
-- Found geometry_msgs: 4.9.0 (/opt/ros/humble/share/geometry_msgs/cmake)
-- Found ament_cmake_ros: 0.10.0 (/opt/ros/humble/share/ament_cmake_ros/cmake)
-- Using all available rosidl_typesupport_c: rosidl_typesupport_fastrtps_c;rosidl_typesupport_introspection_c
-- Using all available rosidl_typesupport_cpp: rosidl_typesupport_fastrtps_cpp;rosidl_typesupport_introspection_cpp
-- Found PythonInterp: /usr/bin/python3 (found suitable version "3.10.12", minimum required is "3.6") 
-- Found python_cmake_module: 0.10.0 (/opt/ros/humble/share/python_cmake_module/cmake)
-- Found PythonLibs: /usr/lib/x86_64-linux-gnu/libpython3.10.so (found suitable version "3.10.12", minimum required is "3.5") 
-- Using PYTHON_EXECUTABLE: /usr/bin/python3
-- Using PYTHON_INCLUDE_DIRS: /usr/include/python3.10
-- Using PYTHON_LIBRARIES: /usr/lib/x86_64-linux-gnu/libpython3.10.so
-- Found PythonExtra: .so  
-- Found ament_lint_auto: 0.12.14 (/opt/ros/humble/share/ament_lint_auto/cmake)
-- Added test 'cppcheck' to perform static code analysis on C / C++ code
-- Configured cppcheck include dirs: $<BUILD_INTERFACE:/home/lzh/VMC_Quadruped/src/interfaces/build/interfaces/rosidl_generator_c>;$<BUILD_INTERFACE:/home/lzh/VMC_Quadruped/src/interfaces/build/interfaces/rosidl_typesupport_fastrtps_c>;$<BUILD_INTERFACE:/home/lzh/VMC_Quadruped/src/interfaces/build/interfaces/rosidl_typesupport_introspection_c>;$<BUILD_INTERFACE:/home/lzh/VMC_Quadruped/src/interfaces/build/interfaces/rosidl_generator_cpp>;$<BUILD_INTERFACE:/home/lzh/VMC_Quadruped/src/interfaces/build/interfaces/rosidl_typesupport_fastrtps_cpp>;$<BUILD_INTERFACE:/home/lzh/VMC_Quadruped/src/interfaces/build/interfaces/rosidl_typesupport_introspection_cpp>;/home/lzh/VMC_Quadruped/src/interfaces/build/interfaces/rosidl_generator_c;/home/lzh/VMC_Quadruped/src/interfaces/build/interfaces/rosidl_generator_py
-- Configured cppcheck exclude dirs and/or files: 
-- Added test 'flake8' to check Python code syntax and style conventions
-- Added test 'lint_cmake' to check CMake code style
-- Added test 'pep257' to check Python code against some of the docstring style conventions in PEP 257
-- Added test 'uncrustify' to check C / C++ code style
-- Configured uncrustify additional arguments: 
-- Added test 'xmllint' to check XML markup files
-- Configuring done
-- Generating done
-- Build files have been written to: /home/lzh/VMC_Quadruped/src/interfaces/build/interfaces
[  1%] [34m[1mGenerating C code for ROS interfaces[0m
[  2%] [34m[1mGenerating C++ code for ROS interfaces[0m
[  2%] Built target ament_cmake_python_copy_interfaces
running egg_info
creating interfaces.egg-info
writing interfaces.egg-info/PKG-INFO
writing dependency_links to interfaces.egg-info/dependency_links.txt
writing top-level names to interfaces.egg-info/top_level.txt
writing manifest file 'interfaces.egg-info/SOURCES.txt'
reading manifest file 'interfaces.egg-info/SOURCES.txt'
writing manifest file 'interfaces.egg-info/SOURCES.txt'
[  2%] Built target ament_cmake_python_build_interfaces_egg
[  3%] [32mBuilding C object CMakeFiles/interfaces__rosidl_generator_c.dir/rosidl_generator_c/interfaces/msg/detail/gait_phase__functions.c.o[0m
[  4%] [32mBuilding C object CMakeFiles/interfaces__rosidl_generator_c.dir/rosidl_generator_c/interfaces/msg/detail/motion_command__functions.c.o[0m
[  5%] [32mBuilding C object CMakeFiles/interfaces__rosidl_generator_c.dir/rosidl_generator_c/interfaces/msg/detail/contact_state__functions.c.o[0m
[  6%] [32mBuilding C object CMakeFiles/interfaces__rosidl_generator_c.dir/rosidl_generator_c/interfaces/msg/detail/foot_state__functions.c.o[0m
[  8%] [32mBuilding C object CMakeFiles/interfaces__rosidl_generator_c.dir/rosidl_generator_c/interfaces/msg/detail/motor_command__functions.c.o[0m
[  9%] [32mBuilding C object CMakeFiles/interfaces__rosidl_generator_c.dir/rosidl_generator_c/interfaces/msg/detail/base_state__functions.c.o[0m
[ 10%] [32mBuilding C object CMakeFiles/interfaces__rosidl_generator_c.dir/rosidl_generator_c/interfaces/msg/detail/single_foot_state__functions.c.o[0m
[ 11%] [32mBuilding C object CMakeFiles/interfaces__rosidl_generator_c.dir/rosidl_generator_c/interfaces/msg/detail/motor_command12__functions.c.o[0m
[ 11%] Built target interfaces__cpp
[ 13%] [34m[1mGenerating C++ type support dispatch for ROS interfaces[0m
[ 13%] [34m[1mGenerating C++ type support for eProsima Fast-RTPS[0m
[ 14%] [34m[1mGenerating C++ introspection for ROS interfaces[0m
[ 16%] [32m[1mLinking C shared library libinterfaces__rosidl_generator_c.so[0m
[ 16%] Built target interfaces__rosidl_generator_c
[ 17%] [34m[1mGenerating C type support dispatch for ROS interfaces[0m
[ 19%] [34m[1mGenerating C introspection for ROS interfaces[0m
[ 19%] [34m[1mGenerating C type support for eProsima Fast-RTPS[0m
[ 20%] [32mBuilding CXX object CMakeFiles/interfaces__rosidl_typesupport_cpp.dir/rosidl_typesupport_cpp/interfaces/msg/base_state__type_support.cpp.o[0m
[ 21%] [32mBuilding CXX object CMakeFiles/interfaces__rosidl_typesupport_cpp.dir/rosidl_typesupport_cpp/interfaces/msg/motion_command__type_support.cpp.o[0m
[ 22%] [32mBuilding CXX object CMakeFiles/interfaces__rosidl_typesupport_cpp.dir/rosidl_typesupport_cpp/interfaces/msg/foot_state__type_support.cpp.o[0m
[ 25%] [32mBuilding CXX object CMakeFiles/interfaces__rosidl_typesupport_cpp.dir/rosidl_typesupport_cpp/interfaces/msg/gait_phase__type_support.cpp.o[0m
[ 25%] [32mBuilding CXX object CMakeFiles/interfaces__rosidl_typesupport_cpp.dir/rosidl_typesupport_cpp/interfaces/msg/contact_state__type_support.cpp.o[0m
[ 26%] [32mBuilding CXX object CMakeFiles/interfaces__rosidl_typesupport_cpp.dir/rosidl_typesupport_cpp/interfaces/msg/motor_command__type_support.cpp.o[0m
[ 27%] [32mBuilding CXX object CMakeFiles/interfaces__rosidl_typesupport_cpp.dir/rosidl_typesupport_cpp/interfaces/msg/single_foot_state__type_support.cpp.o[0m
[ 28%] [32mBuilding CXX object CMakeFiles/interfaces__rosidl_typesupport_cpp.dir/rosidl_typesupport_cpp/interfaces/msg/motor_command12__type_support.cpp.o[0m
[ 29%] [32mBuilding CXX object CMakeFiles/interfaces__rosidl_typesupport_fastrtps_cpp.dir/rosidl_typesupport_fastrtps_cpp/interfaces/msg/detail/dds_fastrtps/contact_state__type_support.cpp.o[0m
[ 31%] [32mBuilding CXX object CMakeFiles/interfaces__rosidl_typesupport_fastrtps_cpp.dir/rosidl_typesupport_fastrtps_cpp/interfaces/msg/detail/dds_fastrtps/base_state__type_support.cpp.o[0m
[ 32%] [32mBuilding CXX object CMakeFiles/interfaces__rosidl_typesupport_fastrtps_cpp.dir/rosidl_typesupport_fastrtps_cpp/interfaces/msg/detail/dds_fastrtps/motion_command__type_support.cpp.o[0m
[ 33%] [32mBuilding CXX object CMakeFiles/interfaces__rosidl_typesupport_fastrtps_cpp.dir/rosidl_typesupport_fastrtps_cpp/interfaces/msg/detail/dds_fastrtps/gait_phase__type_support.cpp.o[0m
[ 34%] [32mBuilding CXX object CMakeFiles/interfaces__rosidl_typesupport_c.dir/rosidl_typesupport_c/interfaces/msg/base_state__type_support.cpp.o[0m
[ 35%] [32mBuilding CXX object CMakeFiles/interfaces__rosidl_typesupport_c.dir/rosidl_typesupport_c/interfaces/msg/contact_state__type_support.cpp.o[0m
[ 36%] [32mBuilding CXX object CMakeFiles/interfaces__rosidl_typesupport_c.dir/rosidl_typesupport_c/interfaces/msg/gait_phase__type_support.cpp.o[0m
[ 37%] [32mBuilding CXX object CMakeFiles/interfaces__rosidl_typesupport_c.dir/rosidl_typesupport_c/interfaces/msg/motion_command__type_support.cpp.o[0m
[ 39%] [32mBuilding CXX object CMakeFiles/interfaces__rosidl_typesupport_fastrtps_cpp.dir/rosidl_typesupport_fastrtps_cpp/interfaces/msg/detail/dds_fastrtps/single_foot_state__type_support.cpp.o[0m
[ 40%] [32mBuilding CXX object CMakeFiles/interfaces__rosidl_typesupport_fastrtps_cpp.dir/rosidl_typesupport_fastrtps_cpp/interfaces/msg/detail/dds_fastrtps/foot_state__type_support.cpp.o[0m
[ 41%] [32mBuilding CXX object CMakeFiles/interfaces__rosidl_typesupport_c.dir/rosidl_typesupport_c/interfaces/msg/single_foot_state__type_support.cpp.o[0m
[ 42%] [32mBuilding CXX object CMakeFiles/interfaces__rosidl_typesupport_c.dir/rosidl_typesupport_c/interfaces/msg/foot_state__type_support.cpp.o[0m
[ 43%] [32mBuilding C object CMakeFiles/interfaces__rosidl_typesupport_introspection_c.dir/rosidl_typesupport_introspection_c/interfaces/msg/detail/base_state__type_support.c.o[0m
[ 44%] [32mBuilding CXX object CMakeFiles/interfaces__rosidl_typesupport_c.dir/rosidl_typesupport_c/interfaces/msg/motor_command12__type_support.cpp.o[0m
[ 45%] [32mBuilding CXX object CMakeFiles/interfaces__rosidl_typesupport_c.dir/rosidl_typesupport_c/interfaces/msg/motor_command__type_support.cpp.o[0m
[ 48%] [32mBuilding C object CMakeFiles/interfaces__rosidl_typesupport_introspection_c.dir/rosidl_typesupport_introspection_c/interfaces/msg/detail/contact_state__type_support.c.o[0m
[ 48%] [32mBuilding CXX object CMakeFiles/interfaces__rosidl_typesupport_fastrtps_cpp.dir/rosidl_typesupport_fastrtps_cpp/interfaces/msg/detail/dds_fastrtps/motor_command__type_support.cpp.o[0m
[ 49%] [32mBuilding C object CMakeFiles/interfaces__rosidl_typesupport_introspection_c.dir/rosidl_typesupport_introspection_c/interfaces/msg/detail/gait_phase__type_support.c.o[0m
[ 50%] [32m[1mLinking CXX shared library libinterfaces__rosidl_typesupport_c.so[0m
[ 51%] [32mBuilding C object CMakeFiles/interfaces__rosidl_typesupport_introspection_c.dir/rosidl_typesupport_introspection_c/interfaces/msg/detail/motion_command__type_support.c.o[0m
[ 52%] [32mBuilding C object CMakeFiles/interfaces__rosidl_typesupport_introspection_c.dir/rosidl_typesupport_introspection_c/interfaces/msg/detail/single_foot_state__type_support.c.o[0m
[ 54%] [32mBuilding C object CMakeFiles/interfaces__rosidl_typesupport_introspection_c.dir/rosidl_typesupport_introspection_c/interfaces/msg/detail/motor_command__type_support.c.o[0m
[ 55%] [32mBuilding CXX object CMakeFiles/interfaces__rosidl_typesupport_fastrtps_cpp.dir/rosidl_typesupport_fastrtps_cpp/interfaces/msg/detail/dds_fastrtps/motor_command12__type_support.cpp.o[0m
[ 56%] [32mBuilding C object CMakeFiles/interfaces__rosidl_typesupport_introspection_c.dir/rosidl_typesupport_introspection_c/interfaces/msg/detail/foot_state__type_support.c.o[0m
[ 57%] [32m[1mLinking CXX shared library libinterfaces__rosidl_typesupport_cpp.so[0m
[ 58%] [32mBuilding CXX object CMakeFiles/interfaces__rosidl_typesupport_introspection_cpp.dir/rosidl_typesupport_introspection_cpp/interfaces/msg/detail/base_state__type_support.cpp.o[0m
[ 59%] [32mBuilding C object CMakeFiles/interfaces__rosidl_typesupport_introspection_c.dir/rosidl_typesupport_introspection_c/interfaces/msg/detail/motor_command12__type_support.c.o[0m
[ 60%] [32mBuilding CXX object CMakeFiles/interfaces__rosidl_typesupport_introspection_cpp.dir/rosidl_typesupport_introspection_cpp/interfaces/msg/detail/contact_state__type_support.cpp.o[0m
[ 62%] [32mBuilding CXX object CMakeFiles/interfaces__rosidl_typesupport_introspection_cpp.dir/rosidl_typesupport_introspection_cpp/interfaces/msg/detail/gait_phase__type_support.cpp.o[0m
[ 63%] [32mBuilding CXX object CMakeFiles/interfaces__rosidl_typesupport_introspection_cpp.dir/rosidl_typesupport_introspection_cpp/interfaces/msg/detail/motion_command__type_support.cpp.o[0m
[ 63%] Built target interfaces__rosidl_typesupport_c
[ 64%] [32mBuilding CXX object CMakeFiles/interfaces__rosidl_typesupport_introspection_cpp.dir/rosidl_typesupport_introspection_cpp/interfaces/msg/detail/single_foot_state__type_support.cpp.o[0m
[ 64%] Built target interfaces__rosidl_typesupport_cpp
[ 65%] [32mBuilding CXX object CMakeFiles/interfaces__rosidl_typesupport_introspection_cpp.dir/rosidl_typesupport_introspection_cpp/interfaces/msg/detail/foot_state__type_support.cpp.o[0m
[ 66%] [32mBuilding CXX object CMakeFiles/interfaces__rosidl_typesupport_introspection_cpp.dir/rosidl_typesupport_introspection_cpp/interfaces/msg/detail/motor_command__type_support.cpp.o[0m
[ 67%] [32m[1mLinking C shared library libinterfaces__rosidl_typesupport_introspection_c.so[0m
[ 68%] [32mBuilding CXX object CMakeFiles/interfaces__rosidl_typesupport_introspection_cpp.dir/rosidl_typesupport_introspection_cpp/interfaces/msg/detail/motor_command12__type_support.cpp.o[0m
[ 68%] Built target interfaces__rosidl_typesupport_introspection_c
[ 70%] [32mBuilding CXX object CMakeFiles/interfaces__rosidl_typesupport_fastrtps_c.dir/rosidl_typesupport_fastrtps_c/interfaces/msg/detail/contact_state__type_support_c.cpp.o[0m
[ 71%] [32mBuilding CXX object CMakeFiles/interfaces__rosidl_typesupport_fastrtps_c.dir/rosidl_typesupport_fastrtps_c/interfaces/msg/detail/single_foot_state__type_support_c.cpp.o[0m
[ 72%] [32mBuilding CXX object CMakeFiles/interfaces__rosidl_typesupport_fastrtps_c.dir/rosidl_typesupport_fastrtps_c/interfaces/msg/detail/motion_command__type_support_c.cpp.o[0m
[ 74%] [32mBuilding CXX object CMakeFiles/interfaces__rosidl_typesupport_fastrtps_c.dir/rosidl_typesupport_fastrtps_c/interfaces/msg/detail/motor_command12__type_support_c.cpp.o[0m
[ 74%] [32mBuilding CXX object CMakeFiles/interfaces__rosidl_typesupport_fastrtps_c.dir/rosidl_typesupport_fastrtps_c/interfaces/msg/detail/motor_command__type_support_c.cpp.o[0m
[ 75%] [32mBuilding CXX object CMakeFiles/interfaces__rosidl_typesupport_fastrtps_c.dir/rosidl_typesupport_fastrtps_c/interfaces/msg/detail/gait_phase__type_support_c.cpp.o[0m
[ 77%] [32mBuilding CXX object CMakeFiles/interfaces__rosidl_typesupport_fastrtps_c.dir/rosidl_typesupport_fastrtps_c/interfaces/msg/detail/base_state__type_support_c.cpp.o[0m
[ 78%] [32mBuilding CXX object CMakeFiles/interfaces__rosidl_typesupport_fastrtps_c.dir/rosidl_typesupport_fastrtps_c/interfaces/msg/detail/foot_state__type_support_c.cpp.o[0m
[ 79%] [32m[1mLinking CXX shared library libinterfaces__rosidl_typesupport_fastrtps_cpp.so[0m
[ 79%] Built target interfaces__rosidl_typesupport_fastrtps_cpp
[ 80%] [32m[1mLinking CXX shared library libinterfaces__rosidl_typesupport_introspection_cpp.so[0m
[ 80%] Built target interfaces__rosidl_typesupport_introspection_cpp
[ 81%] [32m[1mLinking CXX shared library libinterfaces__rosidl_typesupport_fastrtps_c.so[0m
[ 81%] Built target interfaces__rosidl_typesupport_fastrtps_c
[ 81%] Built target interfaces
[ 82%] [34m[1mGenerating Python code for ROS interfaces[0m
[ 82%] Built target interfaces__py
[ 86%] [32mBuilding C object CMakeFiles/interfaces__rosidl_generator_py.dir/rosidl_generator_py/interfaces/msg/_foot_state_s.c.o[0m
[ 86%] [32mBuilding C object CMakeFiles/interfaces__rosidl_generator_py.dir/rosidl_generator_py/interfaces/msg/_motion_command_s.c.o[0m
[ 86%] [32mBuilding C object CMakeFiles/interfaces__rosidl_generator_py.dir/rosidl_generator_py/interfaces/msg/_single_foot_state_s.c.o[0m
[ 87%] [32mBuilding C object CMakeFiles/interfaces__rosidl_generator_py.dir/rosidl_generator_py/interfaces/msg/_motor_command_s.c.o[0m
[ 88%] [32mBuilding C object CMakeFiles/interfaces__rosidl_generator_py.dir/rosidl_generator_py/interfaces/msg/_base_state_s.c.o[0m
[ 89%] [32mBuilding C object CMakeFiles/interfaces__rosidl_generator_py.dir/rosidl_generator_py/interfaces/msg/_contact_state_s.c.o[0m
[ 90%] [32mBuilding C object CMakeFiles/interfaces__rosidl_generator_py.dir/rosidl_generator_py/interfaces/msg/_gait_phase_s.c.o[0m
[ 91%] [32mBuilding C object CMakeFiles/interfaces__rosidl_generator_py.dir/rosidl_generator_py/interfaces/msg/_motor_command12_s.c.o[0m
[ 93%] [32m[1mLinking C shared library rosidl_generator_py/interfaces/libinterfaces__rosidl_generator_py.so[0m
[ 93%] Built target interfaces__rosidl_generator_py
[ 95%] [32mBuilding C object CMakeFiles/interfaces__rosidl_typesupport_fastrtps_c__pyext.dir/rosidl_generator_py/interfaces/_interfaces_s.ep.rosidl_typesupport_fastrtps_c.c.o[0m
[ 95%] [32mBuilding C object CMakeFiles/interfaces__rosidl_typesupport_introspection_c__pyext.dir/rosidl_generator_py/interfaces/_interfaces_s.ep.rosidl_typesupport_introspection_c.c.o[0m
[ 96%] [32mBuilding C object CMakeFiles/interfaces__rosidl_typesupport_c__pyext.dir/rosidl_generator_py/interfaces/_interfaces_s.ep.rosidl_typesupport_c.c.o[0m
[ 97%] [32m[1mLinking C shared library rosidl_generator_py/interfaces/interfaces_s__rosidl_typesupport_introspection_c.cpython-310-x86_64-linux-gnu.so[0m
[ 98%] [32m[1mLinking C shared library rosidl_generator_py/interfaces/interfaces_s__rosidl_typesupport_fastrtps_c.cpython-310-x86_64-linux-gnu.so[0m
[100%] [32m[1mLinking C shared library rosidl_generator_py/interfaces/interfaces_s__rosidl_typesupport_c.cpython-310-x86_64-linux-gnu.so[0m
[100%] Built target interfaces__rosidl_typesupport_introspection_c__pyext
[100%] Built target interfaces__rosidl_typesupport_fastrtps_c__pyext
[100%] Built target interfaces__rosidl_typesupport_c__pyext
-- Install configuration: ""
-- Installing: /home/lzh/VMC_Quadruped/src/interfaces/install/interfaces/share/ament_index/resource_index/rosidl_interfaces/interfaces
-- Installing: /home/lzh/VMC_Quadruped/src/interfaces/install/interfaces/include/interfaces/interfaces
-- Installing: /home/lzh/VMC_Quadruped/src/interfaces/install/interfaces/include/interfaces/interfaces/msg
-- Installing: /home/lzh/VMC_Quadruped/src/interfaces/install/interfaces/include/interfaces/interfaces/msg/detail
-- Installing: /home/lzh/VMC_Quadruped/src/interfaces/install/interfaces/include/interfaces/interfaces/msg/detail/base_state__functions.c
-- Installing: /home/lzh/VMC_Quadruped/src/interfaces/install/interfaces/include/interfaces/interfaces/msg/detail/motor_command12__struct.h
-- Installing: /home/lzh/VMC_Quadruped/src/interfaces/install/interfaces/include/interfaces/interfaces/msg/detail/single_foot_state__struct.h
-- Installing: /home/lzh/VMC_Quadruped/src/interfaces/install/interfaces/include/interfaces/interfaces/msg/detail/motion_command__struct.h
-- Installing: /home/lzh/VMC_Quadruped/src/interfaces/install/interfaces/include/interfaces/interfaces/msg/detail/gait_phase__functions.c
-- Installing: /home/lzh/VMC_Quadruped/src/interfaces/install/interfaces/include/interfaces/interfaces/msg/detail/base_state__type_support.h
-- Installing: /home/lzh/VMC_Quadruped/src/interfaces/install/interfaces/include/interfaces/interfaces/msg/detail/contact_state__type_support.h
-- Installing: /home/lzh/VMC_Quadruped/src/interfaces/install/interfaces/include/interfaces/interfaces/msg/detail/motor_command12__functions.c
-- Installing: /home/lzh/VMC_Quadruped/src/interfaces/install/interfaces/include/interfaces/interfaces/msg/detail/base_state__struct.h
-- Installing: /home/lzh/VMC_Quadruped/src/interfaces/install/interfaces/include/interfaces/interfaces/msg/detail/single_foot_state__functions.c
-- Installing: /home/lzh/VMC_Quadruped/src/interfaces/install/interfaces/include/interfaces/interfaces/msg/detail/motion_command__functions.c
-- Installing: /home/lzh/VMC_Quadruped/src/interfaces/install/interfaces/include/interfaces/interfaces/msg/detail/motor_command__struct.h
-- Installing: /home/lzh/VMC_Quadruped/src/interfaces/install/interfaces/include/interfaces/interfaces/msg/detail/foot_state__struct.h
-- Installing: /home/lzh/VMC_Quadruped/src/interfaces/install/interfaces/include/interfaces/interfaces/msg/detail/motor_command__functions.c
-- Installing: /home/lzh/VMC_Quadruped/src/interfaces/install/interfaces/include/interfaces/interfaces/msg/detail/motor_command__type_support.h
-- Installing: /home/lzh/VMC_Quadruped/src/interfaces/install/interfaces/include/interfaces/interfaces/msg/detail/single_foot_state__functions.h
-- Installing: /home/lzh/VMC_Quadruped/src/interfaces/install/interfaces/include/interfaces/interfaces/msg/detail/foot_state__type_support.h
-- Installing: /home/lzh/VMC_Quadruped/src/interfaces/install/interfaces/include/interfaces/interfaces/msg/detail/foot_state__functions.c
-- Installing: /home/lzh/VMC_Quadruped/src/interfaces/install/interfaces/include/interfaces/interfaces/msg/detail/base_state__functions.h
-- Installing: /home/lzh/VMC_Quadruped/src/interfaces/install/interfaces/include/interfaces/interfaces/msg/detail/contact_state__functions.c
-- Installing: /home/lzh/VMC_Quadruped/src/interfaces/install/interfaces/include/interfaces/interfaces/msg/detail/motion_command__functions.h
-- Installing: /home/lzh/VMC_Quadruped/src/interfaces/install/interfaces/include/interfaces/interfaces/msg/detail/motor_command12__type_support.h
-- Installing: /home/lzh/VMC_Quadruped/src/interfaces/install/interfaces/include/interfaces/interfaces/msg/detail/gait_phase__functions.h
-- Installing: /home/lzh/VMC_Quadruped/src/interfaces/install/interfaces/include/interfaces/interfaces/msg/detail/contact_state__functions.h
-- Installing: /home/lzh/VMC_Quadruped/src/interfaces/install/interfaces/include/interfaces/interfaces/msg/detail/foot_state__functions.h
-- Installing: /home/lzh/VMC_Quadruped/src/interfaces/install/interfaces/include/interfaces/interfaces/msg/detail/motor_command__functions.h
-- Installing: /home/lzh/VMC_Quadruped/src/interfaces/install/interfaces/include/interfaces/interfaces/msg/detail/single_foot_state__type_support.h
-- Installing: /home/lzh/VMC_Quadruped/src/interfaces/install/interfaces/include/interfaces/interfaces/msg/detail/contact_state__struct.h
-- Installing: /home/lzh/VMC_Quadruped/src/interfaces/install/interfaces/include/interfaces/interfaces/msg/detail/gait_phase__struct.h
-- Installing: /home/lzh/VMC_Quadruped/src/interfaces/install/interfaces/include/interfaces/interfaces/msg/detail/motor_command12__functions.h
-- Installing: /home/lzh/VMC_Quadruped/src/interfaces/install/interfaces/include/interfaces/interfaces/msg/detail/motion_command__type_support.h
-- Installing: /home/lzh/VMC_Quadruped/src/interfaces/install/interfaces/include/interfaces/interfaces/msg/detail/gait_phase__type_support.h
-- Installing: /home/lzh/VMC_Quadruped/src/interfaces/install/interfaces/include/interfaces/interfaces/msg/motor_command12.h
-- Installing: /home/lzh/VMC_Quadruped/src/interfaces/install/interfaces/include/interfaces/interfaces/msg/single_foot_state.h
-- Installing: /home/lzh/VMC_Quadruped/src/interfaces/install/interfaces/include/interfaces/interfaces/msg/rosidl_generator_c__visibility_control.h
-- Installing: /home/lzh/VMC_Quadruped/src/interfaces/install/interfaces/include/interfaces/interfaces/msg/contact_state.h
-- Installing: /home/lzh/VMC_Quadruped/src/interfaces/install/interfaces/include/interfaces/interfaces/msg/foot_state.h
-- Installing: /home/lzh/VMC_Quadruped/src/interfaces/install/interfaces/include/interfaces/interfaces/msg/motor_command.h
-- Installing: /home/lzh/VMC_Quadruped/src/interfaces/install/interfaces/include/interfaces/interfaces/msg/motion_command.h
-- Installing: /home/lzh/VMC_Quadruped/src/interfaces/install/interfaces/include/interfaces/interfaces/msg/gait_phase.h
-- Installing: /home/lzh/VMC_Quadruped/src/interfaces/install/interfaces/include/interfaces/interfaces/msg/base_state.h
-- Installing: /home/lzh/VMC_Quadruped/src/interfaces/install/interfaces/share/interfaces/environment/library_path.sh
-- Installing: /home/lzh/VMC_Quadruped/src/interfaces/install/interfaces/share/interfaces/environment/library_path.dsv
-- Installing: /home/lzh/VMC_Quadruped/src/interfaces/install/interfaces/lib/libinterfaces__rosidl_generator_c.so
-- Set runtime path of "/home/lzh/VMC_Quadruped/src/interfaces/install/interfaces/lib/libinterfaces__rosidl_generator_c.so" to ""
-- Up-to-date: /home/lzh/VMC_Quadruped/src/interfaces/install/interfaces/include/interfaces/interfaces
-- Up-to-date: /home/lzh/VMC_Quadruped/src/interfaces/install/interfaces/include/interfaces/interfaces/msg
-- Up-to-date: /home/lzh/VMC_Quadruped/src/interfaces/install/interfaces/include/interfaces/interfaces/msg/detail
-- Installing: /home/lzh/VMC_Quadruped/src/interfaces/install/interfaces/include/interfaces/interfaces/msg/detail/motor_command12__rosidl_typesupport_fastrtps_c.h
-- Installing: /home/lzh/VMC_Quadruped/src/interfaces/install/interfaces/include/interfaces/interfaces/msg/detail/motion_command__rosidl_typesupport_fastrtps_c.h
-- Installing: /home/lzh/VMC_Quadruped/src/interfaces/install/interfaces/include/interfaces/interfaces/msg/detail/contact_state__rosidl_typesupport_fastrtps_c.h
-- Installing: /home/lzh/VMC_Quadruped/src/interfaces/install/interfaces/include/interfaces/interfaces/msg/detail/single_foot_state__rosidl_typesupport_fastrtps_c.h
-- Installing: /home/lzh/VMC_Quadruped/src/interfaces/install/interfaces/include/interfaces/interfaces/msg/detail/foot_state__rosidl_typesupport_fastrtps_c.h
-- Installing: /home/lzh/VMC_Quadruped/src/interfaces/install/interfaces/include/interfaces/interfaces/msg/detail/motor_command__rosidl_typesupport_fastrtps_c.h
-- Installing: /home/lzh/VMC_Quadruped/src/interfaces/install/interfaces/include/interfaces/interfaces/msg/detail/base_state__rosidl_typesupport_fastrtps_c.h
-- Installing: /home/lzh/VMC_Quadruped/src/interfaces/install/interfaces/include/interfaces/interfaces/msg/detail/gait_phase__rosidl_typesupport_fastrtps_c.h
-- Installing: /home/lzh/VMC_Quadruped/src/interfaces/install/interfaces/include/interfaces/interfaces/msg/rosidl_typesupport_fastrtps_c__visibility_control.h
-- Installing: /home/lzh/VMC_Quadruped/src/interfaces/install/interfaces/lib/libinterfaces__rosidl_typesupport_fastrtps_c.so
-- Set runtime path of "/home/lzh/VMC_Quadruped/src/interfaces/install/interfaces/lib/libinterfaces__rosidl_typesupport_fastrtps_c.so" to ""
-- Up-to-date: /home/lzh/VMC_Quadruped/src/interfaces/install/interfaces/include/interfaces/interfaces
-- Up-to-date: /home/lzh/VMC_Quadruped/src/interfaces/install/interfaces/include/interfaces/interfaces/msg
-- Up-to-date: /home/lzh/VMC_Quadruped/src/interfaces/install/interfaces/include/interfaces/interfaces/msg/detail
-- Installing: /home/lzh/VMC_Quadruped/src/interfaces/install/interfaces/include/interfaces/interfaces/msg/detail/base_state__type_support.c
-- Installing: /home/lzh/VMC_Quadruped/src/interfaces/install/interfaces/include/interfaces/interfaces/msg/detail/contact_state__rosidl_typesupport_introspection_c.h
-- Installing: /home/lzh/VMC_Quadruped/src/interfaces/install/interfaces/include/interfaces/interfaces/msg/detail/foot_state__rosidl_typesupport_introspection_c.h
-- Installing: /home/lzh/VMC_Quadruped/src/interfaces/install/interfaces/include/interfaces/interfaces/msg/detail/motion_command__type_support.c
-- Installing: /home/lzh/VMC_Quadruped/src/interfaces/install/interfaces/include/interfaces/interfaces/msg/detail/gait_phase__type_support.c
-- Installing: /home/lzh/VMC_Quadruped/src/interfaces/install/interfaces/include/interfaces/interfaces/msg/detail/motor_command__rosidl_typesupport_introspection_c.h
-- Installing: /home/lzh/VMC_Quadruped/src/interfaces/install/interfaces/include/interfaces/interfaces/msg/detail/motor_command12__rosidl_typesupport_introspection_c.h
-- Installing: /home/lzh/VMC_Quadruped/src/interfaces/install/interfaces/include/interfaces/interfaces/msg/detail/motor_command__type_support.c
-- Installing: /home/lzh/VMC_Quadruped/src/interfaces/install/interfaces/include/interfaces/interfaces/msg/detail/single_foot_state__type_support.c
-- Installing: /home/lzh/VMC_Quadruped/src/interfaces/install/interfaces/include/interfaces/interfaces/msg/detail/gait_phase__rosidl_typesupport_introspection_c.h
-- Installing: /home/lzh/VMC_Quadruped/src/interfaces/install/interfaces/include/interfaces/interfaces/msg/detail/motion_command__rosidl_typesupport_introspection_c.h
-- Installing: /home/lzh/VMC_Quadruped/src/interfaces/install/interfaces/include/interfaces/interfaces/msg/detail/base_state__rosidl_typesupport_introspection_c.h
-- Installing: /home/lzh/VMC_Quadruped/src/interfaces/install/interfaces/include/interfaces/interfaces/msg/detail/foot_state__type_support.c
-- Installing: /home/lzh/VMC_Quadruped/src/interfaces/install/interfaces/include/interfaces/interfaces/msg/detail/motor_command12__type_support.c
-- Installing: /home/lzh/VMC_Quadruped/src/interfaces/install/interfaces/include/interfaces/interfaces/msg/detail/contact_state__type_support.c
-- Installing: /home/lzh/VMC_Quadruped/src/interfaces/install/interfaces/include/interfaces/interfaces/msg/detail/single_foot_state__rosidl_typesupport_introspection_c.h
-- Installing: /home/lzh/VMC_Quadruped/src/interfaces/install/interfaces/include/interfaces/interfaces/msg/rosidl_typesupport_introspection_c__visibility_control.h
-- Installing: /home/lzh/VMC_Quadruped/src/interfaces/install/interfaces/lib/libinterfaces__rosidl_typesupport_introspection_c.so
-- Set runtime path of "/home/lzh/VMC_Quadruped/src/interfaces/install/interfaces/lib/libinterfaces__rosidl_typesupport_introspection_c.so" to ""
-- Installing: /home/lzh/VMC_Quadruped/src/interfaces/install/interfaces/lib/libinterfaces__rosidl_typesupport_c.so
-- Set runtime path of "/home/lzh/VMC_Quadruped/src/interfaces/install/interfaces/lib/libinterfaces__rosidl_typesupport_c.so" to ""
-- Up-to-date: /home/lzh/VMC_Quadruped/src/interfaces/install/interfaces/include/interfaces/interfaces
-- Up-to-date: /home/lzh/VMC_Quadruped/src/interfaces/install/interfaces/include/interfaces/interfaces/msg
-- Up-to-date: /home/lzh/VMC_Quadruped/src/interfaces/install/interfaces/include/interfaces/interfaces/msg/detail
-- Installing: /home/lzh/VMC_Quadruped/src/interfaces/install/interfaces/include/interfaces/interfaces/msg/detail/foot_state__type_support.hpp
-- Installing: /home/lzh/VMC_Quadruped/src/interfaces/install/interfaces/include/interfaces/interfaces/msg/detail/base_state__type_support.hpp
-- Installing: /home/lzh/VMC_Quadruped/src/interfaces/install/interfaces/include/interfaces/interfaces/msg/detail/base_state__struct.hpp
-- Installing: /home/lzh/VMC_Quadruped/src/interfaces/install/interfaces/include/interfaces/interfaces/msg/detail/motor_command12__struct.hpp
-- Installing: /home/lzh/VMC_Quadruped/src/interfaces/install/interfaces/include/interfaces/interfaces/msg/detail/gait_phase__struct.hpp
-- Installing: /home/lzh/VMC_Quadruped/src/interfaces/install/interfaces/include/interfaces/interfaces/msg/detail/base_state__builder.hpp
-- Installing: /home/lzh/VMC_Quadruped/src/interfaces/install/interfaces/include/interfaces/interfaces/msg/detail/motion_command__struct.hpp
-- Installing: /home/lzh/VMC_Quadruped/src/interfaces/install/interfaces/include/interfaces/interfaces/msg/detail/gait_phase__traits.hpp
-- Installing: /home/lzh/VMC_Quadruped/src/interfaces/install/interfaces/include/interfaces/interfaces/msg/detail/foot_state__builder.hpp
-- Installing: /home/lzh/VMC_Quadruped/src/interfaces/install/interfaces/include/interfaces/interfaces/msg/detail/motor_command12__traits.hpp
-- Installing: /home/lzh/VMC_Quadruped/src/interfaces/install/interfaces/include/interfaces/interfaces/msg/detail/motor_command__type_support.hpp
-- Installing: /home/lzh/VMC_Quadruped/src/interfaces/install/interfaces/include/interfaces/interfaces/msg/detail/single_foot_state__type_support.hpp
-- Installing: /home/lzh/VMC_Quadruped/src/interfaces/install/interfaces/include/interfaces/interfaces/msg/detail/gait_phase__builder.hpp
-- Installing: /home/lzh/VMC_Quadruped/src/interfaces/install/interfaces/include/interfaces/interfaces/msg/detail/motion_command__type_support.hpp
-- Installing: /home/lzh/VMC_Quadruped/src/interfaces/install/interfaces/include/interfaces/interfaces/msg/detail/contact_state__struct.hpp
-- Installing: /home/lzh/VMC_Quadruped/src/interfaces/install/interfaces/include/interfaces/interfaces/msg/detail/motor_command__struct.hpp
-- Installing: /home/lzh/VMC_Quadruped/src/interfaces/install/interfaces/include/interfaces/interfaces/msg/detail/contact_state__traits.hpp
-- Installing: /home/lzh/VMC_Quadruped/src/interfaces/install/interfaces/include/interfaces/interfaces/msg/detail/base_state__traits.hpp
-- Installing: /home/lzh/VMC_Quadruped/src/interfaces/install/interfaces/include/interfaces/interfaces/msg/detail/foot_state__struct.hpp
-- Installing: /home/lzh/VMC_Quadruped/src/interfaces/install/interfaces/include/interfaces/interfaces/msg/detail/single_foot_state__traits.hpp
-- Installing: /home/lzh/VMC_Quadruped/src/interfaces/install/interfaces/include/interfaces/interfaces/msg/detail/motion_command__traits.hpp
-- Installing: /home/lzh/VMC_Quadruped/src/interfaces/install/interfaces/include/interfaces/interfaces/msg/detail/motor_command__traits.hpp
-- Installing: /home/lzh/VMC_Quadruped/src/interfaces/install/interfaces/include/interfaces/interfaces/msg/detail/foot_state__traits.hpp
-- Installing: /home/lzh/VMC_Quadruped/src/interfaces/install/interfaces/include/interfaces/interfaces/msg/detail/motor_command12__type_support.hpp
-- Installing: /home/lzh/VMC_Quadruped/src/interfaces/install/interfaces/include/interfaces/interfaces/msg/detail/motion_command__builder.hpp
-- Installing: /home/lzh/VMC_Quadruped/src/interfaces/install/interfaces/include/interfaces/interfaces/msg/detail/motor_command12__builder.hpp
-- Installing: /home/lzh/VMC_Quadruped/src/interfaces/install/interfaces/include/interfaces/interfaces/msg/detail/gait_phase__type_support.hpp
-- Installing: /home/lzh/VMC_Quadruped/src/interfaces/install/interfaces/include/interfaces/interfaces/msg/detail/motor_command__builder.hpp
-- Installing: /home/lzh/VMC_Quadruped/src/interfaces/install/interfaces/include/interfaces/interfaces/msg/detail/single_foot_state__builder.hpp
-- Installing: /home/lzh/VMC_Quadruped/src/interfaces/install/interfaces/include/interfaces/interfaces/msg/detail/contact_state__builder.hpp
-- Installing: /home/lzh/VMC_Quadruped/src/interfaces/install/interfaces/include/interfaces/interfaces/msg/detail/single_foot_state__struct.hpp
-- Installing: /home/lzh/VMC_Quadruped/src/interfaces/install/interfaces/include/interfaces/interfaces/msg/detail/contact_state__type_support.hpp
-- Installing: /home/lzh/VMC_Quadruped/src/interfaces/install/interfaces/include/interfaces/interfaces/msg/rosidl_generator_cpp__visibility_control.hpp
-- Installing: /home/lzh/VMC_Quadruped/src/interfaces/install/interfaces/include/interfaces/interfaces/msg/foot_state.hpp
-- Installing: /home/lzh/VMC_Quadruped/src/interfaces/install/interfaces/include/interfaces/interfaces/msg/motor_command.hpp
-- Installing: /home/lzh/VMC_Quadruped/src/interfaces/install/interfaces/include/interfaces/interfaces/msg/single_foot_state.hpp
-- Installing: /home/lzh/VMC_Quadruped/src/interfaces/install/interfaces/include/interfaces/interfaces/msg/base_state.hpp
-- Installing: /home/lzh/VMC_Quadruped/src/interfaces/install/interfaces/include/interfaces/interfaces/msg/motor_command12.hpp
-- Installing: /home/lzh/VMC_Quadruped/src/interfaces/install/interfaces/include/interfaces/interfaces/msg/gait_phase.hpp
-- Installing: /home/lzh/VMC_Quadruped/src/interfaces/install/interfaces/include/interfaces/interfaces/msg/contact_state.hpp
-- Installing: /home/lzh/VMC_Quadruped/src/interfaces/install/interfaces/include/interfaces/interfaces/msg/motion_command.hpp
-- Up-to-date: /home/lzh/VMC_Quadruped/src/interfaces/install/interfaces/include/interfaces/interfaces
-- Up-to-date: /home/lzh/VMC_Quadruped/src/interfaces/install/interfaces/include/interfaces/interfaces/msg
-- Up-to-date: /home/lzh/VMC_Quadruped/src/interfaces/install/interfaces/include/interfaces/interfaces/msg/detail
-- Installing: /home/lzh/VMC_Quadruped/src/interfaces/install/interfaces/include/interfaces/interfaces/msg/detail/base_state__rosidl_typesupport_fastrtps_cpp.hpp
-- Installing: /home/lzh/VMC_Quadruped/src/interfaces/install/interfaces/include/interfaces/interfaces/msg/detail/foot_state__rosidl_typesupport_fastrtps_cpp.hpp
-- Installing: /home/lzh/VMC_Quadruped/src/interfaces/install/interfaces/include/interfaces/interfaces/msg/detail/gait_phase__rosidl_typesupport_fastrtps_cpp.hpp
-- Installing: /home/lzh/VMC_Quadruped/src/interfaces/install/interfaces/include/interfaces/interfaces/msg/detail/dds_fastrtps
-- Installing: /home/lzh/VMC_Quadruped/src/interfaces/install/interfaces/include/interfaces/interfaces/msg/detail/single_foot_state__rosidl_typesupport_fastrtps_cpp.hpp
-- Installing: /home/lzh/VMC_Quadruped/src/interfaces/install/interfaces/include/interfaces/interfaces/msg/detail/motor_command12__rosidl_typesupport_fastrtps_cpp.hpp
-- Installing: /home/lzh/VMC_Quadruped/src/interfaces/install/interfaces/include/interfaces/interfaces/msg/detail/motor_command__rosidl_typesupport_fastrtps_cpp.hpp
-- Installing: /home/lzh/VMC_Quadruped/src/interfaces/install/interfaces/include/interfaces/interfaces/msg/detail/motion_command__rosidl_typesupport_fastrtps_cpp.hpp
-- Installing: /home/lzh/VMC_Quadruped/src/interfaces/install/interfaces/include/interfaces/interfaces/msg/detail/contact_state__rosidl_typesupport_fastrtps_cpp.hpp
-- Installing: /home/lzh/VMC_Quadruped/src/interfaces/install/interfaces/include/interfaces/interfaces/msg/rosidl_typesupport_fastrtps_cpp__visibility_control.h
-- Installing: /home/lzh/VMC_Quadruped/src/interfaces/install/interfaces/lib/libinterfaces__rosidl_typesupport_fastrtps_cpp.so
-- Set runtime path of "/home/lzh/VMC_Quadruped/src/interfaces/install/interfaces/lib/libinterfaces__rosidl_typesupport_fastrtps_cpp.so" to ""
-- Up-to-date: /home/lzh/VMC_Quadruped/src/interfaces/install/interfaces/include/interfaces/interfaces
-- Up-to-date: /home/lzh/VMC_Quadruped/src/interfaces/install/interfaces/include/interfaces/interfaces/msg
-- Up-to-date: /home/lzh/VMC_Quadruped/src/interfaces/install/interfaces/include/interfaces/interfaces/msg/detail
-- Installing: /home/lzh/VMC_Quadruped/src/interfaces/install/interfaces/include/interfaces/interfaces/msg/detail/motion_command__type_support.cpp
-- Installing: /home/lzh/VMC_Quadruped/src/interfaces/install/interfaces/include/interfaces/interfaces/msg/detail/single_foot_state__rosidl_typesupport_introspection_cpp.hpp
-- Installing: /home/lzh/VMC_Quadruped/src/interfaces/install/interfaces/include/interfaces/interfaces/msg/detail/contact_state__rosidl_typesupport_introspection_cpp.hpp
-- Installing: /home/lzh/VMC_Quadruped/src/interfaces/install/interfaces/include/interfaces/interfaces/msg/detail/gait_phase__rosidl_typesupport_introspection_cpp.hpp
-- Installing: /home/lzh/VMC_Quadruped/src/interfaces/install/interfaces/include/interfaces/interfaces/msg/detail/motor_command__rosidl_typesupport_introspection_cpp.hpp
-- Installing: /home/lzh/VMC_Quadruped/src/interfaces/install/interfaces/include/interfaces/interfaces/msg/detail/foot_state__rosidl_typesupport_introspection_cpp.hpp
-- Installing: /home/lzh/VMC_Quadruped/src/interfaces/install/interfaces/include/interfaces/interfaces/msg/detail/contact_state__type_support.cpp
-- Installing: /home/lzh/VMC_Quadruped/src/interfaces/install/interfaces/include/interfaces/interfaces/msg/detail/motor_command12__type_support.cpp
-- Installing: /home/lzh/VMC_Quadruped/src/interfaces/install/interfaces/include/interfaces/interfaces/msg/detail/single_foot_state__type_support.cpp
-- Installing: /home/lzh/VMC_Quadruped/src/interfaces/install/interfaces/include/interfaces/interfaces/msg/detail/motion_command__rosidl_typesupport_introspection_cpp.hpp
-- Installing: /home/lzh/VMC_Quadruped/src/interfaces/install/interfaces/include/interfaces/interfaces/msg/detail/base_state__type_support.cpp
-- Installing: /home/lzh/VMC_Quadruped/src/interfaces/install/interfaces/include/interfaces/interfaces/msg/detail/gait_phase__type_support.cpp
-- Installing: /home/lzh/VMC_Quadruped/src/interfaces/install/interfaces/include/interfaces/interfaces/msg/detail/motor_command__type_support.cpp
-- Installing: /home/lzh/VMC_Quadruped/src/interfaces/install/interfaces/include/interfaces/interfaces/msg/detail/foot_state__type_support.cpp
-- Installing: /home/lzh/VMC_Quadruped/src/interfaces/install/interfaces/include/interfaces/interfaces/msg/detail/base_state__rosidl_typesupport_introspection_cpp.hpp
-- Installing: /home/lzh/VMC_Quadruped/src/interfaces/install/interfaces/include/interfaces/interfaces/msg/detail/motor_command12__rosidl_typesupport_introspection_cpp.hpp
-- Installing: /home/lzh/VMC_Quadruped/src/interfaces/install/interfaces/lib/libinterfaces__rosidl_typesupport_introspection_cpp.so
-- Set runtime path of "/home/lzh/VMC_Quadruped/src/interfaces/install/interfaces/lib/libinterfaces__rosidl_typesupport_introspection_cpp.so" to ""
-- Installing: /home/lzh/VMC_Quadruped/src/interfaces/install/interfaces/lib/libinterfaces__rosidl_typesupport_cpp.so
-- Set runtime path of "/home/lzh/VMC_Quadruped/src/interfaces/install/interfaces/lib/libinterfaces__rosidl_typesupport_cpp.so" to ""
-- Installing: /home/lzh/VMC_Quadruped/src/interfaces/install/interfaces/share/interfaces/environment/pythonpath.sh
-- Installing: /home/lzh/VMC_Quadruped/src/interfaces/install/interfaces/share/interfaces/environment/pythonpath.dsv
-- Installing: /home/lzh/VMC_Quadruped/src/interfaces/install/interfaces/local/lib/python3.10/dist-packages/interfaces-0.0.0-py3.10.egg-info
-- Installing: /home/lzh/VMC_Quadruped/src/interfaces/install/interfaces/local/lib/python3.10/dist-packages/interfaces-0.0.0-py3.10.egg-info/PKG-INFO
-- Installing: /home/lzh/VMC_Quadruped/src/interfaces/install/interfaces/local/lib/python3.10/dist-packages/interfaces-0.0.0-py3.10.egg-info/top_level.txt
-- Installing: /home/lzh/VMC_Quadruped/src/interfaces/install/interfaces/local/lib/python3.10/dist-packages/interfaces-0.0.0-py3.10.egg-info/SOURCES.txt
-- Installing: /home/lzh/VMC_Quadruped/src/interfaces/install/interfaces/local/lib/python3.10/dist-packages/interfaces-0.0.0-py3.10.egg-info/dependency_links.txt
-- Installing: /home/lzh/VMC_Quadruped/src/interfaces/install/interfaces/local/lib/python3.10/dist-packages/interfaces
-- Installing: /home/lzh/VMC_Quadruped/src/interfaces/install/interfaces/local/lib/python3.10/dist-packages/interfaces/libinterfaces__rosidl_generator_py.so
-- Installing: /home/lzh/VMC_Quadruped/src/interfaces/install/interfaces/local/lib/python3.10/dist-packages/interfaces/__init__.py
-- Installing: /home/lzh/VMC_Quadruped/src/interfaces/install/interfaces/local/lib/python3.10/dist-packages/interfaces/interfaces_s__rosidl_typesupport_c.cpython-310-x86_64-linux-gnu.so
-- Installing: /home/lzh/VMC_Quadruped/src/interfaces/install/interfaces/local/lib/python3.10/dist-packages/interfaces/msg
-- Installing: /home/lzh/VMC_Quadruped/src/interfaces/install/interfaces/local/lib/python3.10/dist-packages/interfaces/msg/_single_foot_state.py
-- Installing: /home/lzh/VMC_Quadruped/src/interfaces/install/interfaces/local/lib/python3.10/dist-packages/interfaces/msg/__init__.py
-- Installing: /home/lzh/VMC_Quadruped/src/interfaces/install/interfaces/local/lib/python3.10/dist-packages/interfaces/msg/_contact_state_s.c
-- Installing: /home/lzh/VMC_Quadruped/src/interfaces/install/interfaces/local/lib/python3.10/dist-packages/interfaces/msg/_gait_phase_s.c
-- Installing: /home/lzh/VMC_Quadruped/src/interfaces/install/interfaces/local/lib/python3.10/dist-packages/interfaces/msg/_base_state.py
-- Installing: /home/lzh/VMC_Quadruped/src/interfaces/install/interfaces/local/lib/python3.10/dist-packages/interfaces/msg/_gait_phase.py
-- Installing: /home/lzh/VMC_Quadruped/src/interfaces/install/interfaces/local/lib/python3.10/dist-packages/interfaces/msg/_foot_state_s.c
-- Installing: /home/lzh/VMC_Quadruped/src/interfaces/install/interfaces/local/lib/python3.10/dist-packages/interfaces/msg/_foot_state.py
-- Installing: /home/lzh/VMC_Quadruped/src/interfaces/install/interfaces/local/lib/python3.10/dist-packages/interfaces/msg/_single_foot_state_s.c
-- Installing: /home/lzh/VMC_Quadruped/src/interfaces/install/interfaces/local/lib/python3.10/dist-packages/interfaces/msg/_contact_state.py
-- Installing: /home/lzh/VMC_Quadruped/src/interfaces/install/interfaces/local/lib/python3.10/dist-packages/interfaces/msg/_motion_command_s.c
-- Installing: /home/lzh/VMC_Quadruped/src/interfaces/install/interfaces/local/lib/python3.10/dist-packages/interfaces/msg/_motor_command_s.c
-- Installing: /home/lzh/VMC_Quadruped/src/interfaces/install/interfaces/local/lib/python3.10/dist-packages/interfaces/msg/_motor_command12_s.c
-- Installing: /home/lzh/VMC_Quadruped/src/interfaces/install/interfaces/local/lib/python3.10/dist-packages/interfaces/msg/_motion_command.py
-- Installing: /home/lzh/VMC_Quadruped/src/interfaces/install/interfaces/local/lib/python3.10/dist-packages/interfaces/msg/_motor_command.py
-- Installing: /home/lzh/VMC_Quadruped/src/interfaces/install/interfaces/local/lib/python3.10/dist-packages/interfaces/msg/_base_state_s.c
-- Installing: /home/lzh/VMC_Quadruped/src/interfaces/install/interfaces/local/lib/python3.10/dist-packages/interfaces/msg/_motor_command12.py
-- Installing: /home/lzh/VMC_Quadruped/src/interfaces/install/interfaces/local/lib/python3.10/dist-packages/interfaces/_interfaces_s.ep.rosidl_typesupport_fastrtps_c.c
-- Installing: /home/lzh/VMC_Quadruped/src/interfaces/install/interfaces/local/lib/python3.10/dist-packages/interfaces/interfaces_s__rosidl_typesupport_introspection_c.cpython-310-x86_64-linux-gnu.so
-- Installing: /home/lzh/VMC_Quadruped/src/interfaces/install/interfaces/local/lib/python3.10/dist-packages/interfaces/_interfaces_s.ep.rosidl_typesupport_introspection_c.c
-- Installing: /home/lzh/VMC_Quadruped/src/interfaces/install/interfaces/local/lib/python3.10/dist-packages/interfaces/_interfaces_s.ep.rosidl_typesupport_c.c
-- Installing: /home/lzh/VMC_Quadruped/src/interfaces/install/interfaces/local/lib/python3.10/dist-packages/interfaces/interfaces_s__rosidl_typesupport_fastrtps_c.cpython-310-x86_64-linux-gnu.so
Listing '/home/lzh/VMC_Quadruped/src/interfaces/install/interfaces/local/lib/python3.10/dist-packages/interfaces'...
Compiling '/home/lzh/VMC_Quadruped/src/interfaces/install/interfaces/local/lib/python3.10/dist-packages/interfaces/__init__.py'...
Listing '/home/lzh/VMC_Quadruped/src/interfaces/install/interfaces/local/lib/python3.10/dist-packages/interfaces/msg'...
Compiling '/home/lzh/VMC_Quadruped/src/interfaces/install/interfaces/local/lib/python3.10/dist-packages/interfaces/msg/__init__.py'...
Compiling '/home/lzh/VMC_Quadruped/src/interfaces/install/interfaces/local/lib/python3.10/dist-packages/interfaces/msg/_base_state.py'...
Compiling '/home/lzh/VMC_Quadruped/src/interfaces/install/interfaces/local/lib/python3.10/dist-packages/interfaces/msg/_contact_state.py'...
Compiling '/home/lzh/VMC_Quadruped/src/interfaces/install/interfaces/local/lib/python3.10/dist-packages/interfaces/msg/_foot_state.py'...
Compiling '/home/lzh/VMC_Quadruped/src/interfaces/install/interfaces/local/lib/python3.10/dist-packages/interfaces/msg/_gait_phase.py'...
Compiling '/home/lzh/VMC_Quadruped/src/interfaces/install/interfaces/local/lib/python3.10/dist-packages/interfaces/msg/_motion_command.py'...
Compiling '/home/lzh/VMC_Quadruped/src/interfaces/install/interfaces/local/lib/python3.10/dist-packages/interfaces/msg/_motor_command.py'...
Compiling '/home/lzh/VMC_Quadruped/src/interfaces/install/interfaces/local/lib/python3.10/dist-packages/interfaces/msg/_motor_command12.py'...
Compiling '/home/lzh/VMC_Quadruped/src/interfaces/install/interfaces/local/lib/python3.10/dist-packages/interfaces/msg/_single_foot_state.py'...
-- Installing: /home/lzh/VMC_Quadruped/src/interfaces/install/interfaces/local/lib/python3.10/dist-packages/interfaces/interfaces_s__rosidl_typesupport_fastrtps_c.cpython-310-x86_64-linux-gnu.so
-- Set runtime path of "/home/lzh/VMC_Quadruped/src/interfaces/install/interfaces/local/lib/python3.10/dist-packages/interfaces/interfaces_s__rosidl_typesupport_fastrtps_c.cpython-310-x86_64-linux-gnu.so" to ""
-- Installing: /home/lzh/VMC_Quadruped/src/interfaces/install/interfaces/local/lib/python3.10/dist-packages/interfaces/interfaces_s__rosidl_typesupport_introspection_c.cpython-310-x86_64-linux-gnu.so
-- Set runtime path of "/home/lzh/VMC_Quadruped/src/interfaces/install/interfaces/local/lib/python3.10/dist-packages/interfaces/interfaces_s__rosidl_typesupport_introspection_c.cpython-310-x86_64-linux-gnu.so" to ""
-- Installing: /home/lzh/VMC_Quadruped/src/interfaces/install/interfaces/local/lib/python3.10/dist-packages/interfaces/interfaces_s__rosidl_typesupport_c.cpython-310-x86_64-linux-gnu.so
-- Set runtime path of "/home/lzh/VMC_Quadruped/src/interfaces/install/interfaces/local/lib/python3.10/dist-packages/interfaces/interfaces_s__rosidl_typesupport_c.cpython-310-x86_64-linux-gnu.so" to ""
-- Installing: /home/lzh/VMC_Quadruped/src/interfaces/install/interfaces/lib/libinterfaces__rosidl_generator_py.so
-- Set runtime path of "/home/lzh/VMC_Quadruped/src/interfaces/install/interfaces/lib/libinterfaces__rosidl_generator_py.so" to ""
-- Installing: /home/lzh/VMC_Quadruped/src/interfaces/install/interfaces/share/interfaces/msg/BaseState.idl
-- Installing: /home/lzh/VMC_Quadruped/src/interfaces/install/interfaces/share/interfaces/msg/ContactState.idl
-- Installing: /home/lzh/VMC_Quadruped/src/interfaces/install/interfaces/share/interfaces/msg/GaitPhase.idl
-- Installing: /home/lzh/VMC_Quadruped/src/interfaces/install/interfaces/share/interfaces/msg/MotionCommand.idl
-- Installing: /home/lzh/VMC_Quadruped/src/interfaces/install/interfaces/share/interfaces/msg/SingleFootState.idl
-- Installing: /home/lzh/VMC_Quadruped/src/interfaces/install/interfaces/share/interfaces/msg/FootState.idl
-- Installing: /home/lzh/VMC_Quadruped/src/interfaces/install/interfaces/share/interfaces/msg/MotorCommand.idl
-- Installing: /home/lzh/VMC_Quadruped/src/interfaces/install/interfaces/share/interfaces/msg/MotorCommand12.idl
-- Installing: /home/lzh/VMC_Quadruped/src/interfaces/install/interfaces/share/interfaces/msg/BaseState.msg
-- Installing: /home/lzh/VMC_Quadruped/src/interfaces/install/interfaces/share/interfaces/msg/ContactState.msg
-- Installing: /home/lzh/VMC_Quadruped/src/interfaces/install/interfaces/share/interfaces/msg/GaitPhase.msg
-- Installing: /home/lzh/VMC_Quadruped/src/interfaces/install/interfaces/share/interfaces/msg/MotionCommand.msg
-- Installing: /home/lzh/VMC_Quadruped/src/interfaces/install/interfaces/share/interfaces/msg/SingleFootState.msg
-- Installing: /home/lzh/VMC_Quadruped/src/interfaces/install/interfaces/share/interfaces/msg/FootState.msg
-- Installing: /home/lzh/VMC_Quadruped/src/interfaces/install/interfaces/share/interfaces/msg/MotorCommand.msg
-- Installing: /home/lzh/VMC_Quadruped/src/interfaces/install/interfaces/share/interfaces/msg/MotorCommand12.msg
-- Installing: /home/lzh/VMC_Quadruped/src/interfaces/install/interfaces/share/ament_index/resource_index/package_run_dependencies/interfaces
-- Installing: /home/lzh/VMC_Quadruped/src/interfaces/install/interfaces/share/ament_index/resource_index/parent_prefix_path/interfaces
-- Installing: /home/lzh/VMC_Quadruped/src/interfaces/install/interfaces/share/interfaces/environment/ament_prefix_path.sh
-- Installing: /home/lzh/VMC_Quadruped/src/interfaces/install/interfaces/share/interfaces/environment/ament_prefix_path.dsv
-- Installing: /home/lzh/VMC_Quadruped/src/interfaces/install/interfaces/share/interfaces/environment/path.sh
-- Installing: /home/lzh/VMC_Quadruped/src/interfaces/install/interfaces/share/interfaces/environment/path.dsv
-- Installing: /home/lzh/VMC_Quadruped/src/interfaces/install/interfaces/share/interfaces/local_setup.bash
-- Installing: /home/lzh/VMC_Quadruped/src/interfaces/install/interfaces/share/interfaces/local_setup.sh
-- Installing: /home/lzh/VMC_Quadruped/src/interfaces/install/interfaces/share/interfaces/local_setup.zsh
-- Installing: /home/lzh/VMC_Quadruped/src/interfaces/install/interfaces/share/interfaces/local_setup.dsv
-- Installing: /home/lzh/VMC_Quadruped/src/interfaces/install/interfaces/share/interfaces/package.dsv
-- Installing: /home/lzh/VMC_Quadruped/src/interfaces/install/interfaces/share/ament_index/resource_index/packages/interfaces
-- Installing: /home/lzh/VMC_Quadruped/src/interfaces/install/interfaces/share/interfaces/cmake/export_interfaces__rosidl_generator_cExport.cmake
-- Installing: /home/lzh/VMC_Quadruped/src/interfaces/install/interfaces/share/interfaces/cmake/export_interfaces__rosidl_generator_cExport-noconfig.cmake
-- Installing: /home/lzh/VMC_Quadruped/src/interfaces/install/interfaces/share/interfaces/cmake/export_interfaces__rosidl_typesupport_fastrtps_cExport.cmake
-- Installing: /home/lzh/VMC_Quadruped/src/interfaces/install/interfaces/share/interfaces/cmake/export_interfaces__rosidl_typesupport_fastrtps_cExport-noconfig.cmake
-- Installing: /home/lzh/VMC_Quadruped/src/interfaces/install/interfaces/share/interfaces/cmake/interfaces__rosidl_typesupport_introspection_cExport.cmake
-- Installing: /home/lzh/VMC_Quadruped/src/interfaces/install/interfaces/share/interfaces/cmake/interfaces__rosidl_typesupport_introspection_cExport-noconfig.cmake
-- Installing: /home/lzh/VMC_Quadruped/src/interfaces/install/interfaces/share/interfaces/cmake/interfaces__rosidl_typesupport_cExport.cmake
-- Installing: /home/lzh/VMC_Quadruped/src/interfaces/install/interfaces/share/interfaces/cmake/interfaces__rosidl_typesupport_cExport-noconfig.cmake
-- Installing: /home/lzh/VMC_Quadruped/src/interfaces/install/interfaces/share/interfaces/cmake/export_interfaces__rosidl_generator_cppExport.cmake
-- Installing: /home/lzh/VMC_Quadruped/src/interfaces/install/interfaces/share/interfaces/cmake/export_interfaces__rosidl_typesupport_fastrtps_cppExport.cmake
-- Installing: /home/lzh/VMC_Quadruped/src/interfaces/install/interfaces/share/interfaces/cmake/export_interfaces__rosidl_typesupport_fastrtps_cppExport-noconfig.cmake
-- Installing: /home/lzh/VMC_Quadruped/src/interfaces/install/interfaces/share/interfaces/cmake/interfaces__rosidl_typesupport_introspection_cppExport.cmake
-- Installing: /home/lzh/VMC_Quadruped/src/interfaces/install/interfaces/share/interfaces/cmake/interfaces__rosidl_typesupport_introspection_cppExport-noconfig.cmake
-- Installing: /home/lzh/VMC_Quadruped/src/interfaces/install/interfaces/share/interfaces/cmake/interfaces__rosidl_typesupport_cppExport.cmake
-- Installing: /home/lzh/VMC_Quadruped/src/interfaces/install/interfaces/share/interfaces/cmake/interfaces__rosidl_typesupport_cppExport-noconfig.cmake
-- Installing: /home/lzh/VMC_Quadruped/src/interfaces/install/interfaces/share/interfaces/cmake/export_interfaces__rosidl_generator_pyExport.cmake
-- Installing: /home/lzh/VMC_Quadruped/src/interfaces/install/interfaces/share/interfaces/cmake/export_interfaces__rosidl_generator_pyExport-noconfig.cmake
-- Installing: /home/lzh/VMC_Quadruped/src/interfaces/install/interfaces/share/interfaces/cmake/rosidl_cmake-extras.cmake
-- Installing: /home/lzh/VMC_Quadruped/src/interfaces/install/interfaces/share/interfaces/cmake/ament_cmake_export_dependencies-extras.cmake
-- Installing: /home/lzh/VMC_Quadruped/src/interfaces/install/interfaces/share/interfaces/cmake/ament_cmake_export_include_directories-extras.cmake
-- Installing: /home/lzh/VMC_Quadruped/src/interfaces/install/interfaces/share/interfaces/cmake/ament_cmake_export_libraries-extras.cmake
-- Installing: /home/lzh/VMC_Quadruped/src/interfaces/install/interfaces/share/interfaces/cmake/ament_cmake_export_targets-extras.cmake
-- Installing: /home/lzh/VMC_Quadruped/src/interfaces/install/interfaces/share/interfaces/cmake/rosidl_cmake_export_typesupport_targets-extras.cmake
-- Installing: /home/lzh/VMC_Quadruped/src/interfaces/install/interfaces/share/interfaces/cmake/rosidl_cmake_export_typesupport_libraries-extras.cmake
-- Installing: /home/lzh/VMC_Quadruped/src/interfaces/install/interfaces/share/interfaces/cmake/interfacesConfig.cmake
-- Installing: /home/lzh/VMC_Quadruped/src/interfaces/install/interfaces/share/interfaces/cmake/interfacesConfig-version.cmake
-- Installing: /home/lzh/VMC_Quadruped/src/interfaces/install/interfaces/share/interfaces/package.xml
