[0.008s] Invoking command in '/home/lzh/VMC_Quadruped/src/interfaces/build/interfaces': CMAKE_PREFIX_PATH=/opt/ros/humble /usr/bin/cmake /home/lzh/VMC_Quadruped/src/interfaces -DCMAKE_INSTALL_PREFIX=/home/lzh/VMC_Quadruped/src/interfaces/install/interfaces
[0.074s] -- The C compiler identification is GNU 11.4.0
[0.131s] -- The CXX compiler identification is GNU 11.4.0
[0.137s] -- Detecting C compiler ABI info
[0.213s] -- Detecting C compiler ABI info - done
[0.219s] -- Check for working C compiler: /usr/bin/cc - skipped
[0.219s] -- Detecting C compile features
[0.220s] -- Detecting C compile features - done
[0.221s] -- Detecting CXX compiler ABI info
[0.322s] -- Detecting CXX compiler ABI info - done
[0.329s] -- Check for working CXX compiler: /usr/bin/c++ - skipped
[0.330s] -- Detecting CXX compile features
[0.330s] -- Detecting CXX compile features - done
[0.333s] -- Found ament_cmake: 1.3.12 (/opt/ros/humble/share/ament_cmake/cmake)
[0.499s] -- Found Python3: /usr/bin/python3 (found version "3.10.12") found components: Interpreter 
[0.564s] -- Found rosidl_default_generators: 1.2.0 (/opt/ros/humble/share/rosidl_default_generators/cmake)
[0.566s] -- Using all available rosidl_typesupport_c: rosidl_typesupport_fastrtps_c;rosidl_typesupport_introspection_c
[0.569s] -- Found rosidl_adapter: 3.1.7 (/opt/ros/humble/share/rosidl_adapter/cmake)
[0.595s] -- Using all available rosidl_typesupport_cpp: rosidl_typesupport_fastrtps_cpp;rosidl_typesupport_introspection_cpp
[0.616s] -- Found std_msgs: 4.9.0 (/opt/ros/humble/share/std_msgs/cmake)
[0.633s] -- Found geometry_msgs: 4.9.0 (/opt/ros/humble/share/geometry_msgs/cmake)
[0.905s] -- Found ament_cmake_ros: 0.10.0 (/opt/ros/humble/share/ament_cmake_ros/cmake)
[1.116s] -- Using all available rosidl_typesupport_c: rosidl_typesupport_fastrtps_c;rosidl_typesupport_introspection_c
[1.400s] -- Using all available rosidl_typesupport_cpp: rosidl_typesupport_fastrtps_cpp;rosidl_typesupport_introspection_cpp
[1.436s] -- Found PythonInterp: /usr/bin/python3 (found suitable version "3.10.12", minimum required is "3.6") 
[1.437s] -- Found python_cmake_module: 0.10.0 (/opt/ros/humble/share/python_cmake_module/cmake)
[1.474s] -- Found PythonLibs: /usr/lib/x86_64-linux-gnu/libpython3.10.so (found suitable version "3.10.12", minimum required is "3.5") 
[1.475s] -- Using PYTHON_EXECUTABLE: /usr/bin/python3
[1.475s] -- Using PYTHON_INCLUDE_DIRS: /usr/include/python3.10
[1.475s] -- Using PYTHON_LIBRARIES: /usr/lib/x86_64-linux-gnu/libpython3.10.so
[1.503s] -- Found PythonExtra: .so  
[1.552s] -- Found ament_lint_auto: 0.12.14 (/opt/ros/humble/share/ament_lint_auto/cmake)
[1.573s] -- Added test 'cppcheck' to perform static code analysis on C / C++ code
[1.574s] -- Configured cppcheck include dirs: $<BUILD_INTERFACE:/home/lzh/VMC_Quadruped/src/interfaces/build/interfaces/rosidl_generator_c>;$<BUILD_INTERFACE:/home/lzh/VMC_Quadruped/src/interfaces/build/interfaces/rosidl_typesupport_fastrtps_c>;$<BUILD_INTERFACE:/home/lzh/VMC_Quadruped/src/interfaces/build/interfaces/rosidl_typesupport_introspection_c>;$<BUILD_INTERFACE:/home/lzh/VMC_Quadruped/src/interfaces/build/interfaces/rosidl_generator_cpp>;$<BUILD_INTERFACE:/home/lzh/VMC_Quadruped/src/interfaces/build/interfaces/rosidl_typesupport_fastrtps_cpp>;$<BUILD_INTERFACE:/home/lzh/VMC_Quadruped/src/interfaces/build/interfaces/rosidl_typesupport_introspection_cpp>;/home/lzh/VMC_Quadruped/src/interfaces/build/interfaces/rosidl_generator_c;/home/lzh/VMC_Quadruped/src/interfaces/build/interfaces/rosidl_generator_py
[1.574s] -- Configured cppcheck exclude dirs and/or files: 
[1.576s] -- Added test 'flake8' to check Python code syntax and style conventions
[1.578s] -- Added test 'lint_cmake' to check CMake code style
[1.579s] -- Added test 'pep257' to check Python code against some of the docstring style conventions in PEP 257
[1.585s] -- Added test 'uncrustify' to check C / C++ code style
[1.585s] -- Configured uncrustify additional arguments: 
[1.586s] -- Added test 'xmllint' to check XML markup files
[1.587s] -- Configuring done
[1.616s] -- Generating done
[1.624s] -- Build files have been written to: /home/lzh/VMC_Quadruped/src/interfaces/build/interfaces
[1.629s] Invoked command in '/home/lzh/VMC_Quadruped/src/interfaces/build/interfaces' returned '0': CMAKE_PREFIX_PATH=/opt/ros/humble /usr/bin/cmake /home/lzh/VMC_Quadruped/src/interfaces -DCMAKE_INSTALL_PREFIX=/home/lzh/VMC_Quadruped/src/interfaces/install/interfaces
[1.630s] Invoking command in '/home/lzh/VMC_Quadruped/src/interfaces/build/interfaces': CMAKE_PREFIX_PATH=/opt/ros/humble /usr/bin/cmake --build /home/lzh/VMC_Quadruped/src/interfaces/build/interfaces -- -j16 -l16
[1.683s] [  1%] [34m[1mGenerating C code for ROS interfaces[0m
[1.695s] [  2%] [34m[1mGenerating C++ code for ROS interfaces[0m
[1.702s] [  2%] Built target ament_cmake_python_copy_interfaces
[1.850s] running egg_info
[1.851s] creating interfaces.egg-info
[1.851s] writing interfaces.egg-info/PKG-INFO
[1.851s] writing dependency_links to interfaces.egg-info/dependency_links.txt
[1.851s] writing top-level names to interfaces.egg-info/top_level.txt
[1.851s] writing manifest file 'interfaces.egg-info/SOURCES.txt'
[1.853s] reading manifest file 'interfaces.egg-info/SOURCES.txt'
[1.853s] writing manifest file 'interfaces.egg-info/SOURCES.txt'
[1.871s] [  2%] Built target ament_cmake_python_build_interfaces_egg
[2.360s] [  3%] [32mBuilding C object CMakeFiles/interfaces__rosidl_generator_c.dir/rosidl_generator_c/interfaces/msg/detail/gait_phase__functions.c.o[0m
[2.360s] [  4%] [32mBuilding C object CMakeFiles/interfaces__rosidl_generator_c.dir/rosidl_generator_c/interfaces/msg/detail/motion_command__functions.c.o[0m
[2.360s] [  5%] [32mBuilding C object CMakeFiles/interfaces__rosidl_generator_c.dir/rosidl_generator_c/interfaces/msg/detail/contact_state__functions.c.o[0m
[2.361s] [  6%] [32mBuilding C object CMakeFiles/interfaces__rosidl_generator_c.dir/rosidl_generator_c/interfaces/msg/detail/foot_state__functions.c.o[0m
[2.361s] [  8%] [32mBuilding C object CMakeFiles/interfaces__rosidl_generator_c.dir/rosidl_generator_c/interfaces/msg/detail/motor_command__functions.c.o[0m
[2.362s] [  9%] [32mBuilding C object CMakeFiles/interfaces__rosidl_generator_c.dir/rosidl_generator_c/interfaces/msg/detail/base_state__functions.c.o[0m
[2.362s] [ 10%] [32mBuilding C object CMakeFiles/interfaces__rosidl_generator_c.dir/rosidl_generator_c/interfaces/msg/detail/single_foot_state__functions.c.o[0m
[2.364s] [ 11%] [32mBuilding C object CMakeFiles/interfaces__rosidl_generator_c.dir/rosidl_generator_c/interfaces/msg/detail/motor_command12__functions.c.o[0m
[2.365s] [ 11%] Built target interfaces__cpp
[2.372s] [ 13%] [34m[1mGenerating C++ type support dispatch for ROS interfaces[0m
[2.372s] [ 13%] [34m[1mGenerating C++ type support for eProsima Fast-RTPS[0m
[2.374s] [ 14%] [34m[1mGenerating C++ introspection for ROS interfaces[0m
[2.488s] [ 16%] [32m[1mLinking C shared library libinterfaces__rosidl_generator_c.so[0m
[2.520s] [ 16%] Built target interfaces__rosidl_generator_c
[2.531s] [ 17%] [34m[1mGenerating C type support dispatch for ROS interfaces[0m
[2.532s] [ 19%] [34m[1mGenerating C introspection for ROS interfaces[0m
[2.532s] [ 19%] [34m[1mGenerating C type support for eProsima Fast-RTPS[0m
[2.909s] [ 20%] [32mBuilding CXX object CMakeFiles/interfaces__rosidl_typesupport_cpp.dir/rosidl_typesupport_cpp/interfaces/msg/base_state__type_support.cpp.o[0m
[2.909s] [ 21%] [32mBuilding CXX object CMakeFiles/interfaces__rosidl_typesupport_cpp.dir/rosidl_typesupport_cpp/interfaces/msg/motion_command__type_support.cpp.o[0m
[2.910s] [ 22%] [32mBuilding CXX object CMakeFiles/interfaces__rosidl_typesupport_cpp.dir/rosidl_typesupport_cpp/interfaces/msg/foot_state__type_support.cpp.o[0m
[2.911s] [ 25%] [32mBuilding CXX object CMakeFiles/interfaces__rosidl_typesupport_cpp.dir/rosidl_typesupport_cpp/interfaces/msg/gait_phase__type_support.cpp.o[0m
[2.911s] [ 25%] [32mBuilding CXX object CMakeFiles/interfaces__rosidl_typesupport_cpp.dir/rosidl_typesupport_cpp/interfaces/msg/contact_state__type_support.cpp.o[0m
[2.912s] [ 26%] [32mBuilding CXX object CMakeFiles/interfaces__rosidl_typesupport_cpp.dir/rosidl_typesupport_cpp/interfaces/msg/motor_command__type_support.cpp.o[0m
[2.912s] [ 27%] [32mBuilding CXX object CMakeFiles/interfaces__rosidl_typesupport_cpp.dir/rosidl_typesupport_cpp/interfaces/msg/single_foot_state__type_support.cpp.o[0m
[2.913s] [ 28%] [32mBuilding CXX object CMakeFiles/interfaces__rosidl_typesupport_cpp.dir/rosidl_typesupport_cpp/interfaces/msg/motor_command12__type_support.cpp.o[0m
[3.006s] [ 29%] [32mBuilding CXX object CMakeFiles/interfaces__rosidl_typesupport_fastrtps_cpp.dir/rosidl_typesupport_fastrtps_cpp/interfaces/msg/detail/dds_fastrtps/contact_state__type_support.cpp.o[0m
[3.007s] [ 31%] [32mBuilding CXX object CMakeFiles/interfaces__rosidl_typesupport_fastrtps_cpp.dir/rosidl_typesupport_fastrtps_cpp/interfaces/msg/detail/dds_fastrtps/base_state__type_support.cpp.o[0m
[3.007s] [ 32%] [32mBuilding CXX object CMakeFiles/interfaces__rosidl_typesupport_fastrtps_cpp.dir/rosidl_typesupport_fastrtps_cpp/interfaces/msg/detail/dds_fastrtps/motion_command__type_support.cpp.o[0m
[3.007s] [ 33%] [32mBuilding CXX object CMakeFiles/interfaces__rosidl_typesupport_fastrtps_cpp.dir/rosidl_typesupport_fastrtps_cpp/interfaces/msg/detail/dds_fastrtps/gait_phase__type_support.cpp.o[0m
[3.184s] [ 34%] [32mBuilding CXX object CMakeFiles/interfaces__rosidl_typesupport_c.dir/rosidl_typesupport_c/interfaces/msg/base_state__type_support.cpp.o[0m
[3.213s] [ 35%] [32mBuilding CXX object CMakeFiles/interfaces__rosidl_typesupport_c.dir/rosidl_typesupport_c/interfaces/msg/contact_state__type_support.cpp.o[0m
[3.236s] [ 36%] [32mBuilding CXX object CMakeFiles/interfaces__rosidl_typesupport_c.dir/rosidl_typesupport_c/interfaces/msg/gait_phase__type_support.cpp.o[0m
[3.243s] [ 37%] [32mBuilding CXX object CMakeFiles/interfaces__rosidl_typesupport_c.dir/rosidl_typesupport_c/interfaces/msg/motion_command__type_support.cpp.o[0m
[3.256s] [ 39%] [32mBuilding CXX object CMakeFiles/interfaces__rosidl_typesupport_fastrtps_cpp.dir/rosidl_typesupport_fastrtps_cpp/interfaces/msg/detail/dds_fastrtps/single_foot_state__type_support.cpp.o[0m
[3.268s] [ 40%] [32mBuilding CXX object CMakeFiles/interfaces__rosidl_typesupport_fastrtps_cpp.dir/rosidl_typesupport_fastrtps_cpp/interfaces/msg/detail/dds_fastrtps/foot_state__type_support.cpp.o[0m
[3.275s] [ 41%] [32mBuilding CXX object CMakeFiles/interfaces__rosidl_typesupport_c.dir/rosidl_typesupport_c/interfaces/msg/single_foot_state__type_support.cpp.o[0m
[3.276s] [ 42%] [32mBuilding CXX object CMakeFiles/interfaces__rosidl_typesupport_c.dir/rosidl_typesupport_c/interfaces/msg/foot_state__type_support.cpp.o[0m
[3.293s] [ 43%] [32mBuilding C object CMakeFiles/interfaces__rosidl_typesupport_introspection_c.dir/rosidl_typesupport_introspection_c/interfaces/msg/detail/base_state__type_support.c.o[0m
[3.298s] [ 44%] [32mBuilding CXX object CMakeFiles/interfaces__rosidl_typesupport_c.dir/rosidl_typesupport_c/interfaces/msg/motor_command12__type_support.cpp.o[0m
[3.299s] [ 45%] [32mBuilding CXX object CMakeFiles/interfaces__rosidl_typesupport_c.dir/rosidl_typesupport_c/interfaces/msg/motor_command__type_support.cpp.o[0m
[3.304s] [ 48%] [32mBuilding C object CMakeFiles/interfaces__rosidl_typesupport_introspection_c.dir/rosidl_typesupport_introspection_c/interfaces/msg/detail/contact_state__type_support.c.o[0m
[3.304s] [ 48%] [32mBuilding CXX object CMakeFiles/interfaces__rosidl_typesupport_fastrtps_cpp.dir/rosidl_typesupport_fastrtps_cpp/interfaces/msg/detail/dds_fastrtps/motor_command__type_support.cpp.o[0m
[3.307s] [ 49%] [32mBuilding C object CMakeFiles/interfaces__rosidl_typesupport_introspection_c.dir/rosidl_typesupport_introspection_c/interfaces/msg/detail/gait_phase__type_support.c.o[0m
[3.330s] [ 50%] [32m[1mLinking CXX shared library libinterfaces__rosidl_typesupport_c.so[0m
[3.332s] [ 51%] [32mBuilding C object CMakeFiles/interfaces__rosidl_typesupport_introspection_c.dir/rosidl_typesupport_introspection_c/interfaces/msg/detail/motion_command__type_support.c.o[0m
[3.333s] [ 52%] [32mBuilding C object CMakeFiles/interfaces__rosidl_typesupport_introspection_c.dir/rosidl_typesupport_introspection_c/interfaces/msg/detail/single_foot_state__type_support.c.o[0m
[3.339s] [ 54%] [32mBuilding C object CMakeFiles/interfaces__rosidl_typesupport_introspection_c.dir/rosidl_typesupport_introspection_c/interfaces/msg/detail/motor_command__type_support.c.o[0m
[3.340s] [ 55%] [32mBuilding CXX object CMakeFiles/interfaces__rosidl_typesupport_fastrtps_cpp.dir/rosidl_typesupport_fastrtps_cpp/interfaces/msg/detail/dds_fastrtps/motor_command12__type_support.cpp.o[0m
[3.342s] [ 56%] [32mBuilding C object CMakeFiles/interfaces__rosidl_typesupport_introspection_c.dir/rosidl_typesupport_introspection_c/interfaces/msg/detail/foot_state__type_support.c.o[0m
[3.346s] [ 57%] [32m[1mLinking CXX shared library libinterfaces__rosidl_typesupport_cpp.so[0m
[3.359s] [ 58%] [32mBuilding CXX object CMakeFiles/interfaces__rosidl_typesupport_introspection_cpp.dir/rosidl_typesupport_introspection_cpp/interfaces/msg/detail/base_state__type_support.cpp.o[0m
[3.373s] [ 59%] [32mBuilding C object CMakeFiles/interfaces__rosidl_typesupport_introspection_c.dir/rosidl_typesupport_introspection_c/interfaces/msg/detail/motor_command12__type_support.c.o[0m
[3.373s] [ 60%] [32mBuilding CXX object CMakeFiles/interfaces__rosidl_typesupport_introspection_cpp.dir/rosidl_typesupport_introspection_cpp/interfaces/msg/detail/contact_state__type_support.cpp.o[0m
[3.373s] [ 62%] [32mBuilding CXX object CMakeFiles/interfaces__rosidl_typesupport_introspection_cpp.dir/rosidl_typesupport_introspection_cpp/interfaces/msg/detail/gait_phase__type_support.cpp.o[0m
[3.376s] [ 63%] [32mBuilding CXX object CMakeFiles/interfaces__rosidl_typesupport_introspection_cpp.dir/rosidl_typesupport_introspection_cpp/interfaces/msg/detail/motion_command__type_support.cpp.o[0m
[3.377s] [ 63%] Built target interfaces__rosidl_typesupport_c
[3.387s] [ 64%] [32mBuilding CXX object CMakeFiles/interfaces__rosidl_typesupport_introspection_cpp.dir/rosidl_typesupport_introspection_cpp/interfaces/msg/detail/single_foot_state__type_support.cpp.o[0m
[3.388s] [ 64%] Built target interfaces__rosidl_typesupport_cpp
[3.396s] [ 65%] [32mBuilding CXX object CMakeFiles/interfaces__rosidl_typesupport_introspection_cpp.dir/rosidl_typesupport_introspection_cpp/interfaces/msg/detail/foot_state__type_support.cpp.o[0m
[3.404s] [ 66%] [32mBuilding CXX object CMakeFiles/interfaces__rosidl_typesupport_introspection_cpp.dir/rosidl_typesupport_introspection_cpp/interfaces/msg/detail/motor_command__type_support.cpp.o[0m
[3.413s] [ 67%] [32m[1mLinking C shared library libinterfaces__rosidl_typesupport_introspection_c.so[0m
[3.434s] [ 68%] [32mBuilding CXX object CMakeFiles/interfaces__rosidl_typesupport_introspection_cpp.dir/rosidl_typesupport_introspection_cpp/interfaces/msg/detail/motor_command12__type_support.cpp.o[0m
[3.447s] [ 68%] Built target interfaces__rosidl_typesupport_introspection_c
[3.716s] [ 70%] [32mBuilding CXX object CMakeFiles/interfaces__rosidl_typesupport_fastrtps_c.dir/rosidl_typesupport_fastrtps_c/interfaces/msg/detail/contact_state__type_support_c.cpp.o[0m
[3.716s] [ 71%] [32mBuilding CXX object CMakeFiles/interfaces__rosidl_typesupport_fastrtps_c.dir/rosidl_typesupport_fastrtps_c/interfaces/msg/detail/single_foot_state__type_support_c.cpp.o[0m
[3.716s] [ 72%] [32mBuilding CXX object CMakeFiles/interfaces__rosidl_typesupport_fastrtps_c.dir/rosidl_typesupport_fastrtps_c/interfaces/msg/detail/motion_command__type_support_c.cpp.o[0m
[3.717s] [ 74%] [32mBuilding CXX object CMakeFiles/interfaces__rosidl_typesupport_fastrtps_c.dir/rosidl_typesupport_fastrtps_c/interfaces/msg/detail/motor_command12__type_support_c.cpp.o[0m
[3.717s] [ 74%] [32mBuilding CXX object CMakeFiles/interfaces__rosidl_typesupport_fastrtps_c.dir/rosidl_typesupport_fastrtps_c/interfaces/msg/detail/motor_command__type_support_c.cpp.o[0m
[3.718s] [ 75%] [32mBuilding CXX object CMakeFiles/interfaces__rosidl_typesupport_fastrtps_c.dir/rosidl_typesupport_fastrtps_c/interfaces/msg/detail/gait_phase__type_support_c.cpp.o[0m
[3.719s] [ 77%] [32mBuilding CXX object CMakeFiles/interfaces__rosidl_typesupport_fastrtps_c.dir/rosidl_typesupport_fastrtps_c/interfaces/msg/detail/base_state__type_support_c.cpp.o[0m
[3.722s] [ 78%] [32mBuilding CXX object CMakeFiles/interfaces__rosidl_typesupport_fastrtps_c.dir/rosidl_typesupport_fastrtps_c/interfaces/msg/detail/foot_state__type_support_c.cpp.o[0m
[3.730s] [ 79%] [32m[1mLinking CXX shared library libinterfaces__rosidl_typesupport_fastrtps_cpp.so[0m
[3.825s] [ 79%] Built target interfaces__rosidl_typesupport_fastrtps_cpp
[3.874s] [ 80%] [32m[1mLinking CXX shared library libinterfaces__rosidl_typesupport_introspection_cpp.so[0m
[3.952s] [ 80%] Built target interfaces__rosidl_typesupport_introspection_cpp
[4.051s] [ 81%] [32m[1mLinking CXX shared library libinterfaces__rosidl_typesupport_fastrtps_c.so[0m
[4.121s] [ 81%] Built target interfaces__rosidl_typesupport_fastrtps_c
[4.141s] [ 81%] Built target interfaces
[4.171s] [ 82%] [34m[1mGenerating Python code for ROS interfaces[0m
[5.278s] [ 82%] Built target interfaces__py
[5.296s] [ 86%] [32mBuilding C object CMakeFiles/interfaces__rosidl_generator_py.dir/rosidl_generator_py/interfaces/msg/_foot_state_s.c.o[0m
[5.296s] [ 86%] [32mBuilding C object CMakeFiles/interfaces__rosidl_generator_py.dir/rosidl_generator_py/interfaces/msg/_motion_command_s.c.o[0m
[5.296s] [ 86%] [32mBuilding C object CMakeFiles/interfaces__rosidl_generator_py.dir/rosidl_generator_py/interfaces/msg/_single_foot_state_s.c.o[0m
[5.296s] [ 87%] [32mBuilding C object CMakeFiles/interfaces__rosidl_generator_py.dir/rosidl_generator_py/interfaces/msg/_motor_command_s.c.o[0m
[5.298s] [ 88%] [32mBuilding C object CMakeFiles/interfaces__rosidl_generator_py.dir/rosidl_generator_py/interfaces/msg/_base_state_s.c.o[0m
[5.299s] [ 89%] [32mBuilding C object CMakeFiles/interfaces__rosidl_generator_py.dir/rosidl_generator_py/interfaces/msg/_contact_state_s.c.o[0m
[5.299s] [ 90%] [32mBuilding C object CMakeFiles/interfaces__rosidl_generator_py.dir/rosidl_generator_py/interfaces/msg/_gait_phase_s.c.o[0m
[5.300s] [ 91%] [32mBuilding C object CMakeFiles/interfaces__rosidl_generator_py.dir/rosidl_generator_py/interfaces/msg/_motor_command12_s.c.o[0m
[5.410s] [ 93%] [32m[1mLinking C shared library rosidl_generator_py/interfaces/libinterfaces__rosidl_generator_py.so[0m
[5.462s] [ 93%] Built target interfaces__rosidl_generator_py
[5.490s] [ 95%] [32mBuilding C object CMakeFiles/interfaces__rosidl_typesupport_fastrtps_c__pyext.dir/rosidl_generator_py/interfaces/_interfaces_s.ep.rosidl_typesupport_fastrtps_c.c.o[0m
[5.490s] [ 95%] [32mBuilding C object CMakeFiles/interfaces__rosidl_typesupport_introspection_c__pyext.dir/rosidl_generator_py/interfaces/_interfaces_s.ep.rosidl_typesupport_introspection_c.c.o[0m
[5.493s] [ 96%] [32mBuilding C object CMakeFiles/interfaces__rosidl_typesupport_c__pyext.dir/rosidl_generator_py/interfaces/_interfaces_s.ep.rosidl_typesupport_c.c.o[0m
[5.571s] [ 97%] [32m[1mLinking C shared library rosidl_generator_py/interfaces/interfaces_s__rosidl_typesupport_introspection_c.cpython-310-x86_64-linux-gnu.so[0m
[5.573s] [ 98%] [32m[1mLinking C shared library rosidl_generator_py/interfaces/interfaces_s__rosidl_typesupport_fastrtps_c.cpython-310-x86_64-linux-gnu.so[0m
[5.574s] [100%] [32m[1mLinking C shared library rosidl_generator_py/interfaces/interfaces_s__rosidl_typesupport_c.cpython-310-x86_64-linux-gnu.so[0m
[5.601s] [100%] Built target interfaces__rosidl_typesupport_introspection_c__pyext
[5.602s] [100%] Built target interfaces__rosidl_typesupport_fastrtps_c__pyext
[5.608s] [100%] Built target interfaces__rosidl_typesupport_c__pyext
[5.618s] Invoked command in '/home/lzh/VMC_Quadruped/src/interfaces/build/interfaces' returned '0': CMAKE_PREFIX_PATH=/opt/ros/humble /usr/bin/cmake --build /home/lzh/VMC_Quadruped/src/interfaces/build/interfaces -- -j16 -l16
[5.633s] Invoking command in '/home/lzh/VMC_Quadruped/src/interfaces/build/interfaces': CMAKE_PREFIX_PATH=/opt/ros/humble /usr/bin/cmake --install /home/lzh/VMC_Quadruped/src/interfaces/build/interfaces
[5.642s] -- Install configuration: ""
[5.642s] -- Installing: /home/lzh/VMC_Quadruped/src/interfaces/install/interfaces/share/ament_index/resource_index/rosidl_interfaces/interfaces
[5.642s] -- Installing: /home/lzh/VMC_Quadruped/src/interfaces/install/interfaces/include/interfaces/interfaces
[5.642s] -- Installing: /home/lzh/VMC_Quadruped/src/interfaces/install/interfaces/include/interfaces/interfaces/msg
[5.643s] -- Installing: /home/lzh/VMC_Quadruped/src/interfaces/install/interfaces/include/interfaces/interfaces/msg/detail
[5.643s] -- Installing: /home/lzh/VMC_Quadruped/src/interfaces/install/interfaces/include/interfaces/interfaces/msg/detail/base_state__functions.c
[5.643s] -- Installing: /home/lzh/VMC_Quadruped/src/interfaces/install/interfaces/include/interfaces/interfaces/msg/detail/motor_command12__struct.h
[5.643s] -- Installing: /home/lzh/VMC_Quadruped/src/interfaces/install/interfaces/include/interfaces/interfaces/msg/detail/single_foot_state__struct.h
[5.643s] -- Installing: /home/lzh/VMC_Quadruped/src/interfaces/install/interfaces/include/interfaces/interfaces/msg/detail/motion_command__struct.h
[5.643s] -- Installing: /home/lzh/VMC_Quadruped/src/interfaces/install/interfaces/include/interfaces/interfaces/msg/detail/gait_phase__functions.c
[5.643s] -- Installing: /home/lzh/VMC_Quadruped/src/interfaces/install/interfaces/include/interfaces/interfaces/msg/detail/base_state__type_support.h
[5.643s] -- Installing: /home/lzh/VMC_Quadruped/src/interfaces/install/interfaces/include/interfaces/interfaces/msg/detail/contact_state__type_support.h
[5.643s] -- Installing: /home/lzh/VMC_Quadruped/src/interfaces/install/interfaces/include/interfaces/interfaces/msg/detail/motor_command12__functions.c
[5.644s] -- Installing: /home/lzh/VMC_Quadruped/src/interfaces/install/interfaces/include/interfaces/interfaces/msg/detail/base_state__struct.h
[5.644s] -- Installing: /home/lzh/VMC_Quadruped/src/interfaces/install/interfaces/include/interfaces/interfaces/msg/detail/single_foot_state__functions.c
[5.644s] -- Installing: /home/lzh/VMC_Quadruped/src/interfaces/install/interfaces/include/interfaces/interfaces/msg/detail/motion_command__functions.c
[5.644s] -- Installing: /home/lzh/VMC_Quadruped/src/interfaces/install/interfaces/include/interfaces/interfaces/msg/detail/motor_command__struct.h
[5.644s] -- Installing: /home/lzh/VMC_Quadruped/src/interfaces/install/interfaces/include/interfaces/interfaces/msg/detail/foot_state__struct.h
[5.644s] -- Installing: /home/lzh/VMC_Quadruped/src/interfaces/install/interfaces/include/interfaces/interfaces/msg/detail/motor_command__functions.c
[5.644s] -- Installing: /home/lzh/VMC_Quadruped/src/interfaces/install/interfaces/include/interfaces/interfaces/msg/detail/motor_command__type_support.h
[5.644s] -- Installing: /home/lzh/VMC_Quadruped/src/interfaces/install/interfaces/include/interfaces/interfaces/msg/detail/single_foot_state__functions.h
[5.644s] -- Installing: /home/lzh/VMC_Quadruped/src/interfaces/install/interfaces/include/interfaces/interfaces/msg/detail/foot_state__type_support.h
[5.644s] -- Installing: /home/lzh/VMC_Quadruped/src/interfaces/install/interfaces/include/interfaces/interfaces/msg/detail/foot_state__functions.c
[5.644s] -- Installing: /home/lzh/VMC_Quadruped/src/interfaces/install/interfaces/include/interfaces/interfaces/msg/detail/base_state__functions.h
[5.644s] -- Installing: /home/lzh/VMC_Quadruped/src/interfaces/install/interfaces/include/interfaces/interfaces/msg/detail/contact_state__functions.c
[5.644s] -- Installing: /home/lzh/VMC_Quadruped/src/interfaces/install/interfaces/include/interfaces/interfaces/msg/detail/motion_command__functions.h
[5.644s] -- Installing: /home/lzh/VMC_Quadruped/src/interfaces/install/interfaces/include/interfaces/interfaces/msg/detail/motor_command12__type_support.h
[5.644s] -- Installing: /home/lzh/VMC_Quadruped/src/interfaces/install/interfaces/include/interfaces/interfaces/msg/detail/gait_phase__functions.h
[5.644s] -- Installing: /home/lzh/VMC_Quadruped/src/interfaces/install/interfaces/include/interfaces/interfaces/msg/detail/contact_state__functions.h
[5.645s] -- Installing: /home/lzh/VMC_Quadruped/src/interfaces/install/interfaces/include/interfaces/interfaces/msg/detail/foot_state__functions.h
[5.645s] -- Installing: /home/lzh/VMC_Quadruped/src/interfaces/install/interfaces/include/interfaces/interfaces/msg/detail/motor_command__functions.h
[5.645s] -- Installing: /home/lzh/VMC_Quadruped/src/interfaces/install/interfaces/include/interfaces/interfaces/msg/detail/single_foot_state__type_support.h
[5.645s] -- Installing: /home/lzh/VMC_Quadruped/src/interfaces/install/interfaces/include/interfaces/interfaces/msg/detail/contact_state__struct.h
[5.645s] -- Installing: /home/lzh/VMC_Quadruped/src/interfaces/install/interfaces/include/interfaces/interfaces/msg/detail/gait_phase__struct.h
[5.645s] -- Installing: /home/lzh/VMC_Quadruped/src/interfaces/install/interfaces/include/interfaces/interfaces/msg/detail/motor_command12__functions.h
[5.645s] -- Installing: /home/lzh/VMC_Quadruped/src/interfaces/install/interfaces/include/interfaces/interfaces/msg/detail/motion_command__type_support.h
[5.645s] -- Installing: /home/lzh/VMC_Quadruped/src/interfaces/install/interfaces/include/interfaces/interfaces/msg/detail/gait_phase__type_support.h
[5.645s] -- Installing: /home/lzh/VMC_Quadruped/src/interfaces/install/interfaces/include/interfaces/interfaces/msg/motor_command12.h
[5.645s] -- Installing: /home/lzh/VMC_Quadruped/src/interfaces/install/interfaces/include/interfaces/interfaces/msg/single_foot_state.h
[5.645s] -- Installing: /home/lzh/VMC_Quadruped/src/interfaces/install/interfaces/include/interfaces/interfaces/msg/rosidl_generator_c__visibility_control.h
[5.645s] -- Installing: /home/lzh/VMC_Quadruped/src/interfaces/install/interfaces/include/interfaces/interfaces/msg/contact_state.h
[5.645s] -- Installing: /home/lzh/VMC_Quadruped/src/interfaces/install/interfaces/include/interfaces/interfaces/msg/foot_state.h
[5.645s] -- Installing: /home/lzh/VMC_Quadruped/src/interfaces/install/interfaces/include/interfaces/interfaces/msg/motor_command.h
[5.645s] -- Installing: /home/lzh/VMC_Quadruped/src/interfaces/install/interfaces/include/interfaces/interfaces/msg/motion_command.h
[5.645s] -- Installing: /home/lzh/VMC_Quadruped/src/interfaces/install/interfaces/include/interfaces/interfaces/msg/gait_phase.h
[5.645s] -- Installing: /home/lzh/VMC_Quadruped/src/interfaces/install/interfaces/include/interfaces/interfaces/msg/base_state.h
[5.645s] -- Installing: /home/lzh/VMC_Quadruped/src/interfaces/install/interfaces/share/interfaces/environment/library_path.sh
[5.645s] -- Installing: /home/lzh/VMC_Quadruped/src/interfaces/install/interfaces/share/interfaces/environment/library_path.dsv
[5.646s] -- Installing: /home/lzh/VMC_Quadruped/src/interfaces/install/interfaces/lib/libinterfaces__rosidl_generator_c.so
[5.646s] -- Set runtime path of "/home/lzh/VMC_Quadruped/src/interfaces/install/interfaces/lib/libinterfaces__rosidl_generator_c.so" to ""
[5.646s] -- Up-to-date: /home/lzh/VMC_Quadruped/src/interfaces/install/interfaces/include/interfaces/interfaces
[5.646s] -- Up-to-date: /home/lzh/VMC_Quadruped/src/interfaces/install/interfaces/include/interfaces/interfaces/msg
[5.646s] -- Up-to-date: /home/lzh/VMC_Quadruped/src/interfaces/install/interfaces/include/interfaces/interfaces/msg/detail
[5.646s] -- Installing: /home/lzh/VMC_Quadruped/src/interfaces/install/interfaces/include/interfaces/interfaces/msg/detail/motor_command12__rosidl_typesupport_fastrtps_c.h
[5.646s] -- Installing: /home/lzh/VMC_Quadruped/src/interfaces/install/interfaces/include/interfaces/interfaces/msg/detail/motion_command__rosidl_typesupport_fastrtps_c.h
[5.646s] -- Installing: /home/lzh/VMC_Quadruped/src/interfaces/install/interfaces/include/interfaces/interfaces/msg/detail/contact_state__rosidl_typesupport_fastrtps_c.h
[5.646s] -- Installing: /home/lzh/VMC_Quadruped/src/interfaces/install/interfaces/include/interfaces/interfaces/msg/detail/single_foot_state__rosidl_typesupport_fastrtps_c.h
[5.646s] -- Installing: /home/lzh/VMC_Quadruped/src/interfaces/install/interfaces/include/interfaces/interfaces/msg/detail/foot_state__rosidl_typesupport_fastrtps_c.h
[5.646s] -- Installing: /home/lzh/VMC_Quadruped/src/interfaces/install/interfaces/include/interfaces/interfaces/msg/detail/motor_command__rosidl_typesupport_fastrtps_c.h
[5.646s] -- Installing: /home/lzh/VMC_Quadruped/src/interfaces/install/interfaces/include/interfaces/interfaces/msg/detail/base_state__rosidl_typesupport_fastrtps_c.h
[5.646s] -- Installing: /home/lzh/VMC_Quadruped/src/interfaces/install/interfaces/include/interfaces/interfaces/msg/detail/gait_phase__rosidl_typesupport_fastrtps_c.h
[5.646s] -- Installing: /home/lzh/VMC_Quadruped/src/interfaces/install/interfaces/include/interfaces/interfaces/msg/rosidl_typesupport_fastrtps_c__visibility_control.h
[5.646s] -- Installing: /home/lzh/VMC_Quadruped/src/interfaces/install/interfaces/lib/libinterfaces__rosidl_typesupport_fastrtps_c.so
[5.646s] -- Set runtime path of "/home/lzh/VMC_Quadruped/src/interfaces/install/interfaces/lib/libinterfaces__rosidl_typesupport_fastrtps_c.so" to ""
[5.647s] -- Up-to-date: /home/lzh/VMC_Quadruped/src/interfaces/install/interfaces/include/interfaces/interfaces
[5.647s] -- Up-to-date: /home/lzh/VMC_Quadruped/src/interfaces/install/interfaces/include/interfaces/interfaces/msg
[5.647s] -- Up-to-date: /home/lzh/VMC_Quadruped/src/interfaces/install/interfaces/include/interfaces/interfaces/msg/detail
[5.647s] -- Installing: /home/lzh/VMC_Quadruped/src/interfaces/install/interfaces/include/interfaces/interfaces/msg/detail/base_state__type_support.c
[5.647s] -- Installing: /home/lzh/VMC_Quadruped/src/interfaces/install/interfaces/include/interfaces/interfaces/msg/detail/contact_state__rosidl_typesupport_introspection_c.h
[5.647s] -- Installing: /home/lzh/VMC_Quadruped/src/interfaces/install/interfaces/include/interfaces/interfaces/msg/detail/foot_state__rosidl_typesupport_introspection_c.h
[5.647s] -- Installing: /home/lzh/VMC_Quadruped/src/interfaces/install/interfaces/include/interfaces/interfaces/msg/detail/motion_command__type_support.c
[5.647s] -- Installing: /home/lzh/VMC_Quadruped/src/interfaces/install/interfaces/include/interfaces/interfaces/msg/detail/gait_phase__type_support.c
[5.647s] -- Installing: /home/lzh/VMC_Quadruped/src/interfaces/install/interfaces/include/interfaces/interfaces/msg/detail/motor_command__rosidl_typesupport_introspection_c.h
[5.647s] -- Installing: /home/lzh/VMC_Quadruped/src/interfaces/install/interfaces/include/interfaces/interfaces/msg/detail/motor_command12__rosidl_typesupport_introspection_c.h
[5.647s] -- Installing: /home/lzh/VMC_Quadruped/src/interfaces/install/interfaces/include/interfaces/interfaces/msg/detail/motor_command__type_support.c
[5.647s] -- Installing: /home/lzh/VMC_Quadruped/src/interfaces/install/interfaces/include/interfaces/interfaces/msg/detail/single_foot_state__type_support.c
[5.647s] -- Installing: /home/lzh/VMC_Quadruped/src/interfaces/install/interfaces/include/interfaces/interfaces/msg/detail/gait_phase__rosidl_typesupport_introspection_c.h
[5.647s] -- Installing: /home/lzh/VMC_Quadruped/src/interfaces/install/interfaces/include/interfaces/interfaces/msg/detail/motion_command__rosidl_typesupport_introspection_c.h
[5.647s] -- Installing: /home/lzh/VMC_Quadruped/src/interfaces/install/interfaces/include/interfaces/interfaces/msg/detail/base_state__rosidl_typesupport_introspection_c.h
[5.647s] -- Installing: /home/lzh/VMC_Quadruped/src/interfaces/install/interfaces/include/interfaces/interfaces/msg/detail/foot_state__type_support.c
[5.647s] -- Installing: /home/lzh/VMC_Quadruped/src/interfaces/install/interfaces/include/interfaces/interfaces/msg/detail/motor_command12__type_support.c
[5.647s] -- Installing: /home/lzh/VMC_Quadruped/src/interfaces/install/interfaces/include/interfaces/interfaces/msg/detail/contact_state__type_support.c
[5.647s] -- Installing: /home/lzh/VMC_Quadruped/src/interfaces/install/interfaces/include/interfaces/interfaces/msg/detail/single_foot_state__rosidl_typesupport_introspection_c.h
[5.647s] -- Installing: /home/lzh/VMC_Quadruped/src/interfaces/install/interfaces/include/interfaces/interfaces/msg/rosidl_typesupport_introspection_c__visibility_control.h
[5.647s] -- Installing: /home/lzh/VMC_Quadruped/src/interfaces/install/interfaces/lib/libinterfaces__rosidl_typesupport_introspection_c.so
[5.648s] -- Set runtime path of "/home/lzh/VMC_Quadruped/src/interfaces/install/interfaces/lib/libinterfaces__rosidl_typesupport_introspection_c.so" to ""
[5.648s] -- Installing: /home/lzh/VMC_Quadruped/src/interfaces/install/interfaces/lib/libinterfaces__rosidl_typesupport_c.so
[5.648s] -- Set runtime path of "/home/lzh/VMC_Quadruped/src/interfaces/install/interfaces/lib/libinterfaces__rosidl_typesupport_c.so" to ""
[5.648s] -- Up-to-date: /home/lzh/VMC_Quadruped/src/interfaces/install/interfaces/include/interfaces/interfaces
[5.648s] -- Up-to-date: /home/lzh/VMC_Quadruped/src/interfaces/install/interfaces/include/interfaces/interfaces/msg
[5.648s] -- Up-to-date: /home/lzh/VMC_Quadruped/src/interfaces/install/interfaces/include/interfaces/interfaces/msg/detail
[5.648s] -- Installing: /home/lzh/VMC_Quadruped/src/interfaces/install/interfaces/include/interfaces/interfaces/msg/detail/foot_state__type_support.hpp
[5.648s] -- Installing: /home/lzh/VMC_Quadruped/src/interfaces/install/interfaces/include/interfaces/interfaces/msg/detail/base_state__type_support.hpp
[5.648s] -- Installing: /home/lzh/VMC_Quadruped/src/interfaces/install/interfaces/include/interfaces/interfaces/msg/detail/base_state__struct.hpp
[5.648s] -- Installing: /home/lzh/VMC_Quadruped/src/interfaces/install/interfaces/include/interfaces/interfaces/msg/detail/motor_command12__struct.hpp
[5.648s] -- Installing: /home/lzh/VMC_Quadruped/src/interfaces/install/interfaces/include/interfaces/interfaces/msg/detail/gait_phase__struct.hpp
[5.648s] -- Installing: /home/lzh/VMC_Quadruped/src/interfaces/install/interfaces/include/interfaces/interfaces/msg/detail/base_state__builder.hpp
[5.648s] -- Installing: /home/lzh/VMC_Quadruped/src/interfaces/install/interfaces/include/interfaces/interfaces/msg/detail/motion_command__struct.hpp
[5.648s] -- Installing: /home/lzh/VMC_Quadruped/src/interfaces/install/interfaces/include/interfaces/interfaces/msg/detail/gait_phase__traits.hpp
[5.648s] -- Installing: /home/lzh/VMC_Quadruped/src/interfaces/install/interfaces/include/interfaces/interfaces/msg/detail/foot_state__builder.hpp
[5.648s] -- Installing: /home/lzh/VMC_Quadruped/src/interfaces/install/interfaces/include/interfaces/interfaces/msg/detail/motor_command12__traits.hpp
[5.648s] -- Installing: /home/lzh/VMC_Quadruped/src/interfaces/install/interfaces/include/interfaces/interfaces/msg/detail/motor_command__type_support.hpp
[5.648s] -- Installing: /home/lzh/VMC_Quadruped/src/interfaces/install/interfaces/include/interfaces/interfaces/msg/detail/single_foot_state__type_support.hpp
[5.649s] -- Installing: /home/lzh/VMC_Quadruped/src/interfaces/install/interfaces/include/interfaces/interfaces/msg/detail/gait_phase__builder.hpp
[5.649s] -- Installing: /home/lzh/VMC_Quadruped/src/interfaces/install/interfaces/include/interfaces/interfaces/msg/detail/motion_command__type_support.hpp
[5.649s] -- Installing: /home/lzh/VMC_Quadruped/src/interfaces/install/interfaces/include/interfaces/interfaces/msg/detail/contact_state__struct.hpp
[5.649s] -- Installing: /home/lzh/VMC_Quadruped/src/interfaces/install/interfaces/include/interfaces/interfaces/msg/detail/motor_command__struct.hpp
[5.649s] -- Installing: /home/lzh/VMC_Quadruped/src/interfaces/install/interfaces/include/interfaces/interfaces/msg/detail/contact_state__traits.hpp
[5.649s] -- Installing: /home/lzh/VMC_Quadruped/src/interfaces/install/interfaces/include/interfaces/interfaces/msg/detail/base_state__traits.hpp
[5.649s] -- Installing: /home/lzh/VMC_Quadruped/src/interfaces/install/interfaces/include/interfaces/interfaces/msg/detail/foot_state__struct.hpp
[5.649s] -- Installing: /home/lzh/VMC_Quadruped/src/interfaces/install/interfaces/include/interfaces/interfaces/msg/detail/single_foot_state__traits.hpp
[5.649s] -- Installing: /home/lzh/VMC_Quadruped/src/interfaces/install/interfaces/include/interfaces/interfaces/msg/detail/motion_command__traits.hpp
[5.649s] -- Installing: /home/lzh/VMC_Quadruped/src/interfaces/install/interfaces/include/interfaces/interfaces/msg/detail/motor_command__traits.hpp
[5.649s] -- Installing: /home/lzh/VMC_Quadruped/src/interfaces/install/interfaces/include/interfaces/interfaces/msg/detail/foot_state__traits.hpp
[5.649s] -- Installing: /home/lzh/VMC_Quadruped/src/interfaces/install/interfaces/include/interfaces/interfaces/msg/detail/motor_command12__type_support.hpp
[5.649s] -- Installing: /home/lzh/VMC_Quadruped/src/interfaces/install/interfaces/include/interfaces/interfaces/msg/detail/motion_command__builder.hpp
[5.649s] -- Installing: /home/lzh/VMC_Quadruped/src/interfaces/install/interfaces/include/interfaces/interfaces/msg/detail/motor_command12__builder.hpp
[5.649s] -- Installing: /home/lzh/VMC_Quadruped/src/interfaces/install/interfaces/include/interfaces/interfaces/msg/detail/gait_phase__type_support.hpp
[5.649s] -- Installing: /home/lzh/VMC_Quadruped/src/interfaces/install/interfaces/include/interfaces/interfaces/msg/detail/motor_command__builder.hpp
[5.649s] -- Installing: /home/lzh/VMC_Quadruped/src/interfaces/install/interfaces/include/interfaces/interfaces/msg/detail/single_foot_state__builder.hpp
[5.649s] -- Installing: /home/lzh/VMC_Quadruped/src/interfaces/install/interfaces/include/interfaces/interfaces/msg/detail/contact_state__builder.hpp
[5.649s] -- Installing: /home/lzh/VMC_Quadruped/src/interfaces/install/interfaces/include/interfaces/interfaces/msg/detail/single_foot_state__struct.hpp
[5.649s] -- Installing: /home/lzh/VMC_Quadruped/src/interfaces/install/interfaces/include/interfaces/interfaces/msg/detail/contact_state__type_support.hpp
[5.649s] -- Installing: /home/lzh/VMC_Quadruped/src/interfaces/install/interfaces/include/interfaces/interfaces/msg/rosidl_generator_cpp__visibility_control.hpp
[5.650s] -- Installing: /home/lzh/VMC_Quadruped/src/interfaces/install/interfaces/include/interfaces/interfaces/msg/foot_state.hpp
[5.650s] -- Installing: /home/lzh/VMC_Quadruped/src/interfaces/install/interfaces/include/interfaces/interfaces/msg/motor_command.hpp
[5.650s] -- Installing: /home/lzh/VMC_Quadruped/src/interfaces/install/interfaces/include/interfaces/interfaces/msg/single_foot_state.hpp
[5.650s] -- Installing: /home/lzh/VMC_Quadruped/src/interfaces/install/interfaces/include/interfaces/interfaces/msg/base_state.hpp
[5.650s] -- Installing: /home/lzh/VMC_Quadruped/src/interfaces/install/interfaces/include/interfaces/interfaces/msg/motor_command12.hpp
[5.650s] -- Installing: /home/lzh/VMC_Quadruped/src/interfaces/install/interfaces/include/interfaces/interfaces/msg/gait_phase.hpp
[5.650s] -- Installing: /home/lzh/VMC_Quadruped/src/interfaces/install/interfaces/include/interfaces/interfaces/msg/contact_state.hpp
[5.650s] -- Installing: /home/lzh/VMC_Quadruped/src/interfaces/install/interfaces/include/interfaces/interfaces/msg/motion_command.hpp
[5.650s] -- Up-to-date: /home/lzh/VMC_Quadruped/src/interfaces/install/interfaces/include/interfaces/interfaces
[5.650s] -- Up-to-date: /home/lzh/VMC_Quadruped/src/interfaces/install/interfaces/include/interfaces/interfaces/msg
[5.650s] -- Up-to-date: /home/lzh/VMC_Quadruped/src/interfaces/install/interfaces/include/interfaces/interfaces/msg/detail
[5.650s] -- Installing: /home/lzh/VMC_Quadruped/src/interfaces/install/interfaces/include/interfaces/interfaces/msg/detail/base_state__rosidl_typesupport_fastrtps_cpp.hpp
[5.650s] -- Installing: /home/lzh/VMC_Quadruped/src/interfaces/install/interfaces/include/interfaces/interfaces/msg/detail/foot_state__rosidl_typesupport_fastrtps_cpp.hpp
[5.650s] -- Installing: /home/lzh/VMC_Quadruped/src/interfaces/install/interfaces/include/interfaces/interfaces/msg/detail/gait_phase__rosidl_typesupport_fastrtps_cpp.hpp
[5.650s] -- Installing: /home/lzh/VMC_Quadruped/src/interfaces/install/interfaces/include/interfaces/interfaces/msg/detail/dds_fastrtps
[5.650s] -- Installing: /home/lzh/VMC_Quadruped/src/interfaces/install/interfaces/include/interfaces/interfaces/msg/detail/single_foot_state__rosidl_typesupport_fastrtps_cpp.hpp
[5.650s] -- Installing: /home/lzh/VMC_Quadruped/src/interfaces/install/interfaces/include/interfaces/interfaces/msg/detail/motor_command12__rosidl_typesupport_fastrtps_cpp.hpp
[5.650s] -- Installing: /home/lzh/VMC_Quadruped/src/interfaces/install/interfaces/include/interfaces/interfaces/msg/detail/motor_command__rosidl_typesupport_fastrtps_cpp.hpp
[5.650s] -- Installing: /home/lzh/VMC_Quadruped/src/interfaces/install/interfaces/include/interfaces/interfaces/msg/detail/motion_command__rosidl_typesupport_fastrtps_cpp.hpp
[5.650s] -- Installing: /home/lzh/VMC_Quadruped/src/interfaces/install/interfaces/include/interfaces/interfaces/msg/detail/contact_state__rosidl_typesupport_fastrtps_cpp.hpp
[5.650s] -- Installing: /home/lzh/VMC_Quadruped/src/interfaces/install/interfaces/include/interfaces/interfaces/msg/rosidl_typesupport_fastrtps_cpp__visibility_control.h
[5.651s] -- Installing: /home/lzh/VMC_Quadruped/src/interfaces/install/interfaces/lib/libinterfaces__rosidl_typesupport_fastrtps_cpp.so
[5.651s] -- Set runtime path of "/home/lzh/VMC_Quadruped/src/interfaces/install/interfaces/lib/libinterfaces__rosidl_typesupport_fastrtps_cpp.so" to ""
[5.651s] -- Up-to-date: /home/lzh/VMC_Quadruped/src/interfaces/install/interfaces/include/interfaces/interfaces
[5.651s] -- Up-to-date: /home/lzh/VMC_Quadruped/src/interfaces/install/interfaces/include/interfaces/interfaces/msg
[5.651s] -- Up-to-date: /home/lzh/VMC_Quadruped/src/interfaces/install/interfaces/include/interfaces/interfaces/msg/detail
[5.651s] -- Installing: /home/lzh/VMC_Quadruped/src/interfaces/install/interfaces/include/interfaces/interfaces/msg/detail/motion_command__type_support.cpp
[5.651s] -- Installing: /home/lzh/VMC_Quadruped/src/interfaces/install/interfaces/include/interfaces/interfaces/msg/detail/single_foot_state__rosidl_typesupport_introspection_cpp.hpp
[5.651s] -- Installing: /home/lzh/VMC_Quadruped/src/interfaces/install/interfaces/include/interfaces/interfaces/msg/detail/contact_state__rosidl_typesupport_introspection_cpp.hpp
[5.651s] -- Installing: /home/lzh/VMC_Quadruped/src/interfaces/install/interfaces/include/interfaces/interfaces/msg/detail/gait_phase__rosidl_typesupport_introspection_cpp.hpp
[5.651s] -- Installing: /home/lzh/VMC_Quadruped/src/interfaces/install/interfaces/include/interfaces/interfaces/msg/detail/motor_command__rosidl_typesupport_introspection_cpp.hpp
[5.651s] -- Installing: /home/lzh/VMC_Quadruped/src/interfaces/install/interfaces/include/interfaces/interfaces/msg/detail/foot_state__rosidl_typesupport_introspection_cpp.hpp
[5.651s] -- Installing: /home/lzh/VMC_Quadruped/src/interfaces/install/interfaces/include/interfaces/interfaces/msg/detail/contact_state__type_support.cpp
[5.651s] -- Installing: /home/lzh/VMC_Quadruped/src/interfaces/install/interfaces/include/interfaces/interfaces/msg/detail/motor_command12__type_support.cpp
[5.651s] -- Installing: /home/lzh/VMC_Quadruped/src/interfaces/install/interfaces/include/interfaces/interfaces/msg/detail/single_foot_state__type_support.cpp
[5.651s] -- Installing: /home/lzh/VMC_Quadruped/src/interfaces/install/interfaces/include/interfaces/interfaces/msg/detail/motion_command__rosidl_typesupport_introspection_cpp.hpp
[5.651s] -- Installing: /home/lzh/VMC_Quadruped/src/interfaces/install/interfaces/include/interfaces/interfaces/msg/detail/base_state__type_support.cpp
[5.651s] -- Installing: /home/lzh/VMC_Quadruped/src/interfaces/install/interfaces/include/interfaces/interfaces/msg/detail/gait_phase__type_support.cpp
[5.651s] -- Installing: /home/lzh/VMC_Quadruped/src/interfaces/install/interfaces/include/interfaces/interfaces/msg/detail/motor_command__type_support.cpp
[5.651s] -- Installing: /home/lzh/VMC_Quadruped/src/interfaces/install/interfaces/include/interfaces/interfaces/msg/detail/foot_state__type_support.cpp
[5.652s] -- Installing: /home/lzh/VMC_Quadruped/src/interfaces/install/interfaces/include/interfaces/interfaces/msg/detail/base_state__rosidl_typesupport_introspection_cpp.hpp
[5.652s] -- Installing: /home/lzh/VMC_Quadruped/src/interfaces/install/interfaces/include/interfaces/interfaces/msg/detail/motor_command12__rosidl_typesupport_introspection_cpp.hpp
[5.652s] -- Installing: /home/lzh/VMC_Quadruped/src/interfaces/install/interfaces/lib/libinterfaces__rosidl_typesupport_introspection_cpp.so
[5.652s] -- Set runtime path of "/home/lzh/VMC_Quadruped/src/interfaces/install/interfaces/lib/libinterfaces__rosidl_typesupport_introspection_cpp.so" to ""
[5.652s] -- Installing: /home/lzh/VMC_Quadruped/src/interfaces/install/interfaces/lib/libinterfaces__rosidl_typesupport_cpp.so
[5.652s] -- Set runtime path of "/home/lzh/VMC_Quadruped/src/interfaces/install/interfaces/lib/libinterfaces__rosidl_typesupport_cpp.so" to ""
[5.652s] -- Installing: /home/lzh/VMC_Quadruped/src/interfaces/install/interfaces/share/interfaces/environment/pythonpath.sh
[5.652s] -- Installing: /home/lzh/VMC_Quadruped/src/interfaces/install/interfaces/share/interfaces/environment/pythonpath.dsv
[5.652s] -- Installing: /home/lzh/VMC_Quadruped/src/interfaces/install/interfaces/local/lib/python3.10/dist-packages/interfaces-0.0.0-py3.10.egg-info
[5.652s] -- Installing: /home/lzh/VMC_Quadruped/src/interfaces/install/interfaces/local/lib/python3.10/dist-packages/interfaces-0.0.0-py3.10.egg-info/PKG-INFO
[5.652s] -- Installing: /home/lzh/VMC_Quadruped/src/interfaces/install/interfaces/local/lib/python3.10/dist-packages/interfaces-0.0.0-py3.10.egg-info/top_level.txt
[5.652s] -- Installing: /home/lzh/VMC_Quadruped/src/interfaces/install/interfaces/local/lib/python3.10/dist-packages/interfaces-0.0.0-py3.10.egg-info/SOURCES.txt
[5.652s] -- Installing: /home/lzh/VMC_Quadruped/src/interfaces/install/interfaces/local/lib/python3.10/dist-packages/interfaces-0.0.0-py3.10.egg-info/dependency_links.txt
[5.652s] -- Installing: /home/lzh/VMC_Quadruped/src/interfaces/install/interfaces/local/lib/python3.10/dist-packages/interfaces
[5.652s] -- Installing: /home/lzh/VMC_Quadruped/src/interfaces/install/interfaces/local/lib/python3.10/dist-packages/interfaces/libinterfaces__rosidl_generator_py.so
[5.652s] -- Installing: /home/lzh/VMC_Quadruped/src/interfaces/install/interfaces/local/lib/python3.10/dist-packages/interfaces/__init__.py
[5.653s] -- Installing: /home/lzh/VMC_Quadruped/src/interfaces/install/interfaces/local/lib/python3.10/dist-packages/interfaces/interfaces_s__rosidl_typesupport_c.cpython-310-x86_64-linux-gnu.so
[5.653s] -- Installing: /home/lzh/VMC_Quadruped/src/interfaces/install/interfaces/local/lib/python3.10/dist-packages/interfaces/msg
[5.653s] -- Installing: /home/lzh/VMC_Quadruped/src/interfaces/install/interfaces/local/lib/python3.10/dist-packages/interfaces/msg/_single_foot_state.py
[5.653s] -- Installing: /home/lzh/VMC_Quadruped/src/interfaces/install/interfaces/local/lib/python3.10/dist-packages/interfaces/msg/__init__.py
[5.653s] -- Installing: /home/lzh/VMC_Quadruped/src/interfaces/install/interfaces/local/lib/python3.10/dist-packages/interfaces/msg/_contact_state_s.c
[5.653s] -- Installing: /home/lzh/VMC_Quadruped/src/interfaces/install/interfaces/local/lib/python3.10/dist-packages/interfaces/msg/_gait_phase_s.c
[5.653s] -- Installing: /home/lzh/VMC_Quadruped/src/interfaces/install/interfaces/local/lib/python3.10/dist-packages/interfaces/msg/_base_state.py
[5.653s] -- Installing: /home/lzh/VMC_Quadruped/src/interfaces/install/interfaces/local/lib/python3.10/dist-packages/interfaces/msg/_gait_phase.py
[5.653s] -- Installing: /home/lzh/VMC_Quadruped/src/interfaces/install/interfaces/local/lib/python3.10/dist-packages/interfaces/msg/_foot_state_s.c
[5.653s] -- Installing: /home/lzh/VMC_Quadruped/src/interfaces/install/interfaces/local/lib/python3.10/dist-packages/interfaces/msg/_foot_state.py
[5.653s] -- Installing: /home/lzh/VMC_Quadruped/src/interfaces/install/interfaces/local/lib/python3.10/dist-packages/interfaces/msg/_single_foot_state_s.c
[5.653s] -- Installing: /home/lzh/VMC_Quadruped/src/interfaces/install/interfaces/local/lib/python3.10/dist-packages/interfaces/msg/_contact_state.py
[5.653s] -- Installing: /home/lzh/VMC_Quadruped/src/interfaces/install/interfaces/local/lib/python3.10/dist-packages/interfaces/msg/_motion_command_s.c
[5.653s] -- Installing: /home/lzh/VMC_Quadruped/src/interfaces/install/interfaces/local/lib/python3.10/dist-packages/interfaces/msg/_motor_command_s.c
[5.653s] -- Installing: /home/lzh/VMC_Quadruped/src/interfaces/install/interfaces/local/lib/python3.10/dist-packages/interfaces/msg/_motor_command12_s.c
[5.653s] -- Installing: /home/lzh/VMC_Quadruped/src/interfaces/install/interfaces/local/lib/python3.10/dist-packages/interfaces/msg/_motion_command.py
[5.653s] -- Installing: /home/lzh/VMC_Quadruped/src/interfaces/install/interfaces/local/lib/python3.10/dist-packages/interfaces/msg/_motor_command.py
[5.653s] -- Installing: /home/lzh/VMC_Quadruped/src/interfaces/install/interfaces/local/lib/python3.10/dist-packages/interfaces/msg/_base_state_s.c
[5.653s] -- Installing: /home/lzh/VMC_Quadruped/src/interfaces/install/interfaces/local/lib/python3.10/dist-packages/interfaces/msg/_motor_command12.py
[5.653s] -- Installing: /home/lzh/VMC_Quadruped/src/interfaces/install/interfaces/local/lib/python3.10/dist-packages/interfaces/_interfaces_s.ep.rosidl_typesupport_fastrtps_c.c
[5.653s] -- Installing: /home/lzh/VMC_Quadruped/src/interfaces/install/interfaces/local/lib/python3.10/dist-packages/interfaces/interfaces_s__rosidl_typesupport_introspection_c.cpython-310-x86_64-linux-gnu.so
[5.653s] -- Installing: /home/lzh/VMC_Quadruped/src/interfaces/install/interfaces/local/lib/python3.10/dist-packages/interfaces/_interfaces_s.ep.rosidl_typesupport_introspection_c.c
[5.654s] -- Installing: /home/lzh/VMC_Quadruped/src/interfaces/install/interfaces/local/lib/python3.10/dist-packages/interfaces/_interfaces_s.ep.rosidl_typesupport_c.c
[5.654s] -- Installing: /home/lzh/VMC_Quadruped/src/interfaces/install/interfaces/local/lib/python3.10/dist-packages/interfaces/interfaces_s__rosidl_typesupport_fastrtps_c.cpython-310-x86_64-linux-gnu.so
[5.688s] Listing '/home/lzh/VMC_Quadruped/src/interfaces/install/interfaces/local/lib/python3.10/dist-packages/interfaces'...
[5.688s] Compiling '/home/lzh/VMC_Quadruped/src/interfaces/install/interfaces/local/lib/python3.10/dist-packages/interfaces/__init__.py'...
[5.688s] Listing '/home/lzh/VMC_Quadruped/src/interfaces/install/interfaces/local/lib/python3.10/dist-packages/interfaces/msg'...
[5.688s] Compiling '/home/lzh/VMC_Quadruped/src/interfaces/install/interfaces/local/lib/python3.10/dist-packages/interfaces/msg/__init__.py'...
[5.688s] Compiling '/home/lzh/VMC_Quadruped/src/interfaces/install/interfaces/local/lib/python3.10/dist-packages/interfaces/msg/_base_state.py'...
[5.688s] Compiling '/home/lzh/VMC_Quadruped/src/interfaces/install/interfaces/local/lib/python3.10/dist-packages/interfaces/msg/_contact_state.py'...
[5.688s] Compiling '/home/lzh/VMC_Quadruped/src/interfaces/install/interfaces/local/lib/python3.10/dist-packages/interfaces/msg/_foot_state.py'...
[5.688s] Compiling '/home/lzh/VMC_Quadruped/src/interfaces/install/interfaces/local/lib/python3.10/dist-packages/interfaces/msg/_gait_phase.py'...
[5.688s] Compiling '/home/lzh/VMC_Quadruped/src/interfaces/install/interfaces/local/lib/python3.10/dist-packages/interfaces/msg/_motion_command.py'...
[5.688s] Compiling '/home/lzh/VMC_Quadruped/src/interfaces/install/interfaces/local/lib/python3.10/dist-packages/interfaces/msg/_motor_command.py'...
[5.688s] Compiling '/home/lzh/VMC_Quadruped/src/interfaces/install/interfaces/local/lib/python3.10/dist-packages/interfaces/msg/_motor_command12.py'...
[5.688s] Compiling '/home/lzh/VMC_Quadruped/src/interfaces/install/interfaces/local/lib/python3.10/dist-packages/interfaces/msg/_single_foot_state.py'...
[5.691s] -- Installing: /home/lzh/VMC_Quadruped/src/interfaces/install/interfaces/local/lib/python3.10/dist-packages/interfaces/interfaces_s__rosidl_typesupport_fastrtps_c.cpython-310-x86_64-linux-gnu.so
[5.691s] -- Set runtime path of "/home/lzh/VMC_Quadruped/src/interfaces/install/interfaces/local/lib/python3.10/dist-packages/interfaces/interfaces_s__rosidl_typesupport_fastrtps_c.cpython-310-x86_64-linux-gnu.so" to ""
[5.691s] -- Installing: /home/lzh/VMC_Quadruped/src/interfaces/install/interfaces/local/lib/python3.10/dist-packages/interfaces/interfaces_s__rosidl_typesupport_introspection_c.cpython-310-x86_64-linux-gnu.so
[5.691s] -- Set runtime path of "/home/lzh/VMC_Quadruped/src/interfaces/install/interfaces/local/lib/python3.10/dist-packages/interfaces/interfaces_s__rosidl_typesupport_introspection_c.cpython-310-x86_64-linux-gnu.so" to ""
[5.691s] -- Installing: /home/lzh/VMC_Quadruped/src/interfaces/install/interfaces/local/lib/python3.10/dist-packages/interfaces/interfaces_s__rosidl_typesupport_c.cpython-310-x86_64-linux-gnu.so
[5.691s] -- Set runtime path of "/home/lzh/VMC_Quadruped/src/interfaces/install/interfaces/local/lib/python3.10/dist-packages/interfaces/interfaces_s__rosidl_typesupport_c.cpython-310-x86_64-linux-gnu.so" to ""
[5.691s] -- Installing: /home/lzh/VMC_Quadruped/src/interfaces/install/interfaces/lib/libinterfaces__rosidl_generator_py.so
[5.691s] -- Set runtime path of "/home/lzh/VMC_Quadruped/src/interfaces/install/interfaces/lib/libinterfaces__rosidl_generator_py.so" to ""
[5.691s] -- Installing: /home/lzh/VMC_Quadruped/src/interfaces/install/interfaces/share/interfaces/msg/BaseState.idl
[5.691s] -- Installing: /home/lzh/VMC_Quadruped/src/interfaces/install/interfaces/share/interfaces/msg/ContactState.idl
[5.692s] -- Installing: /home/lzh/VMC_Quadruped/src/interfaces/install/interfaces/share/interfaces/msg/GaitPhase.idl
[5.692s] -- Installing: /home/lzh/VMC_Quadruped/src/interfaces/install/interfaces/share/interfaces/msg/MotionCommand.idl
[5.692s] -- Installing: /home/lzh/VMC_Quadruped/src/interfaces/install/interfaces/share/interfaces/msg/SingleFootState.idl
[5.692s] -- Installing: /home/lzh/VMC_Quadruped/src/interfaces/install/interfaces/share/interfaces/msg/FootState.idl
[5.692s] -- Installing: /home/lzh/VMC_Quadruped/src/interfaces/install/interfaces/share/interfaces/msg/MotorCommand.idl
[5.692s] -- Installing: /home/lzh/VMC_Quadruped/src/interfaces/install/interfaces/share/interfaces/msg/MotorCommand12.idl
[5.692s] -- Installing: /home/lzh/VMC_Quadruped/src/interfaces/install/interfaces/share/interfaces/msg/BaseState.msg
[5.692s] -- Installing: /home/lzh/VMC_Quadruped/src/interfaces/install/interfaces/share/interfaces/msg/ContactState.msg
[5.692s] -- Installing: /home/lzh/VMC_Quadruped/src/interfaces/install/interfaces/share/interfaces/msg/GaitPhase.msg
[5.692s] -- Installing: /home/lzh/VMC_Quadruped/src/interfaces/install/interfaces/share/interfaces/msg/MotionCommand.msg
[5.692s] -- Installing: /home/lzh/VMC_Quadruped/src/interfaces/install/interfaces/share/interfaces/msg/SingleFootState.msg
[5.692s] -- Installing: /home/lzh/VMC_Quadruped/src/interfaces/install/interfaces/share/interfaces/msg/FootState.msg
[5.692s] -- Installing: /home/lzh/VMC_Quadruped/src/interfaces/install/interfaces/share/interfaces/msg/MotorCommand.msg
[5.692s] -- Installing: /home/lzh/VMC_Quadruped/src/interfaces/install/interfaces/share/interfaces/msg/MotorCommand12.msg
[5.692s] -- Installing: /home/lzh/VMC_Quadruped/src/interfaces/install/interfaces/share/ament_index/resource_index/package_run_dependencies/interfaces
[5.692s] -- Installing: /home/lzh/VMC_Quadruped/src/interfaces/install/interfaces/share/ament_index/resource_index/parent_prefix_path/interfaces
[5.692s] -- Installing: /home/lzh/VMC_Quadruped/src/interfaces/install/interfaces/share/interfaces/environment/ament_prefix_path.sh
[5.692s] -- Installing: /home/lzh/VMC_Quadruped/src/interfaces/install/interfaces/share/interfaces/environment/ament_prefix_path.dsv
[5.692s] -- Installing: /home/lzh/VMC_Quadruped/src/interfaces/install/interfaces/share/interfaces/environment/path.sh
[5.693s] -- Installing: /home/lzh/VMC_Quadruped/src/interfaces/install/interfaces/share/interfaces/environment/path.dsv
[5.693s] -- Installing: /home/lzh/VMC_Quadruped/src/interfaces/install/interfaces/share/interfaces/local_setup.bash
[5.693s] -- Installing: /home/lzh/VMC_Quadruped/src/interfaces/install/interfaces/share/interfaces/local_setup.sh
[5.693s] -- Installing: /home/lzh/VMC_Quadruped/src/interfaces/install/interfaces/share/interfaces/local_setup.zsh
[5.693s] -- Installing: /home/lzh/VMC_Quadruped/src/interfaces/install/interfaces/share/interfaces/local_setup.dsv
[5.693s] -- Installing: /home/lzh/VMC_Quadruped/src/interfaces/install/interfaces/share/interfaces/package.dsv
[5.693s] -- Installing: /home/lzh/VMC_Quadruped/src/interfaces/install/interfaces/share/ament_index/resource_index/packages/interfaces
[5.693s] -- Installing: /home/lzh/VMC_Quadruped/src/interfaces/install/interfaces/share/interfaces/cmake/export_interfaces__rosidl_generator_cExport.cmake
[5.693s] -- Installing: /home/lzh/VMC_Quadruped/src/interfaces/install/interfaces/share/interfaces/cmake/export_interfaces__rosidl_generator_cExport-noconfig.cmake
[5.693s] -- Installing: /home/lzh/VMC_Quadruped/src/interfaces/install/interfaces/share/interfaces/cmake/export_interfaces__rosidl_typesupport_fastrtps_cExport.cmake
[5.693s] -- Installing: /home/lzh/VMC_Quadruped/src/interfaces/install/interfaces/share/interfaces/cmake/export_interfaces__rosidl_typesupport_fastrtps_cExport-noconfig.cmake
[5.693s] -- Installing: /home/lzh/VMC_Quadruped/src/interfaces/install/interfaces/share/interfaces/cmake/interfaces__rosidl_typesupport_introspection_cExport.cmake
[5.693s] -- Installing: /home/lzh/VMC_Quadruped/src/interfaces/install/interfaces/share/interfaces/cmake/interfaces__rosidl_typesupport_introspection_cExport-noconfig.cmake
[5.693s] -- Installing: /home/lzh/VMC_Quadruped/src/interfaces/install/interfaces/share/interfaces/cmake/interfaces__rosidl_typesupport_cExport.cmake
[5.693s] -- Installing: /home/lzh/VMC_Quadruped/src/interfaces/install/interfaces/share/interfaces/cmake/interfaces__rosidl_typesupport_cExport-noconfig.cmake
[5.693s] -- Installing: /home/lzh/VMC_Quadruped/src/interfaces/install/interfaces/share/interfaces/cmake/export_interfaces__rosidl_generator_cppExport.cmake
[5.693s] -- Installing: /home/lzh/VMC_Quadruped/src/interfaces/install/interfaces/share/interfaces/cmake/export_interfaces__rosidl_typesupport_fastrtps_cppExport.cmake
[5.694s] -- Installing: /home/lzh/VMC_Quadruped/src/interfaces/install/interfaces/share/interfaces/cmake/export_interfaces__rosidl_typesupport_fastrtps_cppExport-noconfig.cmake
[5.694s] -- Installing: /home/lzh/VMC_Quadruped/src/interfaces/install/interfaces/share/interfaces/cmake/interfaces__rosidl_typesupport_introspection_cppExport.cmake
[5.694s] -- Installing: /home/lzh/VMC_Quadruped/src/interfaces/install/interfaces/share/interfaces/cmake/interfaces__rosidl_typesupport_introspection_cppExport-noconfig.cmake
[5.694s] -- Installing: /home/lzh/VMC_Quadruped/src/interfaces/install/interfaces/share/interfaces/cmake/interfaces__rosidl_typesupport_cppExport.cmake
[5.694s] -- Installing: /home/lzh/VMC_Quadruped/src/interfaces/install/interfaces/share/interfaces/cmake/interfaces__rosidl_typesupport_cppExport-noconfig.cmake
[5.694s] -- Installing: /home/lzh/VMC_Quadruped/src/interfaces/install/interfaces/share/interfaces/cmake/export_interfaces__rosidl_generator_pyExport.cmake
[5.694s] -- Installing: /home/lzh/VMC_Quadruped/src/interfaces/install/interfaces/share/interfaces/cmake/export_interfaces__rosidl_generator_pyExport-noconfig.cmake
[5.694s] -- Installing: /home/lzh/VMC_Quadruped/src/interfaces/install/interfaces/share/interfaces/cmake/rosidl_cmake-extras.cmake
[5.694s] -- Installing: /home/lzh/VMC_Quadruped/src/interfaces/install/interfaces/share/interfaces/cmake/ament_cmake_export_dependencies-extras.cmake
[5.694s] -- Installing: /home/lzh/VMC_Quadruped/src/interfaces/install/interfaces/share/interfaces/cmake/ament_cmake_export_include_directories-extras.cmake
[5.694s] -- Installing: /home/lzh/VMC_Quadruped/src/interfaces/install/interfaces/share/interfaces/cmake/ament_cmake_export_libraries-extras.cmake
[5.694s] -- Installing: /home/lzh/VMC_Quadruped/src/interfaces/install/interfaces/share/interfaces/cmake/ament_cmake_export_targets-extras.cmake
[5.694s] -- Installing: /home/lzh/VMC_Quadruped/src/interfaces/install/interfaces/share/interfaces/cmake/rosidl_cmake_export_typesupport_targets-extras.cmake
[5.694s] -- Installing: /home/lzh/VMC_Quadruped/src/interfaces/install/interfaces/share/interfaces/cmake/rosidl_cmake_export_typesupport_libraries-extras.cmake
[5.694s] -- Installing: /home/lzh/VMC_Quadruped/src/interfaces/install/interfaces/share/interfaces/cmake/interfacesConfig.cmake
[5.694s] -- Installing: /home/lzh/VMC_Quadruped/src/interfaces/install/interfaces/share/interfaces/cmake/interfacesConfig-version.cmake
[5.694s] -- Installing: /home/lzh/VMC_Quadruped/src/interfaces/install/interfaces/share/interfaces/package.xml
[5.696s] Invoked command in '/home/lzh/VMC_Quadruped/src/interfaces/build/interfaces' returned '0': CMAKE_PREFIX_PATH=/opt/ros/humble /usr/bin/cmake --install /home/lzh/VMC_Quadruped/src/interfaces/build/interfaces
