[0.011s] Invoking command in '/home/lzh/VMC_Quadruped/build/rs_motor_ros2': CMAKE_PREFIX_PATH=/home/lzh/VMC_Quadruped/install/interfaces:/home/lzh/VMC_Quadruped/src/robstride_ros_sample/install/rs_motor_ros2:/home/lzh/VMC_Quadruped/install/rs_motor_ros2:/home/lzh/VMC_Quadruped/install/main_control:/home/lzh/VMC_Quadruped/install/estimation:/home/lzh/VMC_Quadruped/install/description:/opt/ros/humble /usr/bin/cmake /home/lzh/VMC_Quadruped/src/robstride_ros_sample -DCMAKE_INSTALL_PREFIX=/home/lzh/VMC_Quadruped/install/rs_motor_ros2
[0.075s] -- The C compiler identification is GNU 11.4.0
[0.128s] -- The CXX compiler identification is GNU 11.4.0
[0.134s] -- Detecting C compiler ABI info
[0.192s] -- Detecting C compiler ABI info - done
[0.198s] -- Check for working C compiler: /usr/bin/cc - skipped
[0.198s] -- Detecting C compile features
[0.198s] -- Detecting C compile features - done
[0.202s] -- Detecting CXX compiler ABI info
[0.277s] -- Detecting CXX compiler ABI info - done
[0.287s] -- Check for working CXX compiler: /usr/bin/c++ - skipped
[0.287s] -- Detecting CXX compile features
[0.288s] -- Detecting CXX compile features - done
[0.291s] -- Found ament_cmake: 1.3.12 (/opt/ros/humble/share/ament_cmake/cmake)
[0.444s] -- Found Python3: /usr/bin/python3 (found version "3.10.12") found components: Interpreter 
[0.510s] -- Found rclcpp: 16.0.14 (/opt/ros/humble/share/rclcpp/cmake)
[0.543s] -- Found rosidl_generator_c: 3.1.7 (/opt/ros/humble/share/rosidl_generator_c/cmake)
[0.547s] -- Found rosidl_adapter: 3.1.7 (/opt/ros/humble/share/rosidl_adapter/cmake)
[0.552s] -- Found rosidl_generator_cpp: 3.1.7 (/opt/ros/humble/share/rosidl_generator_cpp/cmake)
[0.560s] -- Using all available rosidl_typesupport_c: rosidl_typesupport_fastrtps_c;rosidl_typesupport_introspection_c
[0.571s] -- Using all available rosidl_typesupport_cpp: rosidl_typesupport_fastrtps_cpp;rosidl_typesupport_introspection_cpp
[0.600s] -- Found rmw_implementation_cmake: 6.1.2 (/opt/ros/humble/share/rmw_implementation_cmake/cmake)
[0.602s] -- Found rmw_fastrtps_cpp: 6.2.8 (/opt/ros/humble/share/rmw_fastrtps_cpp/cmake)
[0.683s] -- Found OpenSSL: /usr/lib/x86_64-linux-gnu/libcrypto.so (found version "3.0.2")  
[0.709s] -- Found FastRTPS: /opt/ros/humble/include  
[0.739s] -- Using RMW implementation 'rmw_fastrtps_cpp' as default
[0.745s] -- Looking for pthread.h
[0.826s] -- Looking for pthread.h - found
[0.827s] -- Performing Test CMAKE_HAVE_LIBC_PTHREAD
[0.920s] -- Performing Test CMAKE_HAVE_LIBC_PTHREAD - Success
[0.920s] -- Found Threads: TRUE  
[0.955s] -- Found sensor_msgs: 4.9.0 (/opt/ros/humble/share/sensor_msgs/cmake)
[0.975s] -- Found rosidl_default_generators: 1.2.0 (/opt/ros/humble/share/rosidl_default_generators/cmake)
[0.981s] -- Found interfaces: 0.0.0 (/home/lzh/VMC_Quadruped/install/interfaces/share/interfaces/cmake)
[1.047s] -- Configuring done
[1.055s] -- Generating done
[1.058s] -- Build files have been written to: /home/lzh/VMC_Quadruped/build/rs_motor_ros2
[1.065s] Invoked command in '/home/lzh/VMC_Quadruped/build/rs_motor_ros2' returned '0': CMAKE_PREFIX_PATH=/home/lzh/VMC_Quadruped/install/interfaces:/home/lzh/VMC_Quadruped/src/robstride_ros_sample/install/rs_motor_ros2:/home/lzh/VMC_Quadruped/install/rs_motor_ros2:/home/lzh/VMC_Quadruped/install/main_control:/home/lzh/VMC_Quadruped/install/estimation:/home/lzh/VMC_Quadruped/install/description:/opt/ros/humble /usr/bin/cmake /home/lzh/VMC_Quadruped/src/robstride_ros_sample -DCMAKE_INSTALL_PREFIX=/home/lzh/VMC_Quadruped/install/rs_motor_ros2
[1.066s] Invoking command in '/home/lzh/VMC_Quadruped/build/rs_motor_ros2': CMAKE_PREFIX_PATH=/home/lzh/VMC_Quadruped/install/interfaces:/home/lzh/VMC_Quadruped/src/robstride_ros_sample/install/rs_motor_ros2:/home/lzh/VMC_Quadruped/install/rs_motor_ros2:/home/lzh/VMC_Quadruped/install/main_control:/home/lzh/VMC_Quadruped/install/estimation:/home/lzh/VMC_Quadruped/install/description:/opt/ros/humble /usr/bin/cmake --build /home/lzh/VMC_Quadruped/build/rs_motor_ros2 -- -j16 -l16
[1.128s] [ 25%] [32mBuilding CXX object CMakeFiles/rs_motor_ros2_lib.dir/src/motor_cfg.cpp.o[0m
[1.643s] [ 50%] [32m[1mLinking CXX static library librs_motor_ros2.a[0m
[1.674s] [ 50%] Built target rs_motor_ros2_lib
[1.700s] [ 75%] [32mBuilding CXX object CMakeFiles/rs_motor_ros2.dir/src/main.cpp.o[0m
[7.162s] [100%] [32m[1mLinking CXX executable rs_motor_ros2[0m
[7.444s] [100%] Built target rs_motor_ros2
[7.455s] Invoked command in '/home/lzh/VMC_Quadruped/build/rs_motor_ros2' returned '0': CMAKE_PREFIX_PATH=/home/lzh/VMC_Quadruped/install/interfaces:/home/lzh/VMC_Quadruped/src/robstride_ros_sample/install/rs_motor_ros2:/home/lzh/VMC_Quadruped/install/rs_motor_ros2:/home/lzh/VMC_Quadruped/install/main_control:/home/lzh/VMC_Quadruped/install/estimation:/home/lzh/VMC_Quadruped/install/description:/opt/ros/humble /usr/bin/cmake --build /home/lzh/VMC_Quadruped/build/rs_motor_ros2 -- -j16 -l16
[7.469s] Invoking command in '/home/lzh/VMC_Quadruped/build/rs_motor_ros2': CMAKE_PREFIX_PATH=/home/lzh/VMC_Quadruped/install/interfaces:/home/lzh/VMC_Quadruped/src/robstride_ros_sample/install/rs_motor_ros2:/home/lzh/VMC_Quadruped/install/rs_motor_ros2:/home/lzh/VMC_Quadruped/install/main_control:/home/lzh/VMC_Quadruped/install/estimation:/home/lzh/VMC_Quadruped/install/description:/opt/ros/humble /usr/bin/cmake --install /home/lzh/VMC_Quadruped/build/rs_motor_ros2
[7.477s] -- Install configuration: ""
[7.477s] -- Installing: /home/lzh/VMC_Quadruped/install/rs_motor_ros2/include
[7.477s] -- Installing: /home/lzh/VMC_Quadruped/install/rs_motor_ros2/include/motor_ros2
[7.477s] -- Installing: /home/lzh/VMC_Quadruped/install/rs_motor_ros2/include/motor_ros2/motor_cfg.h
[7.477s] -- Installing: /home/lzh/VMC_Quadruped/install/rs_motor_ros2/lib/librs_motor_ros2.a
[7.477s] -- Installing: /home/lzh/VMC_Quadruped/install/rs_motor_ros2/lib/rs_motor_ros2/rs_motor_ros2
[7.480s] -- Set runtime path of "/home/lzh/VMC_Quadruped/install/rs_motor_ros2/lib/rs_motor_ros2/rs_motor_ros2" to ""
[7.480s] -- Installing: /home/lzh/VMC_Quadruped/install/rs_motor_ros2/share/ament_index/resource_index/package_run_dependencies/rs_motor_ros2
[7.480s] -- Installing: /home/lzh/VMC_Quadruped/install/rs_motor_ros2/share/ament_index/resource_index/parent_prefix_path/rs_motor_ros2
[7.480s] -- Installing: /home/lzh/VMC_Quadruped/install/rs_motor_ros2/share/rs_motor_ros2/environment/ament_prefix_path.sh
[7.480s] -- Installing: /home/lzh/VMC_Quadruped/install/rs_motor_ros2/share/rs_motor_ros2/environment/ament_prefix_path.dsv
[7.480s] -- Installing: /home/lzh/VMC_Quadruped/install/rs_motor_ros2/share/rs_motor_ros2/environment/path.sh
[7.480s] -- Installing: /home/lzh/VMC_Quadruped/install/rs_motor_ros2/share/rs_motor_ros2/environment/path.dsv
[7.480s] -- Installing: /home/lzh/VMC_Quadruped/install/rs_motor_ros2/share/rs_motor_ros2/local_setup.bash
[7.481s] -- Installing: /home/lzh/VMC_Quadruped/install/rs_motor_ros2/share/rs_motor_ros2/local_setup.sh
[7.481s] -- Installing: /home/lzh/VMC_Quadruped/install/rs_motor_ros2/share/rs_motor_ros2/local_setup.zsh
[7.481s] -- Installing: /home/lzh/VMC_Quadruped/install/rs_motor_ros2/share/rs_motor_ros2/local_setup.dsv
[7.481s] -- Installing: /home/lzh/VMC_Quadruped/install/rs_motor_ros2/share/rs_motor_ros2/package.dsv
[7.481s] -- Installing: /home/lzh/VMC_Quadruped/install/rs_motor_ros2/share/ament_index/resource_index/packages/rs_motor_ros2
[7.481s] -- Installing: /home/lzh/VMC_Quadruped/install/rs_motor_ros2/share/rs_motor_ros2/cmake/ament_cmake_export_dependencies-extras.cmake
[7.481s] -- Installing: /home/lzh/VMC_Quadruped/install/rs_motor_ros2/share/rs_motor_ros2/cmake/rs_motor_ros2Config.cmake
[7.481s] -- Installing: /home/lzh/VMC_Quadruped/install/rs_motor_ros2/share/rs_motor_ros2/cmake/rs_motor_ros2Config-version.cmake
[7.481s] -- Installing: /home/lzh/VMC_Quadruped/install/rs_motor_ros2/share/rs_motor_ros2/package.xml
[7.482s] Invoked command in '/home/lzh/VMC_Quadruped/build/rs_motor_ros2' returned '0': CMAKE_PREFIX_PATH=/home/lzh/VMC_Quadruped/install/interfaces:/home/lzh/VMC_Quadruped/src/robstride_ros_sample/install/rs_motor_ros2:/home/lzh/VMC_Quadruped/install/rs_motor_ros2:/home/lzh/VMC_Quadruped/install/main_control:/home/lzh/VMC_Quadruped/install/estimation:/home/lzh/VMC_Quadruped/install/description:/opt/ros/humble /usr/bin/cmake --install /home/lzh/VMC_Quadruped/build/rs_motor_ros2
