[0.012s] Invoking command in '/home/lzh/VMC_Quadruped/build/interfaces': CMAKE_PREFIX_PATH=/opt/ros/humble /usr/bin/cmake --build /home/lzh/VMC_Quadruped/build/interfaces -- -j16 -l16
[0.047s] -- Found ament_cmake: 1.3.14 (/opt/ros/humble/share/ament_cmake/cmake)
[0.146s] -- Found rosidl_default_generators: 1.2.1 (/opt/ros/humble/share/rosidl_default_generators/cmake)
[0.147s] -- Using all available rosidl_typesupport_c: rosidl_typesupport_fastrtps_c;rosidl_typesupport_introspection_c
[0.149s] -- Found rosidl_adapter: 3.1.8 (/opt/ros/humble/share/rosidl_adapter/cmake)
[0.174s] -- Using all available rosidl_typesupport_cpp: rosidl_typesupport_fastrtps_cpp;rosidl_typesupport_introspection_cpp
[0.193s] -- Found std_msgs: 4.9.1 (/opt/ros/humble/share/std_msgs/cmake)
[0.210s] -- Found geometry_msgs: 4.9.1 (/opt/ros/humble/share/geometry_msgs/cmake)
[0.490s] -- Found ament_cmake_ros: 0.10.0 (/opt/ros/humble/share/ament_cmake_ros/cmake)
[0.688s] -- Using all available rosidl_typesupport_c: rosidl_typesupport_fastrtps_c;rosidl_typesupport_introspection_c
[0.964s] -- Using all available rosidl_typesupport_cpp: rosidl_typesupport_fastrtps_cpp;rosidl_typesupport_introspection_cpp
[0.987s] -- Found python_cmake_module: 0.10.0 (/opt/ros/humble/share/python_cmake_module/cmake)
[1.013s] -- Using PYTHON_EXECUTABLE: /usr/bin/python3
[1.013s] -- Using PYTHON_INCLUDE_DIRS: /usr/include/python3.10
[1.013s] -- Using PYTHON_LIBRARIES: /usr/lib/x86_64-linux-gnu/libpython3.10.so
[1.111s] -- Found ament_lint_auto: 0.12.15 (/opt/ros/humble/share/ament_lint_auto/cmake)
[1.119s] -- Added test 'lint_cmake' to check CMake code style
[1.120s] -- Added test 'xmllint' to check XML markup files
[1.121s] -- Configuring done
[1.154s] -- Generating done
[1.163s] -- Build files have been written to: /home/lzh/VMC_Quadruped/build/interfaces
[1.184s] [35m[1mConsolidate compiler generated dependencies of target interfaces__rosidl_generator_c[0m
[1.193s] [  1%] [34m[1mGenerating Rust code for ROS interfaces[0m
[1.193s] [  2%] [32m[1mLinking C shared library libinterfaces__rosidl_generator_c.so[0m
[1.196s] [  2%] Built target interfaces__cpp
[1.205s] [  2%] Built target ament_cmake_python_copy_interfaces
[1.211s] [35m[1mConsolidate compiler generated dependencies of target interfaces__rosidl_typesupport_cpp[0m
[1.214s] [35m[1mConsolidate compiler generated dependencies of target interfaces__rosidl_typesupport_fastrtps_cpp[0m
[1.217s] [35m[1mConsolidate compiler generated dependencies of target interfaces__rosidl_typesupport_introspection_cpp[0m
[1.234s] [  3%] [32m[1mLinking CXX shared library libinterfaces__rosidl_typesupport_cpp.so[0m
[1.243s] [ 14%] Built target interfaces__rosidl_generator_c
[1.246s] [ 15%] [32m[1mLinking CXX shared library libinterfaces__rosidl_typesupport_introspection_cpp.so[0m
[1.247s] [ 16%] [32mBuilding CXX object CMakeFiles/interfaces__rosidl_typesupport_fastrtps_cpp.dir/rosidl_typesupport_fastrtps_cpp/interfaces/msg/detail/dds_fastrtps/motor_command12__type_support.cpp.o[0m
[1.248s] [ 17%] [32mBuilding CXX object CMakeFiles/interfaces__rosidl_typesupport_fastrtps_cpp.dir/rosidl_typesupport_fastrtps_cpp/interfaces/msg/detail/dds_fastrtps/foot_state__type_support.cpp.o[0m
[1.248s] [ 18%] [32mBuilding CXX object CMakeFiles/interfaces__rosidl_typesupport_fastrtps_cpp.dir/rosidl_typesupport_fastrtps_cpp/interfaces/msg/detail/dds_fastrtps/motor_command__type_support.cpp.o[0m
[1.248s] [ 19%] [32mBuilding CXX object CMakeFiles/interfaces__rosidl_typesupport_fastrtps_cpp.dir/rosidl_typesupport_fastrtps_cpp/interfaces/msg/detail/dds_fastrtps/single_foot_state__type_support.cpp.o[0m
[1.248s] [ 22%] [32mBuilding CXX object CMakeFiles/interfaces__rosidl_typesupport_fastrtps_cpp.dir/rosidl_typesupport_fastrtps_cpp/interfaces/msg/detail/dds_fastrtps/contact_state__type_support.cpp.o[0m
[1.248s] [ 22%] [32mBuilding CXX object CMakeFiles/interfaces__rosidl_typesupport_fastrtps_cpp.dir/rosidl_typesupport_fastrtps_cpp/interfaces/msg/detail/dds_fastrtps/gait_phase__type_support.cpp.o[0m
[1.248s] [ 21%] [32mBuilding CXX object CMakeFiles/interfaces__rosidl_typesupport_fastrtps_cpp.dir/rosidl_typesupport_fastrtps_cpp/interfaces/msg/detail/dds_fastrtps/motor_feedback__type_support.cpp.o[0m
[1.248s] [ 23%] [32mBuilding CXX object CMakeFiles/interfaces__rosidl_typesupport_fastrtps_cpp.dir/rosidl_typesupport_fastrtps_cpp/interfaces/msg/detail/dds_fastrtps/motor_feedback12__type_support.cpp.o[0m
[1.248s] [ 24%] [32mBuilding CXX object CMakeFiles/interfaces__rosidl_typesupport_fastrtps_cpp.dir/rosidl_typesupport_fastrtps_cpp/interfaces/msg/detail/dds_fastrtps/base_state__type_support.cpp.o[0m
[1.249s] [ 25%] [32mBuilding CXX object CMakeFiles/interfaces__rosidl_typesupport_fastrtps_cpp.dir/rosidl_typesupport_fastrtps_cpp/interfaces/msg/detail/dds_fastrtps/motion_command__type_support.cpp.o[0m
[1.264s] [35m[1mConsolidate compiler generated dependencies of target interfaces__rosidl_typesupport_fastrtps_c[0m
[1.264s] [35m[1mConsolidate compiler generated dependencies of target interfaces__rosidl_typesupport_introspection_c[0m
[1.276s] [ 25%] [32mBuilding CXX object CMakeFiles/interfaces__rosidl_typesupport_fastrtps_c.dir/rosidl_typesupport_fastrtps_c/interfaces/msg/detail/base_state__type_support_c.cpp.o[0m
[1.282s] [ 26%] [32m[1mLinking C shared library libinterfaces__rosidl_typesupport_introspection_c.so[0m
[1.290s] [ 37%] Built target interfaces__rosidl_typesupport_cpp
[1.306s] [35m[1mConsolidate compiler generated dependencies of target interfaces__rosidl_typesupport_c[0m
[1.318s] [ 38%] [32m[1mLinking CXX shared library libinterfaces__rosidl_typesupport_c.so[0m
[1.330s] [ 49%] Built target interfaces__rosidl_typesupport_introspection_cpp
[1.348s] [ 59%] Built target interfaces__rosidl_typesupport_introspection_c
[1.353s] [ 60%] [32mBuilding CXX object CMakeFiles/interfaces__rosidl_typesupport_fastrtps_c.dir/rosidl_typesupport_fastrtps_c/interfaces/msg/detail/contact_state__type_support_c.cpp.o[0m
[1.360s] [ 61%] [32mBuilding CXX object CMakeFiles/interfaces__rosidl_typesupport_fastrtps_c.dir/rosidl_typesupport_fastrtps_c/interfaces/msg/detail/gait_phase__type_support_c.cpp.o[0m
[1.366s] [ 71%] Built target interfaces__rosidl_typesupport_c
[1.379s] [ 72%] [32mBuilding CXX object CMakeFiles/interfaces__rosidl_typesupport_fastrtps_c.dir/rosidl_typesupport_fastrtps_c/interfaces/msg/detail/motion_command__type_support_c.cpp.o[0m
[1.467s] running egg_info
[1.470s] writing interfaces.egg-info/PKG-INFO
[1.470s] writing dependency_links to interfaces.egg-info/dependency_links.txt
[1.470s] writing top-level names to interfaces.egg-info/top_level.txt
[1.474s] reading manifest file 'interfaces.egg-info/SOURCES.txt'
[1.475s] writing manifest file 'interfaces.egg-info/SOURCES.txt'
[1.509s] [ 72%] Built target ament_cmake_python_build_interfaces_egg
[1.517s] [ 73%] [32mBuilding CXX object CMakeFiles/interfaces__rosidl_typesupport_fastrtps_c.dir/rosidl_typesupport_fastrtps_c/interfaces/msg/detail/single_foot_state__type_support_c.cpp.o[0m
[1.650s] [ 74%] [32mBuilding CXX object CMakeFiles/interfaces__rosidl_typesupport_fastrtps_c.dir/rosidl_typesupport_fastrtps_c/interfaces/msg/detail/foot_state__type_support_c.cpp.o[0m
[1.660s] [ 75%] [32mBuilding CXX object CMakeFiles/interfaces__rosidl_typesupport_fastrtps_c.dir/rosidl_typesupport_fastrtps_c/interfaces/msg/detail/motor_command__type_support_c.cpp.o[0m
[1.687s] [ 76%] [32mBuilding CXX object CMakeFiles/interfaces__rosidl_typesupport_fastrtps_c.dir/rosidl_typesupport_fastrtps_c/interfaces/msg/detail/motor_command12__type_support_c.cpp.o[0m
[1.710s] [ 77%] [32mBuilding CXX object CMakeFiles/interfaces__rosidl_typesupport_fastrtps_c.dir/rosidl_typesupport_fastrtps_c/interfaces/msg/detail/motor_feedback__type_support_c.cpp.o[0m
[1.764s] [ 78%] [32mBuilding CXX object CMakeFiles/interfaces__rosidl_typesupport_fastrtps_c.dir/rosidl_typesupport_fastrtps_c/interfaces/msg/detail/motor_feedback12__type_support_c.cpp.o[0m
[1.912s] [ 79%] [32m[1mLinking CXX shared library libinterfaces__rosidl_typesupport_fastrtps_cpp.so[0m
[1.971s] [ 80%] Built target interfaces__rosidl_typesupport_fastrtps_cpp
[2.112s] [ 80%] Built target interfaces__rs
[2.113s] [ 81%] [32m[1mLinking CXX shared library libinterfaces__rosidl_typesupport_fastrtps_c.so[0m
[2.175s] [ 82%] Built target interfaces__rosidl_typesupport_fastrtps_c
[2.193s] [ 82%] Built target interfaces
[2.211s] [ 83%] Built target interfaces__py
[2.222s] [35m[1mConsolidate compiler generated dependencies of target interfaces__rosidl_generator_py[0m
[2.237s] [ 84%] [32m[1mLinking C shared library rosidl_generator_py/interfaces/libinterfaces__rosidl_generator_py.so[0m
[2.275s] [ 94%] Built target interfaces__rosidl_generator_py
[2.284s] [35m[1mConsolidate compiler generated dependencies of target interfaces__rosidl_typesupport_introspection_c__pyext[0m
[2.286s] [35m[1mConsolidate compiler generated dependencies of target interfaces__rosidl_typesupport_fastrtps_c__pyext[0m
[2.287s] [35m[1mConsolidate compiler generated dependencies of target interfaces__rosidl_typesupport_c__pyext[0m
[2.297s] [ 95%] [32mBuilding C object CMakeFiles/interfaces__rosidl_typesupport_introspection_c__pyext.dir/rosidl_generator_py/interfaces/_interfaces_s.ep.rosidl_typesupport_introspection_c.c.o[0m
[2.298s] [ 96%] [32mBuilding C object CMakeFiles/interfaces__rosidl_typesupport_fastrtps_c__pyext.dir/rosidl_generator_py/interfaces/_interfaces_s.ep.rosidl_typesupport_fastrtps_c.c.o[0m
[2.298s] [ 97%] [32mBuilding C object CMakeFiles/interfaces__rosidl_typesupport_c__pyext.dir/rosidl_generator_py/interfaces/_interfaces_s.ep.rosidl_typesupport_c.c.o[0m
[2.397s] [ 98%] [32m[1mLinking C shared library rosidl_generator_py/interfaces/interfaces_s__rosidl_typesupport_introspection_c.cpython-310-x86_64-linux-gnu.so[0m
[2.399s] [ 99%] [32m[1mLinking C shared library rosidl_generator_py/interfaces/interfaces_s__rosidl_typesupport_fastrtps_c.cpython-310-x86_64-linux-gnu.so[0m
[2.430s] [ 99%] Built target interfaces__rosidl_typesupport_introspection_c__pyext
[2.431s] [ 99%] Built target interfaces__rosidl_typesupport_fastrtps_c__pyext
[2.438s] [100%] [32m[1mLinking C shared library rosidl_generator_py/interfaces/interfaces_s__rosidl_typesupport_c.cpython-310-x86_64-linux-gnu.so[0m
[2.480s] [100%] Built target interfaces__rosidl_typesupport_c__pyext
[2.489s] Invoked command in '/home/lzh/VMC_Quadruped/build/interfaces' returned '0': CMAKE_PREFIX_PATH=/opt/ros/humble /usr/bin/cmake --build /home/lzh/VMC_Quadruped/build/interfaces -- -j16 -l16
[2.491s] Invoking command in '/home/lzh/VMC_Quadruped/build/interfaces': CMAKE_PREFIX_PATH=/opt/ros/humble /usr/bin/cmake --install /home/lzh/VMC_Quadruped/build/interfaces
[2.497s] -- Install configuration: ""
[2.497s] -- Up-to-date: /home/lzh/VMC_Quadruped/install/interfaces/share/ament_index/resource_index/rosidl_interfaces/interfaces
[2.498s] -- Up-to-date: /home/lzh/VMC_Quadruped/install/interfaces/include/interfaces/interfaces
[2.498s] -- Up-to-date: /home/lzh/VMC_Quadruped/install/interfaces/include/interfaces/interfaces/msg
[2.498s] -- Up-to-date: /home/lzh/VMC_Quadruped/install/interfaces/include/interfaces/interfaces/msg/detail
[2.498s] -- Up-to-date: /home/lzh/VMC_Quadruped/install/interfaces/include/interfaces/interfaces/msg/detail/base_state__functions.c
[2.498s] -- Up-to-date: /home/lzh/VMC_Quadruped/install/interfaces/include/interfaces/interfaces/msg/detail/motor_command12__struct.h
[2.498s] -- Up-to-date: /home/lzh/VMC_Quadruped/install/interfaces/include/interfaces/interfaces/msg/detail/single_foot_state__struct.h
[2.498s] -- Up-to-date: /home/lzh/VMC_Quadruped/install/interfaces/include/interfaces/interfaces/msg/detail/motion_command__struct.h
[2.498s] -- Up-to-date: /home/lzh/VMC_Quadruped/install/interfaces/include/interfaces/interfaces/msg/detail/gait_phase__functions.c
[2.498s] -- Up-to-date: /home/lzh/VMC_Quadruped/install/interfaces/include/interfaces/interfaces/msg/detail/base_state__type_support.h
[2.498s] -- Up-to-date: /home/lzh/VMC_Quadruped/install/interfaces/include/interfaces/interfaces/msg/detail/motor_feedback__functions.c
[2.498s] -- Up-to-date: /home/lzh/VMC_Quadruped/install/interfaces/include/interfaces/interfaces/msg/detail/contact_state__type_support.h
[2.498s] -- Up-to-date: /home/lzh/VMC_Quadruped/install/interfaces/include/interfaces/interfaces/msg/detail/motor_command12__functions.c
[2.498s] -- Up-to-date: /home/lzh/VMC_Quadruped/install/interfaces/include/interfaces/interfaces/msg/detail/motor_feedback12__functions.h
[2.498s] -- Up-to-date: /home/lzh/VMC_Quadruped/install/interfaces/include/interfaces/interfaces/msg/detail/base_state__struct.h
[2.498s] -- Up-to-date: /home/lzh/VMC_Quadruped/install/interfaces/include/interfaces/interfaces/msg/detail/single_foot_state__functions.c
[2.498s] -- Up-to-date: /home/lzh/VMC_Quadruped/install/interfaces/include/interfaces/interfaces/msg/detail/motion_command__functions.c
[2.498s] -- Up-to-date: /home/lzh/VMC_Quadruped/install/interfaces/include/interfaces/interfaces/msg/detail/motor_command__struct.h
[2.498s] -- Up-to-date: /home/lzh/VMC_Quadruped/install/interfaces/include/interfaces/interfaces/msg/detail/motor_feedback__type_support.h
[2.498s] -- Up-to-date: /home/lzh/VMC_Quadruped/install/interfaces/include/interfaces/interfaces/msg/detail/foot_state__struct.h
[2.498s] -- Up-to-date: /home/lzh/VMC_Quadruped/install/interfaces/include/interfaces/interfaces/msg/detail/motor_feedback12__functions.c
[2.498s] -- Up-to-date: /home/lzh/VMC_Quadruped/install/interfaces/include/interfaces/interfaces/msg/detail/motor_command__functions.c
[2.499s] -- Up-to-date: /home/lzh/VMC_Quadruped/install/interfaces/include/interfaces/interfaces/msg/detail/motor_command__type_support.h
[2.499s] -- Up-to-date: /home/lzh/VMC_Quadruped/install/interfaces/include/interfaces/interfaces/msg/detail/single_foot_state__functions.h
[2.499s] -- Up-to-date: /home/lzh/VMC_Quadruped/install/interfaces/include/interfaces/interfaces/msg/detail/foot_state__type_support.h
[2.499s] -- Up-to-date: /home/lzh/VMC_Quadruped/install/interfaces/include/interfaces/interfaces/msg/detail/foot_state__functions.c
[2.499s] -- Up-to-date: /home/lzh/VMC_Quadruped/install/interfaces/include/interfaces/interfaces/msg/detail/base_state__functions.h
[2.499s] -- Up-to-date: /home/lzh/VMC_Quadruped/install/interfaces/include/interfaces/interfaces/msg/detail/contact_state__functions.c
[2.499s] -- Up-to-date: /home/lzh/VMC_Quadruped/install/interfaces/include/interfaces/interfaces/msg/detail/motion_command__functions.h
[2.499s] -- Up-to-date: /home/lzh/VMC_Quadruped/install/interfaces/include/interfaces/interfaces/msg/detail/motor_command12__type_support.h
[2.500s] -- Up-to-date: /home/lzh/VMC_Quadruped/install/interfaces/include/interfaces/interfaces/msg/detail/gait_phase__functions.h
[2.500s] -- Up-to-date: /home/lzh/VMC_Quadruped/install/interfaces/include/interfaces/interfaces/msg/detail/motor_feedback__functions.h
[2.500s] -- Up-to-date: /home/lzh/VMC_Quadruped/install/interfaces/include/interfaces/interfaces/msg/detail/contact_state__functions.h
[2.500s] -- Up-to-date: /home/lzh/VMC_Quadruped/install/interfaces/include/interfaces/interfaces/msg/detail/motor_feedback12__type_support.h
[2.500s] -- Up-to-date: /home/lzh/VMC_Quadruped/install/interfaces/include/interfaces/interfaces/msg/detail/motor_feedback__struct.h
[2.500s] -- Up-to-date: /home/lzh/VMC_Quadruped/install/interfaces/include/interfaces/interfaces/msg/detail/foot_state__functions.h
[2.501s] -- Up-to-date: /home/lzh/VMC_Quadruped/install/interfaces/include/interfaces/interfaces/msg/detail/motor_command__functions.h
[2.501s] -- Up-to-date: /home/lzh/VMC_Quadruped/install/interfaces/include/interfaces/interfaces/msg/detail/single_foot_state__type_support.h
[2.501s] -- Up-to-date: /home/lzh/VMC_Quadruped/install/interfaces/include/interfaces/interfaces/msg/detail/contact_state__struct.h
[2.501s] -- Up-to-date: /home/lzh/VMC_Quadruped/install/interfaces/include/interfaces/interfaces/msg/detail/motor_feedback12__struct.h
[2.501s] -- Up-to-date: /home/lzh/VMC_Quadruped/install/interfaces/include/interfaces/interfaces/msg/detail/gait_phase__struct.h
[2.501s] -- Up-to-date: /home/lzh/VMC_Quadruped/install/interfaces/include/interfaces/interfaces/msg/detail/motor_command12__functions.h
[2.501s] -- Up-to-date: /home/lzh/VMC_Quadruped/install/interfaces/include/interfaces/interfaces/msg/detail/motion_command__type_support.h
[2.501s] -- Up-to-date: /home/lzh/VMC_Quadruped/install/interfaces/include/interfaces/interfaces/msg/detail/gait_phase__type_support.h
[2.501s] -- Up-to-date: /home/lzh/VMC_Quadruped/install/interfaces/include/interfaces/interfaces/msg/motor_feedback.h
[2.502s] -- Up-to-date: /home/lzh/VMC_Quadruped/install/interfaces/include/interfaces/interfaces/msg/motor_command12.h
[2.502s] -- Up-to-date: /home/lzh/VMC_Quadruped/install/interfaces/include/interfaces/interfaces/msg/single_foot_state.h
[2.502s] -- Up-to-date: /home/lzh/VMC_Quadruped/install/interfaces/include/interfaces/interfaces/msg/rosidl_generator_c__visibility_control.h
[2.502s] -- Up-to-date: /home/lzh/VMC_Quadruped/install/interfaces/include/interfaces/interfaces/msg/motor_feedback12.h
[2.502s] -- Up-to-date: /home/lzh/VMC_Quadruped/install/interfaces/include/interfaces/interfaces/msg/contact_state.h
[2.502s] -- Up-to-date: /home/lzh/VMC_Quadruped/install/interfaces/include/interfaces/interfaces/msg/foot_state.h
[2.502s] -- Up-to-date: /home/lzh/VMC_Quadruped/install/interfaces/include/interfaces/interfaces/msg/motor_command.h
[2.502s] -- Up-to-date: /home/lzh/VMC_Quadruped/install/interfaces/include/interfaces/interfaces/msg/motion_command.h
[2.502s] -- Up-to-date: /home/lzh/VMC_Quadruped/install/interfaces/include/interfaces/interfaces/msg/gait_phase.h
[2.502s] -- Up-to-date: /home/lzh/VMC_Quadruped/install/interfaces/include/interfaces/interfaces/msg/base_state.h
[2.503s] -- Installing: /home/lzh/VMC_Quadruped/install/interfaces/share/interfaces/environment/library_path.sh
[2.503s] -- Installing: /home/lzh/VMC_Quadruped/install/interfaces/share/interfaces/environment/library_path.dsv
[2.503s] -- Installing: /home/lzh/VMC_Quadruped/install/interfaces/lib/libinterfaces__rosidl_generator_c.so
[2.503s] -- Set runtime path of "/home/lzh/VMC_Quadruped/install/interfaces/lib/libinterfaces__rosidl_generator_c.so" to ""
[2.503s] -- Up-to-date: /home/lzh/VMC_Quadruped/install/interfaces/include/interfaces/interfaces
[2.503s] -- Up-to-date: /home/lzh/VMC_Quadruped/install/interfaces/include/interfaces/interfaces/msg
[2.503s] -- Up-to-date: /home/lzh/VMC_Quadruped/install/interfaces/include/interfaces/interfaces/msg/detail
[2.503s] -- Up-to-date: /home/lzh/VMC_Quadruped/install/interfaces/include/interfaces/interfaces/msg/detail/motor_command12__rosidl_typesupport_fastrtps_c.h
[2.503s] -- Up-to-date: /home/lzh/VMC_Quadruped/install/interfaces/include/interfaces/interfaces/msg/detail/motion_command__rosidl_typesupport_fastrtps_c.h
[2.503s] -- Up-to-date: /home/lzh/VMC_Quadruped/install/interfaces/include/interfaces/interfaces/msg/detail/contact_state__rosidl_typesupport_fastrtps_c.h
[2.504s] -- Up-to-date: /home/lzh/VMC_Quadruped/install/interfaces/include/interfaces/interfaces/msg/detail/single_foot_state__rosidl_typesupport_fastrtps_c.h
[2.504s] -- Up-to-date: /home/lzh/VMC_Quadruped/install/interfaces/include/interfaces/interfaces/msg/detail/foot_state__rosidl_typesupport_fastrtps_c.h
[2.504s] -- Up-to-date: /home/lzh/VMC_Quadruped/install/interfaces/include/interfaces/interfaces/msg/detail/motor_command__rosidl_typesupport_fastrtps_c.h
[2.504s] -- Up-to-date: /home/lzh/VMC_Quadruped/install/interfaces/include/interfaces/interfaces/msg/detail/motor_feedback__rosidl_typesupport_fastrtps_c.h
[2.504s] -- Up-to-date: /home/lzh/VMC_Quadruped/install/interfaces/include/interfaces/interfaces/msg/detail/motor_feedback12__rosidl_typesupport_fastrtps_c.h
[2.504s] -- Up-to-date: /home/lzh/VMC_Quadruped/install/interfaces/include/interfaces/interfaces/msg/detail/base_state__rosidl_typesupport_fastrtps_c.h
[2.504s] -- Up-to-date: /home/lzh/VMC_Quadruped/install/interfaces/include/interfaces/interfaces/msg/detail/gait_phase__rosidl_typesupport_fastrtps_c.h
[2.504s] -- Up-to-date: /home/lzh/VMC_Quadruped/install/interfaces/include/interfaces/interfaces/msg/rosidl_typesupport_fastrtps_c__visibility_control.h
[2.504s] -- Installing: /home/lzh/VMC_Quadruped/install/interfaces/lib/libinterfaces__rosidl_typesupport_fastrtps_c.so
[2.504s] -- Set runtime path of "/home/lzh/VMC_Quadruped/install/interfaces/lib/libinterfaces__rosidl_typesupport_fastrtps_c.so" to ""
[2.504s] -- Up-to-date: /home/lzh/VMC_Quadruped/install/interfaces/include/interfaces/interfaces
[2.505s] -- Up-to-date: /home/lzh/VMC_Quadruped/install/interfaces/include/interfaces/interfaces/msg
[2.505s] -- Up-to-date: /home/lzh/VMC_Quadruped/install/interfaces/include/interfaces/interfaces/msg/detail
[2.505s] -- Up-to-date: /home/lzh/VMC_Quadruped/install/interfaces/include/interfaces/interfaces/msg/detail/motor_feedback12__type_support.c
[2.505s] -- Up-to-date: /home/lzh/VMC_Quadruped/install/interfaces/include/interfaces/interfaces/msg/detail/base_state__type_support.c
[2.505s] -- Up-to-date: /home/lzh/VMC_Quadruped/install/interfaces/include/interfaces/interfaces/msg/detail/contact_state__rosidl_typesupport_introspection_c.h
[2.505s] -- Up-to-date: /home/lzh/VMC_Quadruped/install/interfaces/include/interfaces/interfaces/msg/detail/foot_state__rosidl_typesupport_introspection_c.h
[2.505s] -- Up-to-date: /home/lzh/VMC_Quadruped/install/interfaces/include/interfaces/interfaces/msg/detail/motion_command__type_support.c
[2.505s] -- Up-to-date: /home/lzh/VMC_Quadruped/install/interfaces/include/interfaces/interfaces/msg/detail/gait_phase__type_support.c
[2.505s] -- Up-to-date: /home/lzh/VMC_Quadruped/install/interfaces/include/interfaces/interfaces/msg/detail/motor_command__rosidl_typesupport_introspection_c.h
[2.505s] -- Up-to-date: /home/lzh/VMC_Quadruped/install/interfaces/include/interfaces/interfaces/msg/detail/motor_command12__rosidl_typesupport_introspection_c.h
[2.505s] -- Up-to-date: /home/lzh/VMC_Quadruped/install/interfaces/include/interfaces/interfaces/msg/detail/motor_command__type_support.c
[2.505s] -- Up-to-date: /home/lzh/VMC_Quadruped/install/interfaces/include/interfaces/interfaces/msg/detail/single_foot_state__type_support.c
[2.505s] -- Up-to-date: /home/lzh/VMC_Quadruped/install/interfaces/include/interfaces/interfaces/msg/detail/gait_phase__rosidl_typesupport_introspection_c.h
[2.505s] -- Up-to-date: /home/lzh/VMC_Quadruped/install/interfaces/include/interfaces/interfaces/msg/detail/motor_feedback12__rosidl_typesupport_introspection_c.h
[2.505s] -- Up-to-date: /home/lzh/VMC_Quadruped/install/interfaces/include/interfaces/interfaces/msg/detail/motion_command__rosidl_typesupport_introspection_c.h
[2.505s] -- Up-to-date: /home/lzh/VMC_Quadruped/install/interfaces/include/interfaces/interfaces/msg/detail/motor_feedback__rosidl_typesupport_introspection_c.h
[2.505s] -- Up-to-date: /home/lzh/VMC_Quadruped/install/interfaces/include/interfaces/interfaces/msg/detail/base_state__rosidl_typesupport_introspection_c.h
[2.505s] -- Up-to-date: /home/lzh/VMC_Quadruped/install/interfaces/include/interfaces/interfaces/msg/detail/motor_feedback__type_support.c
[2.505s] -- Up-to-date: /home/lzh/VMC_Quadruped/install/interfaces/include/interfaces/interfaces/msg/detail/foot_state__type_support.c
[2.505s] -- Up-to-date: /home/lzh/VMC_Quadruped/install/interfaces/include/interfaces/interfaces/msg/detail/motor_command12__type_support.c
[2.505s] -- Up-to-date: /home/lzh/VMC_Quadruped/install/interfaces/include/interfaces/interfaces/msg/detail/contact_state__type_support.c
[2.505s] -- Up-to-date: /home/lzh/VMC_Quadruped/install/interfaces/include/interfaces/interfaces/msg/detail/single_foot_state__rosidl_typesupport_introspection_c.h
[2.505s] -- Up-to-date: /home/lzh/VMC_Quadruped/install/interfaces/include/interfaces/interfaces/msg/rosidl_typesupport_introspection_c__visibility_control.h
[2.505s] -- Installing: /home/lzh/VMC_Quadruped/install/interfaces/lib/libinterfaces__rosidl_typesupport_introspection_c.so
[2.505s] -- Set runtime path of "/home/lzh/VMC_Quadruped/install/interfaces/lib/libinterfaces__rosidl_typesupport_introspection_c.so" to ""
[2.505s] -- Installing: /home/lzh/VMC_Quadruped/install/interfaces/lib/libinterfaces__rosidl_typesupport_c.so
[2.505s] -- Set runtime path of "/home/lzh/VMC_Quadruped/install/interfaces/lib/libinterfaces__rosidl_typesupport_c.so" to ""
[2.505s] -- Up-to-date: /home/lzh/VMC_Quadruped/install/interfaces/include/interfaces/interfaces
[2.505s] -- Up-to-date: /home/lzh/VMC_Quadruped/install/interfaces/include/interfaces/interfaces/msg
[2.505s] -- Up-to-date: /home/lzh/VMC_Quadruped/install/interfaces/include/interfaces/interfaces/msg/detail
[2.506s] -- Up-to-date: /home/lzh/VMC_Quadruped/install/interfaces/include/interfaces/interfaces/msg/detail/foot_state__type_support.hpp
[2.506s] -- Up-to-date: /home/lzh/VMC_Quadruped/install/interfaces/include/interfaces/interfaces/msg/detail/base_state__type_support.hpp
[2.506s] -- Up-to-date: /home/lzh/VMC_Quadruped/install/interfaces/include/interfaces/interfaces/msg/detail/base_state__struct.hpp
[2.506s] -- Up-to-date: /home/lzh/VMC_Quadruped/install/interfaces/include/interfaces/interfaces/msg/detail/motor_feedback12__builder.hpp
[2.506s] -- Up-to-date: /home/lzh/VMC_Quadruped/install/interfaces/include/interfaces/interfaces/msg/detail/motor_command12__struct.hpp
[2.506s] -- Up-to-date: /home/lzh/VMC_Quadruped/install/interfaces/include/interfaces/interfaces/msg/detail/gait_phase__struct.hpp
[2.506s] -- Up-to-date: /home/lzh/VMC_Quadruped/install/interfaces/include/interfaces/interfaces/msg/detail/motor_feedback__struct.hpp
[2.506s] -- Up-to-date: /home/lzh/VMC_Quadruped/install/interfaces/include/interfaces/interfaces/msg/detail/base_state__builder.hpp
[2.506s] -- Up-to-date: /home/lzh/VMC_Quadruped/install/interfaces/include/interfaces/interfaces/msg/detail/motion_command__struct.hpp
[2.506s] -- Up-to-date: /home/lzh/VMC_Quadruped/install/interfaces/include/interfaces/interfaces/msg/detail/gait_phase__traits.hpp
[2.506s] -- Up-to-date: /home/lzh/VMC_Quadruped/install/interfaces/include/interfaces/interfaces/msg/detail/foot_state__builder.hpp
[2.506s] -- Up-to-date: /home/lzh/VMC_Quadruped/install/interfaces/include/interfaces/interfaces/msg/detail/motor_command12__traits.hpp
[2.506s] -- Up-to-date: /home/lzh/VMC_Quadruped/install/interfaces/include/interfaces/interfaces/msg/detail/motor_command__type_support.hpp
[2.506s] -- Up-to-date: /home/lzh/VMC_Quadruped/install/interfaces/include/interfaces/interfaces/msg/detail/motor_feedback__traits.hpp
[2.506s] -- Up-to-date: /home/lzh/VMC_Quadruped/install/interfaces/include/interfaces/interfaces/msg/detail/single_foot_state__type_support.hpp
[2.506s] -- Up-to-date: /home/lzh/VMC_Quadruped/install/interfaces/include/interfaces/interfaces/msg/detail/motor_feedback12__struct.hpp
[2.506s] -- Up-to-date: /home/lzh/VMC_Quadruped/install/interfaces/include/interfaces/interfaces/msg/detail/gait_phase__builder.hpp
[2.506s] -- Up-to-date: /home/lzh/VMC_Quadruped/install/interfaces/include/interfaces/interfaces/msg/detail/motion_command__type_support.hpp
[2.506s] -- Up-to-date: /home/lzh/VMC_Quadruped/install/interfaces/include/interfaces/interfaces/msg/detail/contact_state__struct.hpp
[2.506s] -- Up-to-date: /home/lzh/VMC_Quadruped/install/interfaces/include/interfaces/interfaces/msg/detail/motor_command__struct.hpp
[2.506s] -- Up-to-date: /home/lzh/VMC_Quadruped/install/interfaces/include/interfaces/interfaces/msg/detail/contact_state__traits.hpp
[2.506s] -- Up-to-date: /home/lzh/VMC_Quadruped/install/interfaces/include/interfaces/interfaces/msg/detail/motor_feedback__builder.hpp
[2.506s] -- Up-to-date: /home/lzh/VMC_Quadruped/install/interfaces/include/interfaces/interfaces/msg/detail/base_state__traits.hpp
[2.506s] -- Up-to-date: /home/lzh/VMC_Quadruped/install/interfaces/include/interfaces/interfaces/msg/detail/foot_state__struct.hpp
[2.506s] -- Up-to-date: /home/lzh/VMC_Quadruped/install/interfaces/include/interfaces/interfaces/msg/detail/single_foot_state__traits.hpp
[2.506s] -- Up-to-date: /home/lzh/VMC_Quadruped/install/interfaces/include/interfaces/interfaces/msg/detail/motion_command__traits.hpp
[2.506s] -- Up-to-date: /home/lzh/VMC_Quadruped/install/interfaces/include/interfaces/interfaces/msg/detail/motor_command__traits.hpp
[2.506s] -- Up-to-date: /home/lzh/VMC_Quadruped/install/interfaces/include/interfaces/interfaces/msg/detail/motor_feedback12__traits.hpp
[2.506s] -- Up-to-date: /home/lzh/VMC_Quadruped/install/interfaces/include/interfaces/interfaces/msg/detail/foot_state__traits.hpp
[2.506s] -- Up-to-date: /home/lzh/VMC_Quadruped/install/interfaces/include/interfaces/interfaces/msg/detail/motor_command12__type_support.hpp
[2.506s] -- Up-to-date: /home/lzh/VMC_Quadruped/install/interfaces/include/interfaces/interfaces/msg/detail/motion_command__builder.hpp
[2.506s] -- Up-to-date: /home/lzh/VMC_Quadruped/install/interfaces/include/interfaces/interfaces/msg/detail/motor_command12__builder.hpp
[2.506s] -- Up-to-date: /home/lzh/VMC_Quadruped/install/interfaces/include/interfaces/interfaces/msg/detail/gait_phase__type_support.hpp
[2.506s] -- Up-to-date: /home/lzh/VMC_Quadruped/install/interfaces/include/interfaces/interfaces/msg/detail/motor_command__builder.hpp
[2.506s] -- Up-to-date: /home/lzh/VMC_Quadruped/install/interfaces/include/interfaces/interfaces/msg/detail/single_foot_state__builder.hpp
[2.507s] -- Up-to-date: /home/lzh/VMC_Quadruped/install/interfaces/include/interfaces/interfaces/msg/detail/motor_feedback12__type_support.hpp
[2.507s] -- Up-to-date: /home/lzh/VMC_Quadruped/install/interfaces/include/interfaces/interfaces/msg/detail/motor_feedback__type_support.hpp
[2.507s] -- Up-to-date: /home/lzh/VMC_Quadruped/install/interfaces/include/interfaces/interfaces/msg/detail/contact_state__builder.hpp
[2.507s] -- Up-to-date: /home/lzh/VMC_Quadruped/install/interfaces/include/interfaces/interfaces/msg/detail/single_foot_state__struct.hpp
[2.507s] -- Up-to-date: /home/lzh/VMC_Quadruped/install/interfaces/include/interfaces/interfaces/msg/detail/contact_state__type_support.hpp
[2.507s] -- Up-to-date: /home/lzh/VMC_Quadruped/install/interfaces/include/interfaces/interfaces/msg/rosidl_generator_cpp__visibility_control.hpp
[2.507s] -- Up-to-date: /home/lzh/VMC_Quadruped/install/interfaces/include/interfaces/interfaces/msg/foot_state.hpp
[2.507s] -- Up-to-date: /home/lzh/VMC_Quadruped/install/interfaces/include/interfaces/interfaces/msg/motor_command.hpp
[2.507s] -- Up-to-date: /home/lzh/VMC_Quadruped/install/interfaces/include/interfaces/interfaces/msg/single_foot_state.hpp
[2.507s] -- Up-to-date: /home/lzh/VMC_Quadruped/install/interfaces/include/interfaces/interfaces/msg/base_state.hpp
[2.507s] -- Up-to-date: /home/lzh/VMC_Quadruped/install/interfaces/include/interfaces/interfaces/msg/motor_feedback.hpp
[2.507s] -- Up-to-date: /home/lzh/VMC_Quadruped/install/interfaces/include/interfaces/interfaces/msg/motor_command12.hpp
[2.507s] -- Up-to-date: /home/lzh/VMC_Quadruped/install/interfaces/include/interfaces/interfaces/msg/gait_phase.hpp
[2.507s] -- Up-to-date: /home/lzh/VMC_Quadruped/install/interfaces/include/interfaces/interfaces/msg/motor_feedback12.hpp
[2.507s] -- Up-to-date: /home/lzh/VMC_Quadruped/install/interfaces/include/interfaces/interfaces/msg/contact_state.hpp
[2.507s] -- Up-to-date: /home/lzh/VMC_Quadruped/install/interfaces/include/interfaces/interfaces/msg/motion_command.hpp
[2.507s] -- Up-to-date: /home/lzh/VMC_Quadruped/install/interfaces/include/interfaces/interfaces
[2.507s] -- Up-to-date: /home/lzh/VMC_Quadruped/install/interfaces/include/interfaces/interfaces/msg
[2.507s] -- Up-to-date: /home/lzh/VMC_Quadruped/install/interfaces/include/interfaces/interfaces/msg/detail
[2.507s] -- Up-to-date: /home/lzh/VMC_Quadruped/install/interfaces/include/interfaces/interfaces/msg/detail/base_state__rosidl_typesupport_fastrtps_cpp.hpp
[2.507s] -- Up-to-date: /home/lzh/VMC_Quadruped/install/interfaces/include/interfaces/interfaces/msg/detail/foot_state__rosidl_typesupport_fastrtps_cpp.hpp
[2.507s] -- Up-to-date: /home/lzh/VMC_Quadruped/install/interfaces/include/interfaces/interfaces/msg/detail/gait_phase__rosidl_typesupport_fastrtps_cpp.hpp
[2.507s] -- Up-to-date: /home/lzh/VMC_Quadruped/install/interfaces/include/interfaces/interfaces/msg/detail/dds_fastrtps
[2.507s] -- Up-to-date: /home/lzh/VMC_Quadruped/install/interfaces/include/interfaces/interfaces/msg/detail/single_foot_state__rosidl_typesupport_fastrtps_cpp.hpp
[2.507s] -- Up-to-date: /home/lzh/VMC_Quadruped/install/interfaces/include/interfaces/interfaces/msg/detail/motor_feedback12__rosidl_typesupport_fastrtps_cpp.hpp
[2.507s] -- Up-to-date: /home/lzh/VMC_Quadruped/install/interfaces/include/interfaces/interfaces/msg/detail/motor_command12__rosidl_typesupport_fastrtps_cpp.hpp
[2.507s] -- Up-to-date: /home/lzh/VMC_Quadruped/install/interfaces/include/interfaces/interfaces/msg/detail/motor_command__rosidl_typesupport_fastrtps_cpp.hpp
[2.507s] -- Up-to-date: /home/lzh/VMC_Quadruped/install/interfaces/include/interfaces/interfaces/msg/detail/motion_command__rosidl_typesupport_fastrtps_cpp.hpp
[2.507s] -- Up-to-date: /home/lzh/VMC_Quadruped/install/interfaces/include/interfaces/interfaces/msg/detail/contact_state__rosidl_typesupport_fastrtps_cpp.hpp
[2.507s] -- Up-to-date: /home/lzh/VMC_Quadruped/install/interfaces/include/interfaces/interfaces/msg/detail/motor_feedback__rosidl_typesupport_fastrtps_cpp.hpp
[2.507s] -- Up-to-date: /home/lzh/VMC_Quadruped/install/interfaces/include/interfaces/interfaces/msg/rosidl_typesupport_fastrtps_cpp__visibility_control.h
[2.507s] -- Installing: /home/lzh/VMC_Quadruped/install/interfaces/lib/libinterfaces__rosidl_typesupport_fastrtps_cpp.so
[2.507s] -- Set runtime path of "/home/lzh/VMC_Quadruped/install/interfaces/lib/libinterfaces__rosidl_typesupport_fastrtps_cpp.so" to ""
[2.507s] -- Up-to-date: /home/lzh/VMC_Quadruped/install/interfaces/include/interfaces/interfaces
[2.507s] -- Up-to-date: /home/lzh/VMC_Quadruped/install/interfaces/include/interfaces/interfaces/msg
[2.507s] -- Up-to-date: /home/lzh/VMC_Quadruped/install/interfaces/include/interfaces/interfaces/msg/detail
[2.508s] -- Up-to-date: /home/lzh/VMC_Quadruped/install/interfaces/include/interfaces/interfaces/msg/detail/motion_command__type_support.cpp
[2.508s] -- Up-to-date: /home/lzh/VMC_Quadruped/install/interfaces/include/interfaces/interfaces/msg/detail/single_foot_state__rosidl_typesupport_introspection_cpp.hpp
[2.508s] -- Up-to-date: /home/lzh/VMC_Quadruped/install/interfaces/include/interfaces/interfaces/msg/detail/contact_state__rosidl_typesupport_introspection_cpp.hpp
[2.508s] -- Up-to-date: /home/lzh/VMC_Quadruped/install/interfaces/include/interfaces/interfaces/msg/detail/gait_phase__rosidl_typesupport_introspection_cpp.hpp
[2.508s] -- Up-to-date: /home/lzh/VMC_Quadruped/install/interfaces/include/interfaces/interfaces/msg/detail/motor_command__rosidl_typesupport_introspection_cpp.hpp
[2.508s] -- Up-to-date: /home/lzh/VMC_Quadruped/install/interfaces/include/interfaces/interfaces/msg/detail/foot_state__rosidl_typesupport_introspection_cpp.hpp
[2.508s] -- Up-to-date: /home/lzh/VMC_Quadruped/install/interfaces/include/interfaces/interfaces/msg/detail/contact_state__type_support.cpp
[2.508s] -- Up-to-date: /home/lzh/VMC_Quadruped/install/interfaces/include/interfaces/interfaces/msg/detail/motor_feedback__rosidl_typesupport_introspection_cpp.hpp
[2.508s] -- Up-to-date: /home/lzh/VMC_Quadruped/install/interfaces/include/interfaces/interfaces/msg/detail/motor_feedback__type_support.cpp
[2.508s] -- Up-to-date: /home/lzh/VMC_Quadruped/install/interfaces/include/interfaces/interfaces/msg/detail/motor_command12__type_support.cpp
[2.508s] -- Up-to-date: /home/lzh/VMC_Quadruped/install/interfaces/include/interfaces/interfaces/msg/detail/single_foot_state__type_support.cpp
[2.508s] -- Up-to-date: /home/lzh/VMC_Quadruped/install/interfaces/include/interfaces/interfaces/msg/detail/motion_command__rosidl_typesupport_introspection_cpp.hpp
[2.508s] -- Up-to-date: /home/lzh/VMC_Quadruped/install/interfaces/include/interfaces/interfaces/msg/detail/motor_feedback12__rosidl_typesupport_introspection_cpp.hpp
[2.508s] -- Up-to-date: /home/lzh/VMC_Quadruped/install/interfaces/include/interfaces/interfaces/msg/detail/base_state__type_support.cpp
[2.508s] -- Up-to-date: /home/lzh/VMC_Quadruped/install/interfaces/include/interfaces/interfaces/msg/detail/gait_phase__type_support.cpp
[2.508s] -- Up-to-date: /home/lzh/VMC_Quadruped/install/interfaces/include/interfaces/interfaces/msg/detail/motor_command__type_support.cpp
[2.508s] -- Up-to-date: /home/lzh/VMC_Quadruped/install/interfaces/include/interfaces/interfaces/msg/detail/foot_state__type_support.cpp
[2.508s] -- Up-to-date: /home/lzh/VMC_Quadruped/install/interfaces/include/interfaces/interfaces/msg/detail/motor_feedback12__type_support.cpp
[2.508s] -- Up-to-date: /home/lzh/VMC_Quadruped/install/interfaces/include/interfaces/interfaces/msg/detail/base_state__rosidl_typesupport_introspection_cpp.hpp
[2.508s] -- Up-to-date: /home/lzh/VMC_Quadruped/install/interfaces/include/interfaces/interfaces/msg/detail/motor_command12__rosidl_typesupport_introspection_cpp.hpp
[2.508s] -- Installing: /home/lzh/VMC_Quadruped/install/interfaces/lib/libinterfaces__rosidl_typesupport_introspection_cpp.so
[2.508s] -- Set runtime path of "/home/lzh/VMC_Quadruped/install/interfaces/lib/libinterfaces__rosidl_typesupport_introspection_cpp.so" to ""
[2.508s] -- Installing: /home/lzh/VMC_Quadruped/install/interfaces/lib/libinterfaces__rosidl_typesupport_cpp.so
[2.508s] -- Set runtime path of "/home/lzh/VMC_Quadruped/install/interfaces/lib/libinterfaces__rosidl_typesupport_cpp.so" to ""
[2.508s] -- Up-to-date: /home/lzh/VMC_Quadruped/install/interfaces/share/interfaces/environment/pythonpath.sh
[2.508s] -- Installing: /home/lzh/VMC_Quadruped/install/interfaces/share/interfaces/environment/pythonpath.dsv
[2.508s] -- Up-to-date: /home/lzh/VMC_Quadruped/install/interfaces/local/lib/python3.10/dist-packages/interfaces-0.0.0-py3.10.egg-info
[2.508s] -- Installing: /home/lzh/VMC_Quadruped/install/interfaces/local/lib/python3.10/dist-packages/interfaces-0.0.0-py3.10.egg-info/PKG-INFO
[2.508s] -- Installing: /home/lzh/VMC_Quadruped/install/interfaces/local/lib/python3.10/dist-packages/interfaces-0.0.0-py3.10.egg-info/top_level.txt
[2.508s] -- Installing: /home/lzh/VMC_Quadruped/install/interfaces/local/lib/python3.10/dist-packages/interfaces-0.0.0-py3.10.egg-info/SOURCES.txt
[2.508s] -- Installing: /home/lzh/VMC_Quadruped/install/interfaces/local/lib/python3.10/dist-packages/interfaces-0.0.0-py3.10.egg-info/dependency_links.txt
[2.508s] -- Up-to-date: /home/lzh/VMC_Quadruped/install/interfaces/local/lib/python3.10/dist-packages/interfaces
[2.508s] -- Installing: /home/lzh/VMC_Quadruped/install/interfaces/local/lib/python3.10/dist-packages/interfaces/libinterfaces__rosidl_generator_py.so
[2.508s] -- Installing: /home/lzh/VMC_Quadruped/install/interfaces/local/lib/python3.10/dist-packages/interfaces/__init__.py
[2.508s] -- Installing: /home/lzh/VMC_Quadruped/install/interfaces/local/lib/python3.10/dist-packages/interfaces/interfaces_s__rosidl_typesupport_c.cpython-310-x86_64-linux-gnu.so
[2.508s] -- Up-to-date: /home/lzh/VMC_Quadruped/install/interfaces/local/lib/python3.10/dist-packages/interfaces/msg
[2.508s] -- Up-to-date: /home/lzh/VMC_Quadruped/install/interfaces/local/lib/python3.10/dist-packages/interfaces/msg/_single_foot_state.py
[2.509s] -- Up-to-date: /home/lzh/VMC_Quadruped/install/interfaces/local/lib/python3.10/dist-packages/interfaces/msg/__init__.py
[2.509s] -- Up-to-date: /home/lzh/VMC_Quadruped/install/interfaces/local/lib/python3.10/dist-packages/interfaces/msg/_motor_feedback.py
[2.509s] -- Up-to-date: /home/lzh/VMC_Quadruped/install/interfaces/local/lib/python3.10/dist-packages/interfaces/msg/_contact_state_s.c
[2.509s] -- Up-to-date: /home/lzh/VMC_Quadruped/install/interfaces/local/lib/python3.10/dist-packages/interfaces/msg/_gait_phase_s.c
[2.509s] -- Up-to-date: /home/lzh/VMC_Quadruped/install/interfaces/local/lib/python3.10/dist-packages/interfaces/msg/_base_state.py
[2.509s] -- Up-to-date: /home/lzh/VMC_Quadruped/install/interfaces/local/lib/python3.10/dist-packages/interfaces/msg/_motor_feedback12.py
[2.509s] -- Up-to-date: /home/lzh/VMC_Quadruped/install/interfaces/local/lib/python3.10/dist-packages/interfaces/msg/_gait_phase.py
[2.509s] -- Up-to-date: /home/lzh/VMC_Quadruped/install/interfaces/local/lib/python3.10/dist-packages/interfaces/msg/_foot_state_s.c
[2.509s] -- Up-to-date: /home/lzh/VMC_Quadruped/install/interfaces/local/lib/python3.10/dist-packages/interfaces/msg/_foot_state.py
[2.509s] -- Up-to-date: /home/lzh/VMC_Quadruped/install/interfaces/local/lib/python3.10/dist-packages/interfaces/msg/_single_foot_state_s.c
[2.509s] -- Up-to-date: /home/lzh/VMC_Quadruped/install/interfaces/local/lib/python3.10/dist-packages/interfaces/msg/_contact_state.py
[2.509s] -- Up-to-date: /home/lzh/VMC_Quadruped/install/interfaces/local/lib/python3.10/dist-packages/interfaces/msg/_motion_command_s.c
[2.509s] -- Up-to-date: /home/lzh/VMC_Quadruped/install/interfaces/local/lib/python3.10/dist-packages/interfaces/msg/_motor_command_s.c
[2.509s] -- Up-to-date: /home/lzh/VMC_Quadruped/install/interfaces/local/lib/python3.10/dist-packages/interfaces/msg/_motor_command12_s.c
[2.509s] -- Up-to-date: /home/lzh/VMC_Quadruped/install/interfaces/local/lib/python3.10/dist-packages/interfaces/msg/_motor_feedback_s.c
[2.509s] -- Up-to-date: /home/lzh/VMC_Quadruped/install/interfaces/local/lib/python3.10/dist-packages/interfaces/msg/_motion_command.py
[2.509s] -- Up-to-date: /home/lzh/VMC_Quadruped/install/interfaces/local/lib/python3.10/dist-packages/interfaces/msg/_motor_command.py
[2.509s] -- Up-to-date: /home/lzh/VMC_Quadruped/install/interfaces/local/lib/python3.10/dist-packages/interfaces/msg/_motor_feedback12_s.c
[2.509s] -- Up-to-date: /home/lzh/VMC_Quadruped/install/interfaces/local/lib/python3.10/dist-packages/interfaces/msg/_base_state_s.c
[2.509s] -- Up-to-date: /home/lzh/VMC_Quadruped/install/interfaces/local/lib/python3.10/dist-packages/interfaces/msg/_motor_command12.py
[2.509s] -- Up-to-date: /home/lzh/VMC_Quadruped/install/interfaces/local/lib/python3.10/dist-packages/interfaces/_interfaces_s.ep.rosidl_typesupport_fastrtps_c.c
[2.509s] -- Installing: /home/lzh/VMC_Quadruped/install/interfaces/local/lib/python3.10/dist-packages/interfaces/interfaces_s__rosidl_typesupport_introspection_c.cpython-310-x86_64-linux-gnu.so
[2.509s] -- Up-to-date: /home/lzh/VMC_Quadruped/install/interfaces/local/lib/python3.10/dist-packages/interfaces/_interfaces_s.ep.rosidl_typesupport_introspection_c.c
[2.509s] -- Up-to-date: /home/lzh/VMC_Quadruped/install/interfaces/local/lib/python3.10/dist-packages/interfaces/_interfaces_s.ep.rosidl_typesupport_c.c
[2.509s] -- Installing: /home/lzh/VMC_Quadruped/install/interfaces/local/lib/python3.10/dist-packages/interfaces/interfaces_s__rosidl_typesupport_fastrtps_c.cpython-310-x86_64-linux-gnu.so
[2.527s] Listing '/home/lzh/VMC_Quadruped/install/interfaces/local/lib/python3.10/dist-packages/interfaces'...
[2.527s] Compiling '/home/lzh/VMC_Quadruped/install/interfaces/local/lib/python3.10/dist-packages/interfaces/__init__.py'...
[2.527s] Listing '/home/lzh/VMC_Quadruped/install/interfaces/local/lib/python3.10/dist-packages/interfaces/msg'...
[2.530s] -- Installing: /home/lzh/VMC_Quadruped/install/interfaces/local/lib/python3.10/dist-packages/interfaces/interfaces_s__rosidl_typesupport_fastrtps_c.cpython-310-x86_64-linux-gnu.so
[2.530s] -- Set runtime path of "/home/lzh/VMC_Quadruped/install/interfaces/local/lib/python3.10/dist-packages/interfaces/interfaces_s__rosidl_typesupport_fastrtps_c.cpython-310-x86_64-linux-gnu.so" to ""
[2.531s] -- Installing: /home/lzh/VMC_Quadruped/install/interfaces/local/lib/python3.10/dist-packages/interfaces/interfaces_s__rosidl_typesupport_introspection_c.cpython-310-x86_64-linux-gnu.so
[2.531s] -- Set runtime path of "/home/lzh/VMC_Quadruped/install/interfaces/local/lib/python3.10/dist-packages/interfaces/interfaces_s__rosidl_typesupport_introspection_c.cpython-310-x86_64-linux-gnu.so" to ""
[2.531s] -- Installing: /home/lzh/VMC_Quadruped/install/interfaces/local/lib/python3.10/dist-packages/interfaces/interfaces_s__rosidl_typesupport_c.cpython-310-x86_64-linux-gnu.so
[2.531s] -- Set runtime path of "/home/lzh/VMC_Quadruped/install/interfaces/local/lib/python3.10/dist-packages/interfaces/interfaces_s__rosidl_typesupport_c.cpython-310-x86_64-linux-gnu.so" to ""
[2.531s] -- Installing: /home/lzh/VMC_Quadruped/install/interfaces/lib/libinterfaces__rosidl_generator_py.so
[2.532s] -- Set runtime path of "/home/lzh/VMC_Quadruped/install/interfaces/lib/libinterfaces__rosidl_generator_py.so" to ""
[2.532s] -- Installing: /home/lzh/VMC_Quadruped/install/interfaces/share/ament_index/resource_index/rust_packages/interfaces
[2.532s] -- Installing: /home/lzh/VMC_Quadruped/install/interfaces/share/interfaces/rust
[2.532s] -- Installing: /home/lzh/VMC_Quadruped/install/interfaces/share/interfaces/rust/Cargo.toml
[2.532s] -- Installing: /home/lzh/VMC_Quadruped/install/interfaces/share/interfaces/rust/build.rs
[2.532s] -- Installing: /home/lzh/VMC_Quadruped/install/interfaces/share/interfaces/rust/src
[2.532s] -- Installing: /home/lzh/VMC_Quadruped/install/interfaces/share/interfaces/rust/src/msg
[2.532s] -- Installing: /home/lzh/VMC_Quadruped/install/interfaces/share/interfaces/rust/src/msg/rmw.rs
[2.532s] -- Installing: /home/lzh/VMC_Quadruped/install/interfaces/share/interfaces/rust/src/msg.rs
[2.533s] -- Installing: /home/lzh/VMC_Quadruped/install/interfaces/share/interfaces/rust/src/lib.rs
[2.533s] -- Up-to-date: /home/lzh/VMC_Quadruped/install/interfaces/share/interfaces/msg/BaseState.idl
[2.533s] -- Up-to-date: /home/lzh/VMC_Quadruped/install/interfaces/share/interfaces/msg/ContactState.idl
[2.533s] -- Up-to-date: /home/lzh/VMC_Quadruped/install/interfaces/share/interfaces/msg/GaitPhase.idl
[2.533s] -- Up-to-date: /home/lzh/VMC_Quadruped/install/interfaces/share/interfaces/msg/MotionCommand.idl
[2.533s] -- Up-to-date: /home/lzh/VMC_Quadruped/install/interfaces/share/interfaces/msg/SingleFootState.idl
[2.533s] -- Up-to-date: /home/lzh/VMC_Quadruped/install/interfaces/share/interfaces/msg/FootState.idl
[2.533s] -- Up-to-date: /home/lzh/VMC_Quadruped/install/interfaces/share/interfaces/msg/MotorCommand.idl
[2.533s] -- Up-to-date: /home/lzh/VMC_Quadruped/install/interfaces/share/interfaces/msg/MotorCommand12.idl
[2.533s] -- Up-to-date: /home/lzh/VMC_Quadruped/install/interfaces/share/interfaces/msg/MotorFeedback.idl
[2.533s] -- Up-to-date: /home/lzh/VMC_Quadruped/install/interfaces/share/interfaces/msg/MotorFeedback12.idl
[2.533s] -- Up-to-date: /home/lzh/VMC_Quadruped/install/interfaces/share/interfaces/msg/BaseState.msg
[2.533s] -- Up-to-date: /home/lzh/VMC_Quadruped/install/interfaces/share/interfaces/msg/ContactState.msg
[2.533s] -- Up-to-date: /home/lzh/VMC_Quadruped/install/interfaces/share/interfaces/msg/GaitPhase.msg
[2.534s] -- Up-to-date: /home/lzh/VMC_Quadruped/install/interfaces/share/interfaces/msg/MotionCommand.msg
[2.534s] -- Up-to-date: /home/lzh/VMC_Quadruped/install/interfaces/share/interfaces/msg/SingleFootState.msg
[2.534s] -- Up-to-date: /home/lzh/VMC_Quadruped/install/interfaces/share/interfaces/msg/FootState.msg
[2.534s] -- Up-to-date: /home/lzh/VMC_Quadruped/install/interfaces/share/interfaces/msg/MotorCommand.msg
[2.534s] -- Up-to-date: /home/lzh/VMC_Quadruped/install/interfaces/share/interfaces/msg/MotorCommand12.msg
[2.534s] -- Up-to-date: /home/lzh/VMC_Quadruped/install/interfaces/share/interfaces/msg/MotorFeedback.msg
[2.534s] -- Up-to-date: /home/lzh/VMC_Quadruped/install/interfaces/share/interfaces/msg/MotorFeedback12.msg
[2.534s] -- Up-to-date: /home/lzh/VMC_Quadruped/install/interfaces/share/ament_index/resource_index/package_run_dependencies/interfaces
[2.535s] -- Installing: /home/lzh/VMC_Quadruped/install/interfaces/share/ament_index/resource_index/parent_prefix_path/interfaces
[2.535s] -- Installing: /home/lzh/VMC_Quadruped/install/interfaces/share/interfaces/environment/ament_prefix_path.sh
[2.535s] -- Installing: /home/lzh/VMC_Quadruped/install/interfaces/share/interfaces/environment/ament_prefix_path.dsv
[2.535s] -- Installing: /home/lzh/VMC_Quadruped/install/interfaces/share/interfaces/environment/path.sh
[2.535s] -- Installing: /home/lzh/VMC_Quadruped/install/interfaces/share/interfaces/environment/path.dsv
[2.535s] -- Up-to-date: /home/lzh/VMC_Quadruped/install/interfaces/share/interfaces/local_setup.bash
[2.535s] -- Up-to-date: /home/lzh/VMC_Quadruped/install/interfaces/share/interfaces/local_setup.sh
[2.535s] -- Up-to-date: /home/lzh/VMC_Quadruped/install/interfaces/share/interfaces/local_setup.zsh
[2.535s] -- Installing: /home/lzh/VMC_Quadruped/install/interfaces/share/interfaces/local_setup.dsv
[2.535s] -- Installing: /home/lzh/VMC_Quadruped/install/interfaces/share/interfaces/package.dsv
[2.536s] -- Up-to-date: /home/lzh/VMC_Quadruped/install/interfaces/share/ament_index/resource_index/packages/interfaces
[2.536s] -- Up-to-date: /home/lzh/VMC_Quadruped/install/interfaces/share/interfaces/cmake/export_interfaces__rosidl_generator_cExport.cmake
[2.536s] -- Up-to-date: /home/lzh/VMC_Quadruped/install/interfaces/share/interfaces/cmake/export_interfaces__rosidl_generator_cExport-noconfig.cmake
[2.536s] -- Up-to-date: /home/lzh/VMC_Quadruped/install/interfaces/share/interfaces/cmake/export_interfaces__rosidl_typesupport_fastrtps_cExport.cmake
[2.536s] -- Up-to-date: /home/lzh/VMC_Quadruped/install/interfaces/share/interfaces/cmake/export_interfaces__rosidl_typesupport_fastrtps_cExport-noconfig.cmake
[2.536s] -- Up-to-date: /home/lzh/VMC_Quadruped/install/interfaces/share/interfaces/cmake/interfaces__rosidl_typesupport_introspection_cExport.cmake
[2.536s] -- Up-to-date: /home/lzh/VMC_Quadruped/install/interfaces/share/interfaces/cmake/interfaces__rosidl_typesupport_introspection_cExport-noconfig.cmake
[2.536s] -- Up-to-date: /home/lzh/VMC_Quadruped/install/interfaces/share/interfaces/cmake/interfaces__rosidl_typesupport_cExport.cmake
[2.537s] -- Up-to-date: /home/lzh/VMC_Quadruped/install/interfaces/share/interfaces/cmake/interfaces__rosidl_typesupport_cExport-noconfig.cmake
[2.537s] -- Up-to-date: /home/lzh/VMC_Quadruped/install/interfaces/share/interfaces/cmake/export_interfaces__rosidl_generator_cppExport.cmake
[2.537s] -- Up-to-date: /home/lzh/VMC_Quadruped/install/interfaces/share/interfaces/cmake/export_interfaces__rosidl_typesupport_fastrtps_cppExport.cmake
[2.537s] -- Up-to-date: /home/lzh/VMC_Quadruped/install/interfaces/share/interfaces/cmake/export_interfaces__rosidl_typesupport_fastrtps_cppExport-noconfig.cmake
[2.537s] -- Up-to-date: /home/lzh/VMC_Quadruped/install/interfaces/share/interfaces/cmake/interfaces__rosidl_typesupport_introspection_cppExport.cmake
[2.537s] -- Up-to-date: /home/lzh/VMC_Quadruped/install/interfaces/share/interfaces/cmake/interfaces__rosidl_typesupport_introspection_cppExport-noconfig.cmake
[2.537s] -- Up-to-date: /home/lzh/VMC_Quadruped/install/interfaces/share/interfaces/cmake/interfaces__rosidl_typesupport_cppExport.cmake
[2.537s] -- Up-to-date: /home/lzh/VMC_Quadruped/install/interfaces/share/interfaces/cmake/interfaces__rosidl_typesupport_cppExport-noconfig.cmake
[2.537s] -- Up-to-date: /home/lzh/VMC_Quadruped/install/interfaces/share/interfaces/cmake/export_interfaces__rosidl_generator_pyExport.cmake
[2.537s] -- Up-to-date: /home/lzh/VMC_Quadruped/install/interfaces/share/interfaces/cmake/export_interfaces__rosidl_generator_pyExport-noconfig.cmake
[2.537s] -- Up-to-date: /home/lzh/VMC_Quadruped/install/interfaces/share/interfaces/cmake/rosidl_cmake-extras.cmake
[2.537s] -- Up-to-date: /home/lzh/VMC_Quadruped/install/interfaces/share/interfaces/cmake/ament_cmake_export_dependencies-extras.cmake
[2.537s] -- Up-to-date: /home/lzh/VMC_Quadruped/install/interfaces/share/interfaces/cmake/ament_cmake_export_include_directories-extras.cmake
[2.537s] -- Up-to-date: /home/lzh/VMC_Quadruped/install/interfaces/share/interfaces/cmake/ament_cmake_export_libraries-extras.cmake
[2.537s] -- Up-to-date: /home/lzh/VMC_Quadruped/install/interfaces/share/interfaces/cmake/ament_cmake_export_targets-extras.cmake
[2.537s] -- Up-to-date: /home/lzh/VMC_Quadruped/install/interfaces/share/interfaces/cmake/rosidl_cmake_export_typesupport_targets-extras.cmake
[2.537s] -- Up-to-date: /home/lzh/VMC_Quadruped/install/interfaces/share/interfaces/cmake/rosidl_cmake_export_typesupport_libraries-extras.cmake
[2.537s] -- Up-to-date: /home/lzh/VMC_Quadruped/install/interfaces/share/interfaces/cmake/interfacesConfig.cmake
[2.537s] -- Up-to-date: /home/lzh/VMC_Quadruped/install/interfaces/share/interfaces/cmake/interfacesConfig-version.cmake
[2.537s] -- Up-to-date: /home/lzh/VMC_Quadruped/install/interfaces/share/interfaces/package.xml
[2.537s] Invoked command in '/home/lzh/VMC_Quadruped/build/interfaces' returned '0': CMAKE_PREFIX_PATH=/opt/ros/humble /usr/bin/cmake --install /home/lzh/VMC_Quadruped/build/interfaces
