[0.009s] Invoking command in '/home/lzh/VMC_Quadruped/build/rs_motor_ros2': AMENT_PREFIX_PATH=/home/lzh/VMC_Quadruped/install/interfaces:${AMENT_PREFIX_PATH} CMAKE_PREFIX_PATH=/home/lzh/VMC_Quadruped/install/interfaces:/opt/ros/humble LD_LIBRARY_PATH=/home/lzh/VMC_Quadruped/install/interfaces/lib:${LD_LIBRARY_PATH} PYTHONPATH=/home/lzh/VMC_Quadruped/install/interfaces/local/lib/python3.10/dist-packages:${PYTHONPATH} /usr/bin/cmake --build /home/lzh/VMC_Quadruped/build/rs_motor_ros2 -- -j16 -l16
[0.061s] [ 50%] Built target rs_motor_ros2_lib
[0.076s] [35m[1mConsolidate compiler generated dependencies of target rs_motor_ros2[0m
[0.096s] [ 75%] [32mBuilding CXX object CMakeFiles/rs_motor_ros2.dir/src/main.cpp.o[0m
[5.619s] [100%] [32m[1mLinking CXX executable rs_motor_ros2[0m
[5.922s] [100%] Built target rs_motor_ros2
[5.934s] Invoked command in '/home/lzh/VMC_Quadruped/build/rs_motor_ros2' returned '0': AMENT_PREFIX_PATH=/home/lzh/VMC_Quadruped/install/interfaces:${AMENT_PREFIX_PATH} CMAKE_PREFIX_PATH=/home/lzh/VMC_Quadruped/install/interfaces:/opt/ros/humble LD_LIBRARY_PATH=/home/lzh/VMC_Quadruped/install/interfaces/lib:${LD_LIBRARY_PATH} PYTHONPATH=/home/lzh/VMC_Quadruped/install/interfaces/local/lib/python3.10/dist-packages:${PYTHONPATH} /usr/bin/cmake --build /home/lzh/VMC_Quadruped/build/rs_motor_ros2 -- -j16 -l16
[5.935s] Invoking command in '/home/lzh/VMC_Quadruped/build/rs_motor_ros2': AMENT_PREFIX_PATH=/home/lzh/VMC_Quadruped/install/interfaces:${AMENT_PREFIX_PATH} CMAKE_PREFIX_PATH=/home/lzh/VMC_Quadruped/install/interfaces:/opt/ros/humble LD_LIBRARY_PATH=/home/lzh/VMC_Quadruped/install/interfaces/lib:${LD_LIBRARY_PATH} PYTHONPATH=/home/lzh/VMC_Quadruped/install/interfaces/local/lib/python3.10/dist-packages:${PYTHONPATH} /usr/bin/cmake --install /home/lzh/VMC_Quadruped/build/rs_motor_ros2
[5.941s] -- Install configuration: ""
[5.941s] -- Up-to-date: /home/lzh/VMC_Quadruped/install/rs_motor_ros2/include
[5.942s] -- Up-to-date: /home/lzh/VMC_Quadruped/install/rs_motor_ros2/include/motor_ros2
[5.942s] -- Up-to-date: /home/lzh/VMC_Quadruped/install/rs_motor_ros2/include/motor_ros2/motor_cfg.h
[5.942s] -- Up-to-date: /home/lzh/VMC_Quadruped/install/rs_motor_ros2/lib/librs_motor_ros2.a
[5.942s] -- Installing: /home/lzh/VMC_Quadruped/install/rs_motor_ros2/lib/rs_motor_ros2/rs_motor_ros2
[5.944s] -- Set runtime path of "/home/lzh/VMC_Quadruped/install/rs_motor_ros2/lib/rs_motor_ros2/rs_motor_ros2" to ""
[5.944s] -- Up-to-date: /home/lzh/VMC_Quadruped/install/rs_motor_ros2/share/ament_index/resource_index/package_run_dependencies/rs_motor_ros2
[5.944s] -- Up-to-date: /home/lzh/VMC_Quadruped/install/rs_motor_ros2/share/ament_index/resource_index/parent_prefix_path/rs_motor_ros2
[5.944s] -- Up-to-date: /home/lzh/VMC_Quadruped/install/rs_motor_ros2/share/rs_motor_ros2/environment/ament_prefix_path.sh
[5.944s] -- Up-to-date: /home/lzh/VMC_Quadruped/install/rs_motor_ros2/share/rs_motor_ros2/environment/ament_prefix_path.dsv
[5.944s] -- Up-to-date: /home/lzh/VMC_Quadruped/install/rs_motor_ros2/share/rs_motor_ros2/environment/path.sh
[5.944s] -- Up-to-date: /home/lzh/VMC_Quadruped/install/rs_motor_ros2/share/rs_motor_ros2/environment/path.dsv
[5.945s] -- Up-to-date: /home/lzh/VMC_Quadruped/install/rs_motor_ros2/share/rs_motor_ros2/local_setup.bash
[5.945s] -- Up-to-date: /home/lzh/VMC_Quadruped/install/rs_motor_ros2/share/rs_motor_ros2/local_setup.sh
[5.945s] -- Up-to-date: /home/lzh/VMC_Quadruped/install/rs_motor_ros2/share/rs_motor_ros2/local_setup.zsh
[5.945s] -- Up-to-date: /home/lzh/VMC_Quadruped/install/rs_motor_ros2/share/rs_motor_ros2/local_setup.dsv
[5.945s] -- Installing: /home/lzh/VMC_Quadruped/install/rs_motor_ros2/share/rs_motor_ros2/package.dsv
[5.945s] -- Up-to-date: /home/lzh/VMC_Quadruped/install/rs_motor_ros2/share/ament_index/resource_index/packages/rs_motor_ros2
[5.945s] -- Up-to-date: /home/lzh/VMC_Quadruped/install/rs_motor_ros2/share/rs_motor_ros2/cmake/ament_cmake_export_dependencies-extras.cmake
[5.945s] -- Up-to-date: /home/lzh/VMC_Quadruped/install/rs_motor_ros2/share/rs_motor_ros2/cmake/rs_motor_ros2Config.cmake
[5.945s] -- Up-to-date: /home/lzh/VMC_Quadruped/install/rs_motor_ros2/share/rs_motor_ros2/cmake/rs_motor_ros2Config-version.cmake
[5.945s] -- Up-to-date: /home/lzh/VMC_Quadruped/install/rs_motor_ros2/share/rs_motor_ros2/package.xml
[5.947s] Invoked command in '/home/lzh/VMC_Quadruped/build/rs_motor_ros2' returned '0': AMENT_PREFIX_PATH=/home/lzh/VMC_Quadruped/install/interfaces:${AMENT_PREFIX_PATH} CMAKE_PREFIX_PATH=/home/lzh/VMC_Quadruped/install/interfaces:/opt/ros/humble LD_LIBRARY_PATH=/home/lzh/VMC_Quadruped/install/interfaces/lib:${LD_LIBRARY_PATH} PYTHONPATH=/home/lzh/VMC_Quadruped/install/interfaces/local/lib/python3.10/dist-packages:${PYTHONPATH} /usr/bin/cmake --install /home/lzh/VMC_Quadruped/build/rs_motor_ros2
