[0.008s] Invoking command in '/home/lzh/VMC_Quadruped/src/Interfaces/build/Interfaces': CMAKE_PREFIX_PATH=/opt/ros/humble /usr/bin/cmake /home/lzh/VMC_Quadruped/src/Interfaces -DCMAKE_INSTALL_PREFIX=/home/lzh/VMC_Quadruped/src/Interfaces/install/Interfaces
[0.178s] -- The C compiler identification is GNU 11.4.0
[0.283s] -- The CXX compiler identification is GNU 11.4.0
[0.290s] -- Detecting C compiler ABI info
[0.377s] -- Detecting C compiler ABI info - done
[0.389s] -- Check for working C compiler: /usr/bin/cc - skipped
[0.391s] -- Detecting C compile features
[0.392s] -- Detecting C compile features - done
[0.395s] -- Detecting CXX compiler ABI info
[0.482s] -- Detecting CXX compiler ABI info - done
[0.487s] -- Check for working CXX compiler: /usr/bin/c++ - skipped
[0.487s] -- Detecting CXX compile features
[0.488s] -- Detecting CXX compile features - done
[0.491s] -- Found ament_cmake: 1.3.12 (/opt/ros/humble/share/ament_cmake/cmake)
[0.655s] -- Found Python3: /usr/bin/python3 (found version "3.10.12") found components: Interpreter 
[0.732s] -- Found rosidl_default_generators: 1.2.0 (/opt/ros/humble/share/rosidl_default_generators/cmake)
[0.736s] -- Using all available rosidl_typesupport_c: rosidl_typesupport_fastrtps_c;rosidl_typesupport_introspection_c
[0.744s] -- Found rosidl_adapter: 3.1.7 (/opt/ros/humble/share/rosidl_adapter/cmake)
[0.793s] -- Using all available rosidl_typesupport_cpp: rosidl_typesupport_fastrtps_cpp;rosidl_typesupport_introspection_cpp
[0.820s] -- Found std_msgs: 4.9.0 (/opt/ros/humble/share/std_msgs/cmake)
[0.841s] -- Found geometry_msgs: 4.9.0 (/opt/ros/humble/share/geometry_msgs/cmake)
[0.990s] [31mCMake Error at /opt/ros/humble/share/rosidl_adapter/cmake/rosidl_adapt_interfaces.cmake:59 (message):
[0.990s]   execute_process(/usr/bin/python3 -m rosidl_adapter --package-name
[0.990s]   Interfaces --arguments-file
[0.990s]   /home/lzh/VMC_Quadruped/src/Interfaces/build/Interfaces/rosidl_adapter__arguments__Interfaces.json
[0.990s]   --output-dir
[0.991s]   /home/lzh/VMC_Quadruped/src/Interfaces/build/Interfaces/rosidl_adapter/Interfaces
[0.991s]   --output-file
[0.991s]   /home/lzh/VMC_Quadruped/src/Interfaces/build/Interfaces/rosidl_adapter/Interfaces.idls)
[0.991s]   returned error code 1:
[0.991s] 
[0.991s]   Traceback (most recent call last):
[0.991s] 
[0.991s]     File "/usr/lib/python3.10/runpy.py", line 196, in _run_module_as_main
[0.991s]       return _run_code(code, main_globals, None,
[0.991s]     File "/usr/lib/python3.10/runpy.py", line 86, in _run_code
[0.991s]       exec(code, run_globals)
[0.991s]     File "/opt/ros/humble/local/lib/python3.10/dist-packages/rosidl_adapter/__main__.py", line 19, in <module>
[0.991s]       sys.exit(main())
[0.991s]     File "/opt/ros/humble/local/lib/python3.10/dist-packages/rosidl_adapter/main.py", line 53, in main
[0.991s]       abs_idl_file = convert_to_idl(
[0.991s]     File "/opt/ros/humble/local/lib/python3.10/dist-packages/rosidl_adapter/__init__.py", line 19, in convert_to_idl
[0.991s]       return convert_msg_to_idl(
[0.991s]     File "/opt/ros/humble/local/lib/python3.10/dist-packages/rosidl_adapter/msg/__init__.py", line 28, in convert_msg_to_idl
[0.991s]       msg = parse_message_string(package_name, input_file.stem, content)
[0.991s]     File "/opt/ros/humble/local/lib/python3.10/dist-packages/rosidl_adapter/parser.py", line 544, in parse_message_string
[0.991s]       msg = MessageSpecification(pkg_name, msg_name, fields, constants)
[0.991s]     File "/opt/ros/humble/local/lib/python3.10/dist-packages/rosidl_adapter/parser.py", line 388, in __init__
[0.991s]       self.base_type = BaseType(
[0.991s]     File "/opt/ros/humble/local/lib/python3.10/dist-packages/rosidl_adapter/parser.py", line 201, in __init__
[0.991s]       raise InvalidResourceName(
[0.991s] 
[0.991s]   rosidl_adapter.parser.InvalidResourceName: 'Interfaces' is an invalid
[0.991s]   package name.  It should have the pattern
[0.991s]   '^(?!.*__)(?!.*_$)[a-z][a-z0-9_]*$'
[0.991s] 
[0.991s] Call Stack (most recent call first):
[0.991s]   /opt/ros/humble/share/rosidl_cmake/cmake/rosidl_generate_interfaces.cmake:130 (rosidl_adapt_interfaces)
[0.991s]   CMakeLists.txt:17 (rosidl_generate_interfaces)
[0.991s] 
[0.991s] [0m
[0.991s] -- Configuring incomplete, errors occurred!
[0.991s] See also "/home/lzh/VMC_Quadruped/src/Interfaces/build/Interfaces/CMakeFiles/CMakeOutput.log".
[0.995s] Invoked command in '/home/lzh/VMC_Quadruped/src/Interfaces/build/Interfaces' returned '1': CMAKE_PREFIX_PATH=/opt/ros/humble /usr/bin/cmake /home/lzh/VMC_Quadruped/src/Interfaces -DCMAKE_INSTALL_PREFIX=/home/lzh/VMC_Quadruped/src/Interfaces/install/Interfaces
