[0.011s] Invoking command in '/home/lzh/VMC_Quadruped/build/estimation': AMENT_PREFIX_PATH=/home/lzh/VMC_Quadruped/install/interfaces:${AMENT_PREFIX_PATH} CMAKE_PREFIX_PATH=/home/lzh/VMC_Quadruped/install/interfaces:/opt/ros/humble LD_LIBRARY_PATH=/home/lzh/VMC_Quadruped/install/interfaces/lib:${LD_LIBRARY_PATH} PYTHONPATH=/home/lzh/VMC_Quadruped/install/interfaces/local/lib/python3.10/dist-packages:${PYTHONPATH} /usr/bin/cmake --build /home/lzh/VMC_Quadruped/build/estimation -- -j16 -l16
[0.057s] [ 33%] Built target estimation_kinematics
[0.088s] Consolidate compiler generated dependencies of target contact_detection_node
[0.100s] [ 50%] Building CXX object CMakeFiles/contact_detection_node.dir/src/contact_detection_node.cpp.o
[1.975s] /home/lzh/VMC_Quadruped/src/estimation/src/contact_detection_node.cpp: In member function ‘void estimation::ContactDetectionNode::on_motor_feedback(interfaces::msg::MotorFeedback12_<std::allocator<void> >::SharedPtr)’:
[1.975s] /home/lzh/VMC_Quadruped/src/estimation/src/contact_detection_node.cpp:63:13: warning: unused variable ‘offset’ [-Wunused-variable]
[1.975s]    63 |         int offset = static_cast<int>(leg_idx) * LegConstants::JOINTS_PER_LEG;
[1.975s]       |             ^~~~~~
[7.293s] [ 66%] Linking CXX executable contact_detection_node
[7.677s] [100%] Built target contact_detection_node
[7.685s] Invoked command in '/home/lzh/VMC_Quadruped/build/estimation' returned '0': AMENT_PREFIX_PATH=/home/lzh/VMC_Quadruped/install/interfaces:${AMENT_PREFIX_PATH} CMAKE_PREFIX_PATH=/home/lzh/VMC_Quadruped/install/interfaces:/opt/ros/humble LD_LIBRARY_PATH=/home/lzh/VMC_Quadruped/install/interfaces/lib:${LD_LIBRARY_PATH} PYTHONPATH=/home/lzh/VMC_Quadruped/install/interfaces/local/lib/python3.10/dist-packages:${PYTHONPATH} /usr/bin/cmake --build /home/lzh/VMC_Quadruped/build/estimation -- -j16 -l16
[7.693s] Invoking command in '/home/lzh/VMC_Quadruped/build/estimation': AMENT_PREFIX_PATH=/home/lzh/VMC_Quadruped/install/interfaces:${AMENT_PREFIX_PATH} CMAKE_PREFIX_PATH=/home/lzh/VMC_Quadruped/install/interfaces:/opt/ros/humble LD_LIBRARY_PATH=/home/lzh/VMC_Quadruped/install/interfaces/lib:${LD_LIBRARY_PATH} PYTHONPATH=/home/lzh/VMC_Quadruped/install/interfaces/local/lib/python3.10/dist-packages:${PYTHONPATH} /usr/bin/cmake --install /home/lzh/VMC_Quadruped/build/estimation
[7.702s] -- Install configuration: ""
[7.702s] -- Installing: /home/lzh/VMC_Quadruped/install/estimation/lib/estimation/contact_detection_node
[7.708s] -- Set runtime path of "/home/lzh/VMC_Quadruped/install/estimation/lib/estimation/contact_detection_node" to ""
[7.708s] -- Up-to-date: /home/lzh/VMC_Quadruped/install/estimation/lib/libestimation_kinematics.a
[7.708s] -- Up-to-date: /home/lzh/VMC_Quadruped/install/estimation/include/estimation
[7.708s] -- Up-to-date: /home/lzh/VMC_Quadruped/install/estimation/include/estimation/gm_observer.hpp
[7.708s] -- Up-to-date: /home/lzh/VMC_Quadruped/install/estimation/include/estimation/contact_detection_node.hpp
[7.708s] -- Up-to-date: /home/lzh/VMC_Quadruped/install/estimation/include/estimation/leg_kinematics.hpp
[7.708s] -- Up-to-date: /home/lzh/VMC_Quadruped/install/estimation/include/estimation/types.hpp
[7.708s] -- Up-to-date: /home/lzh/VMC_Quadruped/install/estimation/share/ament_index/resource_index/package_run_dependencies/estimation
[7.708s] -- Up-to-date: /home/lzh/VMC_Quadruped/install/estimation/share/ament_index/resource_index/parent_prefix_path/estimation
[7.709s] -- Up-to-date: /home/lzh/VMC_Quadruped/install/estimation/share/estimation/environment/ament_prefix_path.sh
[7.709s] -- Up-to-date: /home/lzh/VMC_Quadruped/install/estimation/share/estimation/environment/ament_prefix_path.dsv
[7.709s] -- Up-to-date: /home/lzh/VMC_Quadruped/install/estimation/share/estimation/environment/path.sh
[7.709s] -- Up-to-date: /home/lzh/VMC_Quadruped/install/estimation/share/estimation/environment/path.dsv
[7.709s] -- Up-to-date: /home/lzh/VMC_Quadruped/install/estimation/share/estimation/local_setup.bash
[7.709s] -- Up-to-date: /home/lzh/VMC_Quadruped/install/estimation/share/estimation/local_setup.sh
[7.709s] -- Up-to-date: /home/lzh/VMC_Quadruped/install/estimation/share/estimation/local_setup.zsh
[7.709s] -- Up-to-date: /home/lzh/VMC_Quadruped/install/estimation/share/estimation/local_setup.dsv
[7.709s] -- Installing: /home/lzh/VMC_Quadruped/install/estimation/share/estimation/package.dsv
[7.709s] -- Up-to-date: /home/lzh/VMC_Quadruped/install/estimation/share/ament_index/resource_index/packages/estimation
[7.710s] -- Up-to-date: /home/lzh/VMC_Quadruped/install/estimation/share/estimation/cmake/estimationConfig.cmake
[7.710s] -- Up-to-date: /home/lzh/VMC_Quadruped/install/estimation/share/estimation/cmake/estimationConfig-version.cmake
[7.710s] -- Up-to-date: /home/lzh/VMC_Quadruped/install/estimation/share/estimation/package.xml
[7.710s] Invoked command in '/home/lzh/VMC_Quadruped/build/estimation' returned '0': AMENT_PREFIX_PATH=/home/lzh/VMC_Quadruped/install/interfaces:${AMENT_PREFIX_PATH} CMAKE_PREFIX_PATH=/home/lzh/VMC_Quadruped/install/interfaces:/opt/ros/humble LD_LIBRARY_PATH=/home/lzh/VMC_Quadruped/install/interfaces/lib:${LD_LIBRARY_PATH} PYTHONPATH=/home/lzh/VMC_Quadruped/install/interfaces/local/lib/python3.10/dist-packages:${PYTHONPATH} /usr/bin/cmake --install /home/lzh/VMC_Quadruped/build/estimation
