[0.065s] DEBUG:colcon:Command line arguments: ['/usr/bin/colcon', 'build']
[0.065s] DEBUG:colcon:Parsed command line arguments: Namespace(log_base=None, log_level=None, verb_name='build', build_base='build', install_base='install', merge_install=False, symlink_install=False, test_result_base=None, continue_on_error=False, executor='parallel', parallel_workers=16, event_handlers=None, ignore_user_meta=False, metas=['./colcon.meta'], base_paths=['.'], packages_ignore=None, packages_ignore_regex=None, paths=None, packages_up_to=None, packages_up_to_regex=None, packages_above=None, packages_above_and_dependencies=None, packages_above_depth=None, packages_select_by_dep=None, packages_skip_by_dep=None, packages_skip_up_to=None, packages_select_build_failed=False, packages_skip_build_finished=False, packages_select_test_failures=False, packages_skip_test_passed=False, packages_select=None, packages_skip=None, packages_select_regex=None, packages_skip_regex=None, packages_start=None, packages_end=None, allow_overriding=[], cmake_args=None, cmake_target=None, cmake_target_skip_unavailable=False, cmake_clean_cache=False, cmake_clean_first=False, cmake_force_configure=False, ament_cmake_args=None, catkin_cmake_args=None, catkin_skip_building_tests=False, verb_parser=<colcon_defaults.argument_parser.defaults.DefaultArgumentsDecorator object at 0x7cb27a564760>, verb_extension=<colcon_core.verb.build.BuildVerb object at 0x7cb27a5641f0>, main=<bound method BuildVerb.main of <colcon_core.verb.build.BuildVerb object at 0x7cb27a5641f0>>)
[0.165s] Level 1:colcon.colcon_core.package_discovery:discover_packages(colcon_meta) check parameters
[0.165s] Level 1:colcon.colcon_core.package_discovery:discover_packages(recursive) check parameters
[0.165s] Level 1:colcon.colcon_core.package_discovery:discover_packages(ignore) check parameters
[0.165s] Level 1:colcon.colcon_core.package_discovery:discover_packages(path) check parameters
[0.165s] Level 1:colcon.colcon_core.package_discovery:discover_packages(colcon_meta) discover
[0.165s] Level 1:colcon.colcon_core.package_discovery:discover_packages(recursive) discover
[0.165s] INFO:colcon.colcon_core.package_discovery:Crawling recursively for packages in '/home/lzh/VMC_Quadruped'
[0.165s] Level 1:colcon.colcon_core.package_identification:_identify(.) by extensions ['ignore', 'ignore_ament_install']
[0.165s] Level 1:colcon.colcon_core.package_identification:_identify(.) by extension 'ignore'
[0.165s] Level 1:colcon.colcon_core.package_identification:_identify(.) by extension 'ignore_ament_install'
[0.165s] Level 1:colcon.colcon_core.package_identification:_identify(.) by extensions ['colcon_pkg']
[0.165s] Level 1:colcon.colcon_core.package_identification:_identify(.) by extension 'colcon_pkg'
[0.165s] Level 1:colcon.colcon_core.package_identification:_identify(.) by extensions ['colcon_meta']
[0.165s] Level 1:colcon.colcon_core.package_identification:_identify(.) by extension 'colcon_meta'
[0.165s] Level 1:colcon.colcon_core.package_identification:_identify(.) by extensions ['ros']
[0.165s] Level 1:colcon.colcon_core.package_identification:_identify(.) by extension 'ros'
[0.172s] Level 1:colcon.colcon_core.package_identification:_identify(.) by extensions ['cmake', 'python']
[0.172s] Level 1:colcon.colcon_core.package_identification:_identify(.) by extension 'cmake'
[0.172s] Level 1:colcon.colcon_core.package_identification:_identify(.) by extension 'python'
[0.172s] Level 1:colcon.colcon_core.package_identification:_identify(.) by extensions ['python_setup_py']
[0.172s] Level 1:colcon.colcon_core.package_identification:_identify(.) by extension 'python_setup_py'
[0.172s] Level 1:colcon.colcon_core.package_identification:_identify(build) by extensions ['ignore', 'ignore_ament_install']
[0.172s] Level 1:colcon.colcon_core.package_identification:_identify(build) by extension 'ignore'
[0.172s] Level 1:colcon.colcon_core.package_identification:_identify(build) ignored
[0.172s] Level 1:colcon.colcon_core.package_identification:_identify(install) by extensions ['ignore', 'ignore_ament_install']
[0.173s] Level 1:colcon.colcon_core.package_identification:_identify(install) by extension 'ignore'
[0.173s] Level 1:colcon.colcon_core.package_identification:_identify(install) ignored
[0.173s] Level 1:colcon.colcon_core.package_identification:_identify(log) by extensions ['ignore', 'ignore_ament_install']
[0.173s] Level 1:colcon.colcon_core.package_identification:_identify(log) by extension 'ignore'
[0.173s] Level 1:colcon.colcon_core.package_identification:_identify(log) ignored
[0.173s] Level 1:colcon.colcon_core.package_identification:_identify(src) by extensions ['ignore', 'ignore_ament_install']
[0.173s] Level 1:colcon.colcon_core.package_identification:_identify(src) by extension 'ignore'
[0.173s] Level 1:colcon.colcon_core.package_identification:_identify(src) by extension 'ignore_ament_install'
[0.173s] Level 1:colcon.colcon_core.package_identification:_identify(src) by extensions ['colcon_pkg']
[0.173s] Level 1:colcon.colcon_core.package_identification:_identify(src) by extension 'colcon_pkg'
[0.173s] Level 1:colcon.colcon_core.package_identification:_identify(src) by extensions ['colcon_meta']
[0.173s] Level 1:colcon.colcon_core.package_identification:_identify(src) by extension 'colcon_meta'
[0.173s] Level 1:colcon.colcon_core.package_identification:_identify(src) by extensions ['ros']
[0.173s] Level 1:colcon.colcon_core.package_identification:_identify(src) by extension 'ros'
[0.173s] Level 1:colcon.colcon_core.package_identification:_identify(src) by extensions ['cmake', 'python']
[0.173s] Level 1:colcon.colcon_core.package_identification:_identify(src) by extension 'cmake'
[0.173s] Level 1:colcon.colcon_core.package_identification:_identify(src) by extension 'python'
[0.173s] Level 1:colcon.colcon_core.package_identification:_identify(src) by extensions ['python_setup_py']
[0.173s] Level 1:colcon.colcon_core.package_identification:_identify(src) by extension 'python_setup_py'
[0.173s] Level 1:colcon.colcon_core.package_identification:_identify(src/description) by extensions ['ignore', 'ignore_ament_install']
[0.173s] Level 1:colcon.colcon_core.package_identification:_identify(src/description) by extension 'ignore'
[0.173s] Level 1:colcon.colcon_core.package_identification:_identify(src/description) by extension 'ignore_ament_install'
[0.173s] Level 1:colcon.colcon_core.package_identification:_identify(src/description) by extensions ['colcon_pkg']
[0.173s] Level 1:colcon.colcon_core.package_identification:_identify(src/description) by extension 'colcon_pkg'
[0.173s] Level 1:colcon.colcon_core.package_identification:_identify(src/description) by extensions ['colcon_meta']
[0.173s] Level 1:colcon.colcon_core.package_identification:_identify(src/description) by extension 'colcon_meta'
[0.173s] Level 1:colcon.colcon_core.package_identification:_identify(src/description) by extensions ['ros']
[0.173s] Level 1:colcon.colcon_core.package_identification:_identify(src/description) by extension 'ros'
[0.177s] DEBUG:colcon.colcon_core.package_identification:Package 'src/description' with type 'ros.ament_cmake' and name 'description'
[0.177s] Level 1:colcon.colcon_core.package_identification:_identify(src/estimation) by extensions ['ignore', 'ignore_ament_install']
[0.177s] Level 1:colcon.colcon_core.package_identification:_identify(src/estimation) by extension 'ignore'
[0.177s] Level 1:colcon.colcon_core.package_identification:_identify(src/estimation) by extension 'ignore_ament_install'
[0.177s] Level 1:colcon.colcon_core.package_identification:_identify(src/estimation) by extensions ['colcon_pkg']
[0.177s] Level 1:colcon.colcon_core.package_identification:_identify(src/estimation) by extension 'colcon_pkg'
[0.177s] Level 1:colcon.colcon_core.package_identification:_identify(src/estimation) by extensions ['colcon_meta']
[0.177s] Level 1:colcon.colcon_core.package_identification:_identify(src/estimation) by extension 'colcon_meta'
[0.178s] Level 1:colcon.colcon_core.package_identification:_identify(src/estimation) by extensions ['ros']
[0.178s] Level 1:colcon.colcon_core.package_identification:_identify(src/estimation) by extension 'ros'
[0.179s] DEBUG:colcon.colcon_core.package_identification:Package 'src/estimation' with type 'ros.ament_cmake' and name 'estimation'
[0.179s] Level 1:colcon.colcon_core.package_identification:_identify(src/interfaces) by extensions ['ignore', 'ignore_ament_install']
[0.179s] Level 1:colcon.colcon_core.package_identification:_identify(src/interfaces) by extension 'ignore'
[0.179s] Level 1:colcon.colcon_core.package_identification:_identify(src/interfaces) by extension 'ignore_ament_install'
[0.179s] Level 1:colcon.colcon_core.package_identification:_identify(src/interfaces) by extensions ['colcon_pkg']
[0.179s] Level 1:colcon.colcon_core.package_identification:_identify(src/interfaces) by extension 'colcon_pkg'
[0.179s] Level 1:colcon.colcon_core.package_identification:_identify(src/interfaces) by extensions ['colcon_meta']
[0.179s] Level 1:colcon.colcon_core.package_identification:_identify(src/interfaces) by extension 'colcon_meta'
[0.179s] Level 1:colcon.colcon_core.package_identification:_identify(src/interfaces) by extensions ['ros']
[0.179s] Level 1:colcon.colcon_core.package_identification:_identify(src/interfaces) by extension 'ros'
[0.180s] DEBUG:colcon.colcon_core.package_identification:Package 'src/interfaces' with type 'ros.ament_cmake' and name 'interfaces'
[0.180s] Level 1:colcon.colcon_core.package_identification:_identify(src/main_control) by extensions ['ignore', 'ignore_ament_install']
[0.181s] Level 1:colcon.colcon_core.package_identification:_identify(src/main_control) by extension 'ignore'
[0.181s] Level 1:colcon.colcon_core.package_identification:_identify(src/main_control) by extension 'ignore_ament_install'
[0.181s] Level 1:colcon.colcon_core.package_identification:_identify(src/main_control) by extensions ['colcon_pkg']
[0.181s] Level 1:colcon.colcon_core.package_identification:_identify(src/main_control) by extension 'colcon_pkg'
[0.181s] Level 1:colcon.colcon_core.package_identification:_identify(src/main_control) by extensions ['colcon_meta']
[0.181s] Level 1:colcon.colcon_core.package_identification:_identify(src/main_control) by extension 'colcon_meta'
[0.181s] Level 1:colcon.colcon_core.package_identification:_identify(src/main_control) by extensions ['ros']
[0.181s] Level 1:colcon.colcon_core.package_identification:_identify(src/main_control) by extension 'ros'
[0.182s] DEBUG:colcon.colcon_core.package_identification:Package 'src/main_control' with type 'ros.ament_cmake' and name 'main_control'
[0.182s] Level 1:colcon.colcon_core.package_identification:_identify(src/robstride_ros_sample) by extensions ['ignore', 'ignore_ament_install']
[0.182s] Level 1:colcon.colcon_core.package_identification:_identify(src/robstride_ros_sample) by extension 'ignore'
[0.182s] Level 1:colcon.colcon_core.package_identification:_identify(src/robstride_ros_sample) by extension 'ignore_ament_install'
[0.182s] Level 1:colcon.colcon_core.package_identification:_identify(src/robstride_ros_sample) by extensions ['colcon_pkg']
[0.182s] Level 1:colcon.colcon_core.package_identification:_identify(src/robstride_ros_sample) by extension 'colcon_pkg'
[0.182s] Level 1:colcon.colcon_core.package_identification:_identify(src/robstride_ros_sample) by extensions ['colcon_meta']
[0.182s] Level 1:colcon.colcon_core.package_identification:_identify(src/robstride_ros_sample) by extension 'colcon_meta'
[0.182s] Level 1:colcon.colcon_core.package_identification:_identify(src/robstride_ros_sample) by extensions ['ros']
[0.182s] Level 1:colcon.colcon_core.package_identification:_identify(src/robstride_ros_sample) by extension 'ros'
[0.183s] DEBUG:colcon.colcon_core.package_identification:Package 'src/robstride_ros_sample' with type 'ros.ament_cmake' and name 'rs_motor_ros2'
[0.183s] Level 1:colcon.colcon_core.package_discovery:discover_packages(recursive) using defaults
[0.184s] Level 1:colcon.colcon_core.package_discovery:discover_packages(ignore) discover
[0.184s] Level 1:colcon.colcon_core.package_discovery:discover_packages(ignore) using defaults
[0.184s] Level 1:colcon.colcon_core.package_discovery:discover_packages(path) discover
[0.184s] Level 1:colcon.colcon_core.package_discovery:discover_packages(path) using defaults
[0.202s] Level 1:colcon.colcon_core.package_discovery:discover_packages(prefix_path) check parameters
[0.202s] Level 1:colcon.colcon_core.package_discovery:discover_packages(prefix_path) discover
[0.203s] DEBUG:colcon.colcon_installed_package_information.package_discovery:Found 339 installed packages in /opt/ros/humble
[0.204s] Level 1:colcon.colcon_core.package_discovery:discover_packages(prefix_path) using defaults
[0.228s] Level 5:colcon.colcon_core.verb:set package 'description' build argument 'cmake_args' from command line to 'None'
[0.228s] Level 5:colcon.colcon_core.verb:set package 'description' build argument 'cmake_target' from command line to 'None'
[0.228s] Level 5:colcon.colcon_core.verb:set package 'description' build argument 'cmake_target_skip_unavailable' from command line to 'False'
[0.228s] Level 5:colcon.colcon_core.verb:set package 'description' build argument 'cmake_clean_cache' from command line to 'False'
[0.228s] Level 5:colcon.colcon_core.verb:set package 'description' build argument 'cmake_clean_first' from command line to 'False'
[0.228s] Level 5:colcon.colcon_core.verb:set package 'description' build argument 'cmake_force_configure' from command line to 'False'
[0.228s] Level 5:colcon.colcon_core.verb:set package 'description' build argument 'ament_cmake_args' from command line to 'None'
[0.228s] Level 5:colcon.colcon_core.verb:set package 'description' build argument 'catkin_cmake_args' from command line to 'None'
[0.228s] Level 5:colcon.colcon_core.verb:set package 'description' build argument 'catkin_skip_building_tests' from command line to 'False'
[0.228s] DEBUG:colcon.colcon_core.verb:Building package 'description' with the following arguments: {'ament_cmake_args': None, 'build_base': '/home/lzh/VMC_Quadruped/build/description', 'catkin_cmake_args': None, 'catkin_skip_building_tests': False, 'cmake_args': None, 'cmake_clean_cache': False, 'cmake_clean_first': False, 'cmake_force_configure': False, 'cmake_target': None, 'cmake_target_skip_unavailable': False, 'install_base': '/home/lzh/VMC_Quadruped/install/description', 'merge_install': False, 'path': '/home/lzh/VMC_Quadruped/src/description', 'symlink_install': False, 'test_result_base': None}
[0.228s] Level 5:colcon.colcon_core.verb:set package 'estimation' build argument 'cmake_args' from command line to 'None'
[0.228s] Level 5:colcon.colcon_core.verb:set package 'estimation' build argument 'cmake_target' from command line to 'None'
[0.228s] Level 5:colcon.colcon_core.verb:set package 'estimation' build argument 'cmake_target_skip_unavailable' from command line to 'False'
[0.228s] Level 5:colcon.colcon_core.verb:set package 'estimation' build argument 'cmake_clean_cache' from command line to 'False'
[0.228s] Level 5:colcon.colcon_core.verb:set package 'estimation' build argument 'cmake_clean_first' from command line to 'False'
[0.228s] Level 5:colcon.colcon_core.verb:set package 'estimation' build argument 'cmake_force_configure' from command line to 'False'
[0.228s] Level 5:colcon.colcon_core.verb:set package 'estimation' build argument 'ament_cmake_args' from command line to 'None'
[0.228s] Level 5:colcon.colcon_core.verb:set package 'estimation' build argument 'catkin_cmake_args' from command line to 'None'
[0.228s] Level 5:colcon.colcon_core.verb:set package 'estimation' build argument 'catkin_skip_building_tests' from command line to 'False'
[0.228s] DEBUG:colcon.colcon_core.verb:Building package 'estimation' with the following arguments: {'ament_cmake_args': None, 'build_base': '/home/lzh/VMC_Quadruped/build/estimation', 'catkin_cmake_args': None, 'catkin_skip_building_tests': False, 'cmake_args': None, 'cmake_clean_cache': False, 'cmake_clean_first': False, 'cmake_force_configure': False, 'cmake_target': None, 'cmake_target_skip_unavailable': False, 'install_base': '/home/lzh/VMC_Quadruped/install/estimation', 'merge_install': False, 'path': '/home/lzh/VMC_Quadruped/src/estimation', 'symlink_install': False, 'test_result_base': None}
[0.229s] Level 5:colcon.colcon_core.verb:set package 'interfaces' build argument 'cmake_args' from command line to 'None'
[0.229s] Level 5:colcon.colcon_core.verb:set package 'interfaces' build argument 'cmake_target' from command line to 'None'
[0.229s] Level 5:colcon.colcon_core.verb:set package 'interfaces' build argument 'cmake_target_skip_unavailable' from command line to 'False'
[0.229s] Level 5:colcon.colcon_core.verb:set package 'interfaces' build argument 'cmake_clean_cache' from command line to 'False'
[0.229s] Level 5:colcon.colcon_core.verb:set package 'interfaces' build argument 'cmake_clean_first' from command line to 'False'
[0.229s] Level 5:colcon.colcon_core.verb:set package 'interfaces' build argument 'cmake_force_configure' from command line to 'False'
[0.229s] Level 5:colcon.colcon_core.verb:set package 'interfaces' build argument 'ament_cmake_args' from command line to 'None'
[0.229s] Level 5:colcon.colcon_core.verb:set package 'interfaces' build argument 'catkin_cmake_args' from command line to 'None'
[0.229s] Level 5:colcon.colcon_core.verb:set package 'interfaces' build argument 'catkin_skip_building_tests' from command line to 'False'
[0.229s] DEBUG:colcon.colcon_core.verb:Building package 'interfaces' with the following arguments: {'ament_cmake_args': None, 'build_base': '/home/lzh/VMC_Quadruped/build/interfaces', 'catkin_cmake_args': None, 'catkin_skip_building_tests': False, 'cmake_args': None, 'cmake_clean_cache': False, 'cmake_clean_first': False, 'cmake_force_configure': False, 'cmake_target': None, 'cmake_target_skip_unavailable': False, 'install_base': '/home/lzh/VMC_Quadruped/install/interfaces', 'merge_install': False, 'path': '/home/lzh/VMC_Quadruped/src/interfaces', 'symlink_install': False, 'test_result_base': None}
[0.229s] Level 5:colcon.colcon_core.verb:set package 'main_control' build argument 'cmake_args' from command line to 'None'
[0.229s] Level 5:colcon.colcon_core.verb:set package 'main_control' build argument 'cmake_target' from command line to 'None'
[0.229s] Level 5:colcon.colcon_core.verb:set package 'main_control' build argument 'cmake_target_skip_unavailable' from command line to 'False'
[0.229s] Level 5:colcon.colcon_core.verb:set package 'main_control' build argument 'cmake_clean_cache' from command line to 'False'
[0.229s] Level 5:colcon.colcon_core.verb:set package 'main_control' build argument 'cmake_clean_first' from command line to 'False'
[0.229s] Level 5:colcon.colcon_core.verb:set package 'main_control' build argument 'cmake_force_configure' from command line to 'False'
[0.229s] Level 5:colcon.colcon_core.verb:set package 'main_control' build argument 'ament_cmake_args' from command line to 'None'
[0.229s] Level 5:colcon.colcon_core.verb:set package 'main_control' build argument 'catkin_cmake_args' from command line to 'None'
[0.229s] Level 5:colcon.colcon_core.verb:set package 'main_control' build argument 'catkin_skip_building_tests' from command line to 'False'
[0.229s] DEBUG:colcon.colcon_core.verb:Building package 'main_control' with the following arguments: {'ament_cmake_args': None, 'build_base': '/home/lzh/VMC_Quadruped/build/main_control', 'catkin_cmake_args': None, 'catkin_skip_building_tests': False, 'cmake_args': None, 'cmake_clean_cache': False, 'cmake_clean_first': False, 'cmake_force_configure': False, 'cmake_target': None, 'cmake_target_skip_unavailable': False, 'install_base': '/home/lzh/VMC_Quadruped/install/main_control', 'merge_install': False, 'path': '/home/lzh/VMC_Quadruped/src/main_control', 'symlink_install': False, 'test_result_base': None}
[0.229s] Level 5:colcon.colcon_core.verb:set package 'rs_motor_ros2' build argument 'cmake_args' from command line to 'None'
[0.229s] Level 5:colcon.colcon_core.verb:set package 'rs_motor_ros2' build argument 'cmake_target' from command line to 'None'
[0.229s] Level 5:colcon.colcon_core.verb:set package 'rs_motor_ros2' build argument 'cmake_target_skip_unavailable' from command line to 'False'
[0.229s] Level 5:colcon.colcon_core.verb:set package 'rs_motor_ros2' build argument 'cmake_clean_cache' from command line to 'False'
[0.229s] Level 5:colcon.colcon_core.verb:set package 'rs_motor_ros2' build argument 'cmake_clean_first' from command line to 'False'
[0.229s] Level 5:colcon.colcon_core.verb:set package 'rs_motor_ros2' build argument 'cmake_force_configure' from command line to 'False'
[0.229s] Level 5:colcon.colcon_core.verb:set package 'rs_motor_ros2' build argument 'ament_cmake_args' from command line to 'None'
[0.229s] Level 5:colcon.colcon_core.verb:set package 'rs_motor_ros2' build argument 'catkin_cmake_args' from command line to 'None'
[0.229s] Level 5:colcon.colcon_core.verb:set package 'rs_motor_ros2' build argument 'catkin_skip_building_tests' from command line to 'False'
[0.229s] DEBUG:colcon.colcon_core.verb:Building package 'rs_motor_ros2' with the following arguments: {'ament_cmake_args': None, 'build_base': '/home/lzh/VMC_Quadruped/build/rs_motor_ros2', 'catkin_cmake_args': None, 'catkin_skip_building_tests': False, 'cmake_args': None, 'cmake_clean_cache': False, 'cmake_clean_first': False, 'cmake_force_configure': False, 'cmake_target': None, 'cmake_target_skip_unavailable': False, 'install_base': '/home/lzh/VMC_Quadruped/install/rs_motor_ros2', 'merge_install': False, 'path': '/home/lzh/VMC_Quadruped/src/robstride_ros_sample', 'symlink_install': False, 'test_result_base': None}
[0.229s] INFO:colcon.colcon_core.executor:Executing jobs using 'parallel' executor
[0.230s] DEBUG:colcon.colcon_parallel_executor.executor.parallel:run_until_complete
[0.230s] INFO:colcon.colcon_ros.task.ament_cmake.build:Building ROS package in '/home/lzh/VMC_Quadruped/src/interfaces' with build type 'ament_cmake'
[0.230s] INFO:colcon.colcon_cmake.task.cmake.build:Building CMake package in '/home/lzh/VMC_Quadruped/src/interfaces'
[0.232s] INFO:colcon.colcon_core.plugin_system:Skipping extension 'colcon_core.shell.bat': Not used on non-Windows systems
[0.232s] INFO:colcon.colcon_core.shell:Skip shell extension 'powershell' for command environment: Not usable outside of PowerShell
[0.232s] DEBUG:colcon.colcon_core.shell:Skip shell extension 'dsv' for command environment
[0.234s] INFO:colcon.colcon_ros.task.ament_cmake.build:Building ROS package in '/home/lzh/VMC_Quadruped/src/description' with build type 'ament_cmake'
[0.234s] INFO:colcon.colcon_cmake.task.cmake.build:Building CMake package in '/home/lzh/VMC_Quadruped/src/description'
[0.234s] INFO:colcon.colcon_core.shell:Skip shell extension 'powershell' for command environment: Not usable outside of PowerShell
[0.234s] DEBUG:colcon.colcon_core.shell:Skip shell extension 'dsv' for command environment
[0.236s] INFO:colcon.colcon_ros.task.ament_cmake.build:Building ROS package in '/home/lzh/VMC_Quadruped/src/estimation' with build type 'ament_cmake'
[0.236s] INFO:colcon.colcon_cmake.task.cmake.build:Building CMake package in '/home/lzh/VMC_Quadruped/src/estimation'
[0.236s] INFO:colcon.colcon_core.shell:Skip shell extension 'powershell' for command environment: Not usable outside of PowerShell
[0.236s] DEBUG:colcon.colcon_core.shell:Skip shell extension 'dsv' for command environment
[0.237s] INFO:colcon.colcon_ros.task.ament_cmake.build:Building ROS package in '/home/lzh/VMC_Quadruped/src/main_control' with build type 'ament_cmake'
[0.237s] INFO:colcon.colcon_cmake.task.cmake.build:Building CMake package in '/home/lzh/VMC_Quadruped/src/main_control'
[0.238s] INFO:colcon.colcon_core.shell:Skip shell extension 'powershell' for command environment: Not usable outside of PowerShell
[0.238s] DEBUG:colcon.colcon_core.shell:Skip shell extension 'dsv' for command environment
[0.245s] DEBUG:colcon.colcon_core.event_handler.log_command:Invoking command in '/home/lzh/VMC_Quadruped/build/interfaces': CMAKE_PREFIX_PATH=/opt/ros/humble /usr/bin/cmake --build /home/lzh/VMC_Quadruped/build/interfaces -- -j16 -l16
[0.249s] DEBUG:colcon.colcon_core.event_handler.log_command:Invoking command in '/home/lzh/VMC_Quadruped/build/description': CMAKE_PREFIX_PATH=/opt/ros/humble /usr/bin/cmake --build /home/lzh/VMC_Quadruped/build/description -- -j16 -l16
[0.253s] DEBUG:colcon.colcon_core.event_handler.log_command:Invoking command in '/home/lzh/VMC_Quadruped/build/estimation': CMAKE_PREFIX_PATH=/opt/ros/humble /usr/bin/cmake --build /home/lzh/VMC_Quadruped/build/estimation -- -j16 -l16
[0.259s] DEBUG:colcon.colcon_core.event_handler.log_command:Invoking command in '/home/lzh/VMC_Quadruped/build/main_control': CMAKE_PREFIX_PATH=/opt/ros/humble /usr/bin/cmake --build /home/lzh/VMC_Quadruped/build/main_control -- -j16 -l16
[0.281s] DEBUG:colcon.colcon_core.event_handler.log_command:Invoked command in '/home/lzh/VMC_Quadruped/build/description' returned '0': CMAKE_PREFIX_PATH=/opt/ros/humble /usr/bin/cmake --build /home/lzh/VMC_Quadruped/build/description -- -j16 -l16
[0.292s] DEBUG:colcon.colcon_core.event_handler.log_command:Invoking command in '/home/lzh/VMC_Quadruped/build/description': CMAKE_PREFIX_PATH=/opt/ros/humble /usr/bin/cmake --install /home/lzh/VMC_Quadruped/build/description
[0.294s] DEBUG:colcon.colcon_core.event_handler.log_command:Invoked command in '/home/lzh/VMC_Quadruped/build/estimation' returned '0': CMAKE_PREFIX_PATH=/opt/ros/humble /usr/bin/cmake --build /home/lzh/VMC_Quadruped/build/estimation -- -j16 -l16
[0.296s] DEBUG:colcon.colcon_core.event_handler.log_command:Invoking command in '/home/lzh/VMC_Quadruped/build/estimation': CMAKE_PREFIX_PATH=/opt/ros/humble /usr/bin/cmake --install /home/lzh/VMC_Quadruped/build/estimation
[0.297s] DEBUG:colcon.colcon_core.event_handler.log_command:Invoked command in '/home/lzh/VMC_Quadruped/build/main_control' returned '0': CMAKE_PREFIX_PATH=/opt/ros/humble /usr/bin/cmake --build /home/lzh/VMC_Quadruped/build/main_control -- -j16 -l16
[0.301s] DEBUG:colcon.colcon_core.event_handler.log_command:Invoking command in '/home/lzh/VMC_Quadruped/build/main_control': CMAKE_PREFIX_PATH=/opt/ros/humble /usr/bin/cmake --install /home/lzh/VMC_Quadruped/build/main_control
[0.311s] Level 1:colcon.colcon_core.environment:create_environment_scripts_only(estimation)
[0.316s] DEBUG:colcon.colcon_core.event_handler.log_command:Invoked command in '/home/lzh/VMC_Quadruped/build/estimation' returned '0': CMAKE_PREFIX_PATH=/opt/ros/humble /usr/bin/cmake --install /home/lzh/VMC_Quadruped/build/estimation
[0.326s] Level 1:colcon.colcon_core.environment:checking '/home/lzh/VMC_Quadruped/install/estimation' for CMake module files
[0.327s] Level 1:colcon.colcon_core.environment:checking '/home/lzh/VMC_Quadruped/install/estimation' for CMake config files
[0.328s] Level 1:colcon.colcon_core.shell:create_environment_hook('estimation', 'cmake_prefix_path')
[0.328s] INFO:colcon.colcon_core.shell:Creating environment hook '/home/lzh/VMC_Quadruped/install/estimation/share/estimation/hook/cmake_prefix_path.ps1'
[0.330s] INFO:colcon.colcon_core.shell:Creating environment descriptor '/home/lzh/VMC_Quadruped/install/estimation/share/estimation/hook/cmake_prefix_path.dsv'
[0.332s] INFO:colcon.colcon_core.shell:Creating environment hook '/home/lzh/VMC_Quadruped/install/estimation/share/estimation/hook/cmake_prefix_path.sh'
[0.334s] Level 1:colcon.colcon_core.environment:checking '/home/lzh/VMC_Quadruped/install/estimation/bin'
[0.334s] Level 1:colcon.colcon_core.environment:checking '/home/lzh/VMC_Quadruped/install/estimation/lib/pkgconfig/estimation.pc'
[0.334s] Level 1:colcon.colcon_core.environment:checking '/home/lzh/VMC_Quadruped/install/estimation/lib/python3.10/site-packages'
[0.335s] Level 1:colcon.colcon_core.environment:checking '/home/lzh/VMC_Quadruped/install/estimation/bin'
[0.335s] INFO:colcon.colcon_core.shell:Creating package script '/home/lzh/VMC_Quadruped/install/estimation/share/estimation/package.ps1'
[0.337s] INFO:colcon.colcon_core.shell:Creating package descriptor '/home/lzh/VMC_Quadruped/install/estimation/share/estimation/package.dsv'
[0.338s] INFO:colcon.colcon_core.shell:Creating package script '/home/lzh/VMC_Quadruped/install/estimation/share/estimation/package.sh'
[0.340s] INFO:colcon.colcon_core.shell:Creating package script '/home/lzh/VMC_Quadruped/install/estimation/share/estimation/package.bash'
[0.341s] INFO:colcon.colcon_core.shell:Creating package script '/home/lzh/VMC_Quadruped/install/estimation/share/estimation/package.zsh'
[0.342s] Level 1:colcon.colcon_core.environment:create_file_with_runtime_dependencies(/home/lzh/VMC_Quadruped/install/estimation/share/colcon-core/packages/estimation)
[0.343s] Level 1:colcon.colcon_core.environment:create_environment_scripts_only(estimation)
[0.344s] Level 1:colcon.colcon_core.environment:checking '/home/lzh/VMC_Quadruped/install/estimation' for CMake module files
[0.345s] Level 1:colcon.colcon_core.environment:checking '/home/lzh/VMC_Quadruped/install/estimation' for CMake config files
[0.345s] Level 1:colcon.colcon_core.shell:create_environment_hook('estimation', 'cmake_prefix_path')
[0.345s] INFO:colcon.colcon_core.shell:Creating environment hook '/home/lzh/VMC_Quadruped/install/estimation/share/estimation/hook/cmake_prefix_path.ps1'
[0.346s] INFO:colcon.colcon_core.shell:Creating environment descriptor '/home/lzh/VMC_Quadruped/install/estimation/share/estimation/hook/cmake_prefix_path.dsv'
[0.346s] INFO:colcon.colcon_core.shell:Creating environment hook '/home/lzh/VMC_Quadruped/install/estimation/share/estimation/hook/cmake_prefix_path.sh'
[0.347s] Level 1:colcon.colcon_core.environment:checking '/home/lzh/VMC_Quadruped/install/estimation/bin'
[0.347s] Level 1:colcon.colcon_core.environment:checking '/home/lzh/VMC_Quadruped/install/estimation/lib/pkgconfig/estimation.pc'
[0.348s] Level 1:colcon.colcon_core.environment:checking '/home/lzh/VMC_Quadruped/install/estimation/lib/python3.10/site-packages'
[0.348s] Level 1:colcon.colcon_core.environment:checking '/home/lzh/VMC_Quadruped/install/estimation/bin'
[0.349s] INFO:colcon.colcon_core.shell:Creating package script '/home/lzh/VMC_Quadruped/install/estimation/share/estimation/package.ps1'
[0.350s] INFO:colcon.colcon_core.shell:Creating package descriptor '/home/lzh/VMC_Quadruped/install/estimation/share/estimation/package.dsv'
[0.351s] INFO:colcon.colcon_core.shell:Creating package script '/home/lzh/VMC_Quadruped/install/estimation/share/estimation/package.sh'
[0.351s] INFO:colcon.colcon_core.shell:Creating package script '/home/lzh/VMC_Quadruped/install/estimation/share/estimation/package.bash'
[0.352s] INFO:colcon.colcon_core.shell:Creating package script '/home/lzh/VMC_Quadruped/install/estimation/share/estimation/package.zsh'
[0.352s] Level 1:colcon.colcon_core.environment:create_file_with_runtime_dependencies(/home/lzh/VMC_Quadruped/install/estimation/share/colcon-core/packages/estimation)
[0.354s] Level 1:colcon.colcon_core.environment:create_environment_scripts_only(description)
[0.355s] Level 1:colcon.colcon_core.environment:checking '/home/lzh/VMC_Quadruped/install/description' for CMake module files
[0.355s] DEBUG:colcon.colcon_core.event_handler.log_command:Invoked command in '/home/lzh/VMC_Quadruped/build/description' returned '0': CMAKE_PREFIX_PATH=/opt/ros/humble /usr/bin/cmake --install /home/lzh/VMC_Quadruped/build/description
[0.356s] Level 1:colcon.colcon_core.environment:checking '/home/lzh/VMC_Quadruped/install/description' for CMake config files
[0.356s] Level 1:colcon.colcon_core.shell:create_environment_hook('description', 'cmake_prefix_path')
[0.356s] INFO:colcon.colcon_core.shell:Creating environment hook '/home/lzh/VMC_Quadruped/install/description/share/description/hook/cmake_prefix_path.ps1'
[0.357s] INFO:colcon.colcon_core.shell:Creating environment descriptor '/home/lzh/VMC_Quadruped/install/description/share/description/hook/cmake_prefix_path.dsv'
[0.358s] INFO:colcon.colcon_core.shell:Creating environment hook '/home/lzh/VMC_Quadruped/install/description/share/description/hook/cmake_prefix_path.sh'
[0.359s] Level 1:colcon.colcon_core.environment:checking '/home/lzh/VMC_Quadruped/install/description/bin'
[0.359s] Level 1:colcon.colcon_core.environment:checking '/home/lzh/VMC_Quadruped/install/description/lib/pkgconfig/description.pc'
[0.359s] Level 1:colcon.colcon_core.environment:checking '/home/lzh/VMC_Quadruped/install/description/lib/python3.10/site-packages'
[0.359s] Level 1:colcon.colcon_core.environment:checking '/home/lzh/VMC_Quadruped/install/description/bin'
[0.360s] INFO:colcon.colcon_core.shell:Creating package script '/home/lzh/VMC_Quadruped/install/description/share/description/package.ps1'
[0.360s] INFO:colcon.colcon_core.shell:Creating package descriptor '/home/lzh/VMC_Quadruped/install/description/share/description/package.dsv'
[0.361s] INFO:colcon.colcon_core.shell:Creating package script '/home/lzh/VMC_Quadruped/install/description/share/description/package.sh'
[0.361s] INFO:colcon.colcon_core.shell:Creating package script '/home/lzh/VMC_Quadruped/install/description/share/description/package.bash'
[0.361s] INFO:colcon.colcon_core.shell:Creating package script '/home/lzh/VMC_Quadruped/install/description/share/description/package.zsh'
[0.361s] Level 1:colcon.colcon_core.environment:create_file_with_runtime_dependencies(/home/lzh/VMC_Quadruped/install/description/share/colcon-core/packages/description)
[0.362s] Level 1:colcon.colcon_core.environment:create_environment_scripts_only(description)
[0.362s] Level 1:colcon.colcon_core.environment:checking '/home/lzh/VMC_Quadruped/install/description' for CMake module files
[0.362s] Level 1:colcon.colcon_core.environment:checking '/home/lzh/VMC_Quadruped/install/description' for CMake config files
[0.362s] Level 1:colcon.colcon_core.shell:create_environment_hook('description', 'cmake_prefix_path')
[0.363s] INFO:colcon.colcon_core.shell:Creating environment hook '/home/lzh/VMC_Quadruped/install/description/share/description/hook/cmake_prefix_path.ps1'
[0.363s] INFO:colcon.colcon_core.shell:Creating environment descriptor '/home/lzh/VMC_Quadruped/install/description/share/description/hook/cmake_prefix_path.dsv'
[0.363s] INFO:colcon.colcon_core.shell:Creating environment hook '/home/lzh/VMC_Quadruped/install/description/share/description/hook/cmake_prefix_path.sh'
[0.363s] Level 1:colcon.colcon_core.environment:checking '/home/lzh/VMC_Quadruped/install/description/bin'
[0.363s] Level 1:colcon.colcon_core.environment:checking '/home/lzh/VMC_Quadruped/install/description/lib/pkgconfig/description.pc'
[0.363s] Level 1:colcon.colcon_core.environment:checking '/home/lzh/VMC_Quadruped/install/description/lib/python3.10/site-packages'
[0.364s] Level 1:colcon.colcon_core.environment:checking '/home/lzh/VMC_Quadruped/install/description/bin'
[0.364s] INFO:colcon.colcon_core.shell:Creating package script '/home/lzh/VMC_Quadruped/install/description/share/description/package.ps1'
[0.364s] INFO:colcon.colcon_core.shell:Creating package descriptor '/home/lzh/VMC_Quadruped/install/description/share/description/package.dsv'
[0.364s] INFO:colcon.colcon_core.shell:Creating package script '/home/lzh/VMC_Quadruped/install/description/share/description/package.sh'
[0.365s] INFO:colcon.colcon_core.shell:Creating package script '/home/lzh/VMC_Quadruped/install/description/share/description/package.bash'
[0.365s] INFO:colcon.colcon_core.shell:Creating package script '/home/lzh/VMC_Quadruped/install/description/share/description/package.zsh'
[0.365s] Level 1:colcon.colcon_core.environment:create_file_with_runtime_dependencies(/home/lzh/VMC_Quadruped/install/description/share/colcon-core/packages/description)
[0.365s] Level 1:colcon.colcon_core.environment:create_environment_scripts_only(main_control)
[0.365s] Level 1:colcon.colcon_core.environment:checking '/home/lzh/VMC_Quadruped/install/main_control' for CMake module files
[0.366s] Level 1:colcon.colcon_core.environment:checking '/home/lzh/VMC_Quadruped/install/main_control' for CMake config files
[0.366s] DEBUG:colcon.colcon_core.event_handler.log_command:Invoked command in '/home/lzh/VMC_Quadruped/build/main_control' returned '0': CMAKE_PREFIX_PATH=/opt/ros/humble /usr/bin/cmake --install /home/lzh/VMC_Quadruped/build/main_control
[0.366s] Level 1:colcon.colcon_core.shell:create_environment_hook('main_control', 'cmake_prefix_path')
[0.367s] INFO:colcon.colcon_core.shell:Creating environment hook '/home/lzh/VMC_Quadruped/install/main_control/share/main_control/hook/cmake_prefix_path.ps1'
[0.367s] INFO:colcon.colcon_core.shell:Creating environment descriptor '/home/lzh/VMC_Quadruped/install/main_control/share/main_control/hook/cmake_prefix_path.dsv'
[0.367s] INFO:colcon.colcon_core.shell:Creating environment hook '/home/lzh/VMC_Quadruped/install/main_control/share/main_control/hook/cmake_prefix_path.sh'
[0.368s] Level 1:colcon.colcon_core.environment:checking '/home/lzh/VMC_Quadruped/install/main_control/bin'
[0.368s] Level 1:colcon.colcon_core.environment:checking '/home/lzh/VMC_Quadruped/install/main_control/lib/pkgconfig/main_control.pc'
[0.368s] Level 1:colcon.colcon_core.environment:checking '/home/lzh/VMC_Quadruped/install/main_control/lib/python3.10/site-packages'
[0.368s] Level 1:colcon.colcon_core.environment:checking '/home/lzh/VMC_Quadruped/install/main_control/bin'
[0.368s] INFO:colcon.colcon_core.shell:Creating package script '/home/lzh/VMC_Quadruped/install/main_control/share/main_control/package.ps1'
[0.368s] INFO:colcon.colcon_core.shell:Creating package descriptor '/home/lzh/VMC_Quadruped/install/main_control/share/main_control/package.dsv'
[0.368s] INFO:colcon.colcon_core.shell:Creating package script '/home/lzh/VMC_Quadruped/install/main_control/share/main_control/package.sh'
[0.369s] INFO:colcon.colcon_core.shell:Creating package script '/home/lzh/VMC_Quadruped/install/main_control/share/main_control/package.bash'
[0.369s] INFO:colcon.colcon_core.shell:Creating package script '/home/lzh/VMC_Quadruped/install/main_control/share/main_control/package.zsh'
[0.369s] Level 1:colcon.colcon_core.environment:create_file_with_runtime_dependencies(/home/lzh/VMC_Quadruped/install/main_control/share/colcon-core/packages/main_control)
[0.369s] Level 1:colcon.colcon_core.environment:create_environment_scripts_only(main_control)
[0.370s] Level 1:colcon.colcon_core.environment:checking '/home/lzh/VMC_Quadruped/install/main_control' for CMake module files
[0.370s] Level 1:colcon.colcon_core.environment:checking '/home/lzh/VMC_Quadruped/install/main_control' for CMake config files
[0.370s] Level 1:colcon.colcon_core.shell:create_environment_hook('main_control', 'cmake_prefix_path')
[0.370s] INFO:colcon.colcon_core.shell:Creating environment hook '/home/lzh/VMC_Quadruped/install/main_control/share/main_control/hook/cmake_prefix_path.ps1'
[0.370s] INFO:colcon.colcon_core.shell:Creating environment descriptor '/home/lzh/VMC_Quadruped/install/main_control/share/main_control/hook/cmake_prefix_path.dsv'
[0.371s] INFO:colcon.colcon_core.shell:Creating environment hook '/home/lzh/VMC_Quadruped/install/main_control/share/main_control/hook/cmake_prefix_path.sh'
[0.371s] Level 1:colcon.colcon_core.environment:checking '/home/lzh/VMC_Quadruped/install/main_control/bin'
[0.371s] Level 1:colcon.colcon_core.environment:checking '/home/lzh/VMC_Quadruped/install/main_control/lib/pkgconfig/main_control.pc'
[0.371s] Level 1:colcon.colcon_core.environment:checking '/home/lzh/VMC_Quadruped/install/main_control/lib/python3.10/site-packages'
[0.371s] Level 1:colcon.colcon_core.environment:checking '/home/lzh/VMC_Quadruped/install/main_control/bin'
[0.372s] INFO:colcon.colcon_core.shell:Creating package script '/home/lzh/VMC_Quadruped/install/main_control/share/main_control/package.ps1'
[0.372s] INFO:colcon.colcon_core.shell:Creating package descriptor '/home/lzh/VMC_Quadruped/install/main_control/share/main_control/package.dsv'
[0.372s] INFO:colcon.colcon_core.shell:Creating package script '/home/lzh/VMC_Quadruped/install/main_control/share/main_control/package.sh'
[0.373s] INFO:colcon.colcon_core.shell:Creating package script '/home/lzh/VMC_Quadruped/install/main_control/share/main_control/package.bash'
[0.373s] INFO:colcon.colcon_core.shell:Creating package script '/home/lzh/VMC_Quadruped/install/main_control/share/main_control/package.zsh'
[0.373s] Level 1:colcon.colcon_core.environment:create_file_with_runtime_dependencies(/home/lzh/VMC_Quadruped/install/main_control/share/colcon-core/packages/main_control)
[0.522s] DEBUG:colcon.colcon_core.event_handler.log_command:Invoked command in '/home/lzh/VMC_Quadruped/build/interfaces' returned '0': CMAKE_PREFIX_PATH=/opt/ros/humble /usr/bin/cmake --build /home/lzh/VMC_Quadruped/build/interfaces -- -j16 -l16
[0.523s] DEBUG:colcon.colcon_core.event_handler.log_command:Invoking command in '/home/lzh/VMC_Quadruped/build/interfaces': CMAKE_PREFIX_PATH=/opt/ros/humble /usr/bin/cmake --install /home/lzh/VMC_Quadruped/build/interfaces
[0.575s] Level 1:colcon.colcon_core.environment:create_environment_scripts_only(interfaces)
[0.576s] Level 1:colcon.colcon_core.environment:checking '/home/lzh/VMC_Quadruped/install/interfaces' for CMake module files
[0.576s] DEBUG:colcon.colcon_core.event_handler.log_command:Invoked command in '/home/lzh/VMC_Quadruped/build/interfaces' returned '0': CMAKE_PREFIX_PATH=/opt/ros/humble /usr/bin/cmake --install /home/lzh/VMC_Quadruped/build/interfaces
[0.577s] Level 1:colcon.colcon_core.environment:checking '/home/lzh/VMC_Quadruped/install/interfaces' for CMake config files
[0.577s] Level 1:colcon.colcon_core.shell:create_environment_hook('interfaces', 'cmake_prefix_path')
[0.577s] INFO:colcon.colcon_core.shell:Creating environment hook '/home/lzh/VMC_Quadruped/install/interfaces/share/interfaces/hook/cmake_prefix_path.ps1'
[0.578s] INFO:colcon.colcon_core.shell:Creating environment descriptor '/home/lzh/VMC_Quadruped/install/interfaces/share/interfaces/hook/cmake_prefix_path.dsv'
[0.578s] INFO:colcon.colcon_core.shell:Creating environment hook '/home/lzh/VMC_Quadruped/install/interfaces/share/interfaces/hook/cmake_prefix_path.sh'
[0.578s] Level 1:colcon.colcon_core.environment:checking '/home/lzh/VMC_Quadruped/install/interfaces/lib'
[0.578s] Level 1:colcon.colcon_core.shell:create_environment_hook('interfaces', 'ld_library_path_lib')
[0.578s] INFO:colcon.colcon_core.shell:Creating environment hook '/home/lzh/VMC_Quadruped/install/interfaces/share/interfaces/hook/ld_library_path_lib.ps1'
[0.579s] INFO:colcon.colcon_core.shell:Creating environment descriptor '/home/lzh/VMC_Quadruped/install/interfaces/share/interfaces/hook/ld_library_path_lib.dsv'
[0.579s] INFO:colcon.colcon_core.shell:Creating environment hook '/home/lzh/VMC_Quadruped/install/interfaces/share/interfaces/hook/ld_library_path_lib.sh'
[0.579s] Level 1:colcon.colcon_core.environment:checking '/home/lzh/VMC_Quadruped/install/interfaces/bin'
[0.579s] Level 1:colcon.colcon_core.environment:checking '/home/lzh/VMC_Quadruped/install/interfaces/lib/pkgconfig/interfaces.pc'
[0.579s] Level 1:colcon.colcon_core.environment:checking '/home/lzh/VMC_Quadruped/install/interfaces/lib/python3.10/site-packages'
[0.579s] Level 1:colcon.colcon_core.environment:checking '/home/lzh/VMC_Quadruped/install/interfaces/bin'
[0.579s] INFO:colcon.colcon_core.shell:Creating package script '/home/lzh/VMC_Quadruped/install/interfaces/share/interfaces/package.ps1'
[0.580s] INFO:colcon.colcon_core.shell:Creating package descriptor '/home/lzh/VMC_Quadruped/install/interfaces/share/interfaces/package.dsv'
[0.580s] INFO:colcon.colcon_core.shell:Creating package script '/home/lzh/VMC_Quadruped/install/interfaces/share/interfaces/package.sh'
[0.580s] INFO:colcon.colcon_core.shell:Creating package script '/home/lzh/VMC_Quadruped/install/interfaces/share/interfaces/package.bash'
[0.580s] INFO:colcon.colcon_core.shell:Creating package script '/home/lzh/VMC_Quadruped/install/interfaces/share/interfaces/package.zsh'
[0.580s] Level 1:colcon.colcon_core.environment:create_file_with_runtime_dependencies(/home/lzh/VMC_Quadruped/install/interfaces/share/colcon-core/packages/interfaces)
[0.581s] Level 1:colcon.colcon_core.environment:create_environment_scripts_only(interfaces)
[0.581s] Level 1:colcon.colcon_core.environment:checking '/home/lzh/VMC_Quadruped/install/interfaces' for CMake module files
[0.581s] Level 1:colcon.colcon_core.environment:checking '/home/lzh/VMC_Quadruped/install/interfaces' for CMake config files
[0.582s] Level 1:colcon.colcon_core.shell:create_environment_hook('interfaces', 'cmake_prefix_path')
[0.582s] INFO:colcon.colcon_core.shell:Creating environment hook '/home/lzh/VMC_Quadruped/install/interfaces/share/interfaces/hook/cmake_prefix_path.ps1'
[0.582s] INFO:colcon.colcon_core.shell:Creating environment descriptor '/home/lzh/VMC_Quadruped/install/interfaces/share/interfaces/hook/cmake_prefix_path.dsv'
[0.582s] INFO:colcon.colcon_core.shell:Creating environment hook '/home/lzh/VMC_Quadruped/install/interfaces/share/interfaces/hook/cmake_prefix_path.sh'
[0.582s] Level 1:colcon.colcon_core.environment:checking '/home/lzh/VMC_Quadruped/install/interfaces/lib'
[0.582s] Level 1:colcon.colcon_core.shell:create_environment_hook('interfaces', 'ld_library_path_lib')
[0.583s] INFO:colcon.colcon_core.shell:Creating environment hook '/home/lzh/VMC_Quadruped/install/interfaces/share/interfaces/hook/ld_library_path_lib.ps1'
[0.583s] INFO:colcon.colcon_core.shell:Creating environment descriptor '/home/lzh/VMC_Quadruped/install/interfaces/share/interfaces/hook/ld_library_path_lib.dsv'
[0.583s] INFO:colcon.colcon_core.shell:Creating environment hook '/home/lzh/VMC_Quadruped/install/interfaces/share/interfaces/hook/ld_library_path_lib.sh'
[0.583s] Level 1:colcon.colcon_core.environment:checking '/home/lzh/VMC_Quadruped/install/interfaces/bin'
[0.583s] Level 1:colcon.colcon_core.environment:checking '/home/lzh/VMC_Quadruped/install/interfaces/lib/pkgconfig/interfaces.pc'
[0.583s] Level 1:colcon.colcon_core.environment:checking '/home/lzh/VMC_Quadruped/install/interfaces/lib/python3.10/site-packages'
[0.583s] Level 1:colcon.colcon_core.environment:checking '/home/lzh/VMC_Quadruped/install/interfaces/bin'
[0.584s] INFO:colcon.colcon_core.shell:Creating package script '/home/lzh/VMC_Quadruped/install/interfaces/share/interfaces/package.ps1'
[0.584s] INFO:colcon.colcon_core.shell:Creating package descriptor '/home/lzh/VMC_Quadruped/install/interfaces/share/interfaces/package.dsv'
[0.584s] INFO:colcon.colcon_core.shell:Creating package script '/home/lzh/VMC_Quadruped/install/interfaces/share/interfaces/package.sh'
[0.585s] INFO:colcon.colcon_core.shell:Creating package script '/home/lzh/VMC_Quadruped/install/interfaces/share/interfaces/package.bash'
[0.585s] INFO:colcon.colcon_core.shell:Creating package script '/home/lzh/VMC_Quadruped/install/interfaces/share/interfaces/package.zsh'
[0.585s] Level 1:colcon.colcon_core.environment:create_file_with_runtime_dependencies(/home/lzh/VMC_Quadruped/install/interfaces/share/colcon-core/packages/interfaces)
[0.585s] INFO:colcon.colcon_ros.task.ament_cmake.build:Building ROS package in '/home/lzh/VMC_Quadruped/src/robstride_ros_sample' with build type 'ament_cmake'
[0.585s] INFO:colcon.colcon_cmake.task.cmake.build:Building CMake package in '/home/lzh/VMC_Quadruped/src/robstride_ros_sample'
[0.585s] INFO:colcon.colcon_core.shell:Skip shell extension 'powershell' for command environment: Not usable outside of PowerShell
[0.585s] DEBUG:colcon.colcon_core.shell:Skip shell extension 'dsv' for command environment
[0.597s] DEBUG:colcon.colcon_core.event_handler.log_command:Invoking command in '/home/lzh/VMC_Quadruped/build/rs_motor_ros2': AMENT_PREFIX_PATH=/home/lzh/VMC_Quadruped/install/interfaces:${AMENT_PREFIX_PATH} CMAKE_PREFIX_PATH=/home/lzh/VMC_Quadruped/install/interfaces:/opt/ros/humble LD_LIBRARY_PATH=/home/lzh/VMC_Quadruped/install/interfaces/lib:${LD_LIBRARY_PATH} PYTHONPATH=/home/lzh/VMC_Quadruped/install/interfaces/local/lib/python3.10/dist-packages:${PYTHONPATH} /usr/bin/cmake --build /home/lzh/VMC_Quadruped/build/rs_motor_ros2 -- -j16 -l16
[2.685s] DEBUG:colcon.colcon_core.event_handler.log_command:Invoked command in '/home/lzh/VMC_Quadruped/build/rs_motor_ros2' returned '0': AMENT_PREFIX_PATH=/home/lzh/VMC_Quadruped/install/interfaces:${AMENT_PREFIX_PATH} CMAKE_PREFIX_PATH=/home/lzh/VMC_Quadruped/install/interfaces:/opt/ros/humble LD_LIBRARY_PATH=/home/lzh/VMC_Quadruped/install/interfaces/lib:${LD_LIBRARY_PATH} PYTHONPATH=/home/lzh/VMC_Quadruped/install/interfaces/local/lib/python3.10/dist-packages:${PYTHONPATH} /usr/bin/cmake --build /home/lzh/VMC_Quadruped/build/rs_motor_ros2 -- -j16 -l16
[2.686s] DEBUG:colcon.colcon_core.event_handler.log_command:Invoking command in '/home/lzh/VMC_Quadruped/build/rs_motor_ros2': AMENT_PREFIX_PATH=/home/lzh/VMC_Quadruped/install/interfaces:${AMENT_PREFIX_PATH} CMAKE_PREFIX_PATH=/home/lzh/VMC_Quadruped/install/interfaces:/opt/ros/humble LD_LIBRARY_PATH=/home/lzh/VMC_Quadruped/install/interfaces/lib:${LD_LIBRARY_PATH} PYTHONPATH=/home/lzh/VMC_Quadruped/install/interfaces/local/lib/python3.10/dist-packages:${PYTHONPATH} /usr/bin/cmake --install /home/lzh/VMC_Quadruped/build/rs_motor_ros2
[2.693s] Level 1:colcon.colcon_core.environment:create_environment_scripts_only(rs_motor_ros2)
[2.694s] Level 1:colcon.colcon_core.environment:checking '/home/lzh/VMC_Quadruped/install/rs_motor_ros2' for CMake module files
[2.694s] DEBUG:colcon.colcon_core.event_handler.log_command:Invoked command in '/home/lzh/VMC_Quadruped/build/rs_motor_ros2' returned '0': AMENT_PREFIX_PATH=/home/lzh/VMC_Quadruped/install/interfaces:${AMENT_PREFIX_PATH} CMAKE_PREFIX_PATH=/home/lzh/VMC_Quadruped/install/interfaces:/opt/ros/humble LD_LIBRARY_PATH=/home/lzh/VMC_Quadruped/install/interfaces/lib:${LD_LIBRARY_PATH} PYTHONPATH=/home/lzh/VMC_Quadruped/install/interfaces/local/lib/python3.10/dist-packages:${PYTHONPATH} /usr/bin/cmake --install /home/lzh/VMC_Quadruped/build/rs_motor_ros2
[2.694s] Level 1:colcon.colcon_core.environment:checking '/home/lzh/VMC_Quadruped/install/rs_motor_ros2' for CMake config files
[2.694s] Level 1:colcon.colcon_core.shell:create_environment_hook('rs_motor_ros2', 'cmake_prefix_path')
[2.695s] INFO:colcon.colcon_core.shell:Creating environment hook '/home/lzh/VMC_Quadruped/install/rs_motor_ros2/share/rs_motor_ros2/hook/cmake_prefix_path.ps1'
[2.695s] INFO:colcon.colcon_core.shell:Creating environment descriptor '/home/lzh/VMC_Quadruped/install/rs_motor_ros2/share/rs_motor_ros2/hook/cmake_prefix_path.dsv'
[2.695s] INFO:colcon.colcon_core.shell:Creating environment hook '/home/lzh/VMC_Quadruped/install/rs_motor_ros2/share/rs_motor_ros2/hook/cmake_prefix_path.sh'
[2.695s] Level 1:colcon.colcon_core.environment:checking '/home/lzh/VMC_Quadruped/install/rs_motor_ros2/lib'
[2.695s] Level 1:colcon.colcon_core.environment:checking '/home/lzh/VMC_Quadruped/install/rs_motor_ros2/bin'
[2.695s] Level 1:colcon.colcon_core.environment:checking '/home/lzh/VMC_Quadruped/install/rs_motor_ros2/lib/pkgconfig/rs_motor_ros2.pc'
[2.696s] Level 1:colcon.colcon_core.environment:checking '/home/lzh/VMC_Quadruped/install/rs_motor_ros2/lib/python3.10/site-packages'
[2.696s] Level 1:colcon.colcon_core.environment:checking '/home/lzh/VMC_Quadruped/install/rs_motor_ros2/bin'
[2.696s] INFO:colcon.colcon_core.shell:Creating package script '/home/lzh/VMC_Quadruped/install/rs_motor_ros2/share/rs_motor_ros2/package.ps1'
[2.696s] INFO:colcon.colcon_core.shell:Creating package descriptor '/home/lzh/VMC_Quadruped/install/rs_motor_ros2/share/rs_motor_ros2/package.dsv'
[2.696s] INFO:colcon.colcon_core.shell:Creating package script '/home/lzh/VMC_Quadruped/install/rs_motor_ros2/share/rs_motor_ros2/package.sh'
[2.697s] INFO:colcon.colcon_core.shell:Creating package script '/home/lzh/VMC_Quadruped/install/rs_motor_ros2/share/rs_motor_ros2/package.bash'
[2.697s] INFO:colcon.colcon_core.shell:Creating package script '/home/lzh/VMC_Quadruped/install/rs_motor_ros2/share/rs_motor_ros2/package.zsh'
[2.697s] Level 1:colcon.colcon_core.environment:create_file_with_runtime_dependencies(/home/lzh/VMC_Quadruped/install/rs_motor_ros2/share/colcon-core/packages/rs_motor_ros2)
[2.697s] Level 1:colcon.colcon_core.environment:create_environment_scripts_only(rs_motor_ros2)
[2.697s] Level 1:colcon.colcon_core.environment:checking '/home/lzh/VMC_Quadruped/install/rs_motor_ros2' for CMake module files
[2.698s] Level 1:colcon.colcon_core.environment:checking '/home/lzh/VMC_Quadruped/install/rs_motor_ros2' for CMake config files
[2.698s] Level 1:colcon.colcon_core.shell:create_environment_hook('rs_motor_ros2', 'cmake_prefix_path')
[2.698s] INFO:colcon.colcon_core.shell:Creating environment hook '/home/lzh/VMC_Quadruped/install/rs_motor_ros2/share/rs_motor_ros2/hook/cmake_prefix_path.ps1'
[2.698s] INFO:colcon.colcon_core.shell:Creating environment descriptor '/home/lzh/VMC_Quadruped/install/rs_motor_ros2/share/rs_motor_ros2/hook/cmake_prefix_path.dsv'
[2.698s] INFO:colcon.colcon_core.shell:Creating environment hook '/home/lzh/VMC_Quadruped/install/rs_motor_ros2/share/rs_motor_ros2/hook/cmake_prefix_path.sh'
[2.699s] Level 1:colcon.colcon_core.environment:checking '/home/lzh/VMC_Quadruped/install/rs_motor_ros2/lib'
[2.699s] Level 1:colcon.colcon_core.environment:checking '/home/lzh/VMC_Quadruped/install/rs_motor_ros2/bin'
[2.699s] Level 1:colcon.colcon_core.environment:checking '/home/lzh/VMC_Quadruped/install/rs_motor_ros2/lib/pkgconfig/rs_motor_ros2.pc'
[2.699s] Level 1:colcon.colcon_core.environment:checking '/home/lzh/VMC_Quadruped/install/rs_motor_ros2/lib/python3.10/site-packages'
[2.699s] Level 1:colcon.colcon_core.environment:checking '/home/lzh/VMC_Quadruped/install/rs_motor_ros2/bin'
[2.699s] INFO:colcon.colcon_core.shell:Creating package script '/home/lzh/VMC_Quadruped/install/rs_motor_ros2/share/rs_motor_ros2/package.ps1'
[2.699s] INFO:colcon.colcon_core.shell:Creating package descriptor '/home/lzh/VMC_Quadruped/install/rs_motor_ros2/share/rs_motor_ros2/package.dsv'
[2.700s] INFO:colcon.colcon_core.shell:Creating package script '/home/lzh/VMC_Quadruped/install/rs_motor_ros2/share/rs_motor_ros2/package.sh'
[2.700s] INFO:colcon.colcon_core.shell:Creating package script '/home/lzh/VMC_Quadruped/install/rs_motor_ros2/share/rs_motor_ros2/package.bash'
[2.700s] INFO:colcon.colcon_core.shell:Creating package script '/home/lzh/VMC_Quadruped/install/rs_motor_ros2/share/rs_motor_ros2/package.zsh'
[2.700s] Level 1:colcon.colcon_core.environment:create_file_with_runtime_dependencies(/home/lzh/VMC_Quadruped/install/rs_motor_ros2/share/colcon-core/packages/rs_motor_ros2)
[2.700s] DEBUG:colcon.colcon_parallel_executor.executor.parallel:closing loop
[2.701s] DEBUG:colcon.colcon_parallel_executor.executor.parallel:loop closed
[2.701s] DEBUG:colcon.colcon_parallel_executor.executor.parallel:run_until_complete finished with '0'
[2.701s] DEBUG:colcon.colcon_core.event_reactor:joining thread
[2.705s] INFO:colcon.colcon_core.plugin_system:Skipping extension 'colcon_notification.desktop_notification.terminal_notifier': Not used on non-Darwin systems
[2.705s] INFO:colcon.colcon_core.plugin_system:Skipping extension 'colcon_notification.desktop_notification.win32': Not used on non-Windows systems
[2.705s] INFO:colcon.colcon_notification.desktop_notification:Sending desktop notification using 'notify2'
[2.717s] DEBUG:colcon.colcon_core.event_reactor:joined thread
[2.717s] INFO:colcon.colcon_core.shell:Creating prefix script '/home/lzh/VMC_Quadruped/install/local_setup.ps1'
[2.719s] INFO:colcon.colcon_core.shell:Creating prefix util module '/home/lzh/VMC_Quadruped/install/_local_setup_util_ps1.py'
[2.720s] INFO:colcon.colcon_core.shell:Creating prefix chain script '/home/lzh/VMC_Quadruped/install/setup.ps1'
[2.722s] INFO:colcon.colcon_core.shell:Creating prefix script '/home/lzh/VMC_Quadruped/install/local_setup.sh'
[2.723s] INFO:colcon.colcon_core.shell:Creating prefix util module '/home/lzh/VMC_Quadruped/install/_local_setup_util_sh.py'
[2.723s] INFO:colcon.colcon_core.shell:Creating prefix chain script '/home/lzh/VMC_Quadruped/install/setup.sh'
[2.725s] INFO:colcon.colcon_core.shell:Creating prefix script '/home/lzh/VMC_Quadruped/install/local_setup.bash'
[2.725s] INFO:colcon.colcon_core.shell:Creating prefix chain script '/home/lzh/VMC_Quadruped/install/setup.bash'
[2.726s] INFO:colcon.colcon_core.shell:Creating prefix script '/home/lzh/VMC_Quadruped/install/local_setup.zsh'
[2.727s] INFO:colcon.colcon_core.shell:Creating prefix chain script '/home/lzh/VMC_Quadruped/install/setup.zsh'
