[35m[1mConsolidate compiler generated dependencies of target estimation_kinematics[0m
[ 33%] Built target estimation_kinematics
[35m[1mConsolidate compiler generated dependencies of target contact_detection_node[0m
[ 50%] [32mBuilding CXX object CMakeFiles/contact_detection_node.dir/src/contact_detection_node.cpp.o[0m
[ 66%] [32m[1mLinking CXX executable contact_detection_node[0m
[100%] Built target contact_detection_node
-- Install configuration: ""
-- Installing: /home/lzh/VMC_Quadruped/install/estimation/lib/estimation/contact_detection_node
-- Set runtime path of "/home/lzh/VMC_Quadruped/install/estimation/lib/estimation/contact_detection_node" to ""
-- Up-to-date: /home/lzh/VMC_Quadruped/install/estimation/lib/libestimation_kinematics.a
-- Up-to-date: /home/lzh/VMC_Quadruped/install/estimation/include/estimation
-- Up-to-date: /home/lzh/VMC_Quadruped/install/estimation/include/estimation/gm_observer.hpp
-- Up-to-date: /home/lzh/VMC_Quadruped/install/estimation/include/estimation/contact_detection_node.hpp
-- Up-to-date: /home/lzh/VMC_Quadruped/install/estimation/include/estimation/types.hpp
-- Up-to-date: /home/lzh/VMC_Quadruped/install/estimation/include/estimation/leg_dynamics.hpp
-- Up-to-date: /home/lzh/VMC_Quadruped/install/estimation/share/ament_index/resource_index/package_run_dependencies/estimation
-- Up-to-date: /home/lzh/VMC_Quadruped/install/estimation/share/ament_index/resource_index/parent_prefix_path/estimation
-- Up-to-date: /home/lzh/VMC_Quadruped/install/estimation/share/estimation/environment/ament_prefix_path.sh
-- Up-to-date: /home/lzh/VMC_Quadruped/install/estimation/share/estimation/environment/ament_prefix_path.dsv
-- Up-to-date: /home/lzh/VMC_Quadruped/install/estimation/share/estimation/environment/path.sh
-- Up-to-date: /home/lzh/VMC_Quadruped/install/estimation/share/estimation/environment/path.dsv
-- Up-to-date: /home/lzh/VMC_Quadruped/install/estimation/share/estimation/local_setup.bash
-- Up-to-date: /home/lzh/VMC_Quadruped/install/estimation/share/estimation/local_setup.sh
-- Up-to-date: /home/lzh/VMC_Quadruped/install/estimation/share/estimation/local_setup.zsh
-- Up-to-date: /home/lzh/VMC_Quadruped/install/estimation/share/estimation/local_setup.dsv
-- Installing: /home/lzh/VMC_Quadruped/install/estimation/share/estimation/package.dsv
-- Up-to-date: /home/lzh/VMC_Quadruped/install/estimation/share/ament_index/resource_index/packages/estimation
-- Up-to-date: /home/lzh/VMC_Quadruped/install/estimation/share/estimation/cmake/estimationConfig.cmake
-- Up-to-date: /home/lzh/VMC_Quadruped/install/estimation/share/estimation/cmake/estimationConfig-version.cmake
-- Up-to-date: /home/lzh/VMC_Quadruped/install/estimation/share/estimation/package.xml
